2016/07/08 08:28:40 [error] [exception.CHttpException.404] exception 'CHttpException' with message 'Unable to resolve the request "themes/business/css/investor_area.css".' in C:\laragon\www\bsupermarket\framework\web\CWebApplication.php:286
Stack trace:
#0 C:\laragon\www\bsupermarket\framework\web\CWebApplication.php(141): CWebApplication->runController('themes/business...')
#1 C:\laragon\www\bsupermarket\framework\base\CApplication.php(180): CWebApplication->processRequest()
#2 C:\laragon\www\bsupermarket\www\index.php(14): CApplication->run()
#3 {main}
REQUEST_URI=/bsupermarket/www/themes/business/css/investor_area.css
HTTP_REFERER=http://localhost/bsupermarket/www/
---
2016/07/08 08:28:42 [error] [exception.CHttpException.404] exception 'CHttpException' with message 'Unable to resolve the request "themes/business/css/images/pink-bubble-top.png".' in C:\laragon\www\bsupermarket\framework\web\CWebApplication.php:286
Stack trace:
#0 C:\laragon\www\bsupermarket\framework\web\CWebApplication.php(141): CWebApplication->runController('themes/business...')
#1 C:\laragon\www\bsupermarket\framework\base\CApplication.php(180): CWebApplication->processRequest()
#2 C:\laragon\www\bsupermarket\www\index.php(14): CApplication->run()
#3 {main}
REQUEST_URI=/bsupermarket/www/themes/business/css/images/pink-bubble-top.png
HTTP_REFERER=http://localhost/bsupermarket/www/themes/business/css/style.css
---
2016/07/08 08:28:42 [error] [exception.CHttpException.404] exception 'CHttpException' with message 'Unable to resolve the request "themes/business/css/images/pink-bubble-background.png".' in C:\laragon\www\bsupermarket\framework\web\CWebApplication.php:286
Stack trace:
#0 C:\laragon\www\bsupermarket\framework\web\CWebApplication.php(141): CWebApplication->runController('themes/business...')
#1 C:\laragon\www\bsupermarket\framework\base\CApplication.php(180): CWebApplication->processRequest()
#2 C:\laragon\www\bsupermarket\www\index.php(14): CApplication->run()
#3 {main}
REQUEST_URI=/bsupermarket/www/themes/business/css/images/pink-bubble-background.png
HTTP_REFERER=http://localhost/bsupermarket/www/themes/business/css/style.css
---
2016/07/08 08:29:21 [error] [exception.CHttpException.404] exception 'CHttpException' with message 'Unable to resolve the request "themes/business/css/investor_area.css".' in C:\laragon\www\bsupermarket\framework\web\CWebApplication.php:286
Stack trace:
#0 C:\laragon\www\bsupermarket\framework\web\CWebApplication.php(141): CWebApplication->runController('themes/business...')
#1 C:\laragon\www\bsupermarket\framework\base\CApplication.php(180): CWebApplication->processRequest()
#2 C:\laragon\www\bsupermarket\www\index.php(14): CApplication->run()
#3 {main}
REQUEST_URI=/bsupermarket/www/themes/business/css/investor_area.css
HTTP_REFERER=http://localhost/bsupermarket/www/
---
2016/07/08 08:29:22 [error] [exception.CHttpException.404] exception 'CHttpException' with message 'Unable to resolve the request "themes/business/css/images/pink-bubble-background.png".' in C:\laragon\www\bsupermarket\framework\web\CWebApplication.php:286
Stack trace:
#0 C:\laragon\www\bsupermarket\framework\web\CWebApplication.php(141): CWebApplication->runController('themes/business...')
#1 C:\laragon\www\bsupermarket\framework\base\CApplication.php(180): CWebApplication->processRequest()
#2 C:\laragon\www\bsupermarket\www\index.php(14): CApplication->run()
#3 {main}
REQUEST_URI=/bsupermarket/www/themes/business/css/images/pink-bubble-background.png
HTTP_REFERER=http://localhost/bsupermarket/www/themes/business/css/style.css
---
2016/07/08 08:29:22 [error] [exception.CHttpException.404] exception 'CHttpException' with message 'Unable to resolve the request "themes/business/css/images/pink-bubble-top.png".' in C:\laragon\www\bsupermarket\framework\web\CWebApplication.php:286
Stack trace:
#0 C:\laragon\www\bsupermarket\framework\web\CWebApplication.php(141): CWebApplication->runController('themes/business...')
#1 C:\laragon\www\bsupermarket\framework\base\CApplication.php(180): CWebApplication->processRequest()
#2 C:\laragon\www\bsupermarket\www\index.php(14): CApplication->run()
#3 {main}
REQUEST_URI=/bsupermarket/www/themes/business/css/images/pink-bubble-top.png
HTTP_REFERER=http://localhost/bsupermarket/www/themes/business/css/style.css
---
2016/07/08 08:29:28 [error] [system.db.CDbCommand] CDbCommand::execute() failed: SQLSTATE[23000]: Integrity constraint violation: 1062 Duplicate entry '0' for key 'PRIMARY'. The SQL statement executed was: INSERT INTO `user_default_log_transaction` (`user_default_id`, `log_id`, `transaction_description`, `transaction_date`) VALUES (:yp0, :yp1, :yp2, :yp3).
in C:\laragon\www\bsupermarket\runtime\controllers\SiteController.php (302)
in C:\laragon\www\bsupermarket\www\index.php (14)
2016/07/08 08:29:28 [error] [exception.CDbException] exception 'CDbException' with message 'CDbCommand failed to execute the SQL statement: SQLSTATE[23000]: Integrity constraint violation: 1062 Duplicate entry '0' for key 'PRIMARY'. The SQL statement executed was: INSERT INTO `user_default_log_transaction` (`user_default_id`, `log_id`, `transaction_description`, `transaction_date`) VALUES (:yp0, :yp1, :yp2, :yp3)' in C:\laragon\www\bsupermarket\framework\db\CDbCommand.php:358
Stack trace:
#0 C:\laragon\www\bsupermarket\framework\db\ar\CActiveRecord.php(1077): CDbCommand->execute()
#1 C:\laragon\www\bsupermarket\framework\db\ar\CActiveRecord.php(806): CActiveRecord->insert(NULL)
#2 C:\laragon\www\bsupermarket\runtime\controllers\SiteController.php(302): CActiveRecord->save()
#3 C:\laragon\www\bsupermarket\framework\web\actions\CInlineAction.php(49): SiteController->actionLogin()
#4 C:\laragon\www\bsupermarket\framework\web\CController.php(308): CInlineAction->runWithParams(Array)
#5 C:\laragon\www\bsupermarket\framework\web\CController.php(286): CController->runAction(Object(CInlineAction))
#6 C:\laragon\www\bsupermarket\framework\web\CController.php(265): CController->runActionWithFilters(Object(CInlineAction), Array)
#7 C:\laragon\www\bsupermarket\framework\web\CWebApplication.php(282): CController->run('login')
#8 C:\laragon\www\bsupermarket\framework\web\CWebApplication.php(141): CWebApplication->runController('site/login')
#9 C:\laragon\www\bsupermarket\framework\base\CApplication.php(180): CWebApplication->processRequest()
#10 C:\laragon\www\bsupermarket\www\index.php(14): CApplication->run()
#11 {main}
REQUEST_URI=/bsupermarket/www/login
HTTP_REFERER=http://localhost/bsupermarket/www/
---
2016/07/08 08:29:29 [error] [exception.CHttpException.404] exception 'CHttpException' with message 'Unable to resolve the request "themes/business/css/investor_area.css".' in C:\laragon\www\bsupermarket\framework\web\CWebApplication.php:286
Stack trace:
#0 C:\laragon\www\bsupermarket\framework\web\CWebApplication.php(141): CWebApplication->runController('themes/business...')
#1 C:\laragon\www\bsupermarket\framework\base\CApplication.php(180): CWebApplication->processRequest()
#2 C:\laragon\www\bsupermarket\www\index.php(14): CApplication->run()
#3 {main}
REQUEST_URI=/bsupermarket/www/themes/business/css/investor_area.css
HTTP_REFERER=http://localhost/bsupermarket/www/
---
2016/07/08 08:29:30 [error] [exception.CHttpException.404] exception 'CHttpException' with message 'Unable to resolve the request "themes/business/css/images/pink-bubble-background.png".' in C:\laragon\www\bsupermarket\framework\web\CWebApplication.php:286
Stack trace:
#0 C:\laragon\www\bsupermarket\framework\web\CWebApplication.php(141): CWebApplication->runController('themes/business...')
#1 C:\laragon\www\bsupermarket\framework\base\CApplication.php(180): CWebApplication->processRequest()
#2 C:\laragon\www\bsupermarket\www\index.php(14): CApplication->run()
#3 {main}
REQUEST_URI=/bsupermarket/www/themes/business/css/images/pink-bubble-background.png
HTTP_REFERER=http://localhost/bsupermarket/www/themes/business/css/style.css
---
2016/07/08 08:29:30 [error] [exception.CHttpException.404] exception 'CHttpException' with message 'Unable to resolve the request "themes/business/css/images/pink-bubble-top.png".' in C:\laragon\www\bsupermarket\framework\web\CWebApplication.php:286
Stack trace:
#0 C:\laragon\www\bsupermarket\framework\web\CWebApplication.php(141): CWebApplication->runController('themes/business...')
#1 C:\laragon\www\bsupermarket\framework\base\CApplication.php(180): CWebApplication->processRequest()
#2 C:\laragon\www\bsupermarket\www\index.php(14): CApplication->run()
#3 {main}
REQUEST_URI=/bsupermarket/www/themes/business/css/images/pink-bubble-top.png
HTTP_REFERER=http://localhost/bsupermarket/www/themes/business/css/style.css
---
2016/07/08 08:29:32 [error] [exception.CHttpException.404] exception 'CHttpException' with message 'Unable to resolve the request "themes/business/css/investor_area.css".' in C:\laragon\www\bsupermarket\framework\web\CWebApplication.php:286
Stack trace:
#0 C:\laragon\www\bsupermarket\framework\web\CWebApplication.php(141): CWebApplication->runController('themes/business...')
#1 C:\laragon\www\bsupermarket\framework\base\CApplication.php(180): CWebApplication->processRequest()
#2 C:\laragon\www\bsupermarket\www\index.php(14): CApplication->run()
#3 {main}
REQUEST_URI=/bsupermarket/www/themes/business/css/investor_area.css
HTTP_REFERER=http://localhost/bsupermarket/www/user/myaccount/update
---
2016/07/08 08:29:33 [error] [exception.CHttpException.404] exception 'CHttpException' with message 'Unable to resolve the request "themes/business/css/images/pink-bubble-top.png".' in C:\laragon\www\bsupermarket\framework\web\CWebApplication.php:286
Stack trace:
#0 C:\laragon\www\bsupermarket\framework\web\CWebApplication.php(141): CWebApplication->runController('themes/business...')
#1 C:\laragon\www\bsupermarket\framework\base\CApplication.php(180): CWebApplication->processRequest()
#2 C:\laragon\www\bsupermarket\www\index.php(14): CApplication->run()
#3 {main}
REQUEST_URI=/bsupermarket/www/themes/business/css/images/pink-bubble-top.png
HTTP_REFERER=http://localhost/bsupermarket/www/themes/business/css/style.css
---
2016/07/08 08:29:33 [error] [exception.CHttpException.404] exception 'CHttpException' with message 'Unable to resolve the request "themes/business/css/images/pink-bubble-background.png".' in C:\laragon\www\bsupermarket\framework\web\CWebApplication.php:286
Stack trace:
#0 C:\laragon\www\bsupermarket\framework\web\CWebApplication.php(141): CWebApplication->runController('themes/business...')
#1 C:\laragon\www\bsupermarket\framework\base\CApplication.php(180): CWebApplication->processRequest()
#2 C:\laragon\www\bsupermarket\www\index.php(14): CApplication->run()
#3 {main}
REQUEST_URI=/bsupermarket/www/themes/business/css/images/pink-bubble-background.png
HTTP_REFERER=http://localhost/bsupermarket/www/themes/business/css/style.css
---
2016/07/08 08:30:22 [error] [exception.CHttpException.404] exception 'CHttpException' with message 'Unable to resolve the request "themes/business/css/sample.css".' in C:\laragon\www\bsupermarket\framework\web\CWebApplication.php:286
Stack trace:
#0 C:\laragon\www\bsupermarket\framework\web\CWebApplication.php(141): CWebApplication->runController('themes/business...')
#1 C:\laragon\www\bsupermarket\framework\base\CApplication.php(180): CWebApplication->processRequest()
#2 C:\laragon\www\bsupermarket\www\index.php(14): CApplication->run()
#3 {main}
REQUEST_URI=/bsupermarket/www/themes/business/css/sample.css
HTTP_REFERER=http://localhost/bsupermarket/www/admin/member
---
2016/07/08 08:30:22 [error] [exception.CHttpException.404] exception 'CHttpException' with message 'Unable to resolve the request "images/favicon.ico".' in C:\laragon\www\bsupermarket\framework\web\CWebApplication.php:286
Stack trace:
#0 C:\laragon\www\bsupermarket\framework\web\CWebApplication.php(141): CWebApplication->runController('images/favicon....')
#1 C:\laragon\www\bsupermarket\framework\base\CApplication.php(180): CWebApplication->processRequest()
#2 C:\laragon\www\bsupermarket\www\index.php(14): CApplication->run()
#3 {main}
REQUEST_URI=/bsupermarket/www/images/favicon.ico
---
2016/07/08 08:30:23 [error] [exception.CHttpException.404] exception 'CHttpException' with message 'Unable to resolve the request "images/favicon.ico".' in C:\laragon\www\bsupermarket\framework\web\CWebApplication.php:286
Stack trace:
#0 C:\laragon\www\bsupermarket\framework\web\CWebApplication.php(141): CWebApplication->runController('images/favicon....')
#1 C:\laragon\www\bsupermarket\framework\base\CApplication.php(180): CWebApplication->processRequest()
#2 C:\laragon\www\bsupermarket\www\index.php(14): CApplication->run()
#3 {main}
REQUEST_URI=/bsupermarket/www/images/favicon.ico
---
2016/07/08 08:30:27 [error] [exception.CHttpException.404] exception 'CHttpException' with message 'Unable to resolve the request "themes/business/css/sample.css".' in C:\laragon\www\bsupermarket\framework\web\CWebApplication.php:286
Stack trace:
#0 C:\laragon\www\bsupermarket\framework\web\CWebApplication.php(141): CWebApplication->runController('themes/business...')
#1 C:\laragon\www\bsupermarket\framework\base\CApplication.php(180): CWebApplication->processRequest()
#2 C:\laragon\www\bsupermarket\www\index.php(14): CApplication->run()
#3 {main}
REQUEST_URI=/bsupermarket/www/themes/business/css/sample.css
HTTP_REFERER=http://localhost/bsupermarket/www/admin/member/defaultUsers
---
2016/07/08 08:30:31 [error] [exception.CHttpException.404] exception 'CHttpException' with message 'Unable to resolve the request "themes/business/css/sample.css".' in C:\laragon\www\bsupermarket\framework\web\CWebApplication.php:286
Stack trace:
#0 C:\laragon\www\bsupermarket\framework\web\CWebApplication.php(141): CWebApplication->runController('themes/business...')
#1 C:\laragon\www\bsupermarket\framework\base\CApplication.php(180): CWebApplication->processRequest()
#2 C:\laragon\www\bsupermarket\www\index.php(14): CApplication->run()
#3 {main}
REQUEST_URI=/bsupermarket/www/themes/business/css/sample.css
HTTP_REFERER=http://localhost/bsupermarket/www/admin/listings/listings/index
---
2016/07/08 08:30:35 [error] [exception.CHttpException.404] exception 'CHttpException' with message 'Unable to resolve the request "themes/business/css/sample.css".' in C:\laragon\www\bsupermarket\framework\web\CWebApplication.php:286
Stack trace:
#0 C:\laragon\www\bsupermarket\framework\web\CWebApplication.php(141): CWebApplication->runController('themes/business...')
#1 C:\laragon\www\bsupermarket\framework\base\CApplication.php(180): CWebApplication->processRequest()
#2 C:\laragon\www\bsupermarket\www\index.php(14): CApplication->run()
#3 {main}
REQUEST_URI=/bsupermarket/www/themes/business/css/sample.css
HTTP_REFERER=http://localhost/bsupermarket/www/admin/listings/listings/index
---
2016/07/08 08:30:39 [error] [exception.CHttpException.404] exception 'CHttpException' with message 'Unable to resolve the request "themes/business/css/sample.css".' in C:\laragon\www\bsupermarket\framework\web\CWebApplication.php:286
Stack trace:
#0 C:\laragon\www\bsupermarket\framework\web\CWebApplication.php(141): CWebApplication->runController('themes/business...')
#1 C:\laragon\www\bsupermarket\framework\base\CApplication.php(180): CWebApplication->processRequest()
#2 C:\laragon\www\bsupermarket\www\index.php(14): CApplication->run()
#3 {main}
REQUEST_URI=/bsupermarket/www/themes/business/css/sample.css
HTTP_REFERER=http://localhost/bsupermarket/www/admin/listings/listings/update?id=63
---
2016/07/08 08:30:39 [error] [exception.CHttpException.404] exception 'CHttpException' with message 'Unable to resolve the request "upload/users/jag_88/listing/thumb/Business_supermarket_1444505014.png".' in C:\laragon\www\bsupermarket\framework\web\CWebApplication.php:286
Stack trace:
#0 C:\laragon\www\bsupermarket\framework\web\CWebApplication.php(141): CWebApplication->runController('upload/users/ja...')
#1 C:\laragon\www\bsupermarket\framework\base\CApplication.php(180): CWebApplication->processRequest()
#2 C:\laragon\www\bsupermarket\www\index.php(14): CApplication->run()
#3 {main}
REQUEST_URI=/bsupermarket/www/upload/users/jag_88/listing/thumb/Business_supermarket_1444505014.png
HTTP_REFERER=http://localhost/bsupermarket/www/admin/listings/listings/update?id=63
---
2016/07/08 08:30:40 [error] [exception.CHttpException.404] exception 'CHttpException' with message 'Unable to resolve the request "admin/listings/images/robot/robot-upload.png".' in C:\laragon\www\bsupermarket\framework\web\CWebApplication.php:286
Stack trace:
#0 C:\laragon\www\bsupermarket\framework\web\CWebApplication.php(141): CWebApplication->runController('admin/listings/...')
#1 C:\laragon\www\bsupermarket\framework\base\CApplication.php(180): CWebApplication->processRequest()
#2 C:\laragon\www\bsupermarket\www\index.php(14): CApplication->run()
#3 {main}
REQUEST_URI=/bsupermarket/www/admin/listings/images/robot/robot-upload.png
HTTP_REFERER=http://localhost/bsupermarket/www/admin/listings/listings/update?id=63
---
2016/07/08 08:30:40 [error] [exception.CHttpException.404] exception 'CHttpException' with message 'Unable to resolve the request "upload/users/jag_88/listing/thumb/Business_supermarket_1444505042.png".' in C:\laragon\www\bsupermarket\framework\web\CWebApplication.php:286
Stack trace:
#0 C:\laragon\www\bsupermarket\framework\web\CWebApplication.php(141): CWebApplication->runController('upload/users/ja...')
#1 C:\laragon\www\bsupermarket\framework\base\CApplication.php(180): CWebApplication->processRequest()
#2 C:\laragon\www\bsupermarket\www\index.php(14): CApplication->run()
#3 {main}
REQUEST_URI=/bsupermarket/www/upload/users/jag_88/listing/thumb/Business_supermarket_1444505042.png
HTTP_REFERER=http://localhost/bsupermarket/www/admin/listings/listings/update?id=63
---
2016/07/08 08:30:40 [error] [exception.CHttpException.404] exception 'CHttpException' with message 'Unable to resolve the request "upload/users/jag_88/listing/thumb/Business_supermarket_1444505001.png".' in C:\laragon\www\bsupermarket\framework\web\CWebApplication.php:286
Stack trace:
#0 C:\laragon\www\bsupermarket\framework\web\CWebApplication.php(141): CWebApplication->runController('upload/users/ja...')
#1 C:\laragon\www\bsupermarket\framework\base\CApplication.php(180): CWebApplication->processRequest()
#2 C:\laragon\www\bsupermarket\www\index.php(14): CApplication->run()
#3 {main}
REQUEST_URI=/bsupermarket/www/upload/users/jag_88/listing/thumb/Business_supermarket_1444505001.png
HTTP_REFERER=http://localhost/bsupermarket/www/admin/listings/listings/update?id=63
---
2016/07/08 08:30:39 [error] [exception.CHttpException.404] exception 'CHttpException' with message 'Unable to resolve the request "upload/users/jag_88/listing/thumb/Business_supermarket_1444504991.png".' in C:\laragon\www\bsupermarket\framework\web\CWebApplication.php:286
Stack trace:
#0 C:\laragon\www\bsupermarket\framework\web\CWebApplication.php(141): CWebApplication->runController('upload/users/ja...')
#1 C:\laragon\www\bsupermarket\framework\base\CApplication.php(180): CWebApplication->processRequest()
#2 C:\laragon\www\bsupermarket\www\index.php(14): CApplication->run()
#3 {main}
REQUEST_URI=/bsupermarket/www/upload/users/jag_88/listing/thumb/Business_supermarket_1444504991.png
HTTP_REFERER=http://localhost/bsupermarket/www/admin/listings/listings/update?id=63
---
2016/07/08 08:30:40 [error] [exception.CHttpException.404] exception 'CHttpException' with message 'Unable to resolve the request "upload/users/jag_88/listing/thumb/Business_supermarket_1444505033.png".' in C:\laragon\www\bsupermarket\framework\web\CWebApplication.php:286
Stack trace:
#0 C:\laragon\www\bsupermarket\framework\web\CWebApplication.php(141): CWebApplication->runController('upload/users/ja...')
#1 C:\laragon\www\bsupermarket\framework\base\CApplication.php(180): CWebApplication->processRequest()
#2 C:\laragon\www\bsupermarket\www\index.php(14): CApplication->run()
#3 {main}
REQUEST_URI=/bsupermarket/www/upload/users/jag_88/listing/thumb/Business_supermarket_1444505033.png
HTTP_REFERER=http://localhost/bsupermarket/www/admin/listings/listings/update?id=63
---
2016/07/08 08:30:40 [error] [exception.CHttpException.404] exception 'CHttpException' with message 'Unable to resolve the request "upload/users/jag_88/listing/thumb/Business_supermarket_1442318643.jpg".' in C:\laragon\www\bsupermarket\framework\web\CWebApplication.php:286
Stack trace:
#0 C:\laragon\www\bsupermarket\framework\web\CWebApplication.php(141): CWebApplication->runController('upload/users/ja...')
#1 C:\laragon\www\bsupermarket\framework\base\CApplication.php(180): CWebApplication->processRequest()
#2 C:\laragon\www\bsupermarket\www\index.php(14): CApplication->run()
#3 {main}
REQUEST_URI=/bsupermarket/www/upload/users/jag_88/listing/thumb/Business_supermarket_1442318643.jpg
HTTP_REFERER=http://localhost/bsupermarket/www/admin/listings/listings/update?id=63
---
2016/07/08 08:30:41 [error] [exception.CHttpException.404] exception 'CHttpException' with message 'The system is unable to find the requested action "photo-upload".' in C:\laragon\www\bsupermarket\framework\web\CController.php:483
Stack trace:
#0 C:\laragon\www\bsupermarket\framework\web\CController.php(270): CController->missingAction('photo-upload')
#1 C:\laragon\www\bsupermarket\framework\web\CWebApplication.php(282): CController->run('photo-upload')
#2 C:\laragon\www\bsupermarket\framework\web\CWebApplication.php(141): CWebApplication->runController('admin/listings/...')
#3 C:\laragon\www\bsupermarket\framework\base\CApplication.php(180): CWebApplication->processRequest()
#4 C:\laragon\www\bsupermarket\www\index.php(14): CApplication->run()
#5 {main}
REQUEST_URI=/bsupermarket/www/admin/listings/listings/photo-upload/logo_listing.php
HTTP_REFERER=http://localhost/bsupermarket/www/admin/listings/listings/update?id=63
---
2016/07/08 08:30:42 [error] [exception.CHttpException.404] exception 'CHttpException' with message 'Unable to resolve the request "themes/business/css/investor_area.css".' in C:\laragon\www\bsupermarket\framework\web\CWebApplication.php:286
Stack trace:
#0 C:\laragon\www\bsupermarket\framework\web\CWebApplication.php(141): CWebApplication->runController('themes/business...')
#1 C:\laragon\www\bsupermarket\framework\base\CApplication.php(180): CWebApplication->processRequest()
#2 C:\laragon\www\bsupermarket\www\index.php(14): CApplication->run()
#3 {main}
REQUEST_URI=/bsupermarket/www/themes/business/css/investor_area.css
HTTP_REFERER=http://localhost/bsupermarket/www/admin/listings/listings/photo-upload/logo_listing.php
---
2016/07/08 08:30:44 [error] [exception.CHttpException.404] exception 'CHttpException' with message 'Unable to resolve the request "themes/business/css/investor_area.css".' in C:\laragon\www\bsupermarket\framework\web\CWebApplication.php:286
Stack trace:
#0 C:\laragon\www\bsupermarket\framework\web\CWebApplication.php(141): CWebApplication->runController('themes/business...')
#1 C:\laragon\www\bsupermarket\framework\base\CApplication.php(180): CWebApplication->processRequest()
#2 C:\laragon\www\bsupermarket\www\index.php(14): CApplication->run()
#3 {main}
REQUEST_URI=/bsupermarket/www/themes/business/css/investor_area.css
HTTP_REFERER=http://localhost/bsupermarket/www/
---
2016/07/08 08:32:03 [error] [exception.CHttpException.404] exception 'CHttpException' with message 'Unable to resolve the request "themes/business/css/sample.css".' in C:\laragon\www\bsupermarket\framework\web\CWebApplication.php:286
Stack trace:
#0 C:\laragon\www\bsupermarket\framework\web\CWebApplication.php(141): CWebApplication->runController('themes/business...')
#1 C:\laragon\www\bsupermarket\framework\base\CApplication.php(180): CWebApplication->processRequest()
#2 C:\laragon\www\bsupermarket\www\index.php(14): CApplication->run()
#3 {main}
REQUEST_URI=/bsupermarket/www/themes/business/css/sample.css
HTTP_REFERER=http://localhost/bsupermarket/www/admin/listings/listings/update?id=63
---
2016/07/08 08:32:04 [error] [exception.CHttpException.404] exception 'CHttpException' with message 'Unable to resolve the request "admin/listings/images/robot/robot-upload.png".' in C:\laragon\www\bsupermarket\framework\web\CWebApplication.php:286
Stack trace:
#0 C:\laragon\www\bsupermarket\framework\web\CWebApplication.php(141): CWebApplication->runController('admin/listings/...')
#1 C:\laragon\www\bsupermarket\framework\base\CApplication.php(180): CWebApplication->processRequest()
#2 C:\laragon\www\bsupermarket\www\index.php(14): CApplication->run()
#3 {main}
REQUEST_URI=/bsupermarket/www/admin/listings/images/robot/robot-upload.png
HTTP_REFERER=http://localhost/bsupermarket/www/admin/listings/listings/update?id=63
---
2016/07/08 08:32:04 [error] [exception.CHttpException.404] exception 'CHttpException' with message 'Unable to resolve the request "upload/users/jag_88/listing/thumb/Business_supermarket_1444504991.png".' in C:\laragon\www\bsupermarket\framework\web\CWebApplication.php:286
Stack trace:
#0 C:\laragon\www\bsupermarket\framework\web\CWebApplication.php(141): CWebApplication->runController('upload/users/ja...')
#1 C:\laragon\www\bsupermarket\framework\base\CApplication.php(180): CWebApplication->processRequest()
#2 C:\laragon\www\bsupermarket\www\index.php(14): CApplication->run()
#3 {main}
REQUEST_URI=/bsupermarket/www/upload/users/jag_88/listing/thumb/Business_supermarket_1444504991.png
HTTP_REFERER=http://localhost/bsupermarket/www/admin/listings/listings/update?id=63
---
2016/07/08 08:32:04 [error] [exception.CHttpException.404] exception 'CHttpException' with message 'Unable to resolve the request "upload/users/jag_88/listing/thumb/Business_supermarket_1444505014.png".' in C:\laragon\www\bsupermarket\framework\web\CWebApplication.php:286
Stack trace:
#0 C:\laragon\www\bsupermarket\framework\web\CWebApplication.php(141): CWebApplication->runController('upload/users/ja...')
#1 C:\laragon\www\bsupermarket\framework\base\CApplication.php(180): CWebApplication->processRequest()
#2 C:\laragon\www\bsupermarket\www\index.php(14): CApplication->run()
#3 {main}
REQUEST_URI=/bsupermarket/www/upload/users/jag_88/listing/thumb/Business_supermarket_1444505014.png
HTTP_REFERER=http://localhost/bsupermarket/www/admin/listings/listings/update?id=63
---
2016/07/08 08:32:04 [error] [exception.CHttpException.404] exception 'CHttpException' with message 'Unable to resolve the request "upload/users/jag_88/listing/thumb/Business_supermarket_1444505033.png".' in C:\laragon\www\bsupermarket\framework\web\CWebApplication.php:286
Stack trace:
#0 C:\laragon\www\bsupermarket\framework\web\CWebApplication.php(141): CWebApplication->runController('upload/users/ja...')
#1 C:\laragon\www\bsupermarket\framework\base\CApplication.php(180): CWebApplication->processRequest()
#2 C:\laragon\www\bsupermarket\www\index.php(14): CApplication->run()
#3 {main}
REQUEST_URI=/bsupermarket/www/upload/users/jag_88/listing/thumb/Business_supermarket_1444505033.png
HTTP_REFERER=http://localhost/bsupermarket/www/admin/listings/listings/update?id=63
---
2016/07/08 08:32:04 [error] [exception.CHttpException.404] exception 'CHttpException' with message 'Unable to resolve the request "upload/users/jag_88/listing/thumb/Business_supermarket_1444505042.png".' in C:\laragon\www\bsupermarket\framework\web\CWebApplication.php:286
Stack trace:
#0 C:\laragon\www\bsupermarket\framework\web\CWebApplication.php(141): CWebApplication->runController('upload/users/ja...')
#1 C:\laragon\www\bsupermarket\framework\base\CApplication.php(180): CWebApplication->processRequest()
#2 C:\laragon\www\bsupermarket\www\index.php(14): CApplication->run()
#3 {main}
REQUEST_URI=/bsupermarket/www/upload/users/jag_88/listing/thumb/Business_supermarket_1444505042.png
HTTP_REFERER=http://localhost/bsupermarket/www/admin/listings/listings/update?id=63
---
2016/07/08 08:32:04 [error] [exception.CHttpException.404] exception 'CHttpException' with message 'Unable to resolve the request "upload/users/jag_88/listing/thumb/Business_supermarket_1444505001.png".' in C:\laragon\www\bsupermarket\framework\web\CWebApplication.php:286
Stack trace:
#0 C:\laragon\www\bsupermarket\framework\web\CWebApplication.php(141): CWebApplication->runController('upload/users/ja...')
#1 C:\laragon\www\bsupermarket\framework\base\CApplication.php(180): CWebApplication->processRequest()
#2 C:\laragon\www\bsupermarket\www\index.php(14): CApplication->run()
#3 {main}
REQUEST_URI=/bsupermarket/www/upload/users/jag_88/listing/thumb/Business_supermarket_1444505001.png
HTTP_REFERER=http://localhost/bsupermarket/www/admin/listings/listings/update?id=63
---
2016/07/08 08:32:05 [error] [exception.CHttpException.404] exception 'CHttpException' with message 'Unable to resolve the request "upload/users/jag_88/listing/thumb/Business_supermarket_1442318643.jpg".' in C:\laragon\www\bsupermarket\framework\web\CWebApplication.php:286
Stack trace:
#0 C:\laragon\www\bsupermarket\framework\web\CWebApplication.php(141): CWebApplication->runController('upload/users/ja...')
#1 C:\laragon\www\bsupermarket\framework\base\CApplication.php(180): CWebApplication->processRequest()
#2 C:\laragon\www\bsupermarket\www\index.php(14): CApplication->run()
#3 {main}
REQUEST_URI=/bsupermarket/www/upload/users/jag_88/listing/thumb/Business_supermarket_1442318643.jpg
HTTP_REFERER=http://localhost/bsupermarket/www/admin/listings/listings/update?id=63
---
2016/07/08 08:32:06 [error] [exception.CHttpException.404] exception 'CHttpException' with message 'Unable to resolve the request "admin/listings/images/robot/robot-upload.png".' in C:\laragon\www\bsupermarket\framework\web\CWebApplication.php:286
Stack trace:
#0 C:\laragon\www\bsupermarket\framework\web\CWebApplication.php(141): CWebApplication->runController('admin/listings/...')
#1 C:\laragon\www\bsupermarket\framework\base\CApplication.php(180): CWebApplication->processRequest()
#2 C:\laragon\www\bsupermarket\www\index.php(14): CApplication->run()
#3 {main}
REQUEST_URI=/bsupermarket/www/admin/listings/images/robot/robot-upload.png
HTTP_REFERER=http://localhost/bsupermarket/www/admin/listings/listings/update?id=63
---
2016/07/08 08:32:06 [error] [exception.CHttpException.404] exception 'CHttpException' with message 'The system is unable to find the requested action "photo-upload".' in C:\laragon\www\bsupermarket\framework\web\CController.php:483
Stack trace:
#0 C:\laragon\www\bsupermarket\framework\web\CController.php(270): CController->missingAction('photo-upload')
#1 C:\laragon\www\bsupermarket\framework\web\CWebApplication.php(282): CController->run('photo-upload')
#2 C:\laragon\www\bsupermarket\framework\web\CWebApplication.php(141): CWebApplication->runController('admin/listings/...')
#3 C:\laragon\www\bsupermarket\framework\base\CApplication.php(180): CWebApplication->processRequest()
#4 C:\laragon\www\bsupermarket\www\index.php(14): CApplication->run()
#5 {main}
REQUEST_URI=/bsupermarket/www/admin/listings/listings/photo-upload/logo_listing.php
HTTP_REFERER=http://localhost/bsupermarket/www/admin/listings/listings/update?id=63
---
2016/07/08 08:32:07 [error] [exception.CHttpException.404] exception 'CHttpException' with message 'Unable to resolve the request "themes/business/css/investor_area.css".' in C:\laragon\www\bsupermarket\framework\web\CWebApplication.php:286
Stack trace:
#0 C:\laragon\www\bsupermarket\framework\web\CWebApplication.php(141): CWebApplication->runController('themes/business...')
#1 C:\laragon\www\bsupermarket\framework\base\CApplication.php(180): CWebApplication->processRequest()
#2 C:\laragon\www\bsupermarket\www\index.php(14): CApplication->run()
#3 {main}
REQUEST_URI=/bsupermarket/www/themes/business/css/investor_area.css
HTTP_REFERER=http://localhost/bsupermarket/www/admin/listings/listings/photo-upload/logo_listing.php
---
2016/07/08 08:32:10 [error] [exception.CHttpException.404] exception 'CHttpException' with message 'Unable to resolve the request "themes/business/css/investor_area.css".' in C:\laragon\www\bsupermarket\framework\web\CWebApplication.php:286
Stack trace:
#0 C:\laragon\www\bsupermarket\framework\web\CWebApplication.php(141): CWebApplication->runController('themes/business...')
#1 C:\laragon\www\bsupermarket\framework\base\CApplication.php(180): CWebApplication->processRequest()
#2 C:\laragon\www\bsupermarket\www\index.php(14): CApplication->run()
#3 {main}
REQUEST_URI=/bsupermarket/www/themes/business/css/investor_area.css
HTTP_REFERER=http://localhost/bsupermarket/www/
---
2016/07/08 08:32:29 [error] [exception.CHttpException.404] exception 'CHttpException' with message 'Unable to resolve the request "themes/business/css/sample.css".' in C:\laragon\www\bsupermarket\framework\web\CWebApplication.php:286
Stack trace:
#0 C:\laragon\www\bsupermarket\framework\web\CWebApplication.php(141): CWebApplication->runController('themes/business...')
#1 C:\laragon\www\bsupermarket\framework\base\CApplication.php(180): CWebApplication->processRequest()
#2 C:\laragon\www\bsupermarket\www\index.php(14): CApplication->run()
#3 {main}
REQUEST_URI=/bsupermarket/www/themes/business/css/sample.css
HTTP_REFERER=http://localhost/bsupermarket/www/admin/listings/listings/update?id=63
---
2016/07/08 08:32:30 [error] [exception.CHttpException.404] exception 'CHttpException' with message 'Unable to resolve the request "upload/users/jag_88/listing/thumb/Business_supermarket_1444504991.png".' in C:\laragon\www\bsupermarket\framework\web\CWebApplication.php:286
Stack trace:
#0 C:\laragon\www\bsupermarket\framework\web\CWebApplication.php(141): CWebApplication->runController('upload/users/ja...')
#1 C:\laragon\www\bsupermarket\framework\base\CApplication.php(180): CWebApplication->processRequest()
#2 C:\laragon\www\bsupermarket\www\index.php(14): CApplication->run()
#3 {main}
REQUEST_URI=/bsupermarket/www/upload/users/jag_88/listing/thumb/Business_supermarket_1444504991.png
HTTP_REFERER=http://localhost/bsupermarket/www/admin/listings/listings/update?id=63
---
2016/07/08 08:32:30 [error] [exception.CHttpException.404] exception 'CHttpException' with message 'Unable to resolve the request "upload/users/jag_88/listing/thumb/Business_supermarket_1444505033.png".' in C:\laragon\www\bsupermarket\framework\web\CWebApplication.php:286
Stack trace:
#0 C:\laragon\www\bsupermarket\framework\web\CWebApplication.php(141): CWebApplication->runController('upload/users/ja...')
#1 C:\laragon\www\bsupermarket\framework\base\CApplication.php(180): CWebApplication->processRequest()
#2 C:\laragon\www\bsupermarket\www\index.php(14): CApplication->run()
#3 {main}
REQUEST_URI=/bsupermarket/www/upload/users/jag_88/listing/thumb/Business_supermarket_1444505033.png
HTTP_REFERER=http://localhost/bsupermarket/www/admin/listings/listings/update?id=63
---
2016/07/08 08:32:31 [error] [exception.CHttpException.404] exception 'CHttpException' with message 'Unable to resolve the request "admin/listings/images/robot/robot-upload.png".' in C:\laragon\www\bsupermarket\framework\web\CWebApplication.php:286
Stack trace:
#0 C:\laragon\www\bsupermarket\framework\web\CWebApplication.php(141): CWebApplication->runController('admin/listings/...')
#1 C:\laragon\www\bsupermarket\framework\base\CApplication.php(180): CWebApplication->processRequest()
#2 C:\laragon\www\bsupermarket\www\index.php(14): CApplication->run()
#3 {main}
REQUEST_URI=/bsupermarket/www/admin/listings/images/robot/robot-upload.png
HTTP_REFERER=http://localhost/bsupermarket/www/admin/listings/listings/update?id=63
---
2016/07/08 08:32:30 [error] [exception.CHttpException.404] exception 'CHttpException' with message 'Unable to resolve the request "upload/users/jag_88/listing/thumb/Business_supermarket_1444505042.png".' in C:\laragon\www\bsupermarket\framework\web\CWebApplication.php:286
Stack trace:
#0 C:\laragon\www\bsupermarket\framework\web\CWebApplication.php(141): CWebApplication->runController('upload/users/ja...')
#1 C:\laragon\www\bsupermarket\framework\base\CApplication.php(180): CWebApplication->processRequest()
#2 C:\laragon\www\bsupermarket\www\index.php(14): CApplication->run()
#3 {main}
REQUEST_URI=/bsupermarket/www/upload/users/jag_88/listing/thumb/Business_supermarket_1444505042.png
HTTP_REFERER=http://localhost/bsupermarket/www/admin/listings/listings/update?id=63
---
2016/07/08 08:32:30 [error] [exception.CHttpException.404] exception 'CHttpException' with message 'Unable to resolve the request "upload/users/jag_88/listing/thumb/Business_supermarket_1444505014.png".' in C:\laragon\www\bsupermarket\framework\web\CWebApplication.php:286
Stack trace:
#0 C:\laragon\www\bsupermarket\framework\web\CWebApplication.php(141): CWebApplication->runController('upload/users/ja...')
#1 C:\laragon\www\bsupermarket\framework\base\CApplication.php(180): CWebApplication->processRequest()
#2 C:\laragon\www\bsupermarket\www\index.php(14): CApplication->run()
#3 {main}
REQUEST_URI=/bsupermarket/www/upload/users/jag_88/listing/thumb/Business_supermarket_1444505014.png
HTTP_REFERER=http://localhost/bsupermarket/www/admin/listings/listings/update?id=63
---
2016/07/08 08:32:30 [error] [exception.CHttpException.404] exception 'CHttpException' with message 'Unable to resolve the request "upload/users/jag_88/listing/thumb/Business_supermarket_1444505001.png".' in C:\laragon\www\bsupermarket\framework\web\CWebApplication.php:286
Stack trace:
#0 C:\laragon\www\bsupermarket\framework\web\CWebApplication.php(141): CWebApplication->runController('upload/users/ja...')
#1 C:\laragon\www\bsupermarket\framework\base\CApplication.php(180): CWebApplication->processRequest()
#2 C:\laragon\www\bsupermarket\www\index.php(14): CApplication->run()
#3 {main}
REQUEST_URI=/bsupermarket/www/upload/users/jag_88/listing/thumb/Business_supermarket_1444505001.png
HTTP_REFERER=http://localhost/bsupermarket/www/admin/listings/listings/update?id=63
---
2016/07/08 08:32:30 [error] [exception.CHttpException.404] exception 'CHttpException' with message 'Unable to resolve the request "upload/users/jag_88/listing/thumb/Business_supermarket_1442318643.jpg".' in C:\laragon\www\bsupermarket\framework\web\CWebApplication.php:286
Stack trace:
#0 C:\laragon\www\bsupermarket\framework\web\CWebApplication.php(141): CWebApplication->runController('upload/users/ja...')
#1 C:\laragon\www\bsupermarket\framework\base\CApplication.php(180): CWebApplication->processRequest()
#2 C:\laragon\www\bsupermarket\www\index.php(14): CApplication->run()
#3 {main}
REQUEST_URI=/bsupermarket/www/upload/users/jag_88/listing/thumb/Business_supermarket_1442318643.jpg
HTTP_REFERER=http://localhost/bsupermarket/www/admin/listings/listings/update?id=63
---
2016/07/08 08:32:32 [error] [exception.CHttpException.404] exception 'CHttpException' with message 'The system is unable to find the requested action "photo-upload".' in C:\laragon\www\bsupermarket\framework\web\CController.php:483
Stack trace:
#0 C:\laragon\www\bsupermarket\framework\web\CController.php(270): CController->missingAction('photo-upload')
#1 C:\laragon\www\bsupermarket\framework\web\CWebApplication.php(282): CController->run('photo-upload')
#2 C:\laragon\www\bsupermarket\framework\web\CWebApplication.php(141): CWebApplication->runController('admin/listings/...')
#3 C:\laragon\www\bsupermarket\framework\base\CApplication.php(180): CWebApplication->processRequest()
#4 C:\laragon\www\bsupermarket\www\index.php(14): CApplication->run()
#5 {main}
REQUEST_URI=/bsupermarket/www/admin/listings/listings/photo-upload/logo_listing.php
HTTP_REFERER=http://localhost/bsupermarket/www/admin/listings/listings/update?id=63
---
2016/07/08 08:32:33 [error] [exception.CHttpException.404] exception 'CHttpException' with message 'Unable to resolve the request "themes/business/css/investor_area.css".' in C:\laragon\www\bsupermarket\framework\web\CWebApplication.php:286
Stack trace:
#0 C:\laragon\www\bsupermarket\framework\web\CWebApplication.php(141): CWebApplication->runController('themes/business...')
#1 C:\laragon\www\bsupermarket\framework\base\CApplication.php(180): CWebApplication->processRequest()
#2 C:\laragon\www\bsupermarket\www\index.php(14): CApplication->run()
#3 {main}
REQUEST_URI=/bsupermarket/www/themes/business/css/investor_area.css
HTTP_REFERER=http://localhost/bsupermarket/www/admin/listings/listings/photo-upload/logo_listing.php
---
2016/07/08 08:32:36 [error] [exception.CHttpException.404] exception 'CHttpException' with message 'Unable to resolve the request "themes/business/css/investor_area.css".' in C:\laragon\www\bsupermarket\framework\web\CWebApplication.php:286
Stack trace:
#0 C:\laragon\www\bsupermarket\framework\web\CWebApplication.php(141): CWebApplication->runController('themes/business...')
#1 C:\laragon\www\bsupermarket\framework\base\CApplication.php(180): CWebApplication->processRequest()
#2 C:\laragon\www\bsupermarket\www\index.php(14): CApplication->run()
#3 {main}
REQUEST_URI=/bsupermarket/www/themes/business/css/investor_area.css
HTTP_REFERER=http://localhost/bsupermarket/www/
---
2016/07/08 08:32:52 [error] [exception.CHttpException.404] exception 'CHttpException' with message 'Unable to resolve the request "themes/business/css/sample.css".' in C:\laragon\www\bsupermarket\framework\web\CWebApplication.php:286
Stack trace:
#0 C:\laragon\www\bsupermarket\framework\web\CWebApplication.php(141): CWebApplication->runController('themes/business...')
#1 C:\laragon\www\bsupermarket\framework\base\CApplication.php(180): CWebApplication->processRequest()
#2 C:\laragon\www\bsupermarket\www\index.php(14): CApplication->run()
#3 {main}
REQUEST_URI=/bsupermarket/www/themes/business/css/sample.css
HTTP_REFERER=http://localhost/bsupermarket/www/admin/listings/listings/index
---
2016/07/08 08:32:56 [error] [exception.CHttpException.404] exception 'CHttpException' with message 'Unable to resolve the request "themes/business/css/sample.css".' in C:\laragon\www\bsupermarket\framework\web\CWebApplication.php:286
Stack trace:
#0 C:\laragon\www\bsupermarket\framework\web\CWebApplication.php(141): CWebApplication->runController('themes/business...')
#1 C:\laragon\www\bsupermarket\framework\base\CApplication.php(180): CWebApplication->processRequest()
#2 C:\laragon\www\bsupermarket\www\index.php(14): CApplication->run()
#3 {main}
REQUEST_URI=/bsupermarket/www/themes/business/css/sample.css
HTTP_REFERER=http://localhost/bsupermarket/www/admin/listings/listings/index
---
2016/07/08 08:33:00 [error] [exception.CHttpException.404] exception 'CHttpException' with message 'Unable to resolve the request "themes/business/css/sample.css".' in C:\laragon\www\bsupermarket\framework\web\CWebApplication.php:286
Stack trace:
#0 C:\laragon\www\bsupermarket\framework\web\CWebApplication.php(141): CWebApplication->runController('themes/business...')
#1 C:\laragon\www\bsupermarket\framework\base\CApplication.php(180): CWebApplication->processRequest()
#2 C:\laragon\www\bsupermarket\www\index.php(14): CApplication->run()
#3 {main}
REQUEST_URI=/bsupermarket/www/themes/business/css/sample.css
HTTP_REFERER=http://localhost/bsupermarket/www/admin/listings/listings/update?id=0
---
2016/07/08 08:33:00 [error] [exception.CHttpException.404] exception 'CHttpException' with message 'Unable to resolve the request "admin/listings/images/robot/robot-upload.png".' in C:\laragon\www\bsupermarket\framework\web\CWebApplication.php:286
Stack trace:
#0 C:\laragon\www\bsupermarket\framework\web\CWebApplication.php(141): CWebApplication->runController('admin/listings/...')
#1 C:\laragon\www\bsupermarket\framework\base\CApplication.php(180): CWebApplication->processRequest()
#2 C:\laragon\www\bsupermarket\www\index.php(14): CApplication->run()
#3 {main}
REQUEST_URI=/bsupermarket/www/admin/listings/images/robot/robot-upload.png
HTTP_REFERER=http://localhost/bsupermarket/www/admin/listings/listings/update?id=0
---
2016/07/08 08:33:01 [error] [exception.CHttpException.404] exception 'CHttpException' with message 'Unable to resolve the request "admin/listings/images/robot/robot-upload.png".' in C:\laragon\www\bsupermarket\framework\web\CWebApplication.php:286
Stack trace:
#0 C:\laragon\www\bsupermarket\framework\web\CWebApplication.php(141): CWebApplication->runController('admin/listings/...')
#1 C:\laragon\www\bsupermarket\framework\base\CApplication.php(180): CWebApplication->processRequest()
#2 C:\laragon\www\bsupermarket\www\index.php(14): CApplication->run()
#3 {main}
REQUEST_URI=/bsupermarket/www/admin/listings/images/robot/robot-upload.png
HTTP_REFERER=http://localhost/bsupermarket/www/admin/listings/listings/update?id=0
---
2016/07/08 08:33:01 [error] [exception.CHttpException.404] exception 'CHttpException' with message 'The system is unable to find the requested action "photo-upload".' in C:\laragon\www\bsupermarket\framework\web\CController.php:483
Stack trace:
#0 C:\laragon\www\bsupermarket\framework\web\CController.php(270): CController->missingAction('photo-upload')
#1 C:\laragon\www\bsupermarket\framework\web\CWebApplication.php(282): CController->run('photo-upload')
#2 C:\laragon\www\bsupermarket\framework\web\CWebApplication.php(141): CWebApplication->runController('admin/listings/...')
#3 C:\laragon\www\bsupermarket\framework\base\CApplication.php(180): CWebApplication->processRequest()
#4 C:\laragon\www\bsupermarket\www\index.php(14): CApplication->run()
#5 {main}
REQUEST_URI=/bsupermarket/www/admin/listings/listings/photo-upload/logo_listing.php
HTTP_REFERER=http://localhost/bsupermarket/www/admin/listings/listings/update?id=0
---
2016/07/08 08:33:02 [error] [exception.CHttpException.404] exception 'CHttpException' with message 'Unable to resolve the request "themes/business/css/investor_area.css".' in C:\laragon\www\bsupermarket\framework\web\CWebApplication.php:286
Stack trace:
#0 C:\laragon\www\bsupermarket\framework\web\CWebApplication.php(141): CWebApplication->runController('themes/business...')
#1 C:\laragon\www\bsupermarket\framework\base\CApplication.php(180): CWebApplication->processRequest()
#2 C:\laragon\www\bsupermarket\www\index.php(14): CApplication->run()
#3 {main}
REQUEST_URI=/bsupermarket/www/themes/business/css/investor_area.css
HTTP_REFERER=http://localhost/bsupermarket/www/admin/listings/listings/photo-upload/logo_listing.php
---
2016/07/08 08:33:04 [error] [exception.CHttpException.404] exception 'CHttpException' with message 'Unable to resolve the request "themes/business/css/investor_area.css".' in C:\laragon\www\bsupermarket\framework\web\CWebApplication.php:286
Stack trace:
#0 C:\laragon\www\bsupermarket\framework\web\CWebApplication.php(141): CWebApplication->runController('themes/business...')
#1 C:\laragon\www\bsupermarket\framework\base\CApplication.php(180): CWebApplication->processRequest()
#2 C:\laragon\www\bsupermarket\www\index.php(14): CApplication->run()
#3 {main}
REQUEST_URI=/bsupermarket/www/themes/business/css/investor_area.css
HTTP_REFERER=http://localhost/bsupermarket/www/
---
2016/07/08 08:33:08 [error] [exception.CHttpException.404] exception 'CHttpException' with message 'Unable to resolve the request "themes/business/css/sample.css".' in C:\laragon\www\bsupermarket\framework\web\CWebApplication.php:286
Stack trace:
#0 C:\laragon\www\bsupermarket\framework\web\CWebApplication.php(141): CWebApplication->runController('themes/business...')
#1 C:\laragon\www\bsupermarket\framework\base\CApplication.php(180): CWebApplication->processRequest()
#2 C:\laragon\www\bsupermarket\www\index.php(14): CApplication->run()
#3 {main}
REQUEST_URI=/bsupermarket/www/themes/business/css/sample.css
HTTP_REFERER=http://localhost/bsupermarket/www/admin/listings/listings/index
---
2016/07/08 08:33:13 [error] [exception.CHttpException.404] exception 'CHttpException' with message 'Unable to resolve the request "themes/business/css/sample.css".' in C:\laragon\www\bsupermarket\framework\web\CWebApplication.php:286
Stack trace:
#0 C:\laragon\www\bsupermarket\framework\web\CWebApplication.php(141): CWebApplication->runController('themes/business...')
#1 C:\laragon\www\bsupermarket\framework\base\CApplication.php(180): CWebApplication->processRequest()
#2 C:\laragon\www\bsupermarket\www\index.php(14): CApplication->run()
#3 {main}
REQUEST_URI=/bsupermarket/www/themes/business/css/sample.css
HTTP_REFERER=http://localhost/bsupermarket/www/admin/listings/listings/index
---
2016/07/08 08:33:18 [error] [exception.CHttpException.404] exception 'CHttpException' with message 'Unable to resolve the request "themes/business/css/sample.css".' in C:\laragon\www\bsupermarket\framework\web\CWebApplication.php:286
Stack trace:
#0 C:\laragon\www\bsupermarket\framework\web\CWebApplication.php(141): CWebApplication->runController('themes/business...')
#1 C:\laragon\www\bsupermarket\framework\base\CApplication.php(180): CWebApplication->processRequest()
#2 C:\laragon\www\bsupermarket\www\index.php(14): CApplication->run()
#3 {main}
REQUEST_URI=/bsupermarket/www/themes/business/css/sample.css
HTTP_REFERER=http://localhost/bsupermarket/www/admin/listings/listings/update?id=62
---
2016/07/08 08:33:18 [error] [exception.CHttpException.404] exception 'CHttpException' with message 'Unable to resolve the request "admin/listings/images/robot/robot-upload.png".' in C:\laragon\www\bsupermarket\framework\web\CWebApplication.php:286
Stack trace:
#0 C:\laragon\www\bsupermarket\framework\web\CWebApplication.php(141): CWebApplication->runController('admin/listings/...')
#1 C:\laragon\www\bsupermarket\framework\base\CApplication.php(180): CWebApplication->processRequest()
#2 C:\laragon\www\bsupermarket\www\index.php(14): CApplication->run()
#3 {main}
REQUEST_URI=/bsupermarket/www/admin/listings/images/robot/robot-upload.png
HTTP_REFERER=http://localhost/bsupermarket/www/admin/listings/listings/update?id=62
---
2016/07/08 08:33:18 [error] [exception.CHttpException.404] exception 'CHttpException' with message 'The system is unable to find the requested action "loading.gif".' in C:\laragon\www\bsupermarket\framework\web\CController.php:483
Stack trace:
#0 C:\laragon\www\bsupermarket\framework\web\CController.php(270): CController->missingAction('loading.gif')
#1 C:\laragon\www\bsupermarket\framework\web\CWebApplication.php(282): CController->run('loading.gif')
#2 C:\laragon\www\bsupermarket\framework\web\CWebApplication.php(141): CWebApplication->runController('admin/listings/...')
#3 C:\laragon\www\bsupermarket\framework\base\CApplication.php(180): CWebApplication->processRequest()
#4 C:\laragon\www\bsupermarket\www\index.php(14): CApplication->run()
#5 {main}
REQUEST_URI=/bsupermarket/www/admin/listings/listings/loading.gif
HTTP_REFERER=http://localhost/bsupermarket/www/admin/listings/listings/update?id=62
---
2016/07/08 08:33:18 [error] [exception.CHttpException.404] exception 'CHttpException' with message 'Unable to resolve the request "upload/users/jats_86/listing/thumb/Business_supermarket_1441857853.jpg".' in C:\laragon\www\bsupermarket\framework\web\CWebApplication.php:286
Stack trace:
#0 C:\laragon\www\bsupermarket\framework\web\CWebApplication.php(141): CWebApplication->runController('upload/users/ja...')
#1 C:\laragon\www\bsupermarket\framework\base\CApplication.php(180): CWebApplication->processRequest()
#2 C:\laragon\www\bsupermarket\www\index.php(14): CApplication->run()
#3 {main}
REQUEST_URI=/bsupermarket/www/upload/users/jats_86/listing/thumb/Business_supermarket_1441857853.jpg
HTTP_REFERER=http://localhost/bsupermarket/www/admin/listings/listings/update?id=62
---
2016/07/08 08:33:18 [error] [exception.CHttpException.404] exception 'CHttpException' with message 'Unable to resolve the request "upload/users/jats_86/listing/thumb/Business_supermarket_1441857821.png".' in C:\laragon\www\bsupermarket\framework\web\CWebApplication.php:286
Stack trace:
#0 C:\laragon\www\bsupermarket\framework\web\CWebApplication.php(141): CWebApplication->runController('upload/users/ja...')
#1 C:\laragon\www\bsupermarket\framework\base\CApplication.php(180): CWebApplication->processRequest()
#2 C:\laragon\www\bsupermarket\www\index.php(14): CApplication->run()
#3 {main}
REQUEST_URI=/bsupermarket/www/upload/users/jats_86/listing/thumb/Business_supermarket_1441857821.png
HTTP_REFERER=http://localhost/bsupermarket/www/admin/listings/listings/update?id=62
---
2016/07/08 08:33:19 [error] [exception.CHttpException.404] exception 'CHttpException' with message 'The system is unable to find the requested action "photo-upload".' in C:\laragon\www\bsupermarket\framework\web\CController.php:483
Stack trace:
#0 C:\laragon\www\bsupermarket\framework\web\CController.php(270): CController->missingAction('photo-upload')
#1 C:\laragon\www\bsupermarket\framework\web\CWebApplication.php(282): CController->run('photo-upload')
#2 C:\laragon\www\bsupermarket\framework\web\CWebApplication.php(141): CWebApplication->runController('admin/listings/...')
#3 C:\laragon\www\bsupermarket\framework\base\CApplication.php(180): CWebApplication->processRequest()
#4 C:\laragon\www\bsupermarket\www\index.php(14): CApplication->run()
#5 {main}
REQUEST_URI=/bsupermarket/www/admin/listings/listings/photo-upload/logo_listing.php
HTTP_REFERER=http://localhost/bsupermarket/www/admin/listings/listings/update?id=62
---
2016/07/08 08:33:20 [error] [exception.CHttpException.404] exception 'CHttpException' with message 'Unable to resolve the request "themes/business/css/investor_area.css".' in C:\laragon\www\bsupermarket\framework\web\CWebApplication.php:286
Stack trace:
#0 C:\laragon\www\bsupermarket\framework\web\CWebApplication.php(141): CWebApplication->runController('themes/business...')
#1 C:\laragon\www\bsupermarket\framework\base\CApplication.php(180): CWebApplication->processRequest()
#2 C:\laragon\www\bsupermarket\www\index.php(14): CApplication->run()
#3 {main}
REQUEST_URI=/bsupermarket/www/themes/business/css/investor_area.css
HTTP_REFERER=http://localhost/bsupermarket/www/admin/listings/listings/photo-upload/logo_listing.php
---
2016/07/08 08:33:21 [error] [exception.CHttpException.404] exception 'CHttpException' with message 'Unable to resolve the request "themes/business/css/investor_area.css".' in C:\laragon\www\bsupermarket\framework\web\CWebApplication.php:286
Stack trace:
#0 C:\laragon\www\bsupermarket\framework\web\CWebApplication.php(141): CWebApplication->runController('themes/business...')
#1 C:\laragon\www\bsupermarket\framework\base\CApplication.php(180): CWebApplication->processRequest()
#2 C:\laragon\www\bsupermarket\www\index.php(14): CApplication->run()
#3 {main}
REQUEST_URI=/bsupermarket/www/themes/business/css/investor_area.css
HTTP_REFERER=http://localhost/bsupermarket/www/
---
2016/07/08 08:33:25 [error] [exception.CHttpException.404] exception 'CHttpException' with message 'Unable to resolve the request "themes/business/css/sample.css".' in C:\laragon\www\bsupermarket\framework\web\CWebApplication.php:286
Stack trace:
#0 C:\laragon\www\bsupermarket\framework\web\CWebApplication.php(141): CWebApplication->runController('themes/business...')
#1 C:\laragon\www\bsupermarket\framework\base\CApplication.php(180): CWebApplication->processRequest()
#2 C:\laragon\www\bsupermarket\www\index.php(14): CApplication->run()
#3 {main}
REQUEST_URI=/bsupermarket/www/themes/business/css/sample.css
HTTP_REFERER=http://localhost/bsupermarket/www/admin/listings/listings/index
---
2016/07/08 08:33:30 [error] [exception.CHttpException.404] exception 'CHttpException' with message 'Unable to resolve the request "themes/business/css/sample.css".' in C:\laragon\www\bsupermarket\framework\web\CWebApplication.php:286
Stack trace:
#0 C:\laragon\www\bsupermarket\framework\web\CWebApplication.php(141): CWebApplication->runController('themes/business...')
#1 C:\laragon\www\bsupermarket\framework\base\CApplication.php(180): CWebApplication->processRequest()
#2 C:\laragon\www\bsupermarket\www\index.php(14): CApplication->run()
#3 {main}
REQUEST_URI=/bsupermarket/www/themes/business/css/sample.css
HTTP_REFERER=http://localhost/bsupermarket/www/admin/listings/listings/index
---
