2016/07/15 06:26:36 [error] [exception.CHttpException.404] exception 'CHttpException' with message 'Unable to resolve the request "themes/business/css/investor_area.css".' in C:\laragon\www\bs\framework\web\CWebApplication.php:286
Stack trace:
#0 C:\laragon\www\bs\framework\web\CWebApplication.php(141): CWebApplication->runController('themes/business...')
#1 C:\laragon\www\bs\framework\base\CApplication.php(180): CWebApplication->processRequest()
#2 C:\laragon\www\bs\www\index.php(14): CApplication->run()
#3 {main}
REQUEST_URI=/bs/www/themes/business/css/investor_area.css
HTTP_REFERER=http://localhost/bs/www/
---
2016/07/15 06:26:38 [error] [exception.CHttpException.404] exception 'CHttpException' with message 'Unable to resolve the request "themes/business/css/images/pink-bubble-background.png".' in C:\laragon\www\bs\framework\web\CWebApplication.php:286
Stack trace:
#0 C:\laragon\www\bs\framework\web\CWebApplication.php(141): CWebApplication->runController('themes/business...')
#1 C:\laragon\www\bs\framework\base\CApplication.php(180): CWebApplication->processRequest()
#2 C:\laragon\www\bs\www\index.php(14): CApplication->run()
#3 {main}
REQUEST_URI=/bs/www/themes/business/css/images/pink-bubble-background.png
HTTP_REFERER=http://localhost/bs/www/themes/business/css/style.css
---
2016/07/15 06:26:38 [error] [exception.CHttpException.404] exception 'CHttpException' with message 'Unable to resolve the request "themes/business/css/images/pink-bubble-top.png".' in C:\laragon\www\bs\framework\web\CWebApplication.php:286
Stack trace:
#0 C:\laragon\www\bs\framework\web\CWebApplication.php(141): CWebApplication->runController('themes/business...')
#1 C:\laragon\www\bs\framework\base\CApplication.php(180): CWebApplication->processRequest()
#2 C:\laragon\www\bs\www\index.php(14): CApplication->run()
#3 {main}
REQUEST_URI=/bs/www/themes/business/css/images/pink-bubble-top.png
HTTP_REFERER=http://localhost/bs/www/themes/business/css/style.css
---
2016/07/15 06:26:41 [error] [exception.CHttpException.404] exception 'CHttpException' with message 'Unable to resolve the request "images/favicon.ico".' in C:\laragon\www\bs\framework\web\CWebApplication.php:286
Stack trace:
#0 C:\laragon\www\bs\framework\web\CWebApplication.php(141): CWebApplication->runController('images/favicon....')
#1 C:\laragon\www\bs\framework\base\CApplication.php(180): CWebApplication->processRequest()
#2 C:\laragon\www\bs\www\index.php(14): CApplication->run()
#3 {main}
REQUEST_URI=/bs/www/images/favicon.ico
---
2016/07/15 06:26:41 [error] [exception.CHttpException.404] exception 'CHttpException' with message 'Unable to resolve the request "images/favicon.ico".' in C:\laragon\www\bs\framework\web\CWebApplication.php:286
Stack trace:
#0 C:\laragon\www\bs\framework\web\CWebApplication.php(141): CWebApplication->runController('images/favicon....')
#1 C:\laragon\www\bs\framework\base\CApplication.php(180): CWebApplication->processRequest()
#2 C:\laragon\www\bs\www\index.php(14): CApplication->run()
#3 {main}
REQUEST_URI=/bs/www/images/favicon.ico
---
2016/07/15 06:26:48 [error] [exception.CHttpException.404] exception 'CHttpException' with message 'Unable to resolve the request "themes/business/css/sample.css".' in C:\laragon\www\bs\framework\web\CWebApplication.php:286
Stack trace:
#0 C:\laragon\www\bs\framework\web\CWebApplication.php(141): CWebApplication->runController('themes/business...')
#1 C:\laragon\www\bs\framework\base\CApplication.php(180): CWebApplication->processRequest()
#2 C:\laragon\www\bs\www\index.php(14): CApplication->run()
#3 {main}
REQUEST_URI=/bs/www/themes/business/css/sample.css
HTTP_REFERER=http://localhost/bs/www/admin/member
---
2016/07/15 06:26:52 [error] [exception.CHttpException.404] exception 'CHttpException' with message 'Unable to resolve the request "themes/business/css/sample.css".' in C:\laragon\www\bs\framework\web\CWebApplication.php:286
Stack trace:
#0 C:\laragon\www\bs\framework\web\CWebApplication.php(141): CWebApplication->runController('themes/business...')
#1 C:\laragon\www\bs\framework\base\CApplication.php(180): CWebApplication->processRequest()
#2 C:\laragon\www\bs\www\index.php(14): CApplication->run()
#3 {main}
REQUEST_URI=/bs/www/themes/business/css/sample.css
HTTP_REFERER=http://localhost/bs/www/admin/listings/listings/index
---
2016/07/15 06:26:56 [error] [exception.CHttpException.404] exception 'CHttpException' with message 'Unable to resolve the request "themes/business/css/sample.css".' in C:\laragon\www\bs\framework\web\CWebApplication.php:286
Stack trace:
#0 C:\laragon\www\bs\framework\web\CWebApplication.php(141): CWebApplication->runController('themes/business...')
#1 C:\laragon\www\bs\framework\base\CApplication.php(180): CWebApplication->processRequest()
#2 C:\laragon\www\bs\www\index.php(14): CApplication->run()
#3 {main}
REQUEST_URI=/bs/www/themes/business/css/sample.css
HTTP_REFERER=http://localhost/bs/www/admin/listings/listings/index
---
2016/07/15 06:27:03 [error] [exception.CHttpException.404] exception 'CHttpException' with message 'Unable to resolve the request "themes/business/css/sample.css".' in C:\laragon\www\bs\framework\web\CWebApplication.php:286
Stack trace:
#0 C:\laragon\www\bs\framework\web\CWebApplication.php(141): CWebApplication->runController('themes/business...')
#1 C:\laragon\www\bs\framework\base\CApplication.php(180): CWebApplication->processRequest()
#2 C:\laragon\www\bs\www\index.php(14): CApplication->run()
#3 {main}
REQUEST_URI=/bs/www/themes/business/css/sample.css
HTTP_REFERER=http://localhost/bs/www/admin/listings/listings/update?id=63
---
2016/07/15 06:27:03 [error] [exception.CHttpException.404] exception 'CHttpException' with message 'Unable to resolve the request "upload/users/jag_88/listing/thumb/Business_supermarket_1444504991.png".' in C:\laragon\www\bs\framework\web\CWebApplication.php:286
Stack trace:
#0 C:\laragon\www\bs\framework\web\CWebApplication.php(141): CWebApplication->runController('upload/users/ja...')
#1 C:\laragon\www\bs\framework\base\CApplication.php(180): CWebApplication->processRequest()
#2 C:\laragon\www\bs\www\index.php(14): CApplication->run()
#3 {main}
REQUEST_URI=/bs/www/upload/users/jag_88/listing/thumb/Business_supermarket_1444504991.png
HTTP_REFERER=http://localhost/bs/www/admin/listings/listings/update?id=63
---
2016/07/15 06:27:03 [error] [exception.CHttpException.404] exception 'CHttpException' with message 'Unable to resolve the request "upload/users/jag_88/listing/thumb/Business_supermarket_1444505001.png".' in C:\laragon\www\bs\framework\web\CWebApplication.php:286
Stack trace:
#0 C:\laragon\www\bs\framework\web\CWebApplication.php(141): CWebApplication->runController('upload/users/ja...')
#1 C:\laragon\www\bs\framework\base\CApplication.php(180): CWebApplication->processRequest()
#2 C:\laragon\www\bs\www\index.php(14): CApplication->run()
#3 {main}
REQUEST_URI=/bs/www/upload/users/jag_88/listing/thumb/Business_supermarket_1444505001.png
HTTP_REFERER=http://localhost/bs/www/admin/listings/listings/update?id=63
---
2016/07/15 06:27:03 [error] [exception.CHttpException.404] exception 'CHttpException' with message 'Unable to resolve the request "upload/users/jag_88/listing/thumb/Business_supermarket_1444505014.png".' in C:\laragon\www\bs\framework\web\CWebApplication.php:286
Stack trace:
#0 C:\laragon\www\bs\framework\web\CWebApplication.php(141): CWebApplication->runController('upload/users/ja...')
#1 C:\laragon\www\bs\framework\base\CApplication.php(180): CWebApplication->processRequest()
#2 C:\laragon\www\bs\www\index.php(14): CApplication->run()
#3 {main}
REQUEST_URI=/bs/www/upload/users/jag_88/listing/thumb/Business_supermarket_1444505014.png
HTTP_REFERER=http://localhost/bs/www/admin/listings/listings/update?id=63
---
2016/07/15 06:27:03 [error] [exception.CHttpException.404] exception 'CHttpException' with message 'The system is unable to find the requested action "loading.gif".' in C:\laragon\www\bs\framework\web\CController.php:483
Stack trace:
#0 C:\laragon\www\bs\framework\web\CController.php(270): CController->missingAction('loading.gif')
#1 C:\laragon\www\bs\framework\web\CWebApplication.php(282): CController->run('loading.gif')
#2 C:\laragon\www\bs\framework\web\CWebApplication.php(141): CWebApplication->runController('admin/listings/...')
#3 C:\laragon\www\bs\framework\base\CApplication.php(180): CWebApplication->processRequest()
#4 C:\laragon\www\bs\www\index.php(14): CApplication->run()
#5 {main}
REQUEST_URI=/bs/www/admin/listings/listings/loading.gif
HTTP_REFERER=http://localhost/bs/www/admin/listings/listings/update?id=63
---
2016/07/15 06:27:03 [error] [exception.CHttpException.404] exception 'CHttpException' with message 'Unable to resolve the request "upload/users/jag_88/listing/thumb/Business_supermarket_1444505042.png".' in C:\laragon\www\bs\framework\web\CWebApplication.php:286
Stack trace:
#0 C:\laragon\www\bs\framework\web\CWebApplication.php(141): CWebApplication->runController('upload/users/ja...')
#1 C:\laragon\www\bs\framework\base\CApplication.php(180): CWebApplication->processRequest()
#2 C:\laragon\www\bs\www\index.php(14): CApplication->run()
#3 {main}
REQUEST_URI=/bs/www/upload/users/jag_88/listing/thumb/Business_supermarket_1444505042.png
HTTP_REFERER=http://localhost/bs/www/admin/listings/listings/update?id=63
---
2016/07/15 06:27:03 [error] [exception.CHttpException.404] exception 'CHttpException' with message 'Unable to resolve the request "upload/users/jag_88/listing/thumb/Business_supermarket_1444505033.png".' in C:\laragon\www\bs\framework\web\CWebApplication.php:286
Stack trace:
#0 C:\laragon\www\bs\framework\web\CWebApplication.php(141): CWebApplication->runController('upload/users/ja...')
#1 C:\laragon\www\bs\framework\base\CApplication.php(180): CWebApplication->processRequest()
#2 C:\laragon\www\bs\www\index.php(14): CApplication->run()
#3 {main}
REQUEST_URI=/bs/www/upload/users/jag_88/listing/thumb/Business_supermarket_1444505033.png
HTTP_REFERER=http://localhost/bs/www/admin/listings/listings/update?id=63
---
2016/07/15 06:27:04 [error] [exception.CHttpException.404] exception 'CHttpException' with message 'Unable to resolve the request "admin/listings/images/robot/robot-upload.png".' in C:\laragon\www\bs\framework\web\CWebApplication.php:286
Stack trace:
#0 C:\laragon\www\bs\framework\web\CWebApplication.php(141): CWebApplication->runController('admin/listings/...')
#1 C:\laragon\www\bs\framework\base\CApplication.php(180): CWebApplication->processRequest()
#2 C:\laragon\www\bs\www\index.php(14): CApplication->run()
#3 {main}
REQUEST_URI=/bs/www/admin/listings/images/robot/robot-upload.png
HTTP_REFERER=http://localhost/bs/www/admin/listings/listings/update?id=63
---
2016/07/15 06:27:03 [error] [exception.CHttpException.404] exception 'CHttpException' with message 'Unable to resolve the request "upload/users/jag_88/listing/thumb/Business_supermarket_1442318643.jpg".' in C:\laragon\www\bs\framework\web\CWebApplication.php:286
Stack trace:
#0 C:\laragon\www\bs\framework\web\CWebApplication.php(141): CWebApplication->runController('upload/users/ja...')
#1 C:\laragon\www\bs\framework\base\CApplication.php(180): CWebApplication->processRequest()
#2 C:\laragon\www\bs\www\index.php(14): CApplication->run()
#3 {main}
REQUEST_URI=/bs/www/upload/users/jag_88/listing/thumb/Business_supermarket_1442318643.jpg
HTTP_REFERER=http://localhost/bs/www/admin/listings/listings/update?id=63
---
2016/07/15 06:27:04 [error] [exception.CHttpException.404] exception 'CHttpException' with message 'Unable to resolve the request "upload/users/jag_88/listing/thumb/Business_supermarket_1444504991.png".' in C:\laragon\www\bs\framework\web\CWebApplication.php:286
Stack trace:
#0 C:\laragon\www\bs\framework\web\CWebApplication.php(141): CWebApplication->runController('upload/users/ja...')
#1 C:\laragon\www\bs\framework\base\CApplication.php(180): CWebApplication->processRequest()
#2 C:\laragon\www\bs\www\index.php(14): CApplication->run()
#3 {main}
REQUEST_URI=/bs/www/upload/users/jag_88/listing/thumb/Business_supermarket_1444504991.png
HTTP_REFERER=http://localhost/bs/www/admin/listings/listings/update?id=63
---
2016/07/15 06:27:04 [error] [exception.CHttpException.404] exception 'CHttpException' with message 'Unable to resolve the request "upload/users/jag_88/listing/thumb/Business_supermarket_1444505001.png".' in C:\laragon\www\bs\framework\web\CWebApplication.php:286
Stack trace:
#0 C:\laragon\www\bs\framework\web\CWebApplication.php(141): CWebApplication->runController('upload/users/ja...')
#1 C:\laragon\www\bs\framework\base\CApplication.php(180): CWebApplication->processRequest()
#2 C:\laragon\www\bs\www\index.php(14): CApplication->run()
#3 {main}
REQUEST_URI=/bs/www/upload/users/jag_88/listing/thumb/Business_supermarket_1444505001.png
HTTP_REFERER=http://localhost/bs/www/admin/listings/listings/update?id=63
---
2016/07/15 06:27:04 [error] [exception.CHttpException.404] exception 'CHttpException' with message 'Unable to resolve the request "upload/users/jag_88/listing/thumb/Business_supermarket_1444505014.png".' in C:\laragon\www\bs\framework\web\CWebApplication.php:286
Stack trace:
#0 C:\laragon\www\bs\framework\web\CWebApplication.php(141): CWebApplication->runController('upload/users/ja...')
#1 C:\laragon\www\bs\framework\base\CApplication.php(180): CWebApplication->processRequest()
#2 C:\laragon\www\bs\www\index.php(14): CApplication->run()
#3 {main}
REQUEST_URI=/bs/www/upload/users/jag_88/listing/thumb/Business_supermarket_1444505014.png
HTTP_REFERER=http://localhost/bs/www/admin/listings/listings/update?id=63
---
2016/07/15 06:27:04 [error] [exception.CHttpException.404] exception 'CHttpException' with message 'The system is unable to find the requested action "loading.gif".' in C:\laragon\www\bs\framework\web\CController.php:483
Stack trace:
#0 C:\laragon\www\bs\framework\web\CController.php(270): CController->missingAction('loading.gif')
#1 C:\laragon\www\bs\framework\web\CWebApplication.php(282): CController->run('loading.gif')
#2 C:\laragon\www\bs\framework\web\CWebApplication.php(141): CWebApplication->runController('admin/listings/...')
#3 C:\laragon\www\bs\framework\base\CApplication.php(180): CWebApplication->processRequest()
#4 C:\laragon\www\bs\www\index.php(14): CApplication->run()
#5 {main}
REQUEST_URI=/bs/www/admin/listings/listings/loading.gif
HTTP_REFERER=http://localhost/bs/www/admin/listings/listings/update?id=63
---
2016/07/15 06:27:04 [error] [exception.CHttpException.404] exception 'CHttpException' with message 'Unable to resolve the request "admin/listings/images/robot/robot-upload.png".' in C:\laragon\www\bs\framework\web\CWebApplication.php:286
Stack trace:
#0 C:\laragon\www\bs\framework\web\CWebApplication.php(141): CWebApplication->runController('admin/listings/...')
#1 C:\laragon\www\bs\framework\base\CApplication.php(180): CWebApplication->processRequest()
#2 C:\laragon\www\bs\www\index.php(14): CApplication->run()
#3 {main}
REQUEST_URI=/bs/www/admin/listings/images/robot/robot-upload.png
HTTP_REFERER=http://localhost/bs/www/admin/listings/listings/update?id=63
---
2016/07/15 06:27:04 [error] [exception.CHttpException.404] exception 'CHttpException' with message 'The system is unable to find the requested action "photo-upload".' in C:\laragon\www\bs\framework\web\CController.php:483
Stack trace:
#0 C:\laragon\www\bs\framework\web\CController.php(270): CController->missingAction('photo-upload')
#1 C:\laragon\www\bs\framework\web\CWebApplication.php(282): CController->run('photo-upload')
#2 C:\laragon\www\bs\framework\web\CWebApplication.php(141): CWebApplication->runController('admin/listings/...')
#3 C:\laragon\www\bs\framework\base\CApplication.php(180): CWebApplication->processRequest()
#4 C:\laragon\www\bs\www\index.php(14): CApplication->run()
#5 {main}
REQUEST_URI=/bs/www/admin/listings/listings/photo-upload/logo_listing.php
HTTP_REFERER=http://localhost/bs/www/admin/listings/listings/update?id=63
---
2016/07/15 06:27:04 [error] [exception.CHttpException.404] exception 'CHttpException' with message 'Unable to resolve the request "upload/users/jag_88/listing/thumb/Business_supermarket_1442318643.jpg".' in C:\laragon\www\bs\framework\web\CWebApplication.php:286
Stack trace:
#0 C:\laragon\www\bs\framework\web\CWebApplication.php(141): CWebApplication->runController('upload/users/ja...')
#1 C:\laragon\www\bs\framework\base\CApplication.php(180): CWebApplication->processRequest()
#2 C:\laragon\www\bs\www\index.php(14): CApplication->run()
#3 {main}
REQUEST_URI=/bs/www/upload/users/jag_88/listing/thumb/Business_supermarket_1442318643.jpg
HTTP_REFERER=http://localhost/bs/www/admin/listings/listings/update?id=63
---
2016/07/15 06:27:06 [error] [exception.CHttpException.404] exception 'CHttpException' with message 'Unable to resolve the request "themes/business/css/investor_area.css".' in C:\laragon\www\bs\framework\web\CWebApplication.php:286
Stack trace:
#0 C:\laragon\www\bs\framework\web\CWebApplication.php(141): CWebApplication->runController('themes/business...')
#1 C:\laragon\www\bs\framework\base\CApplication.php(180): CWebApplication->processRequest()
#2 C:\laragon\www\bs\www\index.php(14): CApplication->run()
#3 {main}
REQUEST_URI=/bs/www/themes/business/css/investor_area.css
HTTP_REFERER=http://localhost/bs/www/admin/listings/listings/photo-upload/logo_listing.php
---
2016/07/15 06:27:09 [error] [exception.CHttpException.404] exception 'CHttpException' with message 'Unable to resolve the request "themes/business/css/investor_area.css".' in C:\laragon\www\bs\framework\web\CWebApplication.php:286
Stack trace:
#0 C:\laragon\www\bs\framework\web\CWebApplication.php(141): CWebApplication->runController('themes/business...')
#1 C:\laragon\www\bs\framework\base\CApplication.php(180): CWebApplication->processRequest()
#2 C:\laragon\www\bs\www\index.php(14): CApplication->run()
#3 {main}
REQUEST_URI=/bs/www/themes/business/css/investor_area.css
HTTP_REFERER=http://localhost/bs/www/
---
2016/07/15 06:27:16 [error] [exception.Google_Auth_Exception] exception 'Google_Auth_Exception' with message 'Error refreshing the OAuth2 token, message: '{
  "error" : "invalid_client",
  "error_description" : "The OAuth client was not found."
}'' in C:\laragon\www\bs\runtime\extensions\youtube\Google\Auth\OAuth2.php:363
Stack trace:
#0 C:\laragon\www\bs\runtime\extensions\youtube\Google\Auth\OAuth2.php(278): Google_Auth_OAuth2->refreshTokenRequest(Array)
#1 C:\laragon\www\bs\runtime\extensions\youtube\Google\Client.php(457): Google_Auth_OAuth2->refreshToken('1/x9-YpZnpueUDz...')
#2 C:\laragon\www\bs\runtime\helper\uploadyoutube.php(71): Google_Client->refreshToken('1/x9-YpZnpueUDz...')
#3 C:\laragon\www\bs\runtime\helper\uploadyoutube.php(87): UploadYoutube->setTokenClient()
#4 C:\laragon\www\bs\runtime\modules\admin\modules\listings\controllers\ListingsController.php(1250): UploadYoutube->upload('C:/laragon/www/...', '020196600144231...')
#5 C:\laragon\www\bs\framework\web\actions\CInlineAction.php(49): ListingsController->actionUploadYoutube()
#6 C:\laragon\www\bs\framework\web\CController.php(308): CInlineAction->runWithParams(Array)
#7 C:\laragon\www\bs\framework\web\filters\CFilterChain.php(133): CController->runAction(Object(CInlineAction))
#8 C:\laragon\www\bs\framework\web\filters\CFilter.php(40): CFilterChain->run()
#9 C:\laragon\www\bs\framework\web\CController.php(1145): CFilter->filter(Object(CFilterChain))
#10 C:\laragon\www\bs\framework\web\filters\CInlineFilter.php(58): CController->filterAccessControl(Object(CFilterChain))
#11 C:\laragon\www\bs\framework\web\filters\CFilterChain.php(130): CInlineFilter->filter(Object(CFilterChain))
#12 C:\laragon\www\bs\framework\web\CController.php(291): CFilterChain->run()
#13 C:\laragon\www\bs\framework\web\CController.php(265): CController->runActionWithFilters(Object(CInlineAction), Array)
#14 C:\laragon\www\bs\framework\web\CWebApplication.php(282): CController->run('uploadyoutube')
#15 C:\laragon\www\bs\framework\web\CWebApplication.php(141): CWebApplication->runController('admin/listings/...')
#16 C:\laragon\www\bs\framework\base\CApplication.php(180): CWebApplication->processRequest()
#17 C:\laragon\www\bs\www\index.php(14): CApplication->run()
#18 {main}
REQUEST_URI=/bs/www/admin/listings/listings/uploadYoutube
HTTP_REFERER=http://localhost/bs/www/admin/listings/listings/update?id=63
---
2016/07/15 06:27:24 [error] [exception.CHttpException.404] exception 'CHttpException' with message 'Unable to resolve the request "themes/business/css/sample.css".' in C:\laragon\www\bs\framework\web\CWebApplication.php:286
Stack trace:
#0 C:\laragon\www\bs\framework\web\CWebApplication.php(141): CWebApplication->runController('themes/business...')
#1 C:\laragon\www\bs\framework\base\CApplication.php(180): CWebApplication->processRequest()
#2 C:\laragon\www\bs\www\index.php(14): CApplication->run()
#3 {main}
REQUEST_URI=/bs/www/themes/business/css/sample.css
HTTP_REFERER=http://localhost/bs/www/admin/listings/listings/update?id=63
---
2016/07/15 06:27:24 [error] [exception.CHttpException.404] exception 'CHttpException' with message 'Unable to resolve the request "upload/users/jag_88/listing/thumb/Business_supermarket_1444505001.png".' in C:\laragon\www\bs\framework\web\CWebApplication.php:286
Stack trace:
#0 C:\laragon\www\bs\framework\web\CWebApplication.php(141): CWebApplication->runController('upload/users/ja...')
#1 C:\laragon\www\bs\framework\base\CApplication.php(180): CWebApplication->processRequest()
#2 C:\laragon\www\bs\www\index.php(14): CApplication->run()
#3 {main}
REQUEST_URI=/bs/www/upload/users/jag_88/listing/thumb/Business_supermarket_1444505001.png
HTTP_REFERER=http://localhost/bs/www/admin/listings/listings/update?id=63
---
2016/07/15 06:27:24 [error] [exception.CHttpException.404] exception 'CHttpException' with message 'Unable to resolve the request "upload/users/jag_88/listing/thumb/Business_supermarket_1444504991.png".' in C:\laragon\www\bs\framework\web\CWebApplication.php:286
Stack trace:
#0 C:\laragon\www\bs\framework\web\CWebApplication.php(141): CWebApplication->runController('upload/users/ja...')
#1 C:\laragon\www\bs\framework\base\CApplication.php(180): CWebApplication->processRequest()
#2 C:\laragon\www\bs\www\index.php(14): CApplication->run()
#3 {main}
REQUEST_URI=/bs/www/upload/users/jag_88/listing/thumb/Business_supermarket_1444504991.png
HTTP_REFERER=http://localhost/bs/www/admin/listings/listings/update?id=63
---
2016/07/15 06:27:24 [error] [exception.CHttpException.404] exception 'CHttpException' with message 'Unable to resolve the request "upload/users/jag_88/listing/thumb/Business_supermarket_1444505014.png".' in C:\laragon\www\bs\framework\web\CWebApplication.php:286
Stack trace:
#0 C:\laragon\www\bs\framework\web\CWebApplication.php(141): CWebApplication->runController('upload/users/ja...')
#1 C:\laragon\www\bs\framework\base\CApplication.php(180): CWebApplication->processRequest()
#2 C:\laragon\www\bs\www\index.php(14): CApplication->run()
#3 {main}
REQUEST_URI=/bs/www/upload/users/jag_88/listing/thumb/Business_supermarket_1444505014.png
HTTP_REFERER=http://localhost/bs/www/admin/listings/listings/update?id=63
---
2016/07/15 06:27:24 [error] [exception.CHttpException.404] exception 'CHttpException' with message 'Unable to resolve the request "upload/users/jag_88/listing/thumb/Business_supermarket_1444505042.png".' in C:\laragon\www\bs\framework\web\CWebApplication.php:286
Stack trace:
#0 C:\laragon\www\bs\framework\web\CWebApplication.php(141): CWebApplication->runController('upload/users/ja...')
#1 C:\laragon\www\bs\framework\base\CApplication.php(180): CWebApplication->processRequest()
#2 C:\laragon\www\bs\www\index.php(14): CApplication->run()
#3 {main}
REQUEST_URI=/bs/www/upload/users/jag_88/listing/thumb/Business_supermarket_1444505042.png
HTTP_REFERER=http://localhost/bs/www/admin/listings/listings/update?id=63
---
2016/07/15 06:27:24 [error] [exception.CHttpException.404] exception 'CHttpException' with message 'The system is unable to find the requested action "loading.gif".' in C:\laragon\www\bs\framework\web\CController.php:483
Stack trace:
#0 C:\laragon\www\bs\framework\web\CController.php(270): CController->missingAction('loading.gif')
#1 C:\laragon\www\bs\framework\web\CWebApplication.php(282): CController->run('loading.gif')
#2 C:\laragon\www\bs\framework\web\CWebApplication.php(141): CWebApplication->runController('admin/listings/...')
#3 C:\laragon\www\bs\framework\base\CApplication.php(180): CWebApplication->processRequest()
#4 C:\laragon\www\bs\www\index.php(14): CApplication->run()
#5 {main}
REQUEST_URI=/bs/www/admin/listings/listings/loading.gif
HTTP_REFERER=http://localhost/bs/www/admin/listings/listings/update?id=63
---
2016/07/15 06:27:24 [error] [exception.CHttpException.404] exception 'CHttpException' with message 'Unable to resolve the request "upload/users/jag_88/listing/thumb/Business_supermarket_1444505033.png".' in C:\laragon\www\bs\framework\web\CWebApplication.php:286
Stack trace:
#0 C:\laragon\www\bs\framework\web\CWebApplication.php(141): CWebApplication->runController('upload/users/ja...')
#1 C:\laragon\www\bs\framework\base\CApplication.php(180): CWebApplication->processRequest()
#2 C:\laragon\www\bs\www\index.php(14): CApplication->run()
#3 {main}
REQUEST_URI=/bs/www/upload/users/jag_88/listing/thumb/Business_supermarket_1444505033.png
HTTP_REFERER=http://localhost/bs/www/admin/listings/listings/update?id=63
---
2016/07/15 06:27:24 [error] [exception.CHttpException.404] exception 'CHttpException' with message 'Unable to resolve the request "admin/listings/images/robot/robot-upload.png".' in C:\laragon\www\bs\framework\web\CWebApplication.php:286
Stack trace:
#0 C:\laragon\www\bs\framework\web\CWebApplication.php(141): CWebApplication->runController('admin/listings/...')
#1 C:\laragon\www\bs\framework\base\CApplication.php(180): CWebApplication->processRequest()
#2 C:\laragon\www\bs\www\index.php(14): CApplication->run()
#3 {main}
REQUEST_URI=/bs/www/admin/listings/images/robot/robot-upload.png
HTTP_REFERER=http://localhost/bs/www/admin/listings/listings/update?id=63
---
2016/07/15 06:27:24 [error] [exception.CHttpException.404] exception 'CHttpException' with message 'Unable to resolve the request "upload/users/jag_88/listing/thumb/Business_supermarket_1442318643.jpg".' in C:\laragon\www\bs\framework\web\CWebApplication.php:286
Stack trace:
#0 C:\laragon\www\bs\framework\web\CWebApplication.php(141): CWebApplication->runController('upload/users/ja...')
#1 C:\laragon\www\bs\framework\base\CApplication.php(180): CWebApplication->processRequest()
#2 C:\laragon\www\bs\www\index.php(14): CApplication->run()
#3 {main}
REQUEST_URI=/bs/www/upload/users/jag_88/listing/thumb/Business_supermarket_1442318643.jpg
HTTP_REFERER=http://localhost/bs/www/admin/listings/listings/update?id=63
---
2016/07/15 06:27:25 [error] [exception.CHttpException.404] exception 'CHttpException' with message 'Unable to resolve the request "upload/users/jag_88/listing/thumb/Business_supermarket_1444504991.png".' in C:\laragon\www\bs\framework\web\CWebApplication.php:286
Stack trace:
#0 C:\laragon\www\bs\framework\web\CWebApplication.php(141): CWebApplication->runController('upload/users/ja...')
#1 C:\laragon\www\bs\framework\base\CApplication.php(180): CWebApplication->processRequest()
#2 C:\laragon\www\bs\www\index.php(14): CApplication->run()
#3 {main}
REQUEST_URI=/bs/www/upload/users/jag_88/listing/thumb/Business_supermarket_1444504991.png
HTTP_REFERER=http://localhost/bs/www/admin/listings/listings/update?id=63
---
2016/07/15 06:27:25 [error] [exception.CHttpException.404] exception 'CHttpException' with message 'Unable to resolve the request "upload/users/jag_88/listing/thumb/Business_supermarket_1444505033.png".' in C:\laragon\www\bs\framework\web\CWebApplication.php:286
Stack trace:
#0 C:\laragon\www\bs\framework\web\CWebApplication.php(141): CWebApplication->runController('upload/users/ja...')
#1 C:\laragon\www\bs\framework\base\CApplication.php(180): CWebApplication->processRequest()
#2 C:\laragon\www\bs\www\index.php(14): CApplication->run()
#3 {main}
REQUEST_URI=/bs/www/upload/users/jag_88/listing/thumb/Business_supermarket_1444505033.png
HTTP_REFERER=http://localhost/bs/www/admin/listings/listings/update?id=63
---
2016/07/15 06:27:25 [error] [exception.CHttpException.404] exception 'CHttpException' with message 'Unable to resolve the request "upload/users/jag_88/listing/thumb/Business_supermarket_1444505014.png".' in C:\laragon\www\bs\framework\web\CWebApplication.php:286
Stack trace:
#0 C:\laragon\www\bs\framework\web\CWebApplication.php(141): CWebApplication->runController('upload/users/ja...')
#1 C:\laragon\www\bs\framework\base\CApplication.php(180): CWebApplication->processRequest()
#2 C:\laragon\www\bs\www\index.php(14): CApplication->run()
#3 {main}
REQUEST_URI=/bs/www/upload/users/jag_88/listing/thumb/Business_supermarket_1444505014.png
HTTP_REFERER=http://localhost/bs/www/admin/listings/listings/update?id=63
---
2016/07/15 06:27:25 [error] [exception.CHttpException.404] exception 'CHttpException' with message 'Unable to resolve the request "upload/users/jag_88/listing/thumb/Business_supermarket_1444505001.png".' in C:\laragon\www\bs\framework\web\CWebApplication.php:286
Stack trace:
#0 C:\laragon\www\bs\framework\web\CWebApplication.php(141): CWebApplication->runController('upload/users/ja...')
#1 C:\laragon\www\bs\framework\base\CApplication.php(180): CWebApplication->processRequest()
#2 C:\laragon\www\bs\www\index.php(14): CApplication->run()
#3 {main}
REQUEST_URI=/bs/www/upload/users/jag_88/listing/thumb/Business_supermarket_1444505001.png
HTTP_REFERER=http://localhost/bs/www/admin/listings/listings/update?id=63
---
2016/07/15 06:27:25 [error] [exception.CHttpException.404] exception 'CHttpException' with message 'Unable to resolve the request "upload/users/jag_88/listing/thumb/Business_supermarket_1444505042.png".' in C:\laragon\www\bs\framework\web\CWebApplication.php:286
Stack trace:
#0 C:\laragon\www\bs\framework\web\CWebApplication.php(141): CWebApplication->runController('upload/users/ja...')
#1 C:\laragon\www\bs\framework\base\CApplication.php(180): CWebApplication->processRequest()
#2 C:\laragon\www\bs\www\index.php(14): CApplication->run()
#3 {main}
REQUEST_URI=/bs/www/upload/users/jag_88/listing/thumb/Business_supermarket_1444505042.png
HTTP_REFERER=http://localhost/bs/www/admin/listings/listings/update?id=63
---
2016/07/15 06:27:25 [error] [exception.CHttpException.404] exception 'CHttpException' with message 'The system is unable to find the requested action "photo-upload".' in C:\laragon\www\bs\framework\web\CController.php:483
Stack trace:
#0 C:\laragon\www\bs\framework\web\CController.php(270): CController->missingAction('photo-upload')
#1 C:\laragon\www\bs\framework\web\CWebApplication.php(282): CController->run('photo-upload')
#2 C:\laragon\www\bs\framework\web\CWebApplication.php(141): CWebApplication->runController('admin/listings/...')
#3 C:\laragon\www\bs\framework\base\CApplication.php(180): CWebApplication->processRequest()
#4 C:\laragon\www\bs\www\index.php(14): CApplication->run()
#5 {main}
REQUEST_URI=/bs/www/admin/listings/listings/photo-upload/logo_listing.php
HTTP_REFERER=http://localhost/bs/www/admin/listings/listings/update?id=63
---
2016/07/15 06:27:25 [error] [exception.CHttpException.404] exception 'CHttpException' with message 'The system is unable to find the requested action "loading.gif".' in C:\laragon\www\bs\framework\web\CController.php:483
Stack trace:
#0 C:\laragon\www\bs\framework\web\CController.php(270): CController->missingAction('loading.gif')
#1 C:\laragon\www\bs\framework\web\CWebApplication.php(282): CController->run('loading.gif')
#2 C:\laragon\www\bs\framework\web\CWebApplication.php(141): CWebApplication->runController('admin/listings/...')
#3 C:\laragon\www\bs\framework\base\CApplication.php(180): CWebApplication->processRequest()
#4 C:\laragon\www\bs\www\index.php(14): CApplication->run()
#5 {main}
REQUEST_URI=/bs/www/admin/listings/listings/loading.gif
HTTP_REFERER=http://localhost/bs/www/admin/listings/listings/update?id=63
---
2016/07/15 06:27:26 [error] [exception.CHttpException.404] exception 'CHttpException' with message 'Unable to resolve the request "themes/business/css/investor_area.css".' in C:\laragon\www\bs\framework\web\CWebApplication.php:286
Stack trace:
#0 C:\laragon\www\bs\framework\web\CWebApplication.php(141): CWebApplication->runController('themes/business...')
#1 C:\laragon\www\bs\framework\base\CApplication.php(180): CWebApplication->processRequest()
#2 C:\laragon\www\bs\www\index.php(14): CApplication->run()
#3 {main}
REQUEST_URI=/bs/www/themes/business/css/investor_area.css
HTTP_REFERER=http://localhost/bs/www/admin/listings/listings/photo-upload/logo_listing.php
---
2016/07/15 06:27:31 [error] [exception.CHttpException.404] exception 'CHttpException' with message 'Unable to resolve the request "themes/business/css/investor_area.css".' in C:\laragon\www\bs\framework\web\CWebApplication.php:286
Stack trace:
#0 C:\laragon\www\bs\framework\web\CWebApplication.php(141): CWebApplication->runController('themes/business...')
#1 C:\laragon\www\bs\framework\base\CApplication.php(180): CWebApplication->processRequest()
#2 C:\laragon\www\bs\www\index.php(14): CApplication->run()
#3 {main}
REQUEST_URI=/bs/www/themes/business/css/investor_area.css
HTTP_REFERER=http://localhost/bs/www/
---
2016/07/15 06:27:34 [error] [exception.CHttpException.404] exception 'CHttpException' with message 'Unable to resolve the request "themes/business/css/sample.css".' in C:\laragon\www\bs\framework\web\CWebApplication.php:286
Stack trace:
#0 C:\laragon\www\bs\framework\web\CWebApplication.php(141): CWebApplication->runController('themes/business...')
#1 C:\laragon\www\bs\framework\base\CApplication.php(180): CWebApplication->processRequest()
#2 C:\laragon\www\bs\www\index.php(14): CApplication->run()
#3 {main}
REQUEST_URI=/bs/www/themes/business/css/sample.css
HTTP_REFERER=http://localhost/bs/www/admin/listings/listings/update?id=63
---
2016/07/15 06:27:35 [error] [exception.CHttpException.404] exception 'CHttpException' with message 'Unable to resolve the request "admin/listings/images/robot/robot-upload.png".' in C:\laragon\www\bs\framework\web\CWebApplication.php:286
Stack trace:
#0 C:\laragon\www\bs\framework\web\CWebApplication.php(141): CWebApplication->runController('admin/listings/...')
#1 C:\laragon\www\bs\framework\base\CApplication.php(180): CWebApplication->processRequest()
#2 C:\laragon\www\bs\www\index.php(14): CApplication->run()
#3 {main}
REQUEST_URI=/bs/www/admin/listings/images/robot/robot-upload.png
HTTP_REFERER=http://localhost/bs/www/admin/listings/listings/update?id=63
---
2016/07/15 06:27:35 [error] [exception.CHttpException.404] exception 'CHttpException' with message 'Unable to resolve the request "upload/users/jag_88/listing/thumb/Business_supermarket_1442318643.jpg".' in C:\laragon\www\bs\framework\web\CWebApplication.php:286
Stack trace:
#0 C:\laragon\www\bs\framework\web\CWebApplication.php(141): CWebApplication->runController('upload/users/ja...')
#1 C:\laragon\www\bs\framework\base\CApplication.php(180): CWebApplication->processRequest()
#2 C:\laragon\www\bs\www\index.php(14): CApplication->run()
#3 {main}
REQUEST_URI=/bs/www/upload/users/jag_88/listing/thumb/Business_supermarket_1442318643.jpg
HTTP_REFERER=http://localhost/bs/www/admin/listings/listings/update?id=63
---
2016/07/15 06:27:36 [error] [exception.CHttpException.404] exception 'CHttpException' with message 'Unable to resolve the request "admin/listings/images/robot/robot-upload.png".' in C:\laragon\www\bs\framework\web\CWebApplication.php:286
Stack trace:
#0 C:\laragon\www\bs\framework\web\CWebApplication.php(141): CWebApplication->runController('admin/listings/...')
#1 C:\laragon\www\bs\framework\base\CApplication.php(180): CWebApplication->processRequest()
#2 C:\laragon\www\bs\www\index.php(14): CApplication->run()
#3 {main}
REQUEST_URI=/bs/www/admin/listings/images/robot/robot-upload.png
HTTP_REFERER=http://localhost/bs/www/admin/listings/listings/update?id=63
---
2016/07/15 06:27:36 [error] [exception.CHttpException.404] exception 'CHttpException' with message 'The system is unable to find the requested action "photo-upload".' in C:\laragon\www\bs\framework\web\CController.php:483
Stack trace:
#0 C:\laragon\www\bs\framework\web\CController.php(270): CController->missingAction('photo-upload')
#1 C:\laragon\www\bs\framework\web\CWebApplication.php(282): CController->run('photo-upload')
#2 C:\laragon\www\bs\framework\web\CWebApplication.php(141): CWebApplication->runController('admin/listings/...')
#3 C:\laragon\www\bs\framework\base\CApplication.php(180): CWebApplication->processRequest()
#4 C:\laragon\www\bs\www\index.php(14): CApplication->run()
#5 {main}
REQUEST_URI=/bs/www/admin/listings/listings/photo-upload/logo_listing.php
HTTP_REFERER=http://localhost/bs/www/admin/listings/listings/update?id=63
---
2016/07/15 06:27:36 [error] [exception.CHttpException.404] exception 'CHttpException' with message 'Unable to resolve the request "upload/users/jag_88/listing/thumb/Business_supermarket_1442318643.jpg".' in C:\laragon\www\bs\framework\web\CWebApplication.php:286
Stack trace:
#0 C:\laragon\www\bs\framework\web\CWebApplication.php(141): CWebApplication->runController('upload/users/ja...')
#1 C:\laragon\www\bs\framework\base\CApplication.php(180): CWebApplication->processRequest()
#2 C:\laragon\www\bs\www\index.php(14): CApplication->run()
#3 {main}
REQUEST_URI=/bs/www/upload/users/jag_88/listing/thumb/Business_supermarket_1442318643.jpg
HTTP_REFERER=http://localhost/bs/www/admin/listings/listings/update?id=63
---
2016/07/15 06:27:37 [error] [exception.CHttpException.404] exception 'CHttpException' with message 'Unable to resolve the request "themes/business/css/investor_area.css".' in C:\laragon\www\bs\framework\web\CWebApplication.php:286
Stack trace:
#0 C:\laragon\www\bs\framework\web\CWebApplication.php(141): CWebApplication->runController('themes/business...')
#1 C:\laragon\www\bs\framework\base\CApplication.php(180): CWebApplication->processRequest()
#2 C:\laragon\www\bs\www\index.php(14): CApplication->run()
#3 {main}
REQUEST_URI=/bs/www/themes/business/css/investor_area.css
HTTP_REFERER=http://localhost/bs/www/admin/listings/listings/photo-upload/logo_listing.php
---
2016/07/15 06:27:43 [error] [exception.CHttpException.404] exception 'CHttpException' with message 'Unable to resolve the request "themes/business/css/investor_area.css".' in C:\laragon\www\bs\framework\web\CWebApplication.php:286
Stack trace:
#0 C:\laragon\www\bs\framework\web\CWebApplication.php(141): CWebApplication->runController('themes/business...')
#1 C:\laragon\www\bs\framework\base\CApplication.php(180): CWebApplication->processRequest()
#2 C:\laragon\www\bs\www\index.php(14): CApplication->run()
#3 {main}
REQUEST_URI=/bs/www/themes/business/css/investor_area.css
HTTP_REFERER=http://localhost/bs/www/
---
2016/07/15 06:27:53 [error] [exception.CHttpException.404] exception 'CHttpException' with message 'The system is unable to find the requested action "loading.gif".' in C:\laragon\www\bs\framework\web\CController.php:483
Stack trace:
#0 C:\laragon\www\bs\framework\web\CController.php(270): CController->missingAction('loading.gif')
#1 C:\laragon\www\bs\framework\web\CWebApplication.php(282): CController->run('loading.gif')
#2 C:\laragon\www\bs\framework\web\CWebApplication.php(141): CWebApplication->runController('admin/listings/...')
#3 C:\laragon\www\bs\framework\base\CApplication.php(180): CWebApplication->processRequest()
#4 C:\laragon\www\bs\www\index.php(14): CApplication->run()
#5 {main}
REQUEST_URI=/bs/www/admin/listings/listings/loading.gif
HTTP_REFERER=http://localhost/bs/www/admin/listings/listings/update?id=63
---
2016/07/15 06:27:53 [error] [exception.CHttpException.404] exception 'CHttpException' with message 'Unable to resolve the request "upload/users/jag_88/listing/thumb/Business_supermarket_1444505042.png".' in C:\laragon\www\bs\framework\web\CWebApplication.php:286
Stack trace:
#0 C:\laragon\www\bs\framework\web\CWebApplication.php(141): CWebApplication->runController('upload/users/ja...')
#1 C:\laragon\www\bs\framework\base\CApplication.php(180): CWebApplication->processRequest()
#2 C:\laragon\www\bs\www\index.php(14): CApplication->run()
#3 {main}
REQUEST_URI=/bs/www/upload/users/jag_88/listing/thumb/Business_supermarket_1444505042.png
HTTP_REFERER=http://localhost/bs/www/admin/listings/listings/update?id=63
---
2016/07/15 06:27:53 [error] [exception.CHttpException.404] exception 'CHttpException' with message 'Unable to resolve the request "upload/users/jag_88/listing/thumb/Business_supermarket_1444504991.png".' in C:\laragon\www\bs\framework\web\CWebApplication.php:286
Stack trace:
#0 C:\laragon\www\bs\framework\web\CWebApplication.php(141): CWebApplication->runController('upload/users/ja...')
#1 C:\laragon\www\bs\framework\base\CApplication.php(180): CWebApplication->processRequest()
#2 C:\laragon\www\bs\www\index.php(14): CApplication->run()
#3 {main}
REQUEST_URI=/bs/www/upload/users/jag_88/listing/thumb/Business_supermarket_1444504991.png
HTTP_REFERER=http://localhost/bs/www/admin/listings/listings/update?id=63
---
2016/07/15 06:27:53 [error] [exception.CHttpException.404] exception 'CHttpException' with message 'Unable to resolve the request "upload/users/jag_88/listing/thumb/Business_supermarket_1444505014.png".' in C:\laragon\www\bs\framework\web\CWebApplication.php:286
Stack trace:
#0 C:\laragon\www\bs\framework\web\CWebApplication.php(141): CWebApplication->runController('upload/users/ja...')
#1 C:\laragon\www\bs\framework\base\CApplication.php(180): CWebApplication->processRequest()
#2 C:\laragon\www\bs\www\index.php(14): CApplication->run()
#3 {main}
REQUEST_URI=/bs/www/upload/users/jag_88/listing/thumb/Business_supermarket_1444505014.png
HTTP_REFERER=http://localhost/bs/www/admin/listings/listings/update?id=63
---
2016/07/15 06:27:53 [error] [exception.CHttpException.404] exception 'CHttpException' with message 'Unable to resolve the request "upload/users/jag_88/listing/thumb/Business_supermarket_1444505001.png".' in C:\laragon\www\bs\framework\web\CWebApplication.php:286
Stack trace:
#0 C:\laragon\www\bs\framework\web\CWebApplication.php(141): CWebApplication->runController('upload/users/ja...')
#1 C:\laragon\www\bs\framework\base\CApplication.php(180): CWebApplication->processRequest()
#2 C:\laragon\www\bs\www\index.php(14): CApplication->run()
#3 {main}
REQUEST_URI=/bs/www/upload/users/jag_88/listing/thumb/Business_supermarket_1444505001.png
HTTP_REFERER=http://localhost/bs/www/admin/listings/listings/update?id=63
---
2016/07/15 06:27:53 [error] [exception.CHttpException.404] exception 'CHttpException' with message 'Unable to resolve the request "upload/users/jag_88/listing/thumb/Business_supermarket_1444505033.png".' in C:\laragon\www\bs\framework\web\CWebApplication.php:286
Stack trace:
#0 C:\laragon\www\bs\framework\web\CWebApplication.php(141): CWebApplication->runController('upload/users/ja...')
#1 C:\laragon\www\bs\framework\base\CApplication.php(180): CWebApplication->processRequest()
#2 C:\laragon\www\bs\www\index.php(14): CApplication->run()
#3 {main}
REQUEST_URI=/bs/www/upload/users/jag_88/listing/thumb/Business_supermarket_1444505033.png
HTTP_REFERER=http://localhost/bs/www/admin/listings/listings/update?id=63
---
2016/07/15 06:28:19 [error] [exception.CHttpException.404] exception 'CHttpException' with message 'Unable to resolve the request "themes/business/css/sample.css".' in C:\laragon\www\bs\framework\web\CWebApplication.php:286
Stack trace:
#0 C:\laragon\www\bs\framework\web\CWebApplication.php(141): CWebApplication->runController('themes/business...')
#1 C:\laragon\www\bs\framework\base\CApplication.php(180): CWebApplication->processRequest()
#2 C:\laragon\www\bs\www\index.php(14): CApplication->run()
#3 {main}
REQUEST_URI=/bs/www/themes/business/css/sample.css
HTTP_REFERER=http://localhost/bs/www/admin/listings/listings/update?id=63
---
2016/07/15 06:28:19 [error] [exception.CHttpException.404] exception 'CHttpException' with message 'Unable to resolve the request "upload/users/jag_88/listing/thumb/Business_supermarket_1444505001.png".' in C:\laragon\www\bs\framework\web\CWebApplication.php:286
Stack trace:
#0 C:\laragon\www\bs\framework\web\CWebApplication.php(141): CWebApplication->runController('upload/users/ja...')
#1 C:\laragon\www\bs\framework\base\CApplication.php(180): CWebApplication->processRequest()
#2 C:\laragon\www\bs\www\index.php(14): CApplication->run()
#3 {main}
REQUEST_URI=/bs/www/upload/users/jag_88/listing/thumb/Business_supermarket_1444505001.png
HTTP_REFERER=http://localhost/bs/www/admin/listings/listings/update?id=63
---
2016/07/15 06:28:19 [error] [exception.CHttpException.404] exception 'CHttpException' with message 'Unable to resolve the request "upload/users/jag_88/listing/thumb/Business_supermarket_1444504991.png".' in C:\laragon\www\bs\framework\web\CWebApplication.php:286
Stack trace:
#0 C:\laragon\www\bs\framework\web\CWebApplication.php(141): CWebApplication->runController('upload/users/ja...')
#1 C:\laragon\www\bs\framework\base\CApplication.php(180): CWebApplication->processRequest()
#2 C:\laragon\www\bs\www\index.php(14): CApplication->run()
#3 {main}
REQUEST_URI=/bs/www/upload/users/jag_88/listing/thumb/Business_supermarket_1444504991.png
HTTP_REFERER=http://localhost/bs/www/admin/listings/listings/update?id=63
---
2016/07/15 06:28:19 [error] [exception.CHttpException.404] exception 'CHttpException' with message 'Unable to resolve the request "upload/users/jag_88/listing/thumb/Business_supermarket_1444505014.png".' in C:\laragon\www\bs\framework\web\CWebApplication.php:286
Stack trace:
#0 C:\laragon\www\bs\framework\web\CWebApplication.php(141): CWebApplication->runController('upload/users/ja...')
#1 C:\laragon\www\bs\framework\base\CApplication.php(180): CWebApplication->processRequest()
#2 C:\laragon\www\bs\www\index.php(14): CApplication->run()
#3 {main}
REQUEST_URI=/bs/www/upload/users/jag_88/listing/thumb/Business_supermarket_1444505014.png
HTTP_REFERER=http://localhost/bs/www/admin/listings/listings/update?id=63
---
2016/07/15 06:28:19 [error] [exception.CHttpException.404] exception 'CHttpException' with message 'Unable to resolve the request "upload/users/jag_88/listing/thumb/Business_supermarket_1444505033.png".' in C:\laragon\www\bs\framework\web\CWebApplication.php:286
Stack trace:
#0 C:\laragon\www\bs\framework\web\CWebApplication.php(141): CWebApplication->runController('upload/users/ja...')
#1 C:\laragon\www\bs\framework\base\CApplication.php(180): CWebApplication->processRequest()
#2 C:\laragon\www\bs\www\index.php(14): CApplication->run()
#3 {main}
REQUEST_URI=/bs/www/upload/users/jag_88/listing/thumb/Business_supermarket_1444505033.png
HTTP_REFERER=http://localhost/bs/www/admin/listings/listings/update?id=63
---
2016/07/15 06:28:19 [error] [exception.CHttpException.404] exception 'CHttpException' with message 'Unable to resolve the request "upload/users/jag_88/listing/thumb/Business_supermarket_1444505042.png".' in C:\laragon\www\bs\framework\web\CWebApplication.php:286
Stack trace:
#0 C:\laragon\www\bs\framework\web\CWebApplication.php(141): CWebApplication->runController('upload/users/ja...')
#1 C:\laragon\www\bs\framework\base\CApplication.php(180): CWebApplication->processRequest()
#2 C:\laragon\www\bs\www\index.php(14): CApplication->run()
#3 {main}
REQUEST_URI=/bs/www/upload/users/jag_88/listing/thumb/Business_supermarket_1444505042.png
HTTP_REFERER=http://localhost/bs/www/admin/listings/listings/update?id=63
---
2016/07/15 06:28:19 [error] [exception.CHttpException.404] exception 'CHttpException' with message 'The system is unable to find the requested action "loading.gif".' in C:\laragon\www\bs\framework\web\CController.php:483
Stack trace:
#0 C:\laragon\www\bs\framework\web\CController.php(270): CController->missingAction('loading.gif')
#1 C:\laragon\www\bs\framework\web\CWebApplication.php(282): CController->run('loading.gif')
#2 C:\laragon\www\bs\framework\web\CWebApplication.php(141): CWebApplication->runController('admin/listings/...')
#3 C:\laragon\www\bs\framework\base\CApplication.php(180): CWebApplication->processRequest()
#4 C:\laragon\www\bs\www\index.php(14): CApplication->run()
#5 {main}
REQUEST_URI=/bs/www/admin/listings/listings/loading.gif
HTTP_REFERER=http://localhost/bs/www/admin/listings/listings/update?id=63
---
2016/07/15 06:28:19 [error] [exception.CHttpException.404] exception 'CHttpException' with message 'Unable to resolve the request "admin/listings/images/robot/robot-upload.png".' in C:\laragon\www\bs\framework\web\CWebApplication.php:286
Stack trace:
#0 C:\laragon\www\bs\framework\web\CWebApplication.php(141): CWebApplication->runController('admin/listings/...')
#1 C:\laragon\www\bs\framework\base\CApplication.php(180): CWebApplication->processRequest()
#2 C:\laragon\www\bs\www\index.php(14): CApplication->run()
#3 {main}
REQUEST_URI=/bs/www/admin/listings/images/robot/robot-upload.png
HTTP_REFERER=http://localhost/bs/www/admin/listings/listings/update?id=63
---
2016/07/15 06:28:19 [error] [exception.CHttpException.404] exception 'CHttpException' with message 'Unable to resolve the request "upload/users/jag_88/listing/thumb/Business_supermarket_1442318643.jpg".' in C:\laragon\www\bs\framework\web\CWebApplication.php:286
Stack trace:
#0 C:\laragon\www\bs\framework\web\CWebApplication.php(141): CWebApplication->runController('upload/users/ja...')
#1 C:\laragon\www\bs\framework\base\CApplication.php(180): CWebApplication->processRequest()
#2 C:\laragon\www\bs\www\index.php(14): CApplication->run()
#3 {main}
REQUEST_URI=/bs/www/upload/users/jag_88/listing/thumb/Business_supermarket_1442318643.jpg
HTTP_REFERER=http://localhost/bs/www/admin/listings/listings/update?id=63
---
2016/07/15 06:28:19 [error] [exception.CHttpException.404] exception 'CHttpException' with message 'Unable to resolve the request "upload/users/jag_88/listing/thumb/Business_supermarket_1444505001.png".' in C:\laragon\www\bs\framework\web\CWebApplication.php:286
Stack trace:
#0 C:\laragon\www\bs\framework\web\CWebApplication.php(141): CWebApplication->runController('upload/users/ja...')
#1 C:\laragon\www\bs\framework\base\CApplication.php(180): CWebApplication->processRequest()
#2 C:\laragon\www\bs\www\index.php(14): CApplication->run()
#3 {main}
REQUEST_URI=/bs/www/upload/users/jag_88/listing/thumb/Business_supermarket_1444505001.png
HTTP_REFERER=http://localhost/bs/www/admin/listings/listings/update?id=63
---
2016/07/15 06:28:20 [error] [exception.CHttpException.404] exception 'CHttpException' with message 'The system is unable to find the requested action "loading.gif".' in C:\laragon\www\bs\framework\web\CController.php:483
Stack trace:
#0 C:\laragon\www\bs\framework\web\CController.php(270): CController->missingAction('loading.gif')
#1 C:\laragon\www\bs\framework\web\CWebApplication.php(282): CController->run('loading.gif')
#2 C:\laragon\www\bs\framework\web\CWebApplication.php(141): CWebApplication->runController('admin/listings/...')
#3 C:\laragon\www\bs\framework\base\CApplication.php(180): CWebApplication->processRequest()
#4 C:\laragon\www\bs\www\index.php(14): CApplication->run()
#5 {main}
REQUEST_URI=/bs/www/admin/listings/listings/loading.gif
HTTP_REFERER=http://localhost/bs/www/admin/listings/listings/update?id=63
---
2016/07/15 06:28:20 [error] [exception.CHttpException.404] exception 'CHttpException' with message 'Unable to resolve the request "admin/listings/images/robot/robot-upload.png".' in C:\laragon\www\bs\framework\web\CWebApplication.php:286
Stack trace:
#0 C:\laragon\www\bs\framework\web\CWebApplication.php(141): CWebApplication->runController('admin/listings/...')
#1 C:\laragon\www\bs\framework\base\CApplication.php(180): CWebApplication->processRequest()
#2 C:\laragon\www\bs\www\index.php(14): CApplication->run()
#3 {main}
REQUEST_URI=/bs/www/admin/listings/images/robot/robot-upload.png
HTTP_REFERER=http://localhost/bs/www/admin/listings/listings/update?id=63
---
2016/07/15 06:28:20 [error] [exception.CHttpException.404] exception 'CHttpException' with message 'Unable to resolve the request "upload/users/jag_88/listing/thumb/Business_supermarket_1442318643.jpg".' in C:\laragon\www\bs\framework\web\CWebApplication.php:286
Stack trace:
#0 C:\laragon\www\bs\framework\web\CWebApplication.php(141): CWebApplication->runController('upload/users/ja...')
#1 C:\laragon\www\bs\framework\base\CApplication.php(180): CWebApplication->processRequest()
#2 C:\laragon\www\bs\www\index.php(14): CApplication->run()
#3 {main}
REQUEST_URI=/bs/www/upload/users/jag_88/listing/thumb/Business_supermarket_1442318643.jpg
HTTP_REFERER=http://localhost/bs/www/admin/listings/listings/update?id=63
---
2016/07/15 06:28:20 [error] [exception.CHttpException.404] exception 'CHttpException' with message 'The system is unable to find the requested action "photo-upload".' in C:\laragon\www\bs\framework\web\CController.php:483
Stack trace:
#0 C:\laragon\www\bs\framework\web\CController.php(270): CController->missingAction('photo-upload')
#1 C:\laragon\www\bs\framework\web\CWebApplication.php(282): CController->run('photo-upload')
#2 C:\laragon\www\bs\framework\web\CWebApplication.php(141): CWebApplication->runController('admin/listings/...')
#3 C:\laragon\www\bs\framework\base\CApplication.php(180): CWebApplication->processRequest()
#4 C:\laragon\www\bs\www\index.php(14): CApplication->run()
#5 {main}
REQUEST_URI=/bs/www/admin/listings/listings/photo-upload/logo_listing.php
HTTP_REFERER=http://localhost/bs/www/admin/listings/listings/update?id=63
---
2016/07/15 06:28:21 [error] [exception.CHttpException.404] exception 'CHttpException' with message 'Unable to resolve the request "themes/business/css/investor_area.css".' in C:\laragon\www\bs\framework\web\CWebApplication.php:286
Stack trace:
#0 C:\laragon\www\bs\framework\web\CWebApplication.php(141): CWebApplication->runController('themes/business...')
#1 C:\laragon\www\bs\framework\base\CApplication.php(180): CWebApplication->processRequest()
#2 C:\laragon\www\bs\www\index.php(14): CApplication->run()
#3 {main}
REQUEST_URI=/bs/www/themes/business/css/investor_area.css
HTTP_REFERER=http://localhost/bs/www/admin/listings/listings/photo-upload/logo_listing.php
---
2016/07/15 06:28:28 [error] [exception.CHttpException.404] exception 'CHttpException' with message 'Unable to resolve the request "themes/business/css/investor_area.css".' in C:\laragon\www\bs\framework\web\CWebApplication.php:286
Stack trace:
#0 C:\laragon\www\bs\framework\web\CWebApplication.php(141): CWebApplication->runController('themes/business...')
#1 C:\laragon\www\bs\framework\base\CApplication.php(180): CWebApplication->processRequest()
#2 C:\laragon\www\bs\www\index.php(14): CApplication->run()
#3 {main}
REQUEST_URI=/bs/www/themes/business/css/investor_area.css
HTTP_REFERER=http://localhost/bs/www/
---
