2016/06/29 16:56:47 [error] [exception.CDbException] exception 'CDbException' with message 'CDbConnection failed to open the DB connection: SQLSTATE[HY000] [1049] Unknown database 'business'' in E:\xampp1\htdocs\bs\framework\db\CDbConnection.php:382
Stack trace:
#0 E:\xampp1\htdocs\bs\framework\db\CDbConnection.php(330): CDbConnection->open()
#1 E:\xampp1\htdocs\bs\framework\db\CDbConnection.php(308): CDbConnection->setActive(true)
#2 E:\xampp1\htdocs\bs\framework\base\CModule.php(387): CDbConnection->init()
#3 E:\xampp1\htdocs\bs\framework\base\CApplication.php(450): CModule->getComponent('db')
#4 E:\xampp1\htdocs\bs\framework\db\ar\CActiveRecord.php(634): CApplication->getDb()
#5 E:\xampp1\htdocs\bs\framework\db\ar\CActiveRecord.php(667): CActiveRecord->getDbConnection()
#6 E:\xampp1\htdocs\bs\framework\db\ar\CActiveRecord.php(1455): CActiveRecord->getCommandBuilder()
#7 E:\xampp1\htdocs\bs\runtime\controllers\SiteController.php(248): CActiveRecord->find(Array)
#8 E:\xampp1\htdocs\bs\framework\web\actions\CInlineAction.php(49): SiteController->actionIndex()
#9 E:\xampp1\htdocs\bs\framework\web\CController.php(308): CInlineAction->runWithParams(Array)
#10 E:\xampp1\htdocs\bs\framework\web\CController.php(286): CController->runAction(Object(CInlineAction))
#11 E:\xampp1\htdocs\bs\framework\web\CController.php(265): CController->runActionWithFilters(Object(CInlineAction), Array)
#12 E:\xampp1\htdocs\bs\framework\web\CWebApplication.php(282): CController->run('')
#13 E:\xampp1\htdocs\bs\framework\web\CWebApplication.php(141): CWebApplication->runController('')
#14 E:\xampp1\htdocs\bs\framework\base\CApplication.php(180): CWebApplication->processRequest()
#15 E:\xampp1\htdocs\bs\www\index.php(14): CApplication->run()
#16 {main}
REQUEST_URI=/bs/www/
---
2016/06/29 16:57:26 [error] [exception.CHttpException.404] exception 'CHttpException' with message 'Unable to resolve the request "themes/business/css/investor_area.css".' in E:\xampp1\htdocs\bs\framework\web\CWebApplication.php:286
Stack trace:
#0 E:\xampp1\htdocs\bs\framework\web\CWebApplication.php(141): CWebApplication->runController('themes/business...')
#1 E:\xampp1\htdocs\bs\framework\base\CApplication.php(180): CWebApplication->processRequest()
#2 E:\xampp1\htdocs\bs\www\index.php(14): CApplication->run()
#3 {main}
REQUEST_URI=/bs/www/themes/business/css/investor_area.css
HTTP_REFERER=http://localhost/bs/www/
---
2016/06/29 16:57:27 [error] [exception.CHttpException.404] exception 'CHttpException' with message 'Unable to resolve the request "themes/business/css/images/pink-bubble-top.png".' in E:\xampp1\htdocs\bs\framework\web\CWebApplication.php:286
Stack trace:
#0 E:\xampp1\htdocs\bs\framework\web\CWebApplication.php(141): CWebApplication->runController('themes/business...')
#1 E:\xampp1\htdocs\bs\framework\base\CApplication.php(180): CWebApplication->processRequest()
#2 E:\xampp1\htdocs\bs\www\index.php(14): CApplication->run()
#3 {main}
REQUEST_URI=/bs/www/themes/business/css/images/pink-bubble-top.png
HTTP_REFERER=http://localhost/bs/www/themes/business/css/style.css
---
2016/06/29 16:57:27 [error] [exception.CHttpException.404] exception 'CHttpException' with message 'Unable to resolve the request "themes/business/css/images/pink-bubble-background.png".' in E:\xampp1\htdocs\bs\framework\web\CWebApplication.php:286
Stack trace:
#0 E:\xampp1\htdocs\bs\framework\web\CWebApplication.php(141): CWebApplication->runController('themes/business...')
#1 E:\xampp1\htdocs\bs\framework\base\CApplication.php(180): CWebApplication->processRequest()
#2 E:\xampp1\htdocs\bs\www\index.php(14): CApplication->run()
#3 {main}
REQUEST_URI=/bs/www/themes/business/css/images/pink-bubble-background.png
HTTP_REFERER=http://localhost/bs/www/themes/business/css/style.css
---
2016/06/29 16:57:38 [error] [system.db.CDbCommand] CDbCommand::execute() failed: SQLSTATE[23000]: Integrity constraint violation: 1062 Duplicate entry '0' for key 'PRIMARY'. The SQL statement executed was: INSERT INTO `user_default_log_transaction` (`user_default_id`, `log_id`, `transaction_description`, `transaction_date`) VALUES (:yp0, :yp1, :yp2, :yp3).
in E:\xampp1\htdocs\bs\runtime\controllers\SiteController.php (299)
in E:\xampp1\htdocs\bs\www\index.php (14)
2016/06/29 16:57:38 [error] [exception.CDbException] exception 'CDbException' with message 'CDbCommand failed to execute the SQL statement: SQLSTATE[23000]: Integrity constraint violation: 1062 Duplicate entry '0' for key 'PRIMARY'. The SQL statement executed was: INSERT INTO `user_default_log_transaction` (`user_default_id`, `log_id`, `transaction_description`, `transaction_date`) VALUES (:yp0, :yp1, :yp2, :yp3)' in E:\xampp1\htdocs\bs\framework\db\CDbCommand.php:358
Stack trace:
#0 E:\xampp1\htdocs\bs\framework\db\ar\CActiveRecord.php(1077): CDbCommand->execute()
#1 E:\xampp1\htdocs\bs\framework\db\ar\CActiveRecord.php(806): CActiveRecord->insert(NULL)
#2 E:\xampp1\htdocs\bs\runtime\controllers\SiteController.php(299): CActiveRecord->save()
#3 E:\xampp1\htdocs\bs\framework\web\actions\CInlineAction.php(49): SiteController->actionLogin()
#4 E:\xampp1\htdocs\bs\framework\web\CController.php(308): CInlineAction->runWithParams(Array)
#5 E:\xampp1\htdocs\bs\framework\web\CController.php(286): CController->runAction(Object(CInlineAction))
#6 E:\xampp1\htdocs\bs\framework\web\CController.php(265): CController->runActionWithFilters(Object(CInlineAction), Array)
#7 E:\xampp1\htdocs\bs\framework\web\CWebApplication.php(282): CController->run('login')
#8 E:\xampp1\htdocs\bs\framework\web\CWebApplication.php(141): CWebApplication->runController('site/login')
#9 E:\xampp1\htdocs\bs\framework\base\CApplication.php(180): CWebApplication->processRequest()
#10 E:\xampp1\htdocs\bs\www\index.php(14): CApplication->run()
#11 {main}
REQUEST_URI=/bs/www/login
HTTP_REFERER=http://localhost/bs/www/
---
2016/06/29 16:57:40 [error] [exception.CHttpException.404] exception 'CHttpException' with message 'Unable to resolve the request "themes/business/css/investor_area.css".' in E:\xampp1\htdocs\bs\framework\web\CWebApplication.php:286
Stack trace:
#0 E:\xampp1\htdocs\bs\framework\web\CWebApplication.php(141): CWebApplication->runController('themes/business...')
#1 E:\xampp1\htdocs\bs\framework\base\CApplication.php(180): CWebApplication->processRequest()
#2 E:\xampp1\htdocs\bs\www\index.php(14): CApplication->run()
#3 {main}
REQUEST_URI=/bs/www/themes/business/css/investor_area.css
HTTP_REFERER=http://localhost/bs/www/
---
2016/06/29 16:57:41 [error] [exception.CHttpException.404] exception 'CHttpException' with message 'Unable to resolve the request "themes/business/css/images/pink-bubble-background.png".' in E:\xampp1\htdocs\bs\framework\web\CWebApplication.php:286
Stack trace:
#0 E:\xampp1\htdocs\bs\framework\web\CWebApplication.php(141): CWebApplication->runController('themes/business...')
#1 E:\xampp1\htdocs\bs\framework\base\CApplication.php(180): CWebApplication->processRequest()
#2 E:\xampp1\htdocs\bs\www\index.php(14): CApplication->run()
#3 {main}
REQUEST_URI=/bs/www/themes/business/css/images/pink-bubble-background.png
HTTP_REFERER=http://localhost/bs/www/themes/business/css/style.css
---
2016/06/29 16:57:41 [error] [exception.CHttpException.404] exception 'CHttpException' with message 'Unable to resolve the request "themes/business/css/images/pink-bubble-top.png".' in E:\xampp1\htdocs\bs\framework\web\CWebApplication.php:286
Stack trace:
#0 E:\xampp1\htdocs\bs\framework\web\CWebApplication.php(141): CWebApplication->runController('themes/business...')
#1 E:\xampp1\htdocs\bs\framework\base\CApplication.php(180): CWebApplication->processRequest()
#2 E:\xampp1\htdocs\bs\www\index.php(14): CApplication->run()
#3 {main}
REQUEST_URI=/bs/www/themes/business/css/images/pink-bubble-top.png
HTTP_REFERER=http://localhost/bs/www/themes/business/css/style.css
---
2016/06/29 16:57:44 [error] [exception.CHttpException.404] exception 'CHttpException' with message 'Unable to resolve the request "themes/business/css/investor_area.css".' in E:\xampp1\htdocs\bs\framework\web\CWebApplication.php:286
Stack trace:
#0 E:\xampp1\htdocs\bs\framework\web\CWebApplication.php(141): CWebApplication->runController('themes/business...')
#1 E:\xampp1\htdocs\bs\framework\base\CApplication.php(180): CWebApplication->processRequest()
#2 E:\xampp1\htdocs\bs\www\index.php(14): CApplication->run()
#3 {main}
REQUEST_URI=/bs/www/themes/business/css/investor_area.css
HTTP_REFERER=http://localhost/bs/www/user/myaccount/update
---
2016/06/29 16:57:47 [error] [exception.CHttpException.404] exception 'CHttpException' with message 'Unable to resolve the request "themes/business/css/images/pink-bubble-top.png".' in E:\xampp1\htdocs\bs\framework\web\CWebApplication.php:286
Stack trace:
#0 E:\xampp1\htdocs\bs\framework\web\CWebApplication.php(141): CWebApplication->runController('themes/business...')
#1 E:\xampp1\htdocs\bs\framework\base\CApplication.php(180): CWebApplication->processRequest()
#2 E:\xampp1\htdocs\bs\www\index.php(14): CApplication->run()
#3 {main}
REQUEST_URI=/bs/www/themes/business/css/images/pink-bubble-top.png
HTTP_REFERER=http://localhost/bs/www/themes/business/css/style.css
---
2016/06/29 16:57:47 [error] [exception.CHttpException.404] exception 'CHttpException' with message 'Unable to resolve the request "themes/business/css/images/pink-bubble-background.png".' in E:\xampp1\htdocs\bs\framework\web\CWebApplication.php:286
Stack trace:
#0 E:\xampp1\htdocs\bs\framework\web\CWebApplication.php(141): CWebApplication->runController('themes/business...')
#1 E:\xampp1\htdocs\bs\framework\base\CApplication.php(180): CWebApplication->processRequest()
#2 E:\xampp1\htdocs\bs\www\index.php(14): CApplication->run()
#3 {main}
REQUEST_URI=/bs/www/themes/business/css/images/pink-bubble-background.png
HTTP_REFERER=http://localhost/bs/www/themes/business/css/style.css
---
2016/06/29 16:57:53 [error] [exception.CHttpException.404] exception 'CHttpException' with message 'Unable to resolve the request "themes/business/css/investor_area.css".' in E:\xampp1\htdocs\bs\framework\web\CWebApplication.php:286
Stack trace:
#0 E:\xampp1\htdocs\bs\framework\web\CWebApplication.php(141): CWebApplication->runController('themes/business...')
#1 E:\xampp1\htdocs\bs\framework\base\CApplication.php(180): CWebApplication->processRequest()
#2 E:\xampp1\htdocs\bs\www\index.php(14): CApplication->run()
#3 {main}
REQUEST_URI=/bs/www/themes/business/css/investor_area.css
HTTP_REFERER=http://localhost/bs/www/listing
---
2016/06/29 16:57:54 [error] [exception.CHttpException.404] exception 'CHttpException' with message 'Unable to resolve the request "themes/business/css/images/pink-bubble-background.png".' in E:\xampp1\htdocs\bs\framework\web\CWebApplication.php:286
Stack trace:
#0 E:\xampp1\htdocs\bs\framework\web\CWebApplication.php(141): CWebApplication->runController('themes/business...')
#1 E:\xampp1\htdocs\bs\framework\base\CApplication.php(180): CWebApplication->processRequest()
#2 E:\xampp1\htdocs\bs\www\index.php(14): CApplication->run()
#3 {main}
REQUEST_URI=/bs/www/themes/business/css/images/pink-bubble-background.png
HTTP_REFERER=http://localhost/bs/www/themes/business/css/style.css
---
2016/06/29 16:57:54 [error] [exception.CHttpException.404] exception 'CHttpException' with message 'Unable to resolve the request "themes/business/css/images/pink-bubble-top.png".' in E:\xampp1\htdocs\bs\framework\web\CWebApplication.php:286
Stack trace:
#0 E:\xampp1\htdocs\bs\framework\web\CWebApplication.php(141): CWebApplication->runController('themes/business...')
#1 E:\xampp1\htdocs\bs\framework\base\CApplication.php(180): CWebApplication->processRequest()
#2 E:\xampp1\htdocs\bs\www\index.php(14): CApplication->run()
#3 {main}
REQUEST_URI=/bs/www/themes/business/css/images/pink-bubble-top.png
HTTP_REFERER=http://localhost/bs/www/themes/business/css/style.css
---
2016/06/29 16:57:57 [error] [exception.CHttpException.404] exception 'CHttpException' with message 'Unable to resolve the request "themes/business/css/investor_area.css".' in E:\xampp1\htdocs\bs\framework\web\CWebApplication.php:286
Stack trace:
#0 E:\xampp1\htdocs\bs\framework\web\CWebApplication.php(141): CWebApplication->runController('themes/business...')
#1 E:\xampp1\htdocs\bs\framework\base\CApplication.php(180): CWebApplication->processRequest()
#2 E:\xampp1\htdocs\bs\www\index.php(14): CApplication->run()
#3 {main}
REQUEST_URI=/bs/www/themes/business/css/investor_area.css
HTTP_REFERER=http://localhost/bs/www/
---
2016/06/29 16:57:58 [error] [exception.CHttpException.404] exception 'CHttpException' with message 'Unable to resolve the request "themes/business/css/images/pink-bubble-top.png".' in E:\xampp1\htdocs\bs\framework\web\CWebApplication.php:286
Stack trace:
#0 E:\xampp1\htdocs\bs\framework\web\CWebApplication.php(141): CWebApplication->runController('themes/business...')
#1 E:\xampp1\htdocs\bs\framework\base\CApplication.php(180): CWebApplication->processRequest()
#2 E:\xampp1\htdocs\bs\www\index.php(14): CApplication->run()
#3 {main}
REQUEST_URI=/bs/www/themes/business/css/images/pink-bubble-top.png
HTTP_REFERER=http://localhost/bs/www/themes/business/css/style.css
---
2016/06/29 16:57:58 [error] [exception.CHttpException.404] exception 'CHttpException' with message 'Unable to resolve the request "themes/business/css/images/pink-bubble-background.png".' in E:\xampp1\htdocs\bs\framework\web\CWebApplication.php:286
Stack trace:
#0 E:\xampp1\htdocs\bs\framework\web\CWebApplication.php(141): CWebApplication->runController('themes/business...')
#1 E:\xampp1\htdocs\bs\framework\base\CApplication.php(180): CWebApplication->processRequest()
#2 E:\xampp1\htdocs\bs\www\index.php(14): CApplication->run()
#3 {main}
REQUEST_URI=/bs/www/themes/business/css/images/pink-bubble-background.png
HTTP_REFERER=http://localhost/bs/www/themes/business/css/style.css
---
2016/06/29 16:58:01 [error] [exception.CHttpException.404] exception 'CHttpException' with message 'Unable to resolve the request "themes/business/css/investor_area.css".' in E:\xampp1\htdocs\bs\framework\web\CWebApplication.php:286
Stack trace:
#0 E:\xampp1\htdocs\bs\framework\web\CWebApplication.php(141): CWebApplication->runController('themes/business...')
#1 E:\xampp1\htdocs\bs\framework\base\CApplication.php(180): CWebApplication->processRequest()
#2 E:\xampp1\htdocs\bs\www\index.php(14): CApplication->run()
#3 {main}
REQUEST_URI=/bs/www/themes/business/css/investor_area.css
HTTP_REFERER=http://localhost/bs/www/listing
---
2016/06/29 16:58:01 [error] [exception.CHttpException.404] exception 'CHttpException' with message 'Unable to resolve the request "themes/business/css/images/pink-bubble-background.png".' in E:\xampp1\htdocs\bs\framework\web\CWebApplication.php:286
Stack trace:
#0 E:\xampp1\htdocs\bs\framework\web\CWebApplication.php(141): CWebApplication->runController('themes/business...')
#1 E:\xampp1\htdocs\bs\framework\base\CApplication.php(180): CWebApplication->processRequest()
#2 E:\xampp1\htdocs\bs\www\index.php(14): CApplication->run()
#3 {main}
REQUEST_URI=/bs/www/themes/business/css/images/pink-bubble-background.png
HTTP_REFERER=http://localhost/bs/www/themes/business/css/style.css
---
2016/06/29 16:58:01 [error] [exception.CHttpException.404] exception 'CHttpException' with message 'Unable to resolve the request "themes/business/css/images/pink-bubble-top.png".' in E:\xampp1\htdocs\bs\framework\web\CWebApplication.php:286
Stack trace:
#0 E:\xampp1\htdocs\bs\framework\web\CWebApplication.php(141): CWebApplication->runController('themes/business...')
#1 E:\xampp1\htdocs\bs\framework\base\CApplication.php(180): CWebApplication->processRequest()
#2 E:\xampp1\htdocs\bs\www\index.php(14): CApplication->run()
#3 {main}
REQUEST_URI=/bs/www/themes/business/css/images/pink-bubble-top.png
HTTP_REFERER=http://localhost/bs/www/themes/business/css/style.css
---
2016/06/29 16:58:05 [error] [exception.CHttpException.404] exception 'CHttpException' with message 'Unable to resolve the request "themes/business/css/investor_area.css".' in E:\xampp1\htdocs\bs\framework\web\CWebApplication.php:286
Stack trace:
#0 E:\xampp1\htdocs\bs\framework\web\CWebApplication.php(141): CWebApplication->runController('themes/business...')
#1 E:\xampp1\htdocs\bs\framework\base\CApplication.php(180): CWebApplication->processRequest()
#2 E:\xampp1\htdocs\bs\www\index.php(14): CApplication->run()
#3 {main}
REQUEST_URI=/bs/www/themes/business/css/investor_area.css
HTTP_REFERER=http://localhost/bs/www/
---
2016/06/29 16:58:05 [error] [exception.CHttpException.404] exception 'CHttpException' with message 'Unable to resolve the request "themes/business/css/images/pink-bubble-top.png".' in E:\xampp1\htdocs\bs\framework\web\CWebApplication.php:286
Stack trace:
#0 E:\xampp1\htdocs\bs\framework\web\CWebApplication.php(141): CWebApplication->runController('themes/business...')
#1 E:\xampp1\htdocs\bs\framework\base\CApplication.php(180): CWebApplication->processRequest()
#2 E:\xampp1\htdocs\bs\www\index.php(14): CApplication->run()
#3 {main}
REQUEST_URI=/bs/www/themes/business/css/images/pink-bubble-top.png
HTTP_REFERER=http://localhost/bs/www/themes/business/css/style.css
---
2016/06/29 16:58:05 [error] [exception.CHttpException.404] exception 'CHttpException' with message 'Unable to resolve the request "themes/business/css/images/pink-bubble-background.png".' in E:\xampp1\htdocs\bs\framework\web\CWebApplication.php:286
Stack trace:
#0 E:\xampp1\htdocs\bs\framework\web\CWebApplication.php(141): CWebApplication->runController('themes/business...')
#1 E:\xampp1\htdocs\bs\framework\base\CApplication.php(180): CWebApplication->processRequest()
#2 E:\xampp1\htdocs\bs\www\index.php(14): CApplication->run()
#3 {main}
REQUEST_URI=/bs/www/themes/business/css/images/pink-bubble-background.png
HTTP_REFERER=http://localhost/bs/www/themes/business/css/style.css
---
2016/06/29 16:58:10 [error] [exception.CHttpException.404] exception 'CHttpException' with message 'Unable to resolve the request "themes/business/css/investor_area.css".' in E:\xampp1\htdocs\bs\framework\web\CWebApplication.php:286
Stack trace:
#0 E:\xampp1\htdocs\bs\framework\web\CWebApplication.php(141): CWebApplication->runController('themes/business...')
#1 E:\xampp1\htdocs\bs\framework\base\CApplication.php(180): CWebApplication->processRequest()
#2 E:\xampp1\htdocs\bs\www\index.php(14): CApplication->run()
#3 {main}
REQUEST_URI=/bs/www/themes/business/css/investor_area.css
HTTP_REFERER=http://localhost/bs/www/user/myaccount/update
---
2016/06/29 16:58:13 [error] [exception.CHttpException.404] exception 'CHttpException' with message 'Unable to resolve the request "themes/business/css/images/pink-bubble-top.png".' in E:\xampp1\htdocs\bs\framework\web\CWebApplication.php:286
Stack trace:
#0 E:\xampp1\htdocs\bs\framework\web\CWebApplication.php(141): CWebApplication->runController('themes/business...')
#1 E:\xampp1\htdocs\bs\framework\base\CApplication.php(180): CWebApplication->processRequest()
#2 E:\xampp1\htdocs\bs\www\index.php(14): CApplication->run()
#3 {main}
REQUEST_URI=/bs/www/themes/business/css/images/pink-bubble-top.png
HTTP_REFERER=http://localhost/bs/www/themes/business/css/style.css
---
2016/06/29 16:58:13 [error] [exception.CHttpException.404] exception 'CHttpException' with message 'Unable to resolve the request "themes/business/css/images/pink-bubble-background.png".' in E:\xampp1\htdocs\bs\framework\web\CWebApplication.php:286
Stack trace:
#0 E:\xampp1\htdocs\bs\framework\web\CWebApplication.php(141): CWebApplication->runController('themes/business...')
#1 E:\xampp1\htdocs\bs\framework\base\CApplication.php(180): CWebApplication->processRequest()
#2 E:\xampp1\htdocs\bs\www\index.php(14): CApplication->run()
#3 {main}
REQUEST_URI=/bs/www/themes/business/css/images/pink-bubble-background.png
HTTP_REFERER=http://localhost/bs/www/themes/business/css/style.css
---
2016/06/29 16:58:18 [error] [exception.CHttpException.404] exception 'CHttpException' with message 'Unable to resolve the request "themes/business/css/investor_area.css".' in E:\xampp1\htdocs\bs\framework\web\CWebApplication.php:286
Stack trace:
#0 E:\xampp1\htdocs\bs\framework\web\CWebApplication.php(141): CWebApplication->runController('themes/business...')
#1 E:\xampp1\htdocs\bs\framework\base\CApplication.php(180): CWebApplication->processRequest()
#2 E:\xampp1\htdocs\bs\www\index.php(14): CApplication->run()
#3 {main}
REQUEST_URI=/bs/www/themes/business/css/investor_area.css
HTTP_REFERER=http://localhost/bs/www/listing
---
2016/06/29 16:58:18 [error] [exception.CHttpException.404] exception 'CHttpException' with message 'Unable to resolve the request "themes/business/css/images/pink-bubble-top.png".' in E:\xampp1\htdocs\bs\framework\web\CWebApplication.php:286
Stack trace:
#0 E:\xampp1\htdocs\bs\framework\web\CWebApplication.php(141): CWebApplication->runController('themes/business...')
#1 E:\xampp1\htdocs\bs\framework\base\CApplication.php(180): CWebApplication->processRequest()
#2 E:\xampp1\htdocs\bs\www\index.php(14): CApplication->run()
#3 {main}
REQUEST_URI=/bs/www/themes/business/css/images/pink-bubble-top.png
HTTP_REFERER=http://localhost/bs/www/themes/business/css/style.css
---
2016/06/29 16:58:18 [error] [exception.CHttpException.404] exception 'CHttpException' with message 'Unable to resolve the request "themes/business/css/images/pink-bubble-background.png".' in E:\xampp1\htdocs\bs\framework\web\CWebApplication.php:286
Stack trace:
#0 E:\xampp1\htdocs\bs\framework\web\CWebApplication.php(141): CWebApplication->runController('themes/business...')
#1 E:\xampp1\htdocs\bs\framework\base\CApplication.php(180): CWebApplication->processRequest()
#2 E:\xampp1\htdocs\bs\www\index.php(14): CApplication->run()
#3 {main}
REQUEST_URI=/bs/www/themes/business/css/images/pink-bubble-background.png
HTTP_REFERER=http://localhost/bs/www/themes/business/css/style.css
---
2016/06/29 16:58:21 [error] [exception.CHttpException.404] exception 'CHttpException' with message 'Unable to resolve the request "themes/business/css/investor_area.css".' in E:\xampp1\htdocs\bs\framework\web\CWebApplication.php:286
Stack trace:
#0 E:\xampp1\htdocs\bs\framework\web\CWebApplication.php(141): CWebApplication->runController('themes/business...')
#1 E:\xampp1\htdocs\bs\framework\base\CApplication.php(180): CWebApplication->processRequest()
#2 E:\xampp1\htdocs\bs\www\index.php(14): CApplication->run()
#3 {main}
REQUEST_URI=/bs/www/themes/business/css/investor_area.css
HTTP_REFERER=http://localhost/bs/www/listing/selectlisting/listid/63
---
2016/06/29 16:58:22 [error] [exception.CHttpException.404] exception 'CHttpException' with message 'Unable to resolve the request "themes/business/css/images/pink-bubble-top.png".' in E:\xampp1\htdocs\bs\framework\web\CWebApplication.php:286
Stack trace:
#0 E:\xampp1\htdocs\bs\framework\web\CWebApplication.php(141): CWebApplication->runController('themes/business...')
#1 E:\xampp1\htdocs\bs\framework\base\CApplication.php(180): CWebApplication->processRequest()
#2 E:\xampp1\htdocs\bs\www\index.php(14): CApplication->run()
#3 {main}
REQUEST_URI=/bs/www/themes/business/css/images/pink-bubble-top.png
HTTP_REFERER=http://localhost/bs/www/themes/business/css/style.css
---
2016/06/29 16:58:22 [error] [exception.CHttpException.404] exception 'CHttpException' with message 'Unable to resolve the request "themes/business/css/images/pink-bubble-background.png".' in E:\xampp1\htdocs\bs\framework\web\CWebApplication.php:286
Stack trace:
#0 E:\xampp1\htdocs\bs\framework\web\CWebApplication.php(141): CWebApplication->runController('themes/business...')
#1 E:\xampp1\htdocs\bs\framework\base\CApplication.php(180): CWebApplication->processRequest()
#2 E:\xampp1\htdocs\bs\www\index.php(14): CApplication->run()
#3 {main}
REQUEST_URI=/bs/www/themes/business/css/images/pink-bubble-background.png
HTTP_REFERER=http://localhost/bs/www/themes/business/css/style.css
---
2016/06/29 16:58:39 [error] [exception.CHttpException.404] exception 'CHttpException' with message 'Unable to resolve the request "themes/business/css/investor_area.css".' in E:\xampp1\htdocs\bs\framework\web\CWebApplication.php:286
Stack trace:
#0 E:\xampp1\htdocs\bs\framework\web\CWebApplication.php(141): CWebApplication->runController('themes/business...')
#1 E:\xampp1\htdocs\bs\framework\base\CApplication.php(180): CWebApplication->processRequest()
#2 E:\xampp1\htdocs\bs\www\index.php(14): CApplication->run()
#3 {main}
REQUEST_URI=/bs/www/themes/business/css/investor_area.css
HTTP_REFERER=http://localhost/bs/www/banner/index/listid/63
---
2016/06/29 16:58:40 [error] [exception.CHttpException.404] exception 'CHttpException' with message 'Unable to resolve the request "upload/banner-images/banners_users/jats_86/imageedit_1_6688546441-2015-11-23-10-55-42.png".' in E:\xampp1\htdocs\bs\framework\web\CWebApplication.php:286
Stack trace:
#0 E:\xampp1\htdocs\bs\framework\web\CWebApplication.php(141): CWebApplication->runController('upload/banner-i...')
#1 E:\xampp1\htdocs\bs\framework\base\CApplication.php(180): CWebApplication->processRequest()
#2 E:\xampp1\htdocs\bs\www\index.php(14): CApplication->run()
#3 {main}
REQUEST_URI=/bs/www/upload/banner-images/banners_users/jats_86/imageedit_1_6688546441-2015-11-23-10-55-42.png
HTTP_REFERER=http://localhost/bs/www/banner/index/listid/63
---
2016/06/29 16:58:40 [error] [exception.CHttpException.404] exception 'CHttpException' with message 'Unable to resolve the request "themes/business/css/images/pink-bubble-background.png".' in E:\xampp1\htdocs\bs\framework\web\CWebApplication.php:286
Stack trace:
#0 E:\xampp1\htdocs\bs\framework\web\CWebApplication.php(141): CWebApplication->runController('themes/business...')
#1 E:\xampp1\htdocs\bs\framework\base\CApplication.php(180): CWebApplication->processRequest()
#2 E:\xampp1\htdocs\bs\www\index.php(14): CApplication->run()
#3 {main}
REQUEST_URI=/bs/www/themes/business/css/images/pink-bubble-background.png
HTTP_REFERER=http://localhost/bs/www/themes/business/css/style.css
---
2016/06/29 16:58:40 [error] [exception.CHttpException.404] exception 'CHttpException' with message 'Unable to resolve the request "themes/business/css/images/pink-bubble-top.png".' in E:\xampp1\htdocs\bs\framework\web\CWebApplication.php:286
Stack trace:
#0 E:\xampp1\htdocs\bs\framework\web\CWebApplication.php(141): CWebApplication->runController('themes/business...')
#1 E:\xampp1\htdocs\bs\framework\base\CApplication.php(180): CWebApplication->processRequest()
#2 E:\xampp1\htdocs\bs\www\index.php(14): CApplication->run()
#3 {main}
REQUEST_URI=/bs/www/themes/business/css/images/pink-bubble-top.png
HTTP_REFERER=http://localhost/bs/www/themes/business/css/style.css
---
2016/06/29 17:33:34 [error] [exception.CHttpException.404] exception 'CHttpException' with message 'Unable to resolve the request "themes/business/css/investor_area.css".' in E:\xampp1\htdocs\bs\framework\web\CWebApplication.php:286
Stack trace:
#0 E:\xampp1\htdocs\bs\framework\web\CWebApplication.php(141): CWebApplication->runController('themes/business...')
#1 E:\xampp1\htdocs\bs\framework\base\CApplication.php(180): CWebApplication->processRequest()
#2 E:\xampp1\htdocs\bs\www\index.php(14): CApplication->run()
#3 {main}
REQUEST_URI=/bs/www/themes/business/css/investor_area.css
HTTP_REFERER=http://localhost/bs/www/banner/index/listid/63
---
2016/06/29 17:33:34 [error] [exception.CHttpException.404] exception 'CHttpException' with message 'Unable to resolve the request "upload/banner-images/banners_users/jats_86/imageedit_1_6688546441-2015-11-23-10-55-42.png".' in E:\xampp1\htdocs\bs\framework\web\CWebApplication.php:286
Stack trace:
#0 E:\xampp1\htdocs\bs\framework\web\CWebApplication.php(141): CWebApplication->runController('upload/banner-i...')
#1 E:\xampp1\htdocs\bs\framework\base\CApplication.php(180): CWebApplication->processRequest()
#2 E:\xampp1\htdocs\bs\www\index.php(14): CApplication->run()
#3 {main}
REQUEST_URI=/bs/www/upload/banner-images/banners_users/jats_86/imageedit_1_6688546441-2015-11-23-10-55-42.png
HTTP_REFERER=http://localhost/bs/www/banner/index/listid/63
---
2016/06/29 17:33:37 [error] [exception.CHttpException.404] exception 'CHttpException' with message 'Unable to resolve the request "upload/banner-images/banners_users/jats_86/imageedit_1_6688546441-2015-11-23-10-55-42.png".' in E:\xampp1\htdocs\bs\framework\web\CWebApplication.php:286
Stack trace:
#0 E:\xampp1\htdocs\bs\framework\web\CWebApplication.php(141): CWebApplication->runController('upload/banner-i...')
#1 E:\xampp1\htdocs\bs\framework\base\CApplication.php(180): CWebApplication->processRequest()
#2 E:\xampp1\htdocs\bs\www\index.php(14): CApplication->run()
#3 {main}
REQUEST_URI=/bs/www/upload/banner-images/banners_users/jats_86/imageedit_1_6688546441-2015-11-23-10-55-42.png
HTTP_REFERER=http://localhost/bs/www/banner/index/listid/63
---
2016/06/29 17:33:37 [error] [exception.CHttpException.404] exception 'CHttpException' with message 'Unable to resolve the request "themes/business/css/images/pink-bubble-background.png".' in E:\xampp1\htdocs\bs\framework\web\CWebApplication.php:286
Stack trace:
#0 E:\xampp1\htdocs\bs\framework\web\CWebApplication.php(141): CWebApplication->runController('themes/business...')
#1 E:\xampp1\htdocs\bs\framework\base\CApplication.php(180): CWebApplication->processRequest()
#2 E:\xampp1\htdocs\bs\www\index.php(14): CApplication->run()
#3 {main}
REQUEST_URI=/bs/www/themes/business/css/images/pink-bubble-background.png
HTTP_REFERER=http://localhost/bs/www/themes/business/css/style.css
---
2016/06/29 17:33:37 [error] [exception.CHttpException.404] exception 'CHttpException' with message 'Unable to resolve the request "themes/business/css/images/pink-bubble-top.png".' in E:\xampp1\htdocs\bs\framework\web\CWebApplication.php:286
Stack trace:
#0 E:\xampp1\htdocs\bs\framework\web\CWebApplication.php(141): CWebApplication->runController('themes/business...')
#1 E:\xampp1\htdocs\bs\framework\base\CApplication.php(180): CWebApplication->processRequest()
#2 E:\xampp1\htdocs\bs\www\index.php(14): CApplication->run()
#3 {main}
REQUEST_URI=/bs/www/themes/business/css/images/pink-bubble-top.png
HTTP_REFERER=http://localhost/bs/www/themes/business/css/style.css
---
2016/06/29 17:35:08 [error] [exception.CHttpException.404] exception 'CHttpException' with message 'Unable to resolve the request "themes/business/css/investor_area.css".' in E:\xampp1\htdocs\bs\framework\web\CWebApplication.php:286
Stack trace:
#0 E:\xampp1\htdocs\bs\framework\web\CWebApplication.php(141): CWebApplication->runController('themes/business...')
#1 E:\xampp1\htdocs\bs\framework\base\CApplication.php(180): CWebApplication->processRequest()
#2 E:\xampp1\htdocs\bs\www\index.php(14): CApplication->run()
#3 {main}
REQUEST_URI=/bs/www/themes/business/css/investor_area.css
HTTP_REFERER=http://localhost/bs/www/listing
---
2016/06/29 17:35:08 [error] [exception.CHttpException.404] exception 'CHttpException' with message 'Unable to resolve the request "themes/business/css/images/pink-bubble-top.png".' in E:\xampp1\htdocs\bs\framework\web\CWebApplication.php:286
Stack trace:
#0 E:\xampp1\htdocs\bs\framework\web\CWebApplication.php(141): CWebApplication->runController('themes/business...')
#1 E:\xampp1\htdocs\bs\framework\base\CApplication.php(180): CWebApplication->processRequest()
#2 E:\xampp1\htdocs\bs\www\index.php(14): CApplication->run()
#3 {main}
REQUEST_URI=/bs/www/themes/business/css/images/pink-bubble-top.png
HTTP_REFERER=http://localhost/bs/www/themes/business/css/style.css
---
2016/06/29 17:35:08 [error] [exception.CHttpException.404] exception 'CHttpException' with message 'Unable to resolve the request "themes/business/css/images/pink-bubble-background.png".' in E:\xampp1\htdocs\bs\framework\web\CWebApplication.php:286
Stack trace:
#0 E:\xampp1\htdocs\bs\framework\web\CWebApplication.php(141): CWebApplication->runController('themes/business...')
#1 E:\xampp1\htdocs\bs\framework\base\CApplication.php(180): CWebApplication->processRequest()
#2 E:\xampp1\htdocs\bs\www\index.php(14): CApplication->run()
#3 {main}
REQUEST_URI=/bs/www/themes/business/css/images/pink-bubble-background.png
HTTP_REFERER=http://localhost/bs/www/themes/business/css/style.css
---
2016/06/29 17:35:11 [error] [exception.CHttpException.404] exception 'CHttpException' with message 'Unable to resolve the request "themes/business/css/investor_area.css".' in E:\xampp1\htdocs\bs\framework\web\CWebApplication.php:286
Stack trace:
#0 E:\xampp1\htdocs\bs\framework\web\CWebApplication.php(141): CWebApplication->runController('themes/business...')
#1 E:\xampp1\htdocs\bs\framework\base\CApplication.php(180): CWebApplication->processRequest()
#2 E:\xampp1\htdocs\bs\www\index.php(14): CApplication->run()
#3 {main}
REQUEST_URI=/bs/www/themes/business/css/investor_area.css
HTTP_REFERER=http://localhost/bs/www/listing/selectlisting/listid/63
---
2016/06/29 17:35:12 [error] [exception.CHttpException.404] exception 'CHttpException' with message 'Unable to resolve the request "themes/business/css/images/pink-bubble-top.png".' in E:\xampp1\htdocs\bs\framework\web\CWebApplication.php:286
Stack trace:
#0 E:\xampp1\htdocs\bs\framework\web\CWebApplication.php(141): CWebApplication->runController('themes/business...')
#1 E:\xampp1\htdocs\bs\framework\base\CApplication.php(180): CWebApplication->processRequest()
#2 E:\xampp1\htdocs\bs\www\index.php(14): CApplication->run()
#3 {main}
REQUEST_URI=/bs/www/themes/business/css/images/pink-bubble-top.png
HTTP_REFERER=http://localhost/bs/www/themes/business/css/style.css
---
2016/06/29 17:35:12 [error] [exception.CHttpException.404] exception 'CHttpException' with message 'Unable to resolve the request "themes/business/css/images/pink-bubble-background.png".' in E:\xampp1\htdocs\bs\framework\web\CWebApplication.php:286
Stack trace:
#0 E:\xampp1\htdocs\bs\framework\web\CWebApplication.php(141): CWebApplication->runController('themes/business...')
#1 E:\xampp1\htdocs\bs\framework\base\CApplication.php(180): CWebApplication->processRequest()
#2 E:\xampp1\htdocs\bs\www\index.php(14): CApplication->run()
#3 {main}
REQUEST_URI=/bs/www/themes/business/css/images/pink-bubble-background.png
HTTP_REFERER=http://localhost/bs/www/themes/business/css/style.css
---
2016/06/29 17:35:24 [error] [exception.CHttpException.404] exception 'CHttpException' with message 'Unable to resolve the request "themes/business/css/investor_area.css".' in E:\xampp1\htdocs\bs\framework\web\CWebApplication.php:286
Stack trace:
#0 E:\xampp1\htdocs\bs\framework\web\CWebApplication.php(141): CWebApplication->runController('themes/business...')
#1 E:\xampp1\htdocs\bs\framework\base\CApplication.php(180): CWebApplication->processRequest()
#2 E:\xampp1\htdocs\bs\www\index.php(14): CApplication->run()
#3 {main}
REQUEST_URI=/bs/www/themes/business/css/investor_area.css
HTTP_REFERER=http://localhost/bs/www/banner/index/listid/63
---
2016/06/29 17:35:25 [error] [exception.CHttpException.404] exception 'CHttpException' with message 'Unable to resolve the request "upload/banner-images/banners_users/jats_86/imageedit_1_6688546441-2015-11-23-10-55-42.png".' in E:\xampp1\htdocs\bs\framework\web\CWebApplication.php:286
Stack trace:
#0 E:\xampp1\htdocs\bs\framework\web\CWebApplication.php(141): CWebApplication->runController('upload/banner-i...')
#1 E:\xampp1\htdocs\bs\framework\base\CApplication.php(180): CWebApplication->processRequest()
#2 E:\xampp1\htdocs\bs\www\index.php(14): CApplication->run()
#3 {main}
REQUEST_URI=/bs/www/upload/banner-images/banners_users/jats_86/imageedit_1_6688546441-2015-11-23-10-55-42.png
HTTP_REFERER=http://localhost/bs/www/banner/index/listid/63
---
2016/06/29 17:35:27 [error] [exception.CHttpException.404] exception 'CHttpException' with message 'Unable to resolve the request "upload/banner-images/banners_users/jats_86/imageedit_1_6688546441-2015-11-23-10-55-42.png".' in E:\xampp1\htdocs\bs\framework\web\CWebApplication.php:286
Stack trace:
#0 E:\xampp1\htdocs\bs\framework\web\CWebApplication.php(141): CWebApplication->runController('upload/banner-i...')
#1 E:\xampp1\htdocs\bs\framework\base\CApplication.php(180): CWebApplication->processRequest()
#2 E:\xampp1\htdocs\bs\www\index.php(14): CApplication->run()
#3 {main}
REQUEST_URI=/bs/www/upload/banner-images/banners_users/jats_86/imageedit_1_6688546441-2015-11-23-10-55-42.png
HTTP_REFERER=http://localhost/bs/www/banner/index/listid/63
---
2016/06/29 17:35:27 [error] [exception.CHttpException.404] exception 'CHttpException' with message 'Unable to resolve the request "themes/business/css/images/pink-bubble-background.png".' in E:\xampp1\htdocs\bs\framework\web\CWebApplication.php:286
Stack trace:
#0 E:\xampp1\htdocs\bs\framework\web\CWebApplication.php(141): CWebApplication->runController('themes/business...')
#1 E:\xampp1\htdocs\bs\framework\base\CApplication.php(180): CWebApplication->processRequest()
#2 E:\xampp1\htdocs\bs\www\index.php(14): CApplication->run()
#3 {main}
REQUEST_URI=/bs/www/themes/business/css/images/pink-bubble-background.png
HTTP_REFERER=http://localhost/bs/www/themes/business/css/style.css
---
2016/06/29 17:35:27 [error] [exception.CHttpException.404] exception 'CHttpException' with message 'Unable to resolve the request "themes/business/css/images/pink-bubble-top.png".' in E:\xampp1\htdocs\bs\framework\web\CWebApplication.php:286
Stack trace:
#0 E:\xampp1\htdocs\bs\framework\web\CWebApplication.php(141): CWebApplication->runController('themes/business...')
#1 E:\xampp1\htdocs\bs\framework\base\CApplication.php(180): CWebApplication->processRequest()
#2 E:\xampp1\htdocs\bs\www\index.php(14): CApplication->run()
#3 {main}
REQUEST_URI=/bs/www/themes/business/css/images/pink-bubble-top.png
HTTP_REFERER=http://localhost/bs/www/themes/business/css/style.css
---
2016/06/29 17:36:17 [error] [exception.CHttpException.404] exception 'CHttpException' with message 'Unable to resolve the request "upload/banner-images/banners_users/jats_86/imageedit_1_6688546441-2015-11-23-10-55-42.png".' in E:\xampp1\htdocs\bs\framework\web\CWebApplication.php:286
Stack trace:
#0 E:\xampp1\htdocs\bs\framework\web\CWebApplication.php(141): CWebApplication->runController('upload/banner-i...')
#1 E:\xampp1\htdocs\bs\framework\base\CApplication.php(180): CWebApplication->processRequest()
#2 E:\xampp1\htdocs\bs\www\index.php(14): CApplication->run()
#3 {main}
REQUEST_URI=/bs/www/upload/banner-images/banners_users/jats_86/imageedit_1_6688546441-2015-11-23-10-55-42.png
HTTP_REFERER=http://localhost/bs/www/banner/index/listid/63
---
2016/06/29 17:38:12 [error] [exception.CHttpException.404] exception 'CHttpException' with message 'Unable to resolve the request "themes/business/css/investor_area.css".' in E:\xampp1\htdocs\bs\framework\web\CWebApplication.php:286
Stack trace:
#0 E:\xampp1\htdocs\bs\framework\web\CWebApplication.php(141): CWebApplication->runController('themes/business...')
#1 E:\xampp1\htdocs\bs\framework\base\CApplication.php(180): CWebApplication->processRequest()
#2 E:\xampp1\htdocs\bs\www\index.php(14): CApplication->run()
#3 {main}
REQUEST_URI=/bs/www/themes/business/css/investor_area.css
HTTP_REFERER=http://localhost/bs/www/banner/index?listid=63&paymentSuccess=confirm
---
2016/06/29 17:38:12 [error] [exception.CHttpException.404] exception 'CHttpException' with message 'Unable to resolve the request "upload/banner-images/banners_users/jats_86/imageedit_1_6688546441-2015-11-23-10-55-42.png".' in E:\xampp1\htdocs\bs\framework\web\CWebApplication.php:286
Stack trace:
#0 E:\xampp1\htdocs\bs\framework\web\CWebApplication.php(141): CWebApplication->runController('upload/banner-i...')
#1 E:\xampp1\htdocs\bs\framework\base\CApplication.php(180): CWebApplication->processRequest()
#2 E:\xampp1\htdocs\bs\www\index.php(14): CApplication->run()
#3 {main}
REQUEST_URI=/bs/www/upload/banner-images/banners_users/jats_86/imageedit_1_6688546441-2015-11-23-10-55-42.png
HTTP_REFERER=http://localhost/bs/www/banner/index?listid=63&paymentSuccess=confirm
---
2016/06/29 17:38:13 [error] [exception.CHttpException.404] exception 'CHttpException' with message 'Unable to resolve the request "themes/business/css/images/pink-bubble-top.png".' in E:\xampp1\htdocs\bs\framework\web\CWebApplication.php:286
Stack trace:
#0 E:\xampp1\htdocs\bs\framework\web\CWebApplication.php(141): CWebApplication->runController('themes/business...')
#1 E:\xampp1\htdocs\bs\framework\base\CApplication.php(180): CWebApplication->processRequest()
#2 E:\xampp1\htdocs\bs\www\index.php(14): CApplication->run()
#3 {main}
REQUEST_URI=/bs/www/themes/business/css/images/pink-bubble-top.png
HTTP_REFERER=http://localhost/bs/www/themes/business/css/style.css
---
2016/06/29 17:38:13 [error] [exception.CHttpException.404] exception 'CHttpException' with message 'Unable to resolve the request "themes/business/css/images/pink-bubble-background.png".' in E:\xampp1\htdocs\bs\framework\web\CWebApplication.php:286
Stack trace:
#0 E:\xampp1\htdocs\bs\framework\web\CWebApplication.php(141): CWebApplication->runController('themes/business...')
#1 E:\xampp1\htdocs\bs\framework\base\CApplication.php(180): CWebApplication->processRequest()
#2 E:\xampp1\htdocs\bs\www\index.php(14): CApplication->run()
#3 {main}
REQUEST_URI=/bs/www/themes/business/css/images/pink-bubble-background.png
HTTP_REFERER=http://localhost/bs/www/themes/business/css/style.css
---
2016/06/29 17:39:59 [error] [exception.CHttpException.404] exception 'CHttpException' with message 'Unable to resolve the request "themes/business/css/investor_area.css".' in E:\xampp1\htdocs\bs\framework\web\CWebApplication.php:286
Stack trace:
#0 E:\xampp1\htdocs\bs\framework\web\CWebApplication.php(141): CWebApplication->runController('themes/business...')
#1 E:\xampp1\htdocs\bs\framework\base\CApplication.php(180): CWebApplication->processRequest()
#2 E:\xampp1\htdocs\bs\www\index.php(14): CApplication->run()
#3 {main}
REQUEST_URI=/bs/www/themes/business/css/investor_area.css
HTTP_REFERER=http://localhost/bs/www/banner/index/listid/63/displayDialog/1/purchasePoints/25
---
2016/06/29 17:40:00 [error] [exception.CHttpException.404] exception 'CHttpException' with message 'Unable to resolve the request "themes/business/css/images/pink-bubble-top.png".' in E:\xampp1\htdocs\bs\framework\web\CWebApplication.php:286
Stack trace:
#0 E:\xampp1\htdocs\bs\framework\web\CWebApplication.php(141): CWebApplication->runController('themes/business...')
#1 E:\xampp1\htdocs\bs\framework\base\CApplication.php(180): CWebApplication->processRequest()
#2 E:\xampp1\htdocs\bs\www\index.php(14): CApplication->run()
#3 {main}
REQUEST_URI=/bs/www/themes/business/css/images/pink-bubble-top.png
HTTP_REFERER=http://localhost/bs/www/themes/business/css/style.css
---
2016/06/29 17:40:00 [error] [exception.CHttpException.404] exception 'CHttpException' with message 'Unable to resolve the request "themes/business/css/images/pink-bubble-background.png".' in E:\xampp1\htdocs\bs\framework\web\CWebApplication.php:286
Stack trace:
#0 E:\xampp1\htdocs\bs\framework\web\CWebApplication.php(141): CWebApplication->runController('themes/business...')
#1 E:\xampp1\htdocs\bs\framework\base\CApplication.php(180): CWebApplication->processRequest()
#2 E:\xampp1\htdocs\bs\www\index.php(14): CApplication->run()
#3 {main}
REQUEST_URI=/bs/www/themes/business/css/images/pink-bubble-background.png
HTTP_REFERER=http://localhost/bs/www/themes/business/css/style.css
---
2016/06/29 17:40:05 [error] [exception.CHttpException.404] exception 'CHttpException' with message 'Unable to resolve the request "themes/business/css/investor_area.css".' in E:\xampp1\htdocs\bs\framework\web\CWebApplication.php:286
Stack trace:
#0 E:\xampp1\htdocs\bs\framework\web\CWebApplication.php(141): CWebApplication->runController('themes/business...')
#1 E:\xampp1\htdocs\bs\framework\base\CApplication.php(180): CWebApplication->processRequest()
#2 E:\xampp1\htdocs\bs\www\index.php(14): CApplication->run()
#3 {main}
REQUEST_URI=/bs/www/themes/business/css/investor_area.css
HTTP_REFERER=http://localhost/bs/www/businesslisting/business-services?tab=promotions
---
2016/06/29 17:40:06 [error] [exception.CHttpException.404] exception 'CHttpException' with message 'Unable to resolve the request "themes/business/css/images/pink-bubble-top.png".' in E:\xampp1\htdocs\bs\framework\web\CWebApplication.php:286
Stack trace:
#0 E:\xampp1\htdocs\bs\framework\web\CWebApplication.php(141): CWebApplication->runController('themes/business...')
#1 E:\xampp1\htdocs\bs\framework\base\CApplication.php(180): CWebApplication->processRequest()
#2 E:\xampp1\htdocs\bs\www\index.php(14): CApplication->run()
#3 {main}
REQUEST_URI=/bs/www/themes/business/css/images/pink-bubble-top.png
HTTP_REFERER=http://localhost/bs/www/themes/business/css/style.css
---
2016/06/29 17:40:06 [error] [exception.CHttpException.404] exception 'CHttpException' with message 'Unable to resolve the request "themes/business/css/images/pink-bubble-background.png".' in E:\xampp1\htdocs\bs\framework\web\CWebApplication.php:286
Stack trace:
#0 E:\xampp1\htdocs\bs\framework\web\CWebApplication.php(141): CWebApplication->runController('themes/business...')
#1 E:\xampp1\htdocs\bs\framework\base\CApplication.php(180): CWebApplication->processRequest()
#2 E:\xampp1\htdocs\bs\www\index.php(14): CApplication->run()
#3 {main}
REQUEST_URI=/bs/www/themes/business/css/images/pink-bubble-background.png
HTTP_REFERER=http://localhost/bs/www/themes/business/css/style.css
---
2016/06/29 17:40:14 [error] [exception.CHttpException.404] exception 'CHttpException' with message 'Unable to resolve the request "themes/business/css/investor_area.css".' in E:\xampp1\htdocs\bs\framework\web\CWebApplication.php:286
Stack trace:
#0 E:\xampp1\htdocs\bs\framework\web\CWebApplication.php(141): CWebApplication->runController('themes/business...')
#1 E:\xampp1\htdocs\bs\framework\base\CApplication.php(180): CWebApplication->processRequest()
#2 E:\xampp1\htdocs\bs\www\index.php(14): CApplication->run()
#3 {main}
REQUEST_URI=/bs/www/themes/business/css/investor_area.css
HTTP_REFERER=http://localhost/bs/www/user/myaccount/update
---
2016/06/29 17:40:15 [error] [exception.CHttpException.404] exception 'CHttpException' with message 'Unable to resolve the request "themes/business/css/images/pink-bubble-top.png".' in E:\xampp1\htdocs\bs\framework\web\CWebApplication.php:286
Stack trace:
#0 E:\xampp1\htdocs\bs\framework\web\CWebApplication.php(141): CWebApplication->runController('themes/business...')
#1 E:\xampp1\htdocs\bs\framework\base\CApplication.php(180): CWebApplication->processRequest()
#2 E:\xampp1\htdocs\bs\www\index.php(14): CApplication->run()
#3 {main}
REQUEST_URI=/bs/www/themes/business/css/images/pink-bubble-top.png
HTTP_REFERER=http://localhost/bs/www/themes/business/css/style.css
---
2016/06/29 17:40:15 [error] [exception.CHttpException.404] exception 'CHttpException' with message 'Unable to resolve the request "themes/business/css/images/pink-bubble-background.png".' in E:\xampp1\htdocs\bs\framework\web\CWebApplication.php:286
Stack trace:
#0 E:\xampp1\htdocs\bs\framework\web\CWebApplication.php(141): CWebApplication->runController('themes/business...')
#1 E:\xampp1\htdocs\bs\framework\base\CApplication.php(180): CWebApplication->processRequest()
#2 E:\xampp1\htdocs\bs\www\index.php(14): CApplication->run()
#3 {main}
REQUEST_URI=/bs/www/themes/business/css/images/pink-bubble-background.png
HTTP_REFERER=http://localhost/bs/www/themes/business/css/style.css
---
2016/06/29 17:40:19 [error] [exception.CHttpException.404] exception 'CHttpException' with message 'Unable to resolve the request "themes/business/css/investor_area.css".' in E:\xampp1\htdocs\bs\framework\web\CWebApplication.php:286
Stack trace:
#0 E:\xampp1\htdocs\bs\framework\web\CWebApplication.php(141): CWebApplication->runController('themes/business...')
#1 E:\xampp1\htdocs\bs\framework\base\CApplication.php(180): CWebApplication->processRequest()
#2 E:\xampp1\htdocs\bs\www\index.php(14): CApplication->run()
#3 {main}
REQUEST_URI=/bs/www/themes/business/css/investor_area.css
HTTP_REFERER=http://localhost/bs/www/listing
---
2016/06/29 17:40:19 [error] [exception.CHttpException.404] exception 'CHttpException' with message 'Unable to resolve the request "themes/business/css/images/pink-bubble-top.png".' in E:\xampp1\htdocs\bs\framework\web\CWebApplication.php:286
Stack trace:
#0 E:\xampp1\htdocs\bs\framework\web\CWebApplication.php(141): CWebApplication->runController('themes/business...')
#1 E:\xampp1\htdocs\bs\framework\base\CApplication.php(180): CWebApplication->processRequest()
#2 E:\xampp1\htdocs\bs\www\index.php(14): CApplication->run()
#3 {main}
REQUEST_URI=/bs/www/themes/business/css/images/pink-bubble-top.png
HTTP_REFERER=http://localhost/bs/www/themes/business/css/style.css
---
2016/06/29 17:40:19 [error] [exception.CHttpException.404] exception 'CHttpException' with message 'Unable to resolve the request "themes/business/css/images/pink-bubble-background.png".' in E:\xampp1\htdocs\bs\framework\web\CWebApplication.php:286
Stack trace:
#0 E:\xampp1\htdocs\bs\framework\web\CWebApplication.php(141): CWebApplication->runController('themes/business...')
#1 E:\xampp1\htdocs\bs\framework\base\CApplication.php(180): CWebApplication->processRequest()
#2 E:\xampp1\htdocs\bs\www\index.php(14): CApplication->run()
#3 {main}
REQUEST_URI=/bs/www/themes/business/css/images/pink-bubble-background.png
HTTP_REFERER=http://localhost/bs/www/themes/business/css/style.css
---
2016/06/29 17:40:22 [error] [exception.CHttpException.404] exception 'CHttpException' with message 'Unable to resolve the request "themes/business/css/investor_area.css".' in E:\xampp1\htdocs\bs\framework\web\CWebApplication.php:286
Stack trace:
#0 E:\xampp1\htdocs\bs\framework\web\CWebApplication.php(141): CWebApplication->runController('themes/business...')
#1 E:\xampp1\htdocs\bs\framework\base\CApplication.php(180): CWebApplication->processRequest()
#2 E:\xampp1\htdocs\bs\www\index.php(14): CApplication->run()
#3 {main}
REQUEST_URI=/bs/www/themes/business/css/investor_area.css
HTTP_REFERER=http://localhost/bs/www/listing/selectlisting/listid/63
---
2016/06/29 17:40:22 [error] [exception.CHttpException.404] exception 'CHttpException' with message 'Unable to resolve the request "themes/business/css/images/pink-bubble-top.png".' in E:\xampp1\htdocs\bs\framework\web\CWebApplication.php:286
Stack trace:
#0 E:\xampp1\htdocs\bs\framework\web\CWebApplication.php(141): CWebApplication->runController('themes/business...')
#1 E:\xampp1\htdocs\bs\framework\base\CApplication.php(180): CWebApplication->processRequest()
#2 E:\xampp1\htdocs\bs\www\index.php(14): CApplication->run()
#3 {main}
REQUEST_URI=/bs/www/themes/business/css/images/pink-bubble-top.png
HTTP_REFERER=http://localhost/bs/www/themes/business/css/style.css
---
2016/06/29 17:40:22 [error] [exception.CHttpException.404] exception 'CHttpException' with message 'Unable to resolve the request "themes/business/css/images/pink-bubble-background.png".' in E:\xampp1\htdocs\bs\framework\web\CWebApplication.php:286
Stack trace:
#0 E:\xampp1\htdocs\bs\framework\web\CWebApplication.php(141): CWebApplication->runController('themes/business...')
#1 E:\xampp1\htdocs\bs\framework\base\CApplication.php(180): CWebApplication->processRequest()
#2 E:\xampp1\htdocs\bs\www\index.php(14): CApplication->run()
#3 {main}
REQUEST_URI=/bs/www/themes/business/css/images/pink-bubble-background.png
HTTP_REFERER=http://localhost/bs/www/themes/business/css/style.css
---
2016/06/29 17:40:26 [error] [exception.CHttpException.404] exception 'CHttpException' with message 'Unable to resolve the request "css/style.css".' in E:\xampp1\htdocs\bs\framework\web\CWebApplication.php:286
Stack trace:
#0 E:\xampp1\htdocs\bs\framework\web\CWebApplication.php(141): CWebApplication->runController('css/style.css')
#1 E:\xampp1\htdocs\bs\framework\base\CApplication.php(180): CWebApplication->processRequest()
#2 E:\xampp1\htdocs\bs\www\index.php(14): CApplication->run()
#3 {main}
REQUEST_URI=/bs/www/css/style.css
HTTP_REFERER=http://localhost/bs/www/banner/index/listid/63
---
2016/06/29 17:40:26 [error] [exception.CHttpException.404] exception 'CHttpException' with message 'Unable to resolve the request "themes/business/css/investor_area.css".' in E:\xampp1\htdocs\bs\framework\web\CWebApplication.php:286
Stack trace:
#0 E:\xampp1\htdocs\bs\framework\web\CWebApplication.php(141): CWebApplication->runController('themes/business...')
#1 E:\xampp1\htdocs\bs\framework\base\CApplication.php(180): CWebApplication->processRequest()
#2 E:\xampp1\htdocs\bs\www\index.php(14): CApplication->run()
#3 {main}
REQUEST_URI=/bs/www/themes/business/css/investor_area.css
HTTP_REFERER=http://localhost/bs/www/banner/index/listid/63
---
2016/06/29 17:40:26 [error] [exception.CHttpException.404] exception 'CHttpException' with message 'Unable to resolve the request "upload/banner-images/banners_users/jats_86/imageedit_1_6688546441-2015-11-23-10-55-42.png".' in E:\xampp1\htdocs\bs\framework\web\CWebApplication.php:286
Stack trace:
#0 E:\xampp1\htdocs\bs\framework\web\CWebApplication.php(141): CWebApplication->runController('upload/banner-i...')
#1 E:\xampp1\htdocs\bs\framework\base\CApplication.php(180): CWebApplication->processRequest()
#2 E:\xampp1\htdocs\bs\www\index.php(14): CApplication->run()
#3 {main}
REQUEST_URI=/bs/www/upload/banner-images/banners_users/jats_86/imageedit_1_6688546441-2015-11-23-10-55-42.png
HTTP_REFERER=http://localhost/bs/www/banner/index/listid/63
---
2016/06/29 17:40:27 [error] [exception.CHttpException.404] exception 'CHttpException' with message 'Unable to resolve the request "themes/business/css/images/pink-bubble-background.png".' in E:\xampp1\htdocs\bs\framework\web\CWebApplication.php:286
Stack trace:
#0 E:\xampp1\htdocs\bs\framework\web\CWebApplication.php(141): CWebApplication->runController('themes/business...')
#1 E:\xampp1\htdocs\bs\framework\base\CApplication.php(180): CWebApplication->processRequest()
#2 E:\xampp1\htdocs\bs\www\index.php(14): CApplication->run()
#3 {main}
REQUEST_URI=/bs/www/themes/business/css/images/pink-bubble-background.png
HTTP_REFERER=http://localhost/bs/www/themes/business/css/style.css
---
2016/06/29 17:40:27 [error] [exception.CHttpException.404] exception 'CHttpException' with message 'Unable to resolve the request "themes/business/css/images/pink-bubble-top.png".' in E:\xampp1\htdocs\bs\framework\web\CWebApplication.php:286
Stack trace:
#0 E:\xampp1\htdocs\bs\framework\web\CWebApplication.php(141): CWebApplication->runController('themes/business...')
#1 E:\xampp1\htdocs\bs\framework\base\CApplication.php(180): CWebApplication->processRequest()
#2 E:\xampp1\htdocs\bs\www\index.php(14): CApplication->run()
#3 {main}
REQUEST_URI=/bs/www/themes/business/css/images/pink-bubble-top.png
HTTP_REFERER=http://localhost/bs/www/themes/business/css/style.css
---
2016/06/29 17:41:15 [error] [exception.CHttpException.404] exception 'CHttpException' with message 'Unable to resolve the request "themes/business/css/investor_area.css".' in E:\xampp1\htdocs\bs\framework\web\CWebApplication.php:286
Stack trace:
#0 E:\xampp1\htdocs\bs\framework\web\CWebApplication.php(141): CWebApplication->runController('themes/business...')
#1 E:\xampp1\htdocs\bs\framework\base\CApplication.php(180): CWebApplication->processRequest()
#2 E:\xampp1\htdocs\bs\www\index.php(14): CApplication->run()
#3 {main}
REQUEST_URI=/bs/www/themes/business/css/investor_area.css
HTTP_REFERER=http://localhost/bs/www/listing/selectlisting/listid/63
---
2016/06/29 17:41:16 [error] [exception.CHttpException.404] exception 'CHttpException' with message 'Unable to resolve the request "themes/business/css/images/pink-bubble-top.png".' in E:\xampp1\htdocs\bs\framework\web\CWebApplication.php:286
Stack trace:
#0 E:\xampp1\htdocs\bs\framework\web\CWebApplication.php(141): CWebApplication->runController('themes/business...')
#1 E:\xampp1\htdocs\bs\framework\base\CApplication.php(180): CWebApplication->processRequest()
#2 E:\xampp1\htdocs\bs\www\index.php(14): CApplication->run()
#3 {main}
REQUEST_URI=/bs/www/themes/business/css/images/pink-bubble-top.png
HTTP_REFERER=http://localhost/bs/www/themes/business/css/style.css
---
2016/06/29 17:41:16 [error] [exception.CHttpException.404] exception 'CHttpException' with message 'Unable to resolve the request "themes/business/css/images/pink-bubble-background.png".' in E:\xampp1\htdocs\bs\framework\web\CWebApplication.php:286
Stack trace:
#0 E:\xampp1\htdocs\bs\framework\web\CWebApplication.php(141): CWebApplication->runController('themes/business...')
#1 E:\xampp1\htdocs\bs\framework\base\CApplication.php(180): CWebApplication->processRequest()
#2 E:\xampp1\htdocs\bs\www\index.php(14): CApplication->run()
#3 {main}
REQUEST_URI=/bs/www/themes/business/css/images/pink-bubble-background.png
HTTP_REFERER=http://localhost/bs/www/themes/business/css/style.css
---
2016/06/29 17:41:18 [error] [exception.CHttpException.404] exception 'CHttpException' with message 'Unable to resolve the request "themes/business/css/investor_area.css".' in E:\xampp1\htdocs\bs\framework\web\CWebApplication.php:286
Stack trace:
#0 E:\xampp1\htdocs\bs\framework\web\CWebApplication.php(141): CWebApplication->runController('themes/business...')
#1 E:\xampp1\htdocs\bs\framework\base\CApplication.php(180): CWebApplication->processRequest()
#2 E:\xampp1\htdocs\bs\www\index.php(14): CApplication->run()
#3 {main}
REQUEST_URI=/bs/www/themes/business/css/investor_area.css
HTTP_REFERER=http://localhost/bs/www/listing
---
2016/06/29 17:41:18 [error] [exception.CHttpException.404] exception 'CHttpException' with message 'Unable to resolve the request "themes/business/css/images/pink-bubble-top.png".' in E:\xampp1\htdocs\bs\framework\web\CWebApplication.php:286
Stack trace:
#0 E:\xampp1\htdocs\bs\framework\web\CWebApplication.php(141): CWebApplication->runController('themes/business...')
#1 E:\xampp1\htdocs\bs\framework\base\CApplication.php(180): CWebApplication->processRequest()
#2 E:\xampp1\htdocs\bs\www\index.php(14): CApplication->run()
#3 {main}
REQUEST_URI=/bs/www/themes/business/css/images/pink-bubble-top.png
HTTP_REFERER=http://localhost/bs/www/themes/business/css/style.css
---
2016/06/29 17:41:18 [error] [exception.CHttpException.404] exception 'CHttpException' with message 'Unable to resolve the request "themes/business/css/images/pink-bubble-background.png".' in E:\xampp1\htdocs\bs\framework\web\CWebApplication.php:286
Stack trace:
#0 E:\xampp1\htdocs\bs\framework\web\CWebApplication.php(141): CWebApplication->runController('themes/business...')
#1 E:\xampp1\htdocs\bs\framework\base\CApplication.php(180): CWebApplication->processRequest()
#2 E:\xampp1\htdocs\bs\www\index.php(14): CApplication->run()
#3 {main}
REQUEST_URI=/bs/www/themes/business/css/images/pink-bubble-background.png
HTTP_REFERER=http://localhost/bs/www/themes/business/css/style.css
---
2016/06/29 17:41:21 [error] [exception.CHttpException.404] exception 'CHttpException' with message 'Unable to resolve the request "themes/business/css/investor_area.css".' in E:\xampp1\htdocs\bs\framework\web\CWebApplication.php:286
Stack trace:
#0 E:\xampp1\htdocs\bs\framework\web\CWebApplication.php(141): CWebApplication->runController('themes/business...')
#1 E:\xampp1\htdocs\bs\framework\base\CApplication.php(180): CWebApplication->processRequest()
#2 E:\xampp1\htdocs\bs\www\index.php(14): CApplication->run()
#3 {main}
REQUEST_URI=/bs/www/themes/business/css/investor_area.css
HTTP_REFERER=http://localhost/bs/www/user/myaccount/update
---
2016/06/29 17:41:21 [error] [exception.CHttpException.404] exception 'CHttpException' with message 'Unable to resolve the request "themes/business/css/images/pink-bubble-top.png".' in E:\xampp1\htdocs\bs\framework\web\CWebApplication.php:286
Stack trace:
#0 E:\xampp1\htdocs\bs\framework\web\CWebApplication.php(141): CWebApplication->runController('themes/business...')
#1 E:\xampp1\htdocs\bs\framework\base\CApplication.php(180): CWebApplication->processRequest()
#2 E:\xampp1\htdocs\bs\www\index.php(14): CApplication->run()
#3 {main}
REQUEST_URI=/bs/www/themes/business/css/images/pink-bubble-top.png
HTTP_REFERER=http://localhost/bs/www/themes/business/css/style.css
---
2016/06/29 17:41:21 [error] [exception.CHttpException.404] exception 'CHttpException' with message 'Unable to resolve the request "themes/business/css/images/pink-bubble-background.png".' in E:\xampp1\htdocs\bs\framework\web\CWebApplication.php:286
Stack trace:
#0 E:\xampp1\htdocs\bs\framework\web\CWebApplication.php(141): CWebApplication->runController('themes/business...')
#1 E:\xampp1\htdocs\bs\framework\base\CApplication.php(180): CWebApplication->processRequest()
#2 E:\xampp1\htdocs\bs\www\index.php(14): CApplication->run()
#3 {main}
REQUEST_URI=/bs/www/themes/business/css/images/pink-bubble-background.png
HTTP_REFERER=http://localhost/bs/www/themes/business/css/style.css
---
2016/06/29 17:41:23 [error] [exception.CHttpException.404] exception 'CHttpException' with message 'Unable to resolve the request "themes/business/css/investor_area.css".' in E:\xampp1\htdocs\bs\framework\web\CWebApplication.php:286
Stack trace:
#0 E:\xampp1\htdocs\bs\framework\web\CWebApplication.php(141): CWebApplication->runController('themes/business...')
#1 E:\xampp1\htdocs\bs\framework\base\CApplication.php(180): CWebApplication->processRequest()
#2 E:\xampp1\htdocs\bs\www\index.php(14): CApplication->run()
#3 {main}
REQUEST_URI=/bs/www/themes/business/css/investor_area.css
HTTP_REFERER=http://localhost/bs/www/businesslisting/business-services?tab=promotions
---
2016/06/29 17:41:24 [error] [exception.CHttpException.404] exception 'CHttpException' with message 'Unable to resolve the request "themes/business/css/images/pink-bubble-top.png".' in E:\xampp1\htdocs\bs\framework\web\CWebApplication.php:286
Stack trace:
#0 E:\xampp1\htdocs\bs\framework\web\CWebApplication.php(141): CWebApplication->runController('themes/business...')
#1 E:\xampp1\htdocs\bs\framework\base\CApplication.php(180): CWebApplication->processRequest()
#2 E:\xampp1\htdocs\bs\www\index.php(14): CApplication->run()
#3 {main}
REQUEST_URI=/bs/www/themes/business/css/images/pink-bubble-top.png
HTTP_REFERER=http://localhost/bs/www/themes/business/css/style.css
---
2016/06/29 17:41:24 [error] [exception.CHttpException.404] exception 'CHttpException' with message 'Unable to resolve the request "themes/business/css/images/pink-bubble-background.png".' in E:\xampp1\htdocs\bs\framework\web\CWebApplication.php:286
Stack trace:
#0 E:\xampp1\htdocs\bs\framework\web\CWebApplication.php(141): CWebApplication->runController('themes/business...')
#1 E:\xampp1\htdocs\bs\framework\base\CApplication.php(180): CWebApplication->processRequest()
#2 E:\xampp1\htdocs\bs\www\index.php(14): CApplication->run()
#3 {main}
REQUEST_URI=/bs/www/themes/business/css/images/pink-bubble-background.png
HTTP_REFERER=http://localhost/bs/www/themes/business/css/style.css
---
2016/06/29 17:53:51 [error] [exception.CHttpException.404] exception 'CHttpException' with message 'Unable to resolve the request "themes/business/css/investor_area.css".' in E:\xampp1\htdocs\bs\framework\web\CWebApplication.php:286
Stack trace:
#0 E:\xampp1\htdocs\bs\framework\web\CWebApplication.php(141): CWebApplication->runController('themes/business...')
#1 E:\xampp1\htdocs\bs\framework\base\CApplication.php(180): CWebApplication->processRequest()
#2 E:\xampp1\htdocs\bs\www\index.php(14): CApplication->run()
#3 {main}
REQUEST_URI=/bs/www/themes/business/css/investor_area.css
HTTP_REFERER=http://localhost/bs/www/businesslisting/business-services?tab=promotions
---
2016/06/29 17:53:52 [error] [exception.CHttpException.404] exception 'CHttpException' with message 'Unable to resolve the request "themes/business/css/images/pink-bubble-background.png".' in E:\xampp1\htdocs\bs\framework\web\CWebApplication.php:286
Stack trace:
#0 E:\xampp1\htdocs\bs\framework\web\CWebApplication.php(141): CWebApplication->runController('themes/business...')
#1 E:\xampp1\htdocs\bs\framework\base\CApplication.php(180): CWebApplication->processRequest()
#2 E:\xampp1\htdocs\bs\www\index.php(14): CApplication->run()
#3 {main}
REQUEST_URI=/bs/www/themes/business/css/images/pink-bubble-background.png
HTTP_REFERER=http://localhost/bs/www/themes/business/css/style.css
---
2016/06/29 17:53:52 [error] [exception.CHttpException.404] exception 'CHttpException' with message 'Unable to resolve the request "themes/business/css/images/pink-bubble-top.png".' in E:\xampp1\htdocs\bs\framework\web\CWebApplication.php:286
Stack trace:
#0 E:\xampp1\htdocs\bs\framework\web\CWebApplication.php(141): CWebApplication->runController('themes/business...')
#1 E:\xampp1\htdocs\bs\framework\base\CApplication.php(180): CWebApplication->processRequest()
#2 E:\xampp1\htdocs\bs\www\index.php(14): CApplication->run()
#3 {main}
REQUEST_URI=/bs/www/themes/business/css/images/pink-bubble-top.png
HTTP_REFERER=http://localhost/bs/www/themes/business/css/style.css
---
2016/06/29 17:55:58 [error] [exception.CHttpException.404] exception 'CHttpException' with message 'Unable to resolve the request "themes/business/css/investor_area.css".' in E:\xampp1\htdocs\bs\framework\web\CWebApplication.php:286
Stack trace:
#0 E:\xampp1\htdocs\bs\framework\web\CWebApplication.php(141): CWebApplication->runController('themes/business...')
#1 E:\xampp1\htdocs\bs\framework\base\CApplication.php(180): CWebApplication->processRequest()
#2 E:\xampp1\htdocs\bs\www\index.php(14): CApplication->run()
#3 {main}
REQUEST_URI=/bs/www/themes/business/css/investor_area.css
HTTP_REFERER=http://localhost/bs/www/businesslisting/business-services?tab=promotions
---
2016/06/29 17:56:00 [error] [exception.CHttpException.404] exception 'CHttpException' with message 'Unable to resolve the request "themes/business/css/images/pink-bubble-background.png".' in E:\xampp1\htdocs\bs\framework\web\CWebApplication.php:286
Stack trace:
#0 E:\xampp1\htdocs\bs\framework\web\CWebApplication.php(141): CWebApplication->runController('themes/business...')
#1 E:\xampp1\htdocs\bs\framework\base\CApplication.php(180): CWebApplication->processRequest()
#2 E:\xampp1\htdocs\bs\www\index.php(14): CApplication->run()
#3 {main}
REQUEST_URI=/bs/www/themes/business/css/images/pink-bubble-background.png
HTTP_REFERER=http://localhost/bs/www/themes/business/css/style.css
---
2016/06/29 17:56:00 [error] [exception.CHttpException.404] exception 'CHttpException' with message 'Unable to resolve the request "themes/business/css/images/pink-bubble-top.png".' in E:\xampp1\htdocs\bs\framework\web\CWebApplication.php:286
Stack trace:
#0 E:\xampp1\htdocs\bs\framework\web\CWebApplication.php(141): CWebApplication->runController('themes/business...')
#1 E:\xampp1\htdocs\bs\framework\base\CApplication.php(180): CWebApplication->processRequest()
#2 E:\xampp1\htdocs\bs\www\index.php(14): CApplication->run()
#3 {main}
REQUEST_URI=/bs/www/themes/business/css/images/pink-bubble-top.png
HTTP_REFERER=http://localhost/bs/www/themes/business/css/style.css
---
2016/06/29 17:59:22 [error] [exception.CHttpException.404] exception 'CHttpException' with message 'Unable to resolve the request "themes/business/css/investor_area.css".' in E:\xampp1\htdocs\bs\framework\web\CWebApplication.php:286
Stack trace:
#0 E:\xampp1\htdocs\bs\framework\web\CWebApplication.php(141): CWebApplication->runController('themes/business...')
#1 E:\xampp1\htdocs\bs\framework\base\CApplication.php(180): CWebApplication->processRequest()
#2 E:\xampp1\htdocs\bs\www\index.php(14): CApplication->run()
#3 {main}
REQUEST_URI=/bs/www/themes/business/css/investor_area.css
HTTP_REFERER=http://localhost/bs/www/businesslisting/business-services?tab=promotions
---
2016/06/29 17:59:23 [error] [exception.CHttpException.404] exception 'CHttpException' with message 'Unable to resolve the request "themes/business/css/images/pink-bubble-background.png".' in E:\xampp1\htdocs\bs\framework\web\CWebApplication.php:286
Stack trace:
#0 E:\xampp1\htdocs\bs\framework\web\CWebApplication.php(141): CWebApplication->runController('themes/business...')
#1 E:\xampp1\htdocs\bs\framework\base\CApplication.php(180): CWebApplication->processRequest()
#2 E:\xampp1\htdocs\bs\www\index.php(14): CApplication->run()
#3 {main}
REQUEST_URI=/bs/www/themes/business/css/images/pink-bubble-background.png
HTTP_REFERER=http://localhost/bs/www/themes/business/css/style.css
---
2016/06/29 17:59:23 [error] [exception.CHttpException.404] exception 'CHttpException' with message 'Unable to resolve the request "themes/business/css/images/pink-bubble-top.png".' in E:\xampp1\htdocs\bs\framework\web\CWebApplication.php:286
Stack trace:
#0 E:\xampp1\htdocs\bs\framework\web\CWebApplication.php(141): CWebApplication->runController('themes/business...')
#1 E:\xampp1\htdocs\bs\framework\base\CApplication.php(180): CWebApplication->processRequest()
#2 E:\xampp1\htdocs\bs\www\index.php(14): CApplication->run()
#3 {main}
REQUEST_URI=/bs/www/themes/business/css/images/pink-bubble-top.png
HTTP_REFERER=http://localhost/bs/www/themes/business/css/style.css
---
2016/06/29 18:00:25 [error] [exception.CHttpException.404] exception 'CHttpException' with message 'Unable to resolve the request "themes/business/css/investor_area.css".' in E:\xampp1\htdocs\bs\framework\web\CWebApplication.php:286
Stack trace:
#0 E:\xampp1\htdocs\bs\framework\web\CWebApplication.php(141): CWebApplication->runController('themes/business...')
#1 E:\xampp1\htdocs\bs\framework\base\CApplication.php(180): CWebApplication->processRequest()
#2 E:\xampp1\htdocs\bs\www\index.php(14): CApplication->run()
#3 {main}
REQUEST_URI=/bs/www/themes/business/css/investor_area.css
HTTP_REFERER=http://localhost/bs/www/businesslisting/business-services?tab=promotions
---
2016/06/29 18:00:26 [error] [exception.CHttpException.404] exception 'CHttpException' with message 'Unable to resolve the request "themes/business/css/images/pink-bubble-background.png".' in E:\xampp1\htdocs\bs\framework\web\CWebApplication.php:286
Stack trace:
#0 E:\xampp1\htdocs\bs\framework\web\CWebApplication.php(141): CWebApplication->runController('themes/business...')
#1 E:\xampp1\htdocs\bs\framework\base\CApplication.php(180): CWebApplication->processRequest()
#2 E:\xampp1\htdocs\bs\www\index.php(14): CApplication->run()
#3 {main}
REQUEST_URI=/bs/www/themes/business/css/images/pink-bubble-background.png
HTTP_REFERER=http://localhost/bs/www/themes/business/css/style.css
---
2016/06/29 18:00:26 [error] [exception.CHttpException.404] exception 'CHttpException' with message 'Unable to resolve the request "themes/business/css/images/pink-bubble-top.png".' in E:\xampp1\htdocs\bs\framework\web\CWebApplication.php:286
Stack trace:
#0 E:\xampp1\htdocs\bs\framework\web\CWebApplication.php(141): CWebApplication->runController('themes/business...')
#1 E:\xampp1\htdocs\bs\framework\base\CApplication.php(180): CWebApplication->processRequest()
#2 E:\xampp1\htdocs\bs\www\index.php(14): CApplication->run()
#3 {main}
REQUEST_URI=/bs/www/themes/business/css/images/pink-bubble-top.png
HTTP_REFERER=http://localhost/bs/www/themes/business/css/style.css
---
2016/06/29 18:01:23 [error] [exception.CHttpException.404] exception 'CHttpException' with message 'Unable to resolve the request "themes/business/css/investor_area.css".' in E:\xampp1\htdocs\bs\framework\web\CWebApplication.php:286
Stack trace:
#0 E:\xampp1\htdocs\bs\framework\web\CWebApplication.php(141): CWebApplication->runController('themes/business...')
#1 E:\xampp1\htdocs\bs\framework\base\CApplication.php(180): CWebApplication->processRequest()
#2 E:\xampp1\htdocs\bs\www\index.php(14): CApplication->run()
#3 {main}
REQUEST_URI=/bs/www/themes/business/css/investor_area.css
HTTP_REFERER=http://localhost/bs/www/user/myaccount/update
---
2016/06/29 18:01:24 [error] [exception.CHttpException.404] exception 'CHttpException' with message 'Unable to resolve the request "themes/business/css/images/pink-bubble-background.png".' in E:\xampp1\htdocs\bs\framework\web\CWebApplication.php:286
Stack trace:
#0 E:\xampp1\htdocs\bs\framework\web\CWebApplication.php(141): CWebApplication->runController('themes/business...')
#1 E:\xampp1\htdocs\bs\framework\base\CApplication.php(180): CWebApplication->processRequest()
#2 E:\xampp1\htdocs\bs\www\index.php(14): CApplication->run()
#3 {main}
REQUEST_URI=/bs/www/themes/business/css/images/pink-bubble-background.png
HTTP_REFERER=http://localhost/bs/www/themes/business/css/style.css
---
2016/06/29 18:01:24 [error] [exception.CHttpException.404] exception 'CHttpException' with message 'Unable to resolve the request "themes/business/css/images/pink-bubble-top.png".' in E:\xampp1\htdocs\bs\framework\web\CWebApplication.php:286
Stack trace:
#0 E:\xampp1\htdocs\bs\framework\web\CWebApplication.php(141): CWebApplication->runController('themes/business...')
#1 E:\xampp1\htdocs\bs\framework\base\CApplication.php(180): CWebApplication->processRequest()
#2 E:\xampp1\htdocs\bs\www\index.php(14): CApplication->run()
#3 {main}
REQUEST_URI=/bs/www/themes/business/css/images/pink-bubble-top.png
HTTP_REFERER=http://localhost/bs/www/themes/business/css/style.css
---
2016/06/29 18:01:27 [error] [exception.CHttpException.404] exception 'CHttpException' with message 'Unable to resolve the request "themes/business/css/investor_area.css".' in E:\xampp1\htdocs\bs\framework\web\CWebApplication.php:286
Stack trace:
#0 E:\xampp1\htdocs\bs\framework\web\CWebApplication.php(141): CWebApplication->runController('themes/business...')
#1 E:\xampp1\htdocs\bs\framework\base\CApplication.php(180): CWebApplication->processRequest()
#2 E:\xampp1\htdocs\bs\www\index.php(14): CApplication->run()
#3 {main}
REQUEST_URI=/bs/www/themes/business/css/investor_area.css
HTTP_REFERER=http://localhost/bs/www/listing
---
2016/06/29 18:01:27 [error] [exception.CHttpException.404] exception 'CHttpException' with message 'Unable to resolve the request "themes/business/css/images/pink-bubble-top.png".' in E:\xampp1\htdocs\bs\framework\web\CWebApplication.php:286
Stack trace:
#0 E:\xampp1\htdocs\bs\framework\web\CWebApplication.php(141): CWebApplication->runController('themes/business...')
#1 E:\xampp1\htdocs\bs\framework\base\CApplication.php(180): CWebApplication->processRequest()
#2 E:\xampp1\htdocs\bs\www\index.php(14): CApplication->run()
#3 {main}
REQUEST_URI=/bs/www/themes/business/css/images/pink-bubble-top.png
HTTP_REFERER=http://localhost/bs/www/themes/business/css/style.css
---
2016/06/29 18:01:27 [error] [exception.CHttpException.404] exception 'CHttpException' with message 'Unable to resolve the request "themes/business/css/images/pink-bubble-background.png".' in E:\xampp1\htdocs\bs\framework\web\CWebApplication.php:286
Stack trace:
#0 E:\xampp1\htdocs\bs\framework\web\CWebApplication.php(141): CWebApplication->runController('themes/business...')
#1 E:\xampp1\htdocs\bs\framework\base\CApplication.php(180): CWebApplication->processRequest()
#2 E:\xampp1\htdocs\bs\www\index.php(14): CApplication->run()
#3 {main}
REQUEST_URI=/bs/www/themes/business/css/images/pink-bubble-background.png
HTTP_REFERER=http://localhost/bs/www/themes/business/css/style.css
---
2016/06/29 18:01:30 [error] [exception.CHttpException.404] exception 'CHttpException' with message 'Unable to resolve the request "themes/business/css/investor_area.css".' in E:\xampp1\htdocs\bs\framework\web\CWebApplication.php:286
Stack trace:
#0 E:\xampp1\htdocs\bs\framework\web\CWebApplication.php(141): CWebApplication->runController('themes/business...')
#1 E:\xampp1\htdocs\bs\framework\base\CApplication.php(180): CWebApplication->processRequest()
#2 E:\xampp1\htdocs\bs\www\index.php(14): CApplication->run()
#3 {main}
REQUEST_URI=/bs/www/themes/business/css/investor_area.css
HTTP_REFERER=http://localhost/bs/www/listing/selectlisting/listid/63
---
2016/06/29 18:01:31 [error] [exception.CHttpException.404] exception 'CHttpException' with message 'Unable to resolve the request "themes/business/css/images/pink-bubble-top.png".' in E:\xampp1\htdocs\bs\framework\web\CWebApplication.php:286
Stack trace:
#0 E:\xampp1\htdocs\bs\framework\web\CWebApplication.php(141): CWebApplication->runController('themes/business...')
#1 E:\xampp1\htdocs\bs\framework\base\CApplication.php(180): CWebApplication->processRequest()
#2 E:\xampp1\htdocs\bs\www\index.php(14): CApplication->run()
#3 {main}
REQUEST_URI=/bs/www/themes/business/css/images/pink-bubble-top.png
HTTP_REFERER=http://localhost/bs/www/themes/business/css/style.css
---
2016/06/29 18:01:31 [error] [exception.CHttpException.404] exception 'CHttpException' with message 'Unable to resolve the request "themes/business/css/images/pink-bubble-background.png".' in E:\xampp1\htdocs\bs\framework\web\CWebApplication.php:286
Stack trace:
#0 E:\xampp1\htdocs\bs\framework\web\CWebApplication.php(141): CWebApplication->runController('themes/business...')
#1 E:\xampp1\htdocs\bs\framework\base\CApplication.php(180): CWebApplication->processRequest()
#2 E:\xampp1\htdocs\bs\www\index.php(14): CApplication->run()
#3 {main}
REQUEST_URI=/bs/www/themes/business/css/images/pink-bubble-background.png
HTTP_REFERER=http://localhost/bs/www/themes/business/css/style.css
---
2016/06/29 18:01:35 [error] [exception.CHttpException.404] exception 'CHttpException' with message 'Unable to resolve the request "css/style.css".' in E:\xampp1\htdocs\bs\framework\web\CWebApplication.php:286
Stack trace:
#0 E:\xampp1\htdocs\bs\framework\web\CWebApplication.php(141): CWebApplication->runController('css/style.css')
#1 E:\xampp1\htdocs\bs\framework\base\CApplication.php(180): CWebApplication->processRequest()
#2 E:\xampp1\htdocs\bs\www\index.php(14): CApplication->run()
#3 {main}
REQUEST_URI=/bs/www/css/style.css
HTTP_REFERER=http://localhost/bs/www/banner/index/listid/63
---
2016/06/29 18:01:35 [error] [exception.CHttpException.404] exception 'CHttpException' with message 'Unable to resolve the request "themes/business/css/investor_area.css".' in E:\xampp1\htdocs\bs\framework\web\CWebApplication.php:286
Stack trace:
#0 E:\xampp1\htdocs\bs\framework\web\CWebApplication.php(141): CWebApplication->runController('themes/business...')
#1 E:\xampp1\htdocs\bs\framework\base\CApplication.php(180): CWebApplication->processRequest()
#2 E:\xampp1\htdocs\bs\www\index.php(14): CApplication->run()
#3 {main}
REQUEST_URI=/bs/www/themes/business/css/investor_area.css
HTTP_REFERER=http://localhost/bs/www/banner/index/listid/63
---
2016/06/29 18:01:35 [error] [exception.CHttpException.404] exception 'CHttpException' with message 'Unable to resolve the request "upload/banner-images/banners_users/jats_86/imageedit_1_6688546441-2015-11-23-10-55-42.png".' in E:\xampp1\htdocs\bs\framework\web\CWebApplication.php:286
Stack trace:
#0 E:\xampp1\htdocs\bs\framework\web\CWebApplication.php(141): CWebApplication->runController('upload/banner-i...')
#1 E:\xampp1\htdocs\bs\framework\base\CApplication.php(180): CWebApplication->processRequest()
#2 E:\xampp1\htdocs\bs\www\index.php(14): CApplication->run()
#3 {main}
REQUEST_URI=/bs/www/upload/banner-images/banners_users/jats_86/imageedit_1_6688546441-2015-11-23-10-55-42.png
HTTP_REFERER=http://localhost/bs/www/banner/index/listid/63
---
2016/06/29 18:01:36 [error] [exception.CHttpException.404] exception 'CHttpException' with message 'Unable to resolve the request "themes/business/css/images/pink-bubble-top.png".' in E:\xampp1\htdocs\bs\framework\web\CWebApplication.php:286
Stack trace:
#0 E:\xampp1\htdocs\bs\framework\web\CWebApplication.php(141): CWebApplication->runController('themes/business...')
#1 E:\xampp1\htdocs\bs\framework\base\CApplication.php(180): CWebApplication->processRequest()
#2 E:\xampp1\htdocs\bs\www\index.php(14): CApplication->run()
#3 {main}
REQUEST_URI=/bs/www/themes/business/css/images/pink-bubble-top.png
HTTP_REFERER=http://localhost/bs/www/themes/business/css/style.css
---
2016/06/29 18:01:36 [error] [exception.CHttpException.404] exception 'CHttpException' with message 'Unable to resolve the request "themes/business/css/images/pink-bubble-background.png".' in E:\xampp1\htdocs\bs\framework\web\CWebApplication.php:286
Stack trace:
#0 E:\xampp1\htdocs\bs\framework\web\CWebApplication.php(141): CWebApplication->runController('themes/business...')
#1 E:\xampp1\htdocs\bs\framework\base\CApplication.php(180): CWebApplication->processRequest()
#2 E:\xampp1\htdocs\bs\www\index.php(14): CApplication->run()
#3 {main}
REQUEST_URI=/bs/www/themes/business/css/images/pink-bubble-background.png
HTTP_REFERER=http://localhost/bs/www/themes/business/css/style.css
---
2016/06/29 18:19:50 [error] [exception.CHttpException.404] exception 'CHttpException' with message 'Unable to resolve the request "themes/business/css/investor_area.css".' in E:\xampp1\htdocs\bs\framework\web\CWebApplication.php:286
Stack trace:
#0 E:\xampp1\htdocs\bs\framework\web\CWebApplication.php(141): CWebApplication->runController('themes/business...')
#1 E:\xampp1\htdocs\bs\framework\base\CApplication.php(180): CWebApplication->processRequest()
#2 E:\xampp1\htdocs\bs\www\index.php(14): CApplication->run()
#3 {main}
REQUEST_URI=/bs/www/themes/business/css/investor_area.css
HTTP_REFERER=http://localhost/bs/www/mymessage
---
2016/06/29 18:19:52 [error] [exception.CHttpException.404] exception 'CHttpException' with message 'Unable to resolve the request "themes/business/css/images/pink-bubble-background.png".' in E:\xampp1\htdocs\bs\framework\web\CWebApplication.php:286
Stack trace:
#0 E:\xampp1\htdocs\bs\framework\web\CWebApplication.php(141): CWebApplication->runController('themes/business...')
#1 E:\xampp1\htdocs\bs\framework\base\CApplication.php(180): CWebApplication->processRequest()
#2 E:\xampp1\htdocs\bs\www\index.php(14): CApplication->run()
#3 {main}
REQUEST_URI=/bs/www/themes/business/css/images/pink-bubble-background.png
HTTP_REFERER=http://localhost/bs/www/themes/business/css/style.css
---
2016/06/29 18:19:52 [error] [exception.CHttpException.404] exception 'CHttpException' with message 'Unable to resolve the request "themes/business/css/images/pink-bubble-top.png".' in E:\xampp1\htdocs\bs\framework\web\CWebApplication.php:286
Stack trace:
#0 E:\xampp1\htdocs\bs\framework\web\CWebApplication.php(141): CWebApplication->runController('themes/business...')
#1 E:\xampp1\htdocs\bs\framework\base\CApplication.php(180): CWebApplication->processRequest()
#2 E:\xampp1\htdocs\bs\www\index.php(14): CApplication->run()
#3 {main}
REQUEST_URI=/bs/www/themes/business/css/images/pink-bubble-top.png
HTTP_REFERER=http://localhost/bs/www/themes/business/css/style.css
---
