2016/08/04 02:36:10 [error] [exception.CHttpException.404] exception 'CHttpException' with message 'Unable to resolve the request "themes/business/css/investor_area.css".' in C:\laragon\www\bsupermarket\framework\web\CWebApplication.php:286
Stack trace:
#0 C:\laragon\www\bsupermarket\framework\web\CWebApplication.php(141): CWebApplication->runController('themes/business...')
#1 C:\laragon\www\bsupermarket\framework\base\CApplication.php(180): CWebApplication->processRequest()
#2 C:\laragon\www\bsupermarket\www\index.php(14): CApplication->run()
#3 {main}
REQUEST_URI=/bsupermarket/www/themes/business/css/investor_area.css
HTTP_REFERER=http://localhost/bsupermarket/www/
---
2016/08/04 02:36:11 [error] [exception.CHttpException.404] exception 'CHttpException' with message 'Unable to resolve the request "themes/business/css/images/pink-bubble-background.png".' in C:\laragon\www\bsupermarket\framework\web\CWebApplication.php:286
Stack trace:
#0 C:\laragon\www\bsupermarket\framework\web\CWebApplication.php(141): CWebApplication->runController('themes/business...')
#1 C:\laragon\www\bsupermarket\framework\base\CApplication.php(180): CWebApplication->processRequest()
#2 C:\laragon\www\bsupermarket\www\index.php(14): CApplication->run()
#3 {main}
REQUEST_URI=/bsupermarket/www/themes/business/css/images/pink-bubble-background.png
HTTP_REFERER=http://localhost/bsupermarket/www/themes/business/css/style.css
---
2016/08/04 02:36:11 [error] [exception.CHttpException.404] exception 'CHttpException' with message 'Unable to resolve the request "themes/business/css/images/pink-bubble-top.png".' in C:\laragon\www\bsupermarket\framework\web\CWebApplication.php:286
Stack trace:
#0 C:\laragon\www\bsupermarket\framework\web\CWebApplication.php(141): CWebApplication->runController('themes/business...')
#1 C:\laragon\www\bsupermarket\framework\base\CApplication.php(180): CWebApplication->processRequest()
#2 C:\laragon\www\bsupermarket\www\index.php(14): CApplication->run()
#3 {main}
REQUEST_URI=/bsupermarket/www/themes/business/css/images/pink-bubble-top.png
HTTP_REFERER=http://localhost/bsupermarket/www/themes/business/css/style.css
---
2016/08/04 02:37:51 [error] [exception.CHttpException.404] exception 'CHttpException' with message 'Unable to resolve the request "themes/business/css/investor_area.css".' in C:\laragon\www\bsupermarket\framework\web\CWebApplication.php:286
Stack trace:
#0 C:\laragon\www\bsupermarket\framework\web\CWebApplication.php(141): CWebApplication->runController('themes/business...')
#1 C:\laragon\www\bsupermarket\framework\base\CApplication.php(180): CWebApplication->processRequest()
#2 C:\laragon\www\bsupermarket\www\index.php(14): CApplication->run()
#3 {main}
REQUEST_URI=/bsupermarket/www/themes/business/css/investor_area.css
HTTP_REFERER=http://localhost/bsupermarket/www/
---
2016/08/04 02:37:52 [error] [exception.CHttpException.404] exception 'CHttpException' with message 'Unable to resolve the request "themes/business/css/images/pink-bubble-top.png".' in C:\laragon\www\bsupermarket\framework\web\CWebApplication.php:286
Stack trace:
#0 C:\laragon\www\bsupermarket\framework\web\CWebApplication.php(141): CWebApplication->runController('themes/business...')
#1 C:\laragon\www\bsupermarket\framework\base\CApplication.php(180): CWebApplication->processRequest()
#2 C:\laragon\www\bsupermarket\www\index.php(14): CApplication->run()
#3 {main}
REQUEST_URI=/bsupermarket/www/themes/business/css/images/pink-bubble-top.png
HTTP_REFERER=http://localhost/bsupermarket/www/themes/business/css/style.css
---
2016/08/04 02:37:52 [error] [exception.CHttpException.404] exception 'CHttpException' with message 'Unable to resolve the request "themes/business/css/images/pink-bubble-background.png".' in C:\laragon\www\bsupermarket\framework\web\CWebApplication.php:286
Stack trace:
#0 C:\laragon\www\bsupermarket\framework\web\CWebApplication.php(141): CWebApplication->runController('themes/business...')
#1 C:\laragon\www\bsupermarket\framework\base\CApplication.php(180): CWebApplication->processRequest()
#2 C:\laragon\www\bsupermarket\www\index.php(14): CApplication->run()
#3 {main}
REQUEST_URI=/bsupermarket/www/themes/business/css/images/pink-bubble-background.png
HTTP_REFERER=http://localhost/bsupermarket/www/themes/business/css/style.css
---
2016/08/04 02:37:58 [error] [exception.CHttpException.404] exception 'CHttpException' with message 'Unable to resolve the request "themes/business/css/investor_area.css".' in C:\laragon\www\bsupermarket\framework\web\CWebApplication.php:286
Stack trace:
#0 C:\laragon\www\bsupermarket\framework\web\CWebApplication.php(141): CWebApplication->runController('themes/business...')
#1 C:\laragon\www\bsupermarket\framework\base\CApplication.php(180): CWebApplication->processRequest()
#2 C:\laragon\www\bsupermarket\www\index.php(14): CApplication->run()
#3 {main}
REQUEST_URI=/bsupermarket/www/themes/business/css/investor_area.css
HTTP_REFERER=http://localhost/bsupermarket/www/
---
2016/08/04 02:37:59 [error] [exception.CHttpException.404] exception 'CHttpException' with message 'Unable to resolve the request "themes/business/css/images/pink-bubble-top.png".' in C:\laragon\www\bsupermarket\framework\web\CWebApplication.php:286
Stack trace:
#0 C:\laragon\www\bsupermarket\framework\web\CWebApplication.php(141): CWebApplication->runController('themes/business...')
#1 C:\laragon\www\bsupermarket\framework\base\CApplication.php(180): CWebApplication->processRequest()
#2 C:\laragon\www\bsupermarket\www\index.php(14): CApplication->run()
#3 {main}
REQUEST_URI=/bsupermarket/www/themes/business/css/images/pink-bubble-top.png
HTTP_REFERER=http://localhost/bsupermarket/www/themes/business/css/style.css
---
2016/08/04 02:37:59 [error] [exception.CHttpException.404] exception 'CHttpException' with message 'Unable to resolve the request "themes/business/css/images/pink-bubble-background.png".' in C:\laragon\www\bsupermarket\framework\web\CWebApplication.php:286
Stack trace:
#0 C:\laragon\www\bsupermarket\framework\web\CWebApplication.php(141): CWebApplication->runController('themes/business...')
#1 C:\laragon\www\bsupermarket\framework\base\CApplication.php(180): CWebApplication->processRequest()
#2 C:\laragon\www\bsupermarket\www\index.php(14): CApplication->run()
#3 {main}
REQUEST_URI=/bsupermarket/www/themes/business/css/images/pink-bubble-background.png
HTTP_REFERER=http://localhost/bsupermarket/www/themes/business/css/style.css
---
2016/08/04 02:38:37 [error] [exception.CHttpException.404] exception 'CHttpException' with message 'Unable to resolve the request "themes/business/css/investor_area.css".' in C:\laragon\www\bsupermarket\framework\web\CWebApplication.php:286
Stack trace:
#0 C:\laragon\www\bsupermarket\framework\web\CWebApplication.php(141): CWebApplication->runController('themes/business...')
#1 C:\laragon\www\bsupermarket\framework\base\CApplication.php(180): CWebApplication->processRequest()
#2 C:\laragon\www\bsupermarket\www\index.php(14): CApplication->run()
#3 {main}
REQUEST_URI=/bsupermarket/www/themes/business/css/investor_area.css
HTTP_REFERER=http://localhost/bsupermarket/www/user/myaccount/update
---
2016/08/04 02:38:37 [error] [exception.CHttpException.404] exception 'CHttpException' with message 'Unable to resolve the request "themes/business/css/images/pink-bubble-background.png".' in C:\laragon\www\bsupermarket\framework\web\CWebApplication.php:286
Stack trace:
#0 C:\laragon\www\bsupermarket\framework\web\CWebApplication.php(141): CWebApplication->runController('themes/business...')
#1 C:\laragon\www\bsupermarket\framework\base\CApplication.php(180): CWebApplication->processRequest()
#2 C:\laragon\www\bsupermarket\www\index.php(14): CApplication->run()
#3 {main}
REQUEST_URI=/bsupermarket/www/themes/business/css/images/pink-bubble-background.png
HTTP_REFERER=http://localhost/bsupermarket/www/themes/business/css/style.css
---
2016/08/04 02:38:37 [error] [exception.CHttpException.404] exception 'CHttpException' with message 'Unable to resolve the request "themes/business/css/images/pink-bubble-top.png".' in C:\laragon\www\bsupermarket\framework\web\CWebApplication.php:286
Stack trace:
#0 C:\laragon\www\bsupermarket\framework\web\CWebApplication.php(141): CWebApplication->runController('themes/business...')
#1 C:\laragon\www\bsupermarket\framework\base\CApplication.php(180): CWebApplication->processRequest()
#2 C:\laragon\www\bsupermarket\www\index.php(14): CApplication->run()
#3 {main}
REQUEST_URI=/bsupermarket/www/themes/business/css/images/pink-bubble-top.png
HTTP_REFERER=http://localhost/bsupermarket/www/themes/business/css/style.css
---
2016/08/04 02:38:43 [error] [exception.CHttpException.404] exception 'CHttpException' with message 'Unable to resolve the request "themes/business/css/investor_area.css".' in C:\laragon\www\bsupermarket\framework\web\CWebApplication.php:286
Stack trace:
#0 C:\laragon\www\bsupermarket\framework\web\CWebApplication.php(141): CWebApplication->runController('themes/business...')
#1 C:\laragon\www\bsupermarket\framework\base\CApplication.php(180): CWebApplication->processRequest()
#2 C:\laragon\www\bsupermarket\www\index.php(14): CApplication->run()
#3 {main}
REQUEST_URI=/bsupermarket/www/themes/business/css/investor_area.css
HTTP_REFERER=http://localhost/bsupermarket/www/listing/create
---
2016/08/04 02:38:43 [error] [exception.CHttpException.404] exception 'CHttpException' with message 'Unable to resolve the request "themes/business/css/images/pink-bubble-background.png".' in C:\laragon\www\bsupermarket\framework\web\CWebApplication.php:286
Stack trace:
#0 C:\laragon\www\bsupermarket\framework\web\CWebApplication.php(141): CWebApplication->runController('themes/business...')
#1 C:\laragon\www\bsupermarket\framework\base\CApplication.php(180): CWebApplication->processRequest()
#2 C:\laragon\www\bsupermarket\www\index.php(14): CApplication->run()
#3 {main}
REQUEST_URI=/bsupermarket/www/themes/business/css/images/pink-bubble-background.png
HTTP_REFERER=http://localhost/bsupermarket/www/themes/business/css/style.css
---
2016/08/04 02:38:43 [error] [exception.CHttpException.404] exception 'CHttpException' with message 'Unable to resolve the request "themes/business/css/images/pink-bubble-top.png".' in C:\laragon\www\bsupermarket\framework\web\CWebApplication.php:286
Stack trace:
#0 C:\laragon\www\bsupermarket\framework\web\CWebApplication.php(141): CWebApplication->runController('themes/business...')
#1 C:\laragon\www\bsupermarket\framework\base\CApplication.php(180): CWebApplication->processRequest()
#2 C:\laragon\www\bsupermarket\www\index.php(14): CApplication->run()
#3 {main}
REQUEST_URI=/bsupermarket/www/themes/business/css/images/pink-bubble-top.png
HTTP_REFERER=http://localhost/bsupermarket/www/themes/business/css/style.css
---
2016/08/04 02:42:09 [error] [exception.CHttpException.404] exception 'CHttpException' with message 'Unable to resolve the request "themes/business/css/investor_area.css".' in C:\laragon\www\bsupermarket\framework\web\CWebApplication.php:286
Stack trace:
#0 C:\laragon\www\bsupermarket\framework\web\CWebApplication.php(141): CWebApplication->runController('themes/business...')
#1 C:\laragon\www\bsupermarket\framework\base\CApplication.php(180): CWebApplication->processRequest()
#2 C:\laragon\www\bsupermarket\www\index.php(14): CApplication->run()
#3 {main}
REQUEST_URI=/bsupermarket/www/themes/business/css/investor_area.css
HTTP_REFERER=http://localhost/bsupermarket/www/listing/create
---
2016/08/04 02:42:09 [error] [exception.CHttpException.404] exception 'CHttpException' with message 'Unable to resolve the request "themes/business/css/images/pink-bubble-top.png".' in C:\laragon\www\bsupermarket\framework\web\CWebApplication.php:286
Stack trace:
#0 C:\laragon\www\bsupermarket\framework\web\CWebApplication.php(141): CWebApplication->runController('themes/business...')
#1 C:\laragon\www\bsupermarket\framework\base\CApplication.php(180): CWebApplication->processRequest()
#2 C:\laragon\www\bsupermarket\www\index.php(14): CApplication->run()
#3 {main}
REQUEST_URI=/bsupermarket/www/themes/business/css/images/pink-bubble-top.png
HTTP_REFERER=http://localhost/bsupermarket/www/themes/business/css/style.css
---
2016/08/04 02:42:10 [error] [exception.CHttpException.404] exception 'CHttpException' with message 'Unable to resolve the request "themes/business/css/images/pink-bubble-background.png".' in C:\laragon\www\bsupermarket\framework\web\CWebApplication.php:286
Stack trace:
#0 C:\laragon\www\bsupermarket\framework\web\CWebApplication.php(141): CWebApplication->runController('themes/business...')
#1 C:\laragon\www\bsupermarket\framework\base\CApplication.php(180): CWebApplication->processRequest()
#2 C:\laragon\www\bsupermarket\www\index.php(14): CApplication->run()
#3 {main}
REQUEST_URI=/bsupermarket/www/themes/business/css/images/pink-bubble-background.png
HTTP_REFERER=http://localhost/bsupermarket/www/themes/business/css/style.css
---
2016/08/04 02:43:07 [error] [exception.CHttpException.404] exception 'CHttpException' with message 'Unable to resolve the request "themes/business/css/investor_area.css".' in C:\laragon\www\bsupermarket\framework\web\CWebApplication.php:286
Stack trace:
#0 C:\laragon\www\bsupermarket\framework\web\CWebApplication.php(141): CWebApplication->runController('themes/business...')
#1 C:\laragon\www\bsupermarket\framework\base\CApplication.php(180): CWebApplication->processRequest()
#2 C:\laragon\www\bsupermarket\www\index.php(14): CApplication->run()
#3 {main}
REQUEST_URI=/bsupermarket/www/themes/business/css/investor_area.css
HTTP_REFERER=http://localhost/bsupermarket/www/listing/create
---
2016/08/04 02:43:07 [error] [exception.CHttpException.404] exception 'CHttpException' with message 'Unable to resolve the request "themes/business/css/images/pink-bubble-top.png".' in C:\laragon\www\bsupermarket\framework\web\CWebApplication.php:286
Stack trace:
#0 C:\laragon\www\bsupermarket\framework\web\CWebApplication.php(141): CWebApplication->runController('themes/business...')
#1 C:\laragon\www\bsupermarket\framework\base\CApplication.php(180): CWebApplication->processRequest()
#2 C:\laragon\www\bsupermarket\www\index.php(14): CApplication->run()
#3 {main}
REQUEST_URI=/bsupermarket/www/themes/business/css/images/pink-bubble-top.png
HTTP_REFERER=http://localhost/bsupermarket/www/themes/business/css/style.css
---
2016/08/04 02:43:07 [error] [exception.CHttpException.404] exception 'CHttpException' with message 'Unable to resolve the request "themes/business/css/images/pink-bubble-background.png".' in C:\laragon\www\bsupermarket\framework\web\CWebApplication.php:286
Stack trace:
#0 C:\laragon\www\bsupermarket\framework\web\CWebApplication.php(141): CWebApplication->runController('themes/business...')
#1 C:\laragon\www\bsupermarket\framework\base\CApplication.php(180): CWebApplication->processRequest()
#2 C:\laragon\www\bsupermarket\www\index.php(14): CApplication->run()
#3 {main}
REQUEST_URI=/bsupermarket/www/themes/business/css/images/pink-bubble-background.png
HTTP_REFERER=http://localhost/bsupermarket/www/themes/business/css/style.css
---
2016/08/04 02:43:37 [error] [exception.CHttpException.404] exception 'CHttpException' with message 'Unable to resolve the request "themes/business/css/investor_area.css".' in C:\laragon\www\bsupermarket\framework\web\CWebApplication.php:286
Stack trace:
#0 C:\laragon\www\bsupermarket\framework\web\CWebApplication.php(141): CWebApplication->runController('themes/business...')
#1 C:\laragon\www\bsupermarket\framework\base\CApplication.php(180): CWebApplication->processRequest()
#2 C:\laragon\www\bsupermarket\www\index.php(14): CApplication->run()
#3 {main}
REQUEST_URI=/bsupermarket/www/themes/business/css/investor_area.css
HTTP_REFERER=http://localhost/bsupermarket/www/listing/create
---
2016/08/04 02:43:38 [error] [exception.CHttpException.404] exception 'CHttpException' with message 'Unable to resolve the request "themes/business/css/images/pink-bubble-top.png".' in C:\laragon\www\bsupermarket\framework\web\CWebApplication.php:286
Stack trace:
#0 C:\laragon\www\bsupermarket\framework\web\CWebApplication.php(141): CWebApplication->runController('themes/business...')
#1 C:\laragon\www\bsupermarket\framework\base\CApplication.php(180): CWebApplication->processRequest()
#2 C:\laragon\www\bsupermarket\www\index.php(14): CApplication->run()
#3 {main}
REQUEST_URI=/bsupermarket/www/themes/business/css/images/pink-bubble-top.png
HTTP_REFERER=http://localhost/bsupermarket/www/themes/business/css/style.css
---
2016/08/04 02:43:38 [error] [exception.CHttpException.404] exception 'CHttpException' with message 'Unable to resolve the request "themes/business/css/images/pink-bubble-background.png".' in C:\laragon\www\bsupermarket\framework\web\CWebApplication.php:286
Stack trace:
#0 C:\laragon\www\bsupermarket\framework\web\CWebApplication.php(141): CWebApplication->runController('themes/business...')
#1 C:\laragon\www\bsupermarket\framework\base\CApplication.php(180): CWebApplication->processRequest()
#2 C:\laragon\www\bsupermarket\www\index.php(14): CApplication->run()
#3 {main}
REQUEST_URI=/bsupermarket/www/themes/business/css/images/pink-bubble-background.png
HTTP_REFERER=http://localhost/bsupermarket/www/themes/business/css/style.css
---
2016/08/04 02:44:49 [error] [exception.CHttpException.404] exception 'CHttpException' with message 'Unable to resolve the request "themes/business/css/investor_area.css".' in C:\laragon\www\bsupermarket\framework\web\CWebApplication.php:286
Stack trace:
#0 C:\laragon\www\bsupermarket\framework\web\CWebApplication.php(141): CWebApplication->runController('themes/business...')
#1 C:\laragon\www\bsupermarket\framework\base\CApplication.php(180): CWebApplication->processRequest()
#2 C:\laragon\www\bsupermarket\www\index.php(14): CApplication->run()
#3 {main}
REQUEST_URI=/bsupermarket/www/themes/business/css/investor_area.css
HTTP_REFERER=http://localhost/bsupermarket/www/listing/create
---
2016/08/04 02:44:49 [error] [exception.CHttpException.404] exception 'CHttpException' with message 'Unable to resolve the request "themes/business/css/images/pink-bubble-background.png".' in C:\laragon\www\bsupermarket\framework\web\CWebApplication.php:286
Stack trace:
#0 C:\laragon\www\bsupermarket\framework\web\CWebApplication.php(141): CWebApplication->runController('themes/business...')
#1 C:\laragon\www\bsupermarket\framework\base\CApplication.php(180): CWebApplication->processRequest()
#2 C:\laragon\www\bsupermarket\www\index.php(14): CApplication->run()
#3 {main}
REQUEST_URI=/bsupermarket/www/themes/business/css/images/pink-bubble-background.png
HTTP_REFERER=http://localhost/bsupermarket/www/themes/business/css/style.css
---
2016/08/04 02:44:49 [error] [exception.CHttpException.404] exception 'CHttpException' with message 'Unable to resolve the request "themes/business/css/images/pink-bubble-top.png".' in C:\laragon\www\bsupermarket\framework\web\CWebApplication.php:286
Stack trace:
#0 C:\laragon\www\bsupermarket\framework\web\CWebApplication.php(141): CWebApplication->runController('themes/business...')
#1 C:\laragon\www\bsupermarket\framework\base\CApplication.php(180): CWebApplication->processRequest()
#2 C:\laragon\www\bsupermarket\www\index.php(14): CApplication->run()
#3 {main}
REQUEST_URI=/bsupermarket/www/themes/business/css/images/pink-bubble-top.png
HTTP_REFERER=http://localhost/bsupermarket/www/themes/business/css/style.css
---
2016/08/04 02:46:51 [error] [exception.CHttpException.404] exception 'CHttpException' with message 'Unable to resolve the request "themes/business/css/investor_area.css".' in C:\laragon\www\bsupermarket\framework\web\CWebApplication.php:286
Stack trace:
#0 C:\laragon\www\bsupermarket\framework\web\CWebApplication.php(141): CWebApplication->runController('themes/business...')
#1 C:\laragon\www\bsupermarket\framework\base\CApplication.php(180): CWebApplication->processRequest()
#2 C:\laragon\www\bsupermarket\www\index.php(14): CApplication->run()
#3 {main}
REQUEST_URI=/bsupermarket/www/themes/business/css/investor_area.css
HTTP_REFERER=http://localhost/bsupermarket/www/listing/create
---
2016/08/04 02:46:52 [error] [exception.CHttpException.404] exception 'CHttpException' with message 'Unable to resolve the request "themes/business/css/images/pink-bubble-top.png".' in C:\laragon\www\bsupermarket\framework\web\CWebApplication.php:286
Stack trace:
#0 C:\laragon\www\bsupermarket\framework\web\CWebApplication.php(141): CWebApplication->runController('themes/business...')
#1 C:\laragon\www\bsupermarket\framework\base\CApplication.php(180): CWebApplication->processRequest()
#2 C:\laragon\www\bsupermarket\www\index.php(14): CApplication->run()
#3 {main}
REQUEST_URI=/bsupermarket/www/themes/business/css/images/pink-bubble-top.png
HTTP_REFERER=http://localhost/bsupermarket/www/themes/business/css/style.css
---
2016/08/04 02:46:52 [error] [exception.CHttpException.404] exception 'CHttpException' with message 'Unable to resolve the request "themes/business/css/images/pink-bubble-background.png".' in C:\laragon\www\bsupermarket\framework\web\CWebApplication.php:286
Stack trace:
#0 C:\laragon\www\bsupermarket\framework\web\CWebApplication.php(141): CWebApplication->runController('themes/business...')
#1 C:\laragon\www\bsupermarket\framework\base\CApplication.php(180): CWebApplication->processRequest()
#2 C:\laragon\www\bsupermarket\www\index.php(14): CApplication->run()
#3 {main}
REQUEST_URI=/bsupermarket/www/themes/business/css/images/pink-bubble-background.png
HTTP_REFERER=http://localhost/bsupermarket/www/themes/business/css/style.css
---
2016/08/04 02:47:30 [error] [exception.CHttpException.404] exception 'CHttpException' with message 'Unable to resolve the request "themes/business/css/investor_area.css".' in C:\laragon\www\bsupermarket\framework\web\CWebApplication.php:286
Stack trace:
#0 C:\laragon\www\bsupermarket\framework\web\CWebApplication.php(141): CWebApplication->runController('themes/business...')
#1 C:\laragon\www\bsupermarket\framework\base\CApplication.php(180): CWebApplication->processRequest()
#2 C:\laragon\www\bsupermarket\www\index.php(14): CApplication->run()
#3 {main}
REQUEST_URI=/bsupermarket/www/themes/business/css/investor_area.css
HTTP_REFERER=http://localhost/bsupermarket/www/listing/create
---
2016/08/04 02:47:30 [error] [exception.CHttpException.404] exception 'CHttpException' with message 'Unable to resolve the request "themes/business/css/images/pink-bubble-top.png".' in C:\laragon\www\bsupermarket\framework\web\CWebApplication.php:286
Stack trace:
#0 C:\laragon\www\bsupermarket\framework\web\CWebApplication.php(141): CWebApplication->runController('themes/business...')
#1 C:\laragon\www\bsupermarket\framework\base\CApplication.php(180): CWebApplication->processRequest()
#2 C:\laragon\www\bsupermarket\www\index.php(14): CApplication->run()
#3 {main}
REQUEST_URI=/bsupermarket/www/themes/business/css/images/pink-bubble-top.png
HTTP_REFERER=http://localhost/bsupermarket/www/themes/business/css/style.css
---
2016/08/04 02:47:30 [error] [exception.CHttpException.404] exception 'CHttpException' with message 'Unable to resolve the request "themes/business/css/images/pink-bubble-background.png".' in C:\laragon\www\bsupermarket\framework\web\CWebApplication.php:286
Stack trace:
#0 C:\laragon\www\bsupermarket\framework\web\CWebApplication.php(141): CWebApplication->runController('themes/business...')
#1 C:\laragon\www\bsupermarket\framework\base\CApplication.php(180): CWebApplication->processRequest()
#2 C:\laragon\www\bsupermarket\www\index.php(14): CApplication->run()
#3 {main}
REQUEST_URI=/bsupermarket/www/themes/business/css/images/pink-bubble-background.png
HTTP_REFERER=http://localhost/bsupermarket/www/themes/business/css/style.css
---
