2016/06/07 17:15:13 [error] [exception.CHttpException.404] CHttpException: Unable to resolve the request "themes/business/css/investor_area.css". in C:\xampp\htdocs\bsupermarket\framework\web\CWebApplication.php:286
Stack trace:
#0 C:\xampp\htdocs\bsupermarket\framework\web\CWebApplication.php(141): CWebApplication->runController('themes/business...')
#1 C:\xampp\htdocs\bsupermarket\framework\base\CApplication.php(180): CWebApplication->processRequest()
#2 C:\xampp\htdocs\bsupermarket\www\index.php(14): CApplication->run()
#3 {main}
REQUEST_URI=/bsupermarket/www/themes/business/css/investor_area.css
HTTP_REFERER=http://localhost/bsupermarket/www/businesslisting/business-services?tab=promotions
---
2016/06/07 17:15:14 [error] [exception.CHttpException.404] CHttpException: Unable to resolve the request "themes/business/css/images/pink-bubble-background.png". in C:\xampp\htdocs\bsupermarket\framework\web\CWebApplication.php:286
Stack trace:
#0 C:\xampp\htdocs\bsupermarket\framework\web\CWebApplication.php(141): CWebApplication->runController('themes/business...')
#1 C:\xampp\htdocs\bsupermarket\framework\base\CApplication.php(180): CWebApplication->processRequest()
#2 C:\xampp\htdocs\bsupermarket\www\index.php(14): CApplication->run()
#3 {main}
REQUEST_URI=/bsupermarket/www/themes/business/css/images/pink-bubble-background.png
HTTP_REFERER=http://localhost/bsupermarket/www/themes/business/css/style.css
---
2016/06/07 17:15:14 [error] [exception.CHttpException.404] CHttpException: Unable to resolve the request "themes/business/css/images/pink-bubble-top.png". in C:\xampp\htdocs\bsupermarket\framework\web\CWebApplication.php:286
Stack trace:
#0 C:\xampp\htdocs\bsupermarket\framework\web\CWebApplication.php(141): CWebApplication->runController('themes/business...')
#1 C:\xampp\htdocs\bsupermarket\framework\base\CApplication.php(180): CWebApplication->processRequest()
#2 C:\xampp\htdocs\bsupermarket\www\index.php(14): CApplication->run()
#3 {main}
REQUEST_URI=/bsupermarket/www/themes/business/css/images/pink-bubble-top.png
HTTP_REFERER=http://localhost/bsupermarket/www/themes/business/css/style.css
---
2016/06/07 17:30:48 [error] [exception.Error] Error: Class 'Listing' not found in C:\xampp\htdocs\bsupermarket\framework\db\ar\CActiveRecord.php:395
Stack trace:
#0 C:\xampp\htdocs\bsupermarket\framework\db\ar\CActiveFinder.php(182): CActiveRecord::model('Listing')
#1 C:\xampp\htdocs\bsupermarket\framework\db\ar\CActiveFinder.php(230): CActiveFinder->getModel('Listing')
#2 C:\xampp\htdocs\bsupermarket\framework\db\ar\CActiveFinder.php(48): CActiveFinder->buildJoinTree(Object(CJoinElement), 'userDefaultList...')
#3 C:\xampp\htdocs\bsupermarket\framework\db\ar\CActiveRecord.php(909): CActiveFinder->__construct(Object(PrizePoints), 'userDefaultList...')
#4 C:\xampp\htdocs\bsupermarket\framework\db\ar\CActiveRecord.php(280): CActiveRecord->getActiveFinder('userDefaultList...')
#5 C:\xampp\htdocs\bsupermarket\framework\db\ar\CActiveRecord.php(143): CActiveRecord->getRelated('userDefaultList...')
#6 C:\xampp\htdocs\bsupermarket\runtime\modules\businesslisting\controllers\BusinesslistingController.php(154): CActiveRecord->__get('userDefaultList...')
#7 C:\xampp\htdocs\bsupermarket\framework\web\actions\CInlineAction.php(49): BusinesslistingController->actionBusiness_services()
#8 C:\xampp\htdocs\bsupermarket\framework\web\CController.php(308): CInlineAction->runWithParams(Array)
#9 C:\xampp\htdocs\bsupermarket\framework\web\filters\CFilterChain.php(133): CController->runAction(Object(CInlineAction))
#10 C:\xampp\htdocs\bsupermarket\framework\web\filters\CFilter.php(40): CFilterChain->run()
#11 C:\xampp\htdocs\bsupermarket\framework\web\CController.php(1145): CFilter->filter(Object(CFilterChain))
#12 C:\xampp\htdocs\bsupermarket\framework\web\filters\CInlineFilter.php(58): CController->filterAccessControl(Object(CFilterChain))
#13 C:\xampp\htdocs\bsupermarket\framework\web\filters\CFilterChain.php(130): CInlineFilter->filter(Object(CFilterChain))
#14 C:\xampp\htdocs\bsupermarket\framework\web\CController.php(291): CFilterChain->run()
#15 C:\xampp\htdocs\bsupermarket\framework\web\CController.php(265): CController->runActionWithFilters(Object(CInlineAction), Array)
#16 C:\xampp\htdocs\bsupermarket\framework\web\CWebApplication.php(282): CController->run('business_servic...')
#17 C:\xampp\htdocs\bsupermarket\framework\web\CWebApplication.php(141): CWebApplication->runController('businesslisting...')
#18 C:\xampp\htdocs\bsupermarket\framework\base\CApplication.php(180): CWebApplication->processRequest()
#19 C:\xampp\htdocs\bsupermarket\www\index.php(14): CApplication->run()
#20 {main}
REQUEST_URI=/bsupermarket/www/businesslisting/business-services?tab=promotions
HTTP_REFERER=http://localhost/bsupermarket/www/banner/index/listid/63/displayDialog/1/purchasePoints/75
---
2016/06/07 17:39:03 [error] [system.db.CDbCommand] CDbCommand::fetchAll() failed: SQLSTATE[42S02]: Base table or view not found: 1146 Table 'businessdb.user_default_user_listing' doesn't exist. The SQL statement executed was: SHOW FULL COLUMNS FROM `user_default_user_listing`.
in C:\xampp\htdocs\bsupermarket\runtime\modules\businesslisting\controllers\BusinesslistingController.php (154)
in C:\xampp\htdocs\bsupermarket\www\index.php (14)
2016/06/07 17:39:03 [error] [exception.CDbException] CDbException: The table "{{user_listing}}" for active record class "Listings" cannot be found in the database. in C:\xampp\htdocs\bsupermarket\framework\db\ar\CActiveRecord.php:2362
Stack trace:
#0 C:\xampp\htdocs\bsupermarket\framework\db\ar\CActiveRecord.php(411): CActiveRecordMetaData->__construct(Object(Listings))
#1 C:\xampp\htdocs\bsupermarket\framework\db\ar\CActiveRecord.php(658): CActiveRecord->getMetaData()
#2 C:\xampp\htdocs\bsupermarket\framework\db\ar\CActiveFinder.php(383): CActiveRecord->getTableSchema()
#3 C:\xampp\htdocs\bsupermarket\framework\db\ar\CActiveFinder.php(278): CJoinElement->__construct(Object(CActiveFinder), Object(CBelongsToRelation), Object(CJoinElement), 1)
#4 C:\xampp\htdocs\bsupermarket\framework\db\ar\CActiveFinder.php(48): CActiveFinder->buildJoinTree(Object(CJoinElement), 'userDefaultList...')
#5 C:\xampp\htdocs\bsupermarket\framework\db\ar\CActiveRecord.php(909): CActiveFinder->__construct(Object(PrizePoints), 'userDefaultList...')
#6 C:\xampp\htdocs\bsupermarket\framework\db\ar\CActiveRecord.php(280): CActiveRecord->getActiveFinder('userDefaultList...')
#7 C:\xampp\htdocs\bsupermarket\framework\db\ar\CActiveRecord.php(143): CActiveRecord->getRelated('userDefaultList...')
#8 C:\xampp\htdocs\bsupermarket\runtime\modules\businesslisting\controllers\BusinesslistingController.php(154): CActiveRecord->__get('userDefaultList...')
#9 C:\xampp\htdocs\bsupermarket\framework\web\actions\CInlineAction.php(49): BusinesslistingController->actionBusiness_services()
#10 C:\xampp\htdocs\bsupermarket\framework\web\CController.php(308): CInlineAction->runWithParams(Array)
#11 C:\xampp\htdocs\bsupermarket\framework\web\filters\CFilterChain.php(133): CController->runAction(Object(CInlineAction))
#12 C:\xampp\htdocs\bsupermarket\framework\web\filters\CFilter.php(40): CFilterChain->run()
#13 C:\xampp\htdocs\bsupermarket\framework\web\CController.php(1145): CFilter->filter(Object(CFilterChain))
#14 C:\xampp\htdocs\bsupermarket\framework\web\filters\CInlineFilter.php(58): CController->filterAccessControl(Object(CFilterChain))
#15 C:\xampp\htdocs\bsupermarket\framework\web\filters\CFilterChain.php(130): CInlineFilter->filter(Object(CFilterChain))
#16 C:\xampp\htdocs\bsupermarket\framework\web\CController.php(291): CFilterChain->run()
#17 C:\xampp\htdocs\bsupermarket\framework\web\CController.php(265): CController->runActionWithFilters(Object(CInlineAction), Array)
#18 C:\xampp\htdocs\bsupermarket\framework\web\CWebApplication.php(282): CController->run('business_servic...')
#19 C:\xampp\htdocs\bsupermarket\framework\web\CWebApplication.php(141): CWebApplication->runController('businesslisting...')
#20 C:\xampp\htdocs\bsupermarket\framework\base\CApplication.php(180): CWebApplication->processRequest()
#21 C:\xampp\htdocs\bsupermarket\www\index.php(14): CApplication->run()
#22 {main}
REQUEST_URI=/bsupermarket/www/businesslisting/business-services?tab=promotions
HTTP_REFERER=http://localhost/bsupermarket/www/banner/index/listid/63/displayDialog/1/purchasePoints/75
---
2016/06/07 17:47:33 [error] [system.db.CDbCommand] CDbCommand::fetchAll() failed: SQLSTATE[42S02]: Base table or view not found: 1146 Table 'businessdb.user_default_user_listing' doesn't exist. The SQL statement executed was: SHOW FULL COLUMNS FROM `user_default_user_listing`.
in C:\xampp\htdocs\bsupermarket\runtime\modules\businesslisting\controllers\BusinesslistingController.php (154)
in C:\xampp\htdocs\bsupermarket\www\index.php (14)
2016/06/07 17:47:33 [error] [exception.CDbException] CDbException: The table "{{user_listing}}" for active record class "Listings" cannot be found in the database. in C:\xampp\htdocs\bsupermarket\framework\db\ar\CActiveRecord.php:2362
Stack trace:
#0 C:\xampp\htdocs\bsupermarket\framework\db\ar\CActiveRecord.php(411): CActiveRecordMetaData->__construct(Object(Listings))
#1 C:\xampp\htdocs\bsupermarket\framework\db\ar\CActiveRecord.php(658): CActiveRecord->getMetaData()
#2 C:\xampp\htdocs\bsupermarket\framework\db\ar\CActiveFinder.php(383): CActiveRecord->getTableSchema()
#3 C:\xampp\htdocs\bsupermarket\framework\db\ar\CActiveFinder.php(278): CJoinElement->__construct(Object(CActiveFinder), Object(CBelongsToRelation), Object(CJoinElement), 1)
#4 C:\xampp\htdocs\bsupermarket\framework\db\ar\CActiveFinder.php(48): CActiveFinder->buildJoinTree(Object(CJoinElement), 'userDefaultList...')
#5 C:\xampp\htdocs\bsupermarket\framework\db\ar\CActiveRecord.php(909): CActiveFinder->__construct(Object(PrizePoints), 'userDefaultList...')
#6 C:\xampp\htdocs\bsupermarket\framework\db\ar\CActiveRecord.php(280): CActiveRecord->getActiveFinder('userDefaultList...')
#7 C:\xampp\htdocs\bsupermarket\framework\db\ar\CActiveRecord.php(143): CActiveRecord->getRelated('userDefaultList...')
#8 C:\xampp\htdocs\bsupermarket\runtime\modules\businesslisting\controllers\BusinesslistingController.php(154): CActiveRecord->__get('userDefaultList...')
#9 C:\xampp\htdocs\bsupermarket\framework\web\actions\CInlineAction.php(49): BusinesslistingController->actionBusiness_services()
#10 C:\xampp\htdocs\bsupermarket\framework\web\CController.php(308): CInlineAction->runWithParams(Array)
#11 C:\xampp\htdocs\bsupermarket\framework\web\filters\CFilterChain.php(133): CController->runAction(Object(CInlineAction))
#12 C:\xampp\htdocs\bsupermarket\framework\web\filters\CFilter.php(40): CFilterChain->run()
#13 C:\xampp\htdocs\bsupermarket\framework\web\CController.php(1145): CFilter->filter(Object(CFilterChain))
#14 C:\xampp\htdocs\bsupermarket\framework\web\filters\CInlineFilter.php(58): CController->filterAccessControl(Object(CFilterChain))
#15 C:\xampp\htdocs\bsupermarket\framework\web\filters\CFilterChain.php(130): CInlineFilter->filter(Object(CFilterChain))
#16 C:\xampp\htdocs\bsupermarket\framework\web\CController.php(291): CFilterChain->run()
#17 C:\xampp\htdocs\bsupermarket\framework\web\CController.php(265): CController->runActionWithFilters(Object(CInlineAction), Array)
#18 C:\xampp\htdocs\bsupermarket\framework\web\CWebApplication.php(282): CController->run('business_servic...')
#19 C:\xampp\htdocs\bsupermarket\framework\web\CWebApplication.php(141): CWebApplication->runController('businesslisting...')
#20 C:\xampp\htdocs\bsupermarket\framework\base\CApplication.php(180): CWebApplication->processRequest()
#21 C:\xampp\htdocs\bsupermarket\www\index.php(14): CApplication->run()
#22 {main}
REQUEST_URI=/bsupermarket/www/businesslisting/business-services?tab=promotions
HTTP_REFERER=http://localhost/bsupermarket/www/banner/index/listid/63/displayDialog/1/purchasePoints/75
---
2016/06/07 17:49:48 [error] [exception.Error] Error: Class 'Listings' not found in C:\xampp\htdocs\bsupermarket\framework\db\ar\CActiveRecord.php:395
Stack trace:
#0 C:\xampp\htdocs\bsupermarket\framework\db\ar\CActiveFinder.php(182): CActiveRecord::model('Listings')
#1 C:\xampp\htdocs\bsupermarket\framework\db\ar\CActiveFinder.php(230): CActiveFinder->getModel('Listings')
#2 C:\xampp\htdocs\bsupermarket\framework\db\ar\CActiveFinder.php(48): CActiveFinder->buildJoinTree(Object(CJoinElement), 'userDefaultList...')
#3 C:\xampp\htdocs\bsupermarket\framework\db\ar\CActiveRecord.php(909): CActiveFinder->__construct(Object(PrizePoints), 'userDefaultList...')
#4 C:\xampp\htdocs\bsupermarket\framework\db\ar\CActiveRecord.php(280): CActiveRecord->getActiveFinder('userDefaultList...')
#5 C:\xampp\htdocs\bsupermarket\framework\db\ar\CActiveRecord.php(143): CActiveRecord->getRelated('userDefaultList...')
#6 C:\xampp\htdocs\bsupermarket\runtime\modules\businesslisting\controllers\BusinesslistingController.php(154): CActiveRecord->__get('userDefaultList...')
#7 C:\xampp\htdocs\bsupermarket\framework\web\actions\CInlineAction.php(49): BusinesslistingController->actionBusiness_services()
#8 C:\xampp\htdocs\bsupermarket\framework\web\CController.php(308): CInlineAction->runWithParams(Array)
#9 C:\xampp\htdocs\bsupermarket\framework\web\filters\CFilterChain.php(133): CController->runAction(Object(CInlineAction))
#10 C:\xampp\htdocs\bsupermarket\framework\web\filters\CFilter.php(40): CFilterChain->run()
#11 C:\xampp\htdocs\bsupermarket\framework\web\CController.php(1145): CFilter->filter(Object(CFilterChain))
#12 C:\xampp\htdocs\bsupermarket\framework\web\filters\CInlineFilter.php(58): CController->filterAccessControl(Object(CFilterChain))
#13 C:\xampp\htdocs\bsupermarket\framework\web\filters\CFilterChain.php(130): CInlineFilter->filter(Object(CFilterChain))
#14 C:\xampp\htdocs\bsupermarket\framework\web\CController.php(291): CFilterChain->run()
#15 C:\xampp\htdocs\bsupermarket\framework\web\CController.php(265): CController->runActionWithFilters(Object(CInlineAction), Array)
#16 C:\xampp\htdocs\bsupermarket\framework\web\CWebApplication.php(282): CController->run('business_servic...')
#17 C:\xampp\htdocs\bsupermarket\framework\web\CWebApplication.php(141): CWebApplication->runController('businesslisting...')
#18 C:\xampp\htdocs\bsupermarket\framework\base\CApplication.php(180): CWebApplication->processRequest()
#19 C:\xampp\htdocs\bsupermarket\www\index.php(14): CApplication->run()
#20 {main}
REQUEST_URI=/bsupermarket/www/businesslisting/business-services?tab=promotions
HTTP_REFERER=http://localhost/bsupermarket/www/banner/index/listid/63/displayDialog/1/purchasePoints/75
---
2016/06/07 17:50:07 [error] [exception.Error] Error: Class 'Listings' not found in C:\xampp\htdocs\bsupermarket\framework\db\ar\CActiveRecord.php:395
Stack trace:
#0 C:\xampp\htdocs\bsupermarket\framework\db\ar\CActiveFinder.php(182): CActiveRecord::model('Listings')
#1 C:\xampp\htdocs\bsupermarket\framework\db\ar\CActiveFinder.php(230): CActiveFinder->getModel('Listings')
#2 C:\xampp\htdocs\bsupermarket\framework\db\ar\CActiveFinder.php(48): CActiveFinder->buildJoinTree(Object(CJoinElement), 'userDefaultList...')
#3 C:\xampp\htdocs\bsupermarket\framework\db\ar\CActiveRecord.php(909): CActiveFinder->__construct(Object(PrizePoints), 'userDefaultList...')
#4 C:\xampp\htdocs\bsupermarket\framework\db\ar\CActiveRecord.php(280): CActiveRecord->getActiveFinder('userDefaultList...')
#5 C:\xampp\htdocs\bsupermarket\framework\db\ar\CActiveRecord.php(143): CActiveRecord->getRelated('userDefaultList...')
#6 C:\xampp\htdocs\bsupermarket\runtime\modules\businesslisting\controllers\BusinesslistingController.php(154): CActiveRecord->__get('userDefaultList...')
#7 C:\xampp\htdocs\bsupermarket\framework\web\actions\CInlineAction.php(49): BusinesslistingController->actionBusiness_services()
#8 C:\xampp\htdocs\bsupermarket\framework\web\CController.php(308): CInlineAction->runWithParams(Array)
#9 C:\xampp\htdocs\bsupermarket\framework\web\filters\CFilterChain.php(133): CController->runAction(Object(CInlineAction))
#10 C:\xampp\htdocs\bsupermarket\framework\web\filters\CFilter.php(40): CFilterChain->run()
#11 C:\xampp\htdocs\bsupermarket\framework\web\CController.php(1145): CFilter->filter(Object(CFilterChain))
#12 C:\xampp\htdocs\bsupermarket\framework\web\filters\CInlineFilter.php(58): CController->filterAccessControl(Object(CFilterChain))
#13 C:\xampp\htdocs\bsupermarket\framework\web\filters\CFilterChain.php(130): CInlineFilter->filter(Object(CFilterChain))
#14 C:\xampp\htdocs\bsupermarket\framework\web\CController.php(291): CFilterChain->run()
#15 C:\xampp\htdocs\bsupermarket\framework\web\CController.php(265): CController->runActionWithFilters(Object(CInlineAction), Array)
#16 C:\xampp\htdocs\bsupermarket\framework\web\CWebApplication.php(282): CController->run('business_servic...')
#17 C:\xampp\htdocs\bsupermarket\framework\web\CWebApplication.php(141): CWebApplication->runController('businesslisting...')
#18 C:\xampp\htdocs\bsupermarket\framework\base\CApplication.php(180): CWebApplication->processRequest()
#19 C:\xampp\htdocs\bsupermarket\www\index.php(14): CApplication->run()
#20 {main}
REQUEST_URI=/bsupermarket/www/businesslisting/business-services?tab=promotions
HTTP_REFERER=http://localhost/bsupermarket/www/banner/index/listid/63/displayDialog/1/purchasePoints/75
---
2016/06/07 17:59:10 [error] [exception.ParseError] ParseError: syntax error, unexpected '=', expecting ')' in C:\xampp\htdocs\bsupermarket\runtime\modules\businesslisting\controllers\BusinesslistingController.php:152
Stack trace:
#0 C:\xampp\htdocs\bsupermarket\framework\web\CWebApplication.php(338): CWebApplication->createController('business_servic...', Object(BusinesslistingModule))
#1 C:\xampp\htdocs\bsupermarket\framework\web\CWebApplication.php(276): CWebApplication->createController('businesslisting...')
#2 C:\xampp\htdocs\bsupermarket\framework\web\CWebApplication.php(141): CWebApplication->runController('businesslisting...')
#3 C:\xampp\htdocs\bsupermarket\framework\base\CApplication.php(180): CWebApplication->processRequest()
#4 C:\xampp\htdocs\bsupermarket\www\index.php(14): CApplication->run()
#5 {main}
REQUEST_URI=/bsupermarket/www/businesslisting/business-services?tab=promotions
HTTP_REFERER=http://localhost/bsupermarket/www/banner/index/listid/63/displayDialog/1/purchasePoints/75
---
2016/06/07 17:59:26 [error] [exception.Error] Error: Call to undefined function iset() in C:\xampp\htdocs\bsupermarket\runtime\modules\businesslisting\views\businesslisting\business_services.php:222
Stack trace:
#0 C:\xampp\htdocs\bsupermarket\framework\web\CBaseController.php(126): require()
#1 C:\xampp\htdocs\bsupermarket\framework\web\CBaseController.php(95): CBaseController->renderInternal('C:\\xampp\\htdocs...', Array, true)
#2 C:\xampp\htdocs\bsupermarket\framework\web\CController.php(869): CBaseController->renderFile('C:\\xampp\\htdocs...', Array, true)
#3 C:\xampp\htdocs\bsupermarket\framework\web\CController.php(782): CController->renderPartial('business_servic...', Array, true)
#4 C:\xampp\htdocs\bsupermarket\runtime\modules\businesslisting\controllers\BusinesslistingController.php(152): CController->render('business_servic...', Array)
#5 C:\xampp\htdocs\bsupermarket\framework\web\actions\CInlineAction.php(49): BusinesslistingController->actionBusiness_services()
#6 C:\xampp\htdocs\bsupermarket\framework\web\CController.php(308): CInlineAction->runWithParams(Array)
#7 C:\xampp\htdocs\bsupermarket\framework\web\filters\CFilterChain.php(133): CController->runAction(Object(CInlineAction))
#8 C:\xampp\htdocs\bsupermarket\framework\web\filters\CFilter.php(40): CFilterChain->run()
#9 C:\xampp\htdocs\bsupermarket\framework\web\CController.php(1145): CFilter->filter(Object(CFilterChain))
#10 C:\xampp\htdocs\bsupermarket\framework\web\filters\CInlineFilter.php(58): CController->filterAccessControl(Object(CFilterChain))
#11 C:\xampp\htdocs\bsupermarket\framework\web\filters\CFilterChain.php(130): CInlineFilter->filter(Object(CFilterChain))
#12 C:\xampp\htdocs\bsupermarket\framework\web\CController.php(291): CFilterChain->run()
#13 C:\xampp\htdocs\bsupermarket\framework\web\CController.php(265): CController->runActionWithFilters(Object(CInlineAction), Array)
#14 C:\xampp\htdocs\bsupermarket\framework\web\CWebApplication.php(282): CController->run('business_servic...')
#15 C:\xampp\htdocs\bsupermarket\framework\web\CWebApplication.php(141): CWebApplication->runController('businesslisting...')
#16 C:\xampp\htdocs\bsupermarket\framework\base\CApplication.php(180): CWebApplication->processRequest()
#17 C:\xampp\htdocs\bsupermarket\www\index.php(14): CApplication->run()
#18 {main}
REQUEST_URI=/bsupermarket/www/businesslisting/business-services?tab=promotions
HTTP_REFERER=http://localhost/bsupermarket/www/banner/index/listid/63/displayDialog/1/purchasePoints/75
---
2016/06/07 17:59:40 [error] [exception.CHttpException.404] CHttpException: Unable to resolve the request "themes/business/css/investor_area.css". in C:\xampp\htdocs\bsupermarket\framework\web\CWebApplication.php:286
Stack trace:
#0 C:\xampp\htdocs\bsupermarket\framework\web\CWebApplication.php(141): CWebApplication->runController('themes/business...')
#1 C:\xampp\htdocs\bsupermarket\framework\base\CApplication.php(180): CWebApplication->processRequest()
#2 C:\xampp\htdocs\bsupermarket\www\index.php(14): CApplication->run()
#3 {main}
REQUEST_URI=/bsupermarket/www/themes/business/css/investor_area.css
HTTP_REFERER=http://localhost/bsupermarket/www/businesslisting/business-services?tab=promotions
---
2016/06/07 17:59:41 [error] [exception.CHttpException.404] CHttpException: Unable to resolve the request "themes/business/css/images/pink-bubble-top.png". in C:\xampp\htdocs\bsupermarket\framework\web\CWebApplication.php:286
Stack trace:
#0 C:\xampp\htdocs\bsupermarket\framework\web\CWebApplication.php(141): CWebApplication->runController('themes/business...')
#1 C:\xampp\htdocs\bsupermarket\framework\base\CApplication.php(180): CWebApplication->processRequest()
#2 C:\xampp\htdocs\bsupermarket\www\index.php(14): CApplication->run()
#3 {main}
REQUEST_URI=/bsupermarket/www/themes/business/css/images/pink-bubble-top.png
HTTP_REFERER=http://localhost/bsupermarket/www/themes/business/css/style.css
---
2016/06/07 17:59:41 [error] [exception.CHttpException.404] CHttpException: Unable to resolve the request "themes/business/css/images/pink-bubble-background.png". in C:\xampp\htdocs\bsupermarket\framework\web\CWebApplication.php:286
Stack trace:
#0 C:\xampp\htdocs\bsupermarket\framework\web\CWebApplication.php(141): CWebApplication->runController('themes/business...')
#1 C:\xampp\htdocs\bsupermarket\framework\base\CApplication.php(180): CWebApplication->processRequest()
#2 C:\xampp\htdocs\bsupermarket\www\index.php(14): CApplication->run()
#3 {main}
REQUEST_URI=/bsupermarket/www/themes/business/css/images/pink-bubble-background.png
HTTP_REFERER=http://localhost/bsupermarket/www/themes/business/css/style.css
---
2016/06/07 17:59:52 [error] [exception.CHttpException.404] CHttpException: Unable to resolve the request "themes/business/css/investor_area.css". in C:\xampp\htdocs\bsupermarket\framework\web\CWebApplication.php:286
Stack trace:
#0 C:\xampp\htdocs\bsupermarket\framework\web\CWebApplication.php(141): CWebApplication->runController('themes/business...')
#1 C:\xampp\htdocs\bsupermarket\framework\base\CApplication.php(180): CWebApplication->processRequest()
#2 C:\xampp\htdocs\bsupermarket\www\index.php(14): CApplication->run()
#3 {main}
REQUEST_URI=/bsupermarket/www/themes/business/css/investor_area.css
HTTP_REFERER=http://localhost/bsupermarket/www/businesslisting/business-services?tab=promotions
---
2016/06/07 18:07:42 [error] [exception.CHttpException.404] CHttpException: Unable to resolve the request "themes/business/css/investor_area.css". in C:\xampp\htdocs\bsupermarket\framework\web\CWebApplication.php:286
Stack trace:
#0 C:\xampp\htdocs\bsupermarket\framework\web\CWebApplication.php(141): CWebApplication->runController('themes/business...')
#1 C:\xampp\htdocs\bsupermarket\framework\base\CApplication.php(180): CWebApplication->processRequest()
#2 C:\xampp\htdocs\bsupermarket\www\index.php(14): CApplication->run()
#3 {main}
REQUEST_URI=/bsupermarket/www/themes/business/css/investor_area.css
HTTP_REFERER=http://localhost/bsupermarket/www/businesslisting/business-services?tab=promotions
---
2016/06/07 18:08:38 [error] [exception.CHttpException.404] CHttpException: Unable to resolve the request "themes/business/css/investor_area.css". in C:\xampp\htdocs\bsupermarket\framework\web\CWebApplication.php:286
Stack trace:
#0 C:\xampp\htdocs\bsupermarket\framework\web\CWebApplication.php(141): CWebApplication->runController('themes/business...')
#1 C:\xampp\htdocs\bsupermarket\framework\base\CApplication.php(180): CWebApplication->processRequest()
#2 C:\xampp\htdocs\bsupermarket\www\index.php(14): CApplication->run()
#3 {main}
REQUEST_URI=/bsupermarket/www/themes/business/css/investor_area.css
HTTP_REFERER=http://localhost/bsupermarket/www/businesslisting/business-services?tab=promotions
---
2016/06/07 18:10:52 [error] [exception.CHttpException.404] CHttpException: Unable to resolve the request "themes/business/css/investor_area.css". in C:\xampp\htdocs\bsupermarket\framework\web\CWebApplication.php:286
Stack trace:
#0 C:\xampp\htdocs\bsupermarket\framework\web\CWebApplication.php(141): CWebApplication->runController('themes/business...')
#1 C:\xampp\htdocs\bsupermarket\framework\base\CApplication.php(180): CWebApplication->processRequest()
#2 C:\xampp\htdocs\bsupermarket\www\index.php(14): CApplication->run()
#3 {main}
REQUEST_URI=/bsupermarket/www/themes/business/css/investor_area.css
HTTP_REFERER=http://localhost/bsupermarket/www/businesslisting/business-services?tab=promotions
---
2016/06/07 18:15:12 [error] [exception.CHttpException.404] CHttpException: Unable to resolve the request "themes/business/css/investor_area.css". in C:\xampp\htdocs\bsupermarket\framework\web\CWebApplication.php:286
Stack trace:
#0 C:\xampp\htdocs\bsupermarket\framework\web\CWebApplication.php(141): CWebApplication->runController('themes/business...')
#1 C:\xampp\htdocs\bsupermarket\framework\base\CApplication.php(180): CWebApplication->processRequest()
#2 C:\xampp\htdocs\bsupermarket\www\index.php(14): CApplication->run()
#3 {main}
REQUEST_URI=/bsupermarket/www/themes/business/css/investor_area.css
HTTP_REFERER=http://localhost/bsupermarket/www/businesslisting/business-services?tab=promotions
---
2016/06/07 18:15:56 [error] [exception.CHttpException.404] CHttpException: Unable to resolve the request "themes/business/css/investor_area.css". in C:\xampp\htdocs\bsupermarket\framework\web\CWebApplication.php:286
Stack trace:
#0 C:\xampp\htdocs\bsupermarket\framework\web\CWebApplication.php(141): CWebApplication->runController('themes/business...')
#1 C:\xampp\htdocs\bsupermarket\framework\base\CApplication.php(180): CWebApplication->processRequest()
#2 C:\xampp\htdocs\bsupermarket\www\index.php(14): CApplication->run()
#3 {main}
REQUEST_URI=/bsupermarket/www/themes/business/css/investor_area.css
HTTP_REFERER=http://localhost/bsupermarket/www/businesslisting/business-services?tab=promotions
---
2016/06/07 18:17:46 [error] [exception.CHttpException.404] CHttpException: Unable to resolve the request "themes/business/css/investor_area.css". in C:\xampp\htdocs\bsupermarket\framework\web\CWebApplication.php:286
Stack trace:
#0 C:\xampp\htdocs\bsupermarket\framework\web\CWebApplication.php(141): CWebApplication->runController('themes/business...')
#1 C:\xampp\htdocs\bsupermarket\framework\base\CApplication.php(180): CWebApplication->processRequest()
#2 C:\xampp\htdocs\bsupermarket\www\index.php(14): CApplication->run()
#3 {main}
REQUEST_URI=/bsupermarket/www/themes/business/css/investor_area.css
HTTP_REFERER=http://localhost/bsupermarket/www/businesslisting/business-services?tab=promotions
---
2016/06/07 18:18:38 [error] [exception.CHttpException.404] CHttpException: Unable to resolve the request "themes/business/css/investor_area.css". in C:\xampp\htdocs\bsupermarket\framework\web\CWebApplication.php:286
Stack trace:
#0 C:\xampp\htdocs\bsupermarket\framework\web\CWebApplication.php(141): CWebApplication->runController('themes/business...')
#1 C:\xampp\htdocs\bsupermarket\framework\base\CApplication.php(180): CWebApplication->processRequest()
#2 C:\xampp\htdocs\bsupermarket\www\index.php(14): CApplication->run()
#3 {main}
REQUEST_URI=/bsupermarket/www/themes/business/css/investor_area.css
HTTP_REFERER=http://localhost/bsupermarket/www/businesslisting/business-services?tab=promotions
---
2016/06/07 18:20:28 [error] [exception.CHttpException.404] CHttpException: Unable to resolve the request "themes/business/css/investor_area.css". in C:\xampp\htdocs\bsupermarket\framework\web\CWebApplication.php:286
Stack trace:
#0 C:\xampp\htdocs\bsupermarket\framework\web\CWebApplication.php(141): CWebApplication->runController('themes/business...')
#1 C:\xampp\htdocs\bsupermarket\framework\base\CApplication.php(180): CWebApplication->processRequest()
#2 C:\xampp\htdocs\bsupermarket\www\index.php(14): CApplication->run()
#3 {main}
REQUEST_URI=/bsupermarket/www/themes/business/css/investor_area.css
HTTP_REFERER=http://localhost/bsupermarket/www/businesslisting/business-services?tab=promotions
---
