2016/07/02 04:11:36 [error] [exception.CHttpException.404] exception 'CHttpException' with message 'Unable to resolve the request "themes/business/css/investor_area.css".' in C:\laragon\www\bs\framework\web\CWebApplication.php:286
Stack trace:
#0 C:\laragon\www\bs\framework\web\CWebApplication.php(141): CWebApplication->runController('themes/business...')
#1 C:\laragon\www\bs\framework\base\CApplication.php(180): CWebApplication->processRequest()
#2 C:\laragon\www\bs\www\index.php(14): CApplication->run()
#3 {main}
REQUEST_URI=/bs/www/themes/business/css/investor_area.css
HTTP_REFERER=http://localhost/bs/www/listing/view?id=63
---
2016/07/02 04:11:36 [error] [exception.CHttpException.404] exception 'CHttpException' with message 'Unable to resolve the request "themes/business/js/jquery.validate.min.js".' in C:\laragon\www\bs\framework\web\CWebApplication.php:286
Stack trace:
#0 C:\laragon\www\bs\framework\web\CWebApplication.php(141): CWebApplication->runController('themes/business...')
#1 C:\laragon\www\bs\framework\base\CApplication.php(180): CWebApplication->processRequest()
#2 C:\laragon\www\bs\www\index.php(14): CApplication->run()
#3 {main}
REQUEST_URI=/bs/www/themes/business/js/jquery.validate.min.js
HTTP_REFERER=http://localhost/bs/www/listing/view?id=63
---
2016/07/02 04:11:36 [error] [exception.CHttpException.404] exception 'CHttpException' with message 'Unable to resolve the request "upload/users/jag_88/listing/big/Business_supermarket_1444505001.png".' in C:\laragon\www\bs\framework\web\CWebApplication.php:286
Stack trace:
#0 C:\laragon\www\bs\framework\web\CWebApplication.php(141): CWebApplication->runController('upload/users/ja...')
#1 C:\laragon\www\bs\framework\base\CApplication.php(180): CWebApplication->processRequest()
#2 C:\laragon\www\bs\www\index.php(14): CApplication->run()
#3 {main}
REQUEST_URI=/bs/www/upload/users/jag_88/listing/big/Business_supermarket_1444505001.png
HTTP_REFERER=http://localhost/bs/www/listing/view?id=63
---
2016/07/02 04:11:36 [error] [exception.CHttpException.404] exception 'CHttpException' with message 'Unable to resolve the request "upload/users/jag_88/listing/big/Business_supermarket_1444504991.png".' in C:\laragon\www\bs\framework\web\CWebApplication.php:286
Stack trace:
#0 C:\laragon\www\bs\framework\web\CWebApplication.php(141): CWebApplication->runController('upload/users/ja...')
#1 C:\laragon\www\bs\framework\base\CApplication.php(180): CWebApplication->processRequest()
#2 C:\laragon\www\bs\www\index.php(14): CApplication->run()
#3 {main}
REQUEST_URI=/bs/www/upload/users/jag_88/listing/big/Business_supermarket_1444504991.png
HTTP_REFERER=http://localhost/bs/www/listing/view?id=63
---
2016/07/02 04:11:36 [error] [exception.CHttpException.404] exception 'CHttpException' with message 'Unable to resolve the request "upload/users/jag_88/listing/big/Business_supermarket_1444505033.png".' in C:\laragon\www\bs\framework\web\CWebApplication.php:286
Stack trace:
#0 C:\laragon\www\bs\framework\web\CWebApplication.php(141): CWebApplication->runController('upload/users/ja...')
#1 C:\laragon\www\bs\framework\base\CApplication.php(180): CWebApplication->processRequest()
#2 C:\laragon\www\bs\www\index.php(14): CApplication->run()
#3 {main}
REQUEST_URI=/bs/www/upload/users/jag_88/listing/big/Business_supermarket_1444505033.png
HTTP_REFERER=http://localhost/bs/www/listing/view?id=63
---
2016/07/02 04:11:36 [error] [exception.CHttpException.404] exception 'CHttpException' with message 'Unable to resolve the request "upload/users/jag_88/listing/big/Business_supermarket_1444505014.png".' in C:\laragon\www\bs\framework\web\CWebApplication.php:286
Stack trace:
#0 C:\laragon\www\bs\framework\web\CWebApplication.php(141): CWebApplication->runController('upload/users/ja...')
#1 C:\laragon\www\bs\framework\base\CApplication.php(180): CWebApplication->processRequest()
#2 C:\laragon\www\bs\www\index.php(14): CApplication->run()
#3 {main}
REQUEST_URI=/bs/www/upload/users/jag_88/listing/big/Business_supermarket_1444505014.png
HTTP_REFERER=http://localhost/bs/www/listing/view?id=63
---
2016/07/02 04:11:36 [error] [exception.CHttpException.404] exception 'CHttpException' with message 'Unable to resolve the request "upload/users/jag_88/listing/big/Business_supermarket_1444505042.png".' in C:\laragon\www\bs\framework\web\CWebApplication.php:286
Stack trace:
#0 C:\laragon\www\bs\framework\web\CWebApplication.php(141): CWebApplication->runController('upload/users/ja...')
#1 C:\laragon\www\bs\framework\base\CApplication.php(180): CWebApplication->processRequest()
#2 C:\laragon\www\bs\www\index.php(14): CApplication->run()
#3 {main}
REQUEST_URI=/bs/www/upload/users/jag_88/listing/big/Business_supermarket_1444505042.png
HTTP_REFERER=http://localhost/bs/www/listing/view?id=63
---
2016/07/02 04:11:36 [error] [exception.CHttpException.404] exception 'CHttpException' with message 'Unable to resolve the request "upload/users/jag_88/listing/big/Business_supermarket_1442318643.jpg".' in C:\laragon\www\bs\framework\web\CWebApplication.php:286
Stack trace:
#0 C:\laragon\www\bs\framework\web\CWebApplication.php(141): CWebApplication->runController('upload/users/ja...')
#1 C:\laragon\www\bs\framework\base\CApplication.php(180): CWebApplication->processRequest()
#2 C:\laragon\www\bs\www\index.php(14): CApplication->run()
#3 {main}
REQUEST_URI=/bs/www/upload/users/jag_88/listing/big/Business_supermarket_1442318643.jpg
HTTP_REFERER=http://localhost/bs/www/listing/view?id=63
---
2016/07/02 04:11:37 [error] [exception.CHttpException.404] exception 'CHttpException' with message 'Unable to resolve the request "themes/business/css/images/pink-bubble-background.png".' in C:\laragon\www\bs\framework\web\CWebApplication.php:286
Stack trace:
#0 C:\laragon\www\bs\framework\web\CWebApplication.php(141): CWebApplication->runController('themes/business...')
#1 C:\laragon\www\bs\framework\base\CApplication.php(180): CWebApplication->processRequest()
#2 C:\laragon\www\bs\www\index.php(14): CApplication->run()
#3 {main}
REQUEST_URI=/bs/www/themes/business/css/images/pink-bubble-background.png
HTTP_REFERER=http://localhost/bs/www/themes/business/css/style.css
---
2016/07/02 04:11:37 [error] [exception.CHttpException.404] exception 'CHttpException' with message 'Unable to resolve the request "themes/business/css/images/pink-bubble-top.png".' in C:\laragon\www\bs\framework\web\CWebApplication.php:286
Stack trace:
#0 C:\laragon\www\bs\framework\web\CWebApplication.php(141): CWebApplication->runController('themes/business...')
#1 C:\laragon\www\bs\framework\base\CApplication.php(180): CWebApplication->processRequest()
#2 C:\laragon\www\bs\www\index.php(14): CApplication->run()
#3 {main}
REQUEST_URI=/bs/www/themes/business/css/images/pink-bubble-top.png
HTTP_REFERER=http://localhost/bs/www/themes/business/css/style.css
---
2016/07/02 04:11:45 [error] [exception.CHttpException.403] exception 'CHttpException' with message 'You are not authorized to perform this action.' in C:\laragon\www\bs\framework\web\auth\CAccessControlFilter.php:182
Stack trace:
#0 C:\laragon\www\bs\framework\web\auth\CAccessControlFilter.php(145): CAccessControlFilter->accessDenied(Object(CWebUser), 'You are not aut...')
#1 C:\laragon\www\bs\framework\web\filters\CFilter.php(38): CAccessControlFilter->preFilter(Object(CFilterChain))
#2 C:\laragon\www\bs\framework\web\CController.php(1145): CFilter->filter(Object(CFilterChain))
#3 C:\laragon\www\bs\framework\web\filters\CInlineFilter.php(58): CController->filterAccessControl(Object(CFilterChain))
#4 C:\laragon\www\bs\framework\web\filters\CFilterChain.php(130): CInlineFilter->filter(Object(CFilterChain))
#5 C:\laragon\www\bs\framework\web\CController.php(291): CFilterChain->run()
#6 C:\laragon\www\bs\framework\web\CController.php(265): CController->runActionWithFilters(Object(CInlineAction), Array)
#7 C:\laragon\www\bs\framework\web\CWebApplication.php(282): CController->run('submitvote')
#8 C:\laragon\www\bs\framework\web\CWebApplication.php(141): CWebApplication->runController('listing/listing...')
#9 C:\laragon\www\bs\framework\base\CApplication.php(180): CWebApplication->processRequest()
#10 C:\laragon\www\bs\www\index.php(14): CApplication->run()
#11 {main}
REQUEST_URI=/bs/www/listing/submitvote
HTTP_REFERER=http://localhost/bs/www/listing/view?id=63
---
2016/07/02 04:11:45 [error] [exception.CHttpException.404] exception 'CHttpException' with message 'Unable to resolve the request "themes/business/css/investor_area.css".' in C:\laragon\www\bs\framework\web\CWebApplication.php:286
Stack trace:
#0 C:\laragon\www\bs\framework\web\CWebApplication.php(141): CWebApplication->runController('themes/business...')
#1 C:\laragon\www\bs\framework\base\CApplication.php(180): CWebApplication->processRequest()
#2 C:\laragon\www\bs\www\index.php(14): CApplication->run()
#3 {main}
REQUEST_URI=/bs/www/themes/business/css/investor_area.css
HTTP_REFERER=http://localhost/bs/www/listing/submitvote
---
2016/07/02 04:11:46 [error] [exception.CHttpException.404] exception 'CHttpException' with message 'Unable to resolve the request "themes/business/css/images/pink-bubble-top.png".' in C:\laragon\www\bs\framework\web\CWebApplication.php:286
Stack trace:
#0 C:\laragon\www\bs\framework\web\CWebApplication.php(141): CWebApplication->runController('themes/business...')
#1 C:\laragon\www\bs\framework\base\CApplication.php(180): CWebApplication->processRequest()
#2 C:\laragon\www\bs\www\index.php(14): CApplication->run()
#3 {main}
REQUEST_URI=/bs/www/themes/business/css/images/pink-bubble-top.png
HTTP_REFERER=http://localhost/bs/www/themes/business/css/style.css
---
2016/07/02 04:11:46 [error] [exception.CHttpException.404] exception 'CHttpException' with message 'Unable to resolve the request "themes/business/css/images/pink-bubble-background.png".' in C:\laragon\www\bs\framework\web\CWebApplication.php:286
Stack trace:
#0 C:\laragon\www\bs\framework\web\CWebApplication.php(141): CWebApplication->runController('themes/business...')
#1 C:\laragon\www\bs\framework\base\CApplication.php(180): CWebApplication->processRequest()
#2 C:\laragon\www\bs\www\index.php(14): CApplication->run()
#3 {main}
REQUEST_URI=/bs/www/themes/business/css/images/pink-bubble-background.png
HTTP_REFERER=http://localhost/bs/www/themes/business/css/style.css
---
2016/07/02 04:11:46 [error] [exception.CHttpException.404] exception 'CHttpException' with message 'Unable to resolve the request "themes/business/css/investor_area.css".' in C:\laragon\www\bs\framework\web\CWebApplication.php:286
Stack trace:
#0 C:\laragon\www\bs\framework\web\CWebApplication.php(141): CWebApplication->runController('themes/business...')
#1 C:\laragon\www\bs\framework\base\CApplication.php(180): CWebApplication->processRequest()
#2 C:\laragon\www\bs\www\index.php(14): CApplication->run()
#3 {main}
REQUEST_URI=/bs/www/themes/business/css/investor_area.css
HTTP_REFERER=http://localhost/bs/www/
---
2016/07/02 04:11:47 [error] [exception.CHttpException.404] exception 'CHttpException' with message 'Unable to resolve the request "themes/business/css/images/pink-bubble-top.png".' in C:\laragon\www\bs\framework\web\CWebApplication.php:286
Stack trace:
#0 C:\laragon\www\bs\framework\web\CWebApplication.php(141): CWebApplication->runController('themes/business...')
#1 C:\laragon\www\bs\framework\base\CApplication.php(180): CWebApplication->processRequest()
#2 C:\laragon\www\bs\www\index.php(14): CApplication->run()
#3 {main}
REQUEST_URI=/bs/www/themes/business/css/images/pink-bubble-top.png
HTTP_REFERER=http://localhost/bs/www/themes/business/css/style.css
---
2016/07/02 04:11:47 [error] [exception.CHttpException.404] exception 'CHttpException' with message 'Unable to resolve the request "themes/business/css/images/pink-bubble-background.png".' in C:\laragon\www\bs\framework\web\CWebApplication.php:286
Stack trace:
#0 C:\laragon\www\bs\framework\web\CWebApplication.php(141): CWebApplication->runController('themes/business...')
#1 C:\laragon\www\bs\framework\base\CApplication.php(180): CWebApplication->processRequest()
#2 C:\laragon\www\bs\www\index.php(14): CApplication->run()
#3 {main}
REQUEST_URI=/bs/www/themes/business/css/images/pink-bubble-background.png
HTTP_REFERER=http://localhost/bs/www/themes/business/css/style.css
---
2016/07/02 04:11:54 [error] [exception.CHttpException.403] exception 'CHttpException' with message 'You are not authorized to perform this action.' in C:\laragon\www\bs\framework\web\auth\CAccessControlFilter.php:182
Stack trace:
#0 C:\laragon\www\bs\framework\web\auth\CAccessControlFilter.php(145): CAccessControlFilter->accessDenied(Object(CWebUser), 'You are not aut...')
#1 C:\laragon\www\bs\framework\web\filters\CFilter.php(38): CAccessControlFilter->preFilter(Object(CFilterChain))
#2 C:\laragon\www\bs\framework\web\CController.php(1145): CFilter->filter(Object(CFilterChain))
#3 C:\laragon\www\bs\framework\web\filters\CInlineFilter.php(58): CController->filterAccessControl(Object(CFilterChain))
#4 C:\laragon\www\bs\framework\web\filters\CFilterChain.php(130): CInlineFilter->filter(Object(CFilterChain))
#5 C:\laragon\www\bs\framework\web\CController.php(291): CFilterChain->run()
#6 C:\laragon\www\bs\framework\web\CController.php(265): CController->runActionWithFilters(Object(CInlineAction), Array)
#7 C:\laragon\www\bs\framework\web\CWebApplication.php(282): CController->run('submitvote')
#8 C:\laragon\www\bs\framework\web\CWebApplication.php(141): CWebApplication->runController('listing/listing...')
#9 C:\laragon\www\bs\framework\base\CApplication.php(180): CWebApplication->processRequest()
#10 C:\laragon\www\bs\www\index.php(14): CApplication->run()
#11 {main}
REQUEST_URI=/bs/www/listing/submitvote
---
2016/07/02 04:11:54 [error] [exception.CHttpException.404] exception 'CHttpException' with message 'Unable to resolve the request "themes/business/css/investor_area.css".' in C:\laragon\www\bs\framework\web\CWebApplication.php:286
Stack trace:
#0 C:\laragon\www\bs\framework\web\CWebApplication.php(141): CWebApplication->runController('themes/business...')
#1 C:\laragon\www\bs\framework\base\CApplication.php(180): CWebApplication->processRequest()
#2 C:\laragon\www\bs\www\index.php(14): CApplication->run()
#3 {main}
REQUEST_URI=/bs/www/themes/business/css/investor_area.css
HTTP_REFERER=http://localhost/bs/www/listing/submitvote
---
2016/07/02 04:11:55 [error] [exception.CHttpException.404] exception 'CHttpException' with message 'Unable to resolve the request "themes/business/css/images/pink-bubble-top.png".' in C:\laragon\www\bs\framework\web\CWebApplication.php:286
Stack trace:
#0 C:\laragon\www\bs\framework\web\CWebApplication.php(141): CWebApplication->runController('themes/business...')
#1 C:\laragon\www\bs\framework\base\CApplication.php(180): CWebApplication->processRequest()
#2 C:\laragon\www\bs\www\index.php(14): CApplication->run()
#3 {main}
REQUEST_URI=/bs/www/themes/business/css/images/pink-bubble-top.png
HTTP_REFERER=http://localhost/bs/www/themes/business/css/style.css
---
2016/07/02 04:11:55 [error] [exception.CHttpException.404] exception 'CHttpException' with message 'Unable to resolve the request "themes/business/css/images/pink-bubble-background.png".' in C:\laragon\www\bs\framework\web\CWebApplication.php:286
Stack trace:
#0 C:\laragon\www\bs\framework\web\CWebApplication.php(141): CWebApplication->runController('themes/business...')
#1 C:\laragon\www\bs\framework\base\CApplication.php(180): CWebApplication->processRequest()
#2 C:\laragon\www\bs\www\index.php(14): CApplication->run()
#3 {main}
REQUEST_URI=/bs/www/themes/business/css/images/pink-bubble-background.png
HTTP_REFERER=http://localhost/bs/www/themes/business/css/style.css
---
2016/07/02 04:11:56 [error] [exception.CHttpException.404] exception 'CHttpException' with message 'Unable to resolve the request "themes/business/css/investor_area.css".' in C:\laragon\www\bs\framework\web\CWebApplication.php:286
Stack trace:
#0 C:\laragon\www\bs\framework\web\CWebApplication.php(141): CWebApplication->runController('themes/business...')
#1 C:\laragon\www\bs\framework\base\CApplication.php(180): CWebApplication->processRequest()
#2 C:\laragon\www\bs\www\index.php(14): CApplication->run()
#3 {main}
REQUEST_URI=/bs/www/themes/business/css/investor_area.css
HTTP_REFERER=http://localhost/bs/www/
---
2016/07/02 04:11:56 [error] [exception.CHttpException.404] exception 'CHttpException' with message 'Unable to resolve the request "themes/business/css/images/pink-bubble-background.png".' in C:\laragon\www\bs\framework\web\CWebApplication.php:286
Stack trace:
#0 C:\laragon\www\bs\framework\web\CWebApplication.php(141): CWebApplication->runController('themes/business...')
#1 C:\laragon\www\bs\framework\base\CApplication.php(180): CWebApplication->processRequest()
#2 C:\laragon\www\bs\www\index.php(14): CApplication->run()
#3 {main}
REQUEST_URI=/bs/www/themes/business/css/images/pink-bubble-background.png
HTTP_REFERER=http://localhost/bs/www/themes/business/css/style.css
---
2016/07/02 04:11:56 [error] [exception.CHttpException.404] exception 'CHttpException' with message 'Unable to resolve the request "themes/business/css/images/pink-bubble-top.png".' in C:\laragon\www\bs\framework\web\CWebApplication.php:286
Stack trace:
#0 C:\laragon\www\bs\framework\web\CWebApplication.php(141): CWebApplication->runController('themes/business...')
#1 C:\laragon\www\bs\framework\base\CApplication.php(180): CWebApplication->processRequest()
#2 C:\laragon\www\bs\www\index.php(14): CApplication->run()
#3 {main}
REQUEST_URI=/bs/www/themes/business/css/images/pink-bubble-top.png
HTTP_REFERER=http://localhost/bs/www/themes/business/css/style.css
---
2016/07/02 04:12:53 [error] [exception.CHttpException.404] exception 'CHttpException' with message 'Unable to resolve the request "themes/business/css/investor_area.css".' in C:\laragon\www\bs\framework\web\CWebApplication.php:286
Stack trace:
#0 C:\laragon\www\bs\framework\web\CWebApplication.php(141): CWebApplication->runController('themes/business...')
#1 C:\laragon\www\bs\framework\base\CApplication.php(180): CWebApplication->processRequest()
#2 C:\laragon\www\bs\www\index.php(14): CApplication->run()
#3 {main}
REQUEST_URI=/bs/www/themes/business/css/investor_area.css
HTTP_REFERER=http://localhost/bs/www/listing/view?id=63
---
2016/07/02 04:12:53 [error] [exception.CHttpException.404] exception 'CHttpException' with message 'Unable to resolve the request "themes/business/js/jquery.validate.min.js".' in C:\laragon\www\bs\framework\web\CWebApplication.php:286
Stack trace:
#0 C:\laragon\www\bs\framework\web\CWebApplication.php(141): CWebApplication->runController('themes/business...')
#1 C:\laragon\www\bs\framework\base\CApplication.php(180): CWebApplication->processRequest()
#2 C:\laragon\www\bs\www\index.php(14): CApplication->run()
#3 {main}
REQUEST_URI=/bs/www/themes/business/js/jquery.validate.min.js
HTTP_REFERER=http://localhost/bs/www/listing/view?id=63
---
2016/07/02 04:12:53 [error] [exception.CHttpException.404] exception 'CHttpException' with message 'Unable to resolve the request "upload/users/jag_88/listing/big/Business_supermarket_1444505033.png".' in C:\laragon\www\bs\framework\web\CWebApplication.php:286
Stack trace:
#0 C:\laragon\www\bs\framework\web\CWebApplication.php(141): CWebApplication->runController('upload/users/ja...')
#1 C:\laragon\www\bs\framework\base\CApplication.php(180): CWebApplication->processRequest()
#2 C:\laragon\www\bs\www\index.php(14): CApplication->run()
#3 {main}
REQUEST_URI=/bs/www/upload/users/jag_88/listing/big/Business_supermarket_1444505033.png
HTTP_REFERER=http://localhost/bs/www/listing/view?id=63
---
2016/07/02 04:12:53 [error] [exception.CHttpException.404] exception 'CHttpException' with message 'Unable to resolve the request "upload/users/jag_88/listing/big/Business_supermarket_1444504991.png".' in C:\laragon\www\bs\framework\web\CWebApplication.php:286
Stack trace:
#0 C:\laragon\www\bs\framework\web\CWebApplication.php(141): CWebApplication->runController('upload/users/ja...')
#1 C:\laragon\www\bs\framework\base\CApplication.php(180): CWebApplication->processRequest()
#2 C:\laragon\www\bs\www\index.php(14): CApplication->run()
#3 {main}
REQUEST_URI=/bs/www/upload/users/jag_88/listing/big/Business_supermarket_1444504991.png
HTTP_REFERER=http://localhost/bs/www/listing/view?id=63
---
2016/07/02 04:12:53 [error] [exception.CHttpException.404] exception 'CHttpException' with message 'Unable to resolve the request "upload/users/jag_88/listing/big/Business_supermarket_1444505001.png".' in C:\laragon\www\bs\framework\web\CWebApplication.php:286
Stack trace:
#0 C:\laragon\www\bs\framework\web\CWebApplication.php(141): CWebApplication->runController('upload/users/ja...')
#1 C:\laragon\www\bs\framework\base\CApplication.php(180): CWebApplication->processRequest()
#2 C:\laragon\www\bs\www\index.php(14): CApplication->run()
#3 {main}
REQUEST_URI=/bs/www/upload/users/jag_88/listing/big/Business_supermarket_1444505001.png
HTTP_REFERER=http://localhost/bs/www/listing/view?id=63
---
2016/07/02 04:12:53 [error] [exception.CHttpException.404] exception 'CHttpException' with message 'Unable to resolve the request "upload/users/jag_88/listing/big/Business_supermarket_1444505014.png".' in C:\laragon\www\bs\framework\web\CWebApplication.php:286
Stack trace:
#0 C:\laragon\www\bs\framework\web\CWebApplication.php(141): CWebApplication->runController('upload/users/ja...')
#1 C:\laragon\www\bs\framework\base\CApplication.php(180): CWebApplication->processRequest()
#2 C:\laragon\www\bs\www\index.php(14): CApplication->run()
#3 {main}
REQUEST_URI=/bs/www/upload/users/jag_88/listing/big/Business_supermarket_1444505014.png
HTTP_REFERER=http://localhost/bs/www/listing/view?id=63
---
2016/07/02 04:12:53 [error] [exception.CHttpException.404] exception 'CHttpException' with message 'Unable to resolve the request "upload/users/jag_88/listing/big/Business_supermarket_1444505042.png".' in C:\laragon\www\bs\framework\web\CWebApplication.php:286
Stack trace:
#0 C:\laragon\www\bs\framework\web\CWebApplication.php(141): CWebApplication->runController('upload/users/ja...')
#1 C:\laragon\www\bs\framework\base\CApplication.php(180): CWebApplication->processRequest()
#2 C:\laragon\www\bs\www\index.php(14): CApplication->run()
#3 {main}
REQUEST_URI=/bs/www/upload/users/jag_88/listing/big/Business_supermarket_1444505042.png
HTTP_REFERER=http://localhost/bs/www/listing/view?id=63
---
2016/07/02 04:12:53 [error] [exception.CHttpException.404] exception 'CHttpException' with message 'Unable to resolve the request "upload/users/jag_88/listing/big/Business_supermarket_1442318643.jpg".' in C:\laragon\www\bs\framework\web\CWebApplication.php:286
Stack trace:
#0 C:\laragon\www\bs\framework\web\CWebApplication.php(141): CWebApplication->runController('upload/users/ja...')
#1 C:\laragon\www\bs\framework\base\CApplication.php(180): CWebApplication->processRequest()
#2 C:\laragon\www\bs\www\index.php(14): CApplication->run()
#3 {main}
REQUEST_URI=/bs/www/upload/users/jag_88/listing/big/Business_supermarket_1442318643.jpg
HTTP_REFERER=http://localhost/bs/www/listing/view?id=63
---
2016/07/02 04:12:53 [error] [exception.CHttpException.404] exception 'CHttpException' with message 'Unable to resolve the request "themes/business/css/images/pink-bubble-background.png".' in C:\laragon\www\bs\framework\web\CWebApplication.php:286
Stack trace:
#0 C:\laragon\www\bs\framework\web\CWebApplication.php(141): CWebApplication->runController('themes/business...')
#1 C:\laragon\www\bs\framework\base\CApplication.php(180): CWebApplication->processRequest()
#2 C:\laragon\www\bs\www\index.php(14): CApplication->run()
#3 {main}
REQUEST_URI=/bs/www/themes/business/css/images/pink-bubble-background.png
HTTP_REFERER=http://localhost/bs/www/themes/business/css/style.css
---
2016/07/02 04:12:53 [error] [exception.CHttpException.404] exception 'CHttpException' with message 'Unable to resolve the request "themes/business/css/images/pink-bubble-top.png".' in C:\laragon\www\bs\framework\web\CWebApplication.php:286
Stack trace:
#0 C:\laragon\www\bs\framework\web\CWebApplication.php(141): CWebApplication->runController('themes/business...')
#1 C:\laragon\www\bs\framework\base\CApplication.php(180): CWebApplication->processRequest()
#2 C:\laragon\www\bs\www\index.php(14): CApplication->run()
#3 {main}
REQUEST_URI=/bs/www/themes/business/css/images/pink-bubble-top.png
HTTP_REFERER=http://localhost/bs/www/themes/business/css/style.css
---
2016/07/02 04:14:49 [error] [exception.CHttpException.404] exception 'CHttpException' with message 'Unable to resolve the request "themes/business/css/investor_area.css".' in C:\laragon\www\bs\framework\web\CWebApplication.php:286
Stack trace:
#0 C:\laragon\www\bs\framework\web\CWebApplication.php(141): CWebApplication->runController('themes/business...')
#1 C:\laragon\www\bs\framework\base\CApplication.php(180): CWebApplication->processRequest()
#2 C:\laragon\www\bs\www\index.php(14): CApplication->run()
#3 {main}
REQUEST_URI=/bs/www/themes/business/css/investor_area.css
HTTP_REFERER=http://localhost/bs/www/listing/view?id=63
---
2016/07/02 04:14:49 [error] [exception.CHttpException.404] exception 'CHttpException' with message 'Unable to resolve the request "themes/business/js/jquery.validate.min.js".' in C:\laragon\www\bs\framework\web\CWebApplication.php:286
Stack trace:
#0 C:\laragon\www\bs\framework\web\CWebApplication.php(141): CWebApplication->runController('themes/business...')
#1 C:\laragon\www\bs\framework\base\CApplication.php(180): CWebApplication->processRequest()
#2 C:\laragon\www\bs\www\index.php(14): CApplication->run()
#3 {main}
REQUEST_URI=/bs/www/themes/business/js/jquery.validate.min.js
HTTP_REFERER=http://localhost/bs/www/listing/view?id=63
---
2016/07/02 04:14:49 [error] [exception.CHttpException.404] exception 'CHttpException' with message 'Unable to resolve the request "upload/users/jag_88/listing/big/Business_supermarket_1444505033.png".' in C:\laragon\www\bs\framework\web\CWebApplication.php:286
Stack trace:
#0 C:\laragon\www\bs\framework\web\CWebApplication.php(141): CWebApplication->runController('upload/users/ja...')
#1 C:\laragon\www\bs\framework\base\CApplication.php(180): CWebApplication->processRequest()
#2 C:\laragon\www\bs\www\index.php(14): CApplication->run()
#3 {main}
REQUEST_URI=/bs/www/upload/users/jag_88/listing/big/Business_supermarket_1444505033.png
HTTP_REFERER=http://localhost/bs/www/listing/view?id=63
---
2016/07/02 04:14:49 [error] [exception.CHttpException.404] exception 'CHttpException' with message 'Unable to resolve the request "upload/users/jag_88/listing/big/Business_supermarket_1444505014.png".' in C:\laragon\www\bs\framework\web\CWebApplication.php:286
Stack trace:
#0 C:\laragon\www\bs\framework\web\CWebApplication.php(141): CWebApplication->runController('upload/users/ja...')
#1 C:\laragon\www\bs\framework\base\CApplication.php(180): CWebApplication->processRequest()
#2 C:\laragon\www\bs\www\index.php(14): CApplication->run()
#3 {main}
REQUEST_URI=/bs/www/upload/users/jag_88/listing/big/Business_supermarket_1444505014.png
HTTP_REFERER=http://localhost/bs/www/listing/view?id=63
---
2016/07/02 04:14:49 [error] [exception.CHttpException.404] exception 'CHttpException' with message 'Unable to resolve the request "upload/users/jag_88/listing/big/Business_supermarket_1444504991.png".' in C:\laragon\www\bs\framework\web\CWebApplication.php:286
Stack trace:
#0 C:\laragon\www\bs\framework\web\CWebApplication.php(141): CWebApplication->runController('upload/users/ja...')
#1 C:\laragon\www\bs\framework\base\CApplication.php(180): CWebApplication->processRequest()
#2 C:\laragon\www\bs\www\index.php(14): CApplication->run()
#3 {main}
REQUEST_URI=/bs/www/upload/users/jag_88/listing/big/Business_supermarket_1444504991.png
HTTP_REFERER=http://localhost/bs/www/listing/view?id=63
---
2016/07/02 04:14:49 [error] [exception.CHttpException.404] exception 'CHttpException' with message 'Unable to resolve the request "upload/users/jag_88/listing/big/Business_supermarket_1444505001.png".' in C:\laragon\www\bs\framework\web\CWebApplication.php:286
Stack trace:
#0 C:\laragon\www\bs\framework\web\CWebApplication.php(141): CWebApplication->runController('upload/users/ja...')
#1 C:\laragon\www\bs\framework\base\CApplication.php(180): CWebApplication->processRequest()
#2 C:\laragon\www\bs\www\index.php(14): CApplication->run()
#3 {main}
REQUEST_URI=/bs/www/upload/users/jag_88/listing/big/Business_supermarket_1444505001.png
HTTP_REFERER=http://localhost/bs/www/listing/view?id=63
---
2016/07/02 04:14:49 [error] [exception.CHttpException.404] exception 'CHttpException' with message 'Unable to resolve the request "upload/users/jag_88/listing/big/Business_supermarket_1444505042.png".' in C:\laragon\www\bs\framework\web\CWebApplication.php:286
Stack trace:
#0 C:\laragon\www\bs\framework\web\CWebApplication.php(141): CWebApplication->runController('upload/users/ja...')
#1 C:\laragon\www\bs\framework\base\CApplication.php(180): CWebApplication->processRequest()
#2 C:\laragon\www\bs\www\index.php(14): CApplication->run()
#3 {main}
REQUEST_URI=/bs/www/upload/users/jag_88/listing/big/Business_supermarket_1444505042.png
HTTP_REFERER=http://localhost/bs/www/listing/view?id=63
---
2016/07/02 04:14:49 [error] [exception.CHttpException.404] exception 'CHttpException' with message 'Unable to resolve the request "upload/users/jag_88/listing/big/Business_supermarket_1442318643.jpg".' in C:\laragon\www\bs\framework\web\CWebApplication.php:286
Stack trace:
#0 C:\laragon\www\bs\framework\web\CWebApplication.php(141): CWebApplication->runController('upload/users/ja...')
#1 C:\laragon\www\bs\framework\base\CApplication.php(180): CWebApplication->processRequest()
#2 C:\laragon\www\bs\www\index.php(14): CApplication->run()
#3 {main}
REQUEST_URI=/bs/www/upload/users/jag_88/listing/big/Business_supermarket_1442318643.jpg
HTTP_REFERER=http://localhost/bs/www/listing/view?id=63
---
2016/07/02 04:14:50 [error] [exception.CHttpException.404] exception 'CHttpException' with message 'Unable to resolve the request "themes/business/css/images/pink-bubble-top.png".' in C:\laragon\www\bs\framework\web\CWebApplication.php:286
Stack trace:
#0 C:\laragon\www\bs\framework\web\CWebApplication.php(141): CWebApplication->runController('themes/business...')
#1 C:\laragon\www\bs\framework\base\CApplication.php(180): CWebApplication->processRequest()
#2 C:\laragon\www\bs\www\index.php(14): CApplication->run()
#3 {main}
REQUEST_URI=/bs/www/themes/business/css/images/pink-bubble-top.png
HTTP_REFERER=http://localhost/bs/www/themes/business/css/style.css
---
2016/07/02 04:14:50 [error] [exception.CHttpException.404] exception 'CHttpException' with message 'Unable to resolve the request "themes/business/css/images/pink-bubble-background.png".' in C:\laragon\www\bs\framework\web\CWebApplication.php:286
Stack trace:
#0 C:\laragon\www\bs\framework\web\CWebApplication.php(141): CWebApplication->runController('themes/business...')
#1 C:\laragon\www\bs\framework\base\CApplication.php(180): CWebApplication->processRequest()
#2 C:\laragon\www\bs\www\index.php(14): CApplication->run()
#3 {main}
REQUEST_URI=/bs/www/themes/business/css/images/pink-bubble-background.png
HTTP_REFERER=http://localhost/bs/www/themes/business/css/style.css
---
2016/07/02 04:15:06 [error] [exception.CHttpException.404] exception 'CHttpException' with message 'Unable to resolve the request "themes/business/css/investor_area.css".' in C:\laragon\www\bs\framework\web\CWebApplication.php:286
Stack trace:
#0 C:\laragon\www\bs\framework\web\CWebApplication.php(141): CWebApplication->runController('themes/business...')
#1 C:\laragon\www\bs\framework\base\CApplication.php(180): CWebApplication->processRequest()
#2 C:\laragon\www\bs\www\index.php(14): CApplication->run()
#3 {main}
REQUEST_URI=/bs/www/themes/business/css/investor_area.css
HTTP_REFERER=http://localhost/bs/www/listing/view?id=63
---
2016/07/02 04:15:06 [error] [exception.CHttpException.404] exception 'CHttpException' with message 'Unable to resolve the request "themes/business/js/jquery.validate.min.js".' in C:\laragon\www\bs\framework\web\CWebApplication.php:286
Stack trace:
#0 C:\laragon\www\bs\framework\web\CWebApplication.php(141): CWebApplication->runController('themes/business...')
#1 C:\laragon\www\bs\framework\base\CApplication.php(180): CWebApplication->processRequest()
#2 C:\laragon\www\bs\www\index.php(14): CApplication->run()
#3 {main}
REQUEST_URI=/bs/www/themes/business/js/jquery.validate.min.js
HTTP_REFERER=http://localhost/bs/www/listing/view?id=63
---
2016/07/02 04:15:06 [error] [exception.CHttpException.404] exception 'CHttpException' with message 'Unable to resolve the request "upload/users/jag_88/listing/big/Business_supermarket_1444504991.png".' in C:\laragon\www\bs\framework\web\CWebApplication.php:286
Stack trace:
#0 C:\laragon\www\bs\framework\web\CWebApplication.php(141): CWebApplication->runController('upload/users/ja...')
#1 C:\laragon\www\bs\framework\base\CApplication.php(180): CWebApplication->processRequest()
#2 C:\laragon\www\bs\www\index.php(14): CApplication->run()
#3 {main}
REQUEST_URI=/bs/www/upload/users/jag_88/listing/big/Business_supermarket_1444504991.png
HTTP_REFERER=http://localhost/bs/www/listing/view?id=63
---
2016/07/02 04:15:06 [error] [exception.CHttpException.404] exception 'CHttpException' with message 'Unable to resolve the request "upload/users/jag_88/listing/big/Business_supermarket_1444505042.png".' in C:\laragon\www\bs\framework\web\CWebApplication.php:286
Stack trace:
#0 C:\laragon\www\bs\framework\web\CWebApplication.php(141): CWebApplication->runController('upload/users/ja...')
#1 C:\laragon\www\bs\framework\base\CApplication.php(180): CWebApplication->processRequest()
#2 C:\laragon\www\bs\www\index.php(14): CApplication->run()
#3 {main}
REQUEST_URI=/bs/www/upload/users/jag_88/listing/big/Business_supermarket_1444505042.png
HTTP_REFERER=http://localhost/bs/www/listing/view?id=63
---
2016/07/02 04:15:06 [error] [exception.CHttpException.404] exception 'CHttpException' with message 'Unable to resolve the request "upload/users/jag_88/listing/big/Business_supermarket_1444505033.png".' in C:\laragon\www\bs\framework\web\CWebApplication.php:286
Stack trace:
#0 C:\laragon\www\bs\framework\web\CWebApplication.php(141): CWebApplication->runController('upload/users/ja...')
#1 C:\laragon\www\bs\framework\base\CApplication.php(180): CWebApplication->processRequest()
#2 C:\laragon\www\bs\www\index.php(14): CApplication->run()
#3 {main}
REQUEST_URI=/bs/www/upload/users/jag_88/listing/big/Business_supermarket_1444505033.png
HTTP_REFERER=http://localhost/bs/www/listing/view?id=63
---
2016/07/02 04:15:06 [error] [exception.CHttpException.404] exception 'CHttpException' with message 'Unable to resolve the request "upload/users/jag_88/listing/big/Business_supermarket_1444505014.png".' in C:\laragon\www\bs\framework\web\CWebApplication.php:286
Stack trace:
#0 C:\laragon\www\bs\framework\web\CWebApplication.php(141): CWebApplication->runController('upload/users/ja...')
#1 C:\laragon\www\bs\framework\base\CApplication.php(180): CWebApplication->processRequest()
#2 C:\laragon\www\bs\www\index.php(14): CApplication->run()
#3 {main}
REQUEST_URI=/bs/www/upload/users/jag_88/listing/big/Business_supermarket_1444505014.png
HTTP_REFERER=http://localhost/bs/www/listing/view?id=63
---
2016/07/02 04:15:06 [error] [exception.CHttpException.404] exception 'CHttpException' with message 'Unable to resolve the request "upload/users/jag_88/listing/big/Business_supermarket_1444505001.png".' in C:\laragon\www\bs\framework\web\CWebApplication.php:286
Stack trace:
#0 C:\laragon\www\bs\framework\web\CWebApplication.php(141): CWebApplication->runController('upload/users/ja...')
#1 C:\laragon\www\bs\framework\base\CApplication.php(180): CWebApplication->processRequest()
#2 C:\laragon\www\bs\www\index.php(14): CApplication->run()
#3 {main}
REQUEST_URI=/bs/www/upload/users/jag_88/listing/big/Business_supermarket_1444505001.png
HTTP_REFERER=http://localhost/bs/www/listing/view?id=63
---
2016/07/02 04:15:06 [error] [exception.CHttpException.404] exception 'CHttpException' with message 'Unable to resolve the request "upload/users/jag_88/listing/big/Business_supermarket_1442318643.jpg".' in C:\laragon\www\bs\framework\web\CWebApplication.php:286
Stack trace:
#0 C:\laragon\www\bs\framework\web\CWebApplication.php(141): CWebApplication->runController('upload/users/ja...')
#1 C:\laragon\www\bs\framework\base\CApplication.php(180): CWebApplication->processRequest()
#2 C:\laragon\www\bs\www\index.php(14): CApplication->run()
#3 {main}
REQUEST_URI=/bs/www/upload/users/jag_88/listing/big/Business_supermarket_1442318643.jpg
HTTP_REFERER=http://localhost/bs/www/listing/view?id=63
---
2016/07/02 04:15:06 [error] [exception.CHttpException.404] exception 'CHttpException' with message 'Unable to resolve the request "themes/business/css/images/pink-bubble-top.png".' in C:\laragon\www\bs\framework\web\CWebApplication.php:286
Stack trace:
#0 C:\laragon\www\bs\framework\web\CWebApplication.php(141): CWebApplication->runController('themes/business...')
#1 C:\laragon\www\bs\framework\base\CApplication.php(180): CWebApplication->processRequest()
#2 C:\laragon\www\bs\www\index.php(14): CApplication->run()
#3 {main}
REQUEST_URI=/bs/www/themes/business/css/images/pink-bubble-top.png
HTTP_REFERER=http://localhost/bs/www/themes/business/css/style.css
---
2016/07/02 04:15:06 [error] [exception.CHttpException.404] exception 'CHttpException' with message 'Unable to resolve the request "themes/business/css/images/pink-bubble-background.png".' in C:\laragon\www\bs\framework\web\CWebApplication.php:286
Stack trace:
#0 C:\laragon\www\bs\framework\web\CWebApplication.php(141): CWebApplication->runController('themes/business...')
#1 C:\laragon\www\bs\framework\base\CApplication.php(180): CWebApplication->processRequest()
#2 C:\laragon\www\bs\www\index.php(14): CApplication->run()
#3 {main}
REQUEST_URI=/bs/www/themes/business/css/images/pink-bubble-background.png
HTTP_REFERER=http://localhost/bs/www/themes/business/css/style.css
---
2016/07/02 04:15:30 [error] [exception.CHttpException.404] exception 'CHttpException' with message 'Unable to resolve the request "themes/business/css/investor_area.css".' in C:\laragon\www\bs\framework\web\CWebApplication.php:286
Stack trace:
#0 C:\laragon\www\bs\framework\web\CWebApplication.php(141): CWebApplication->runController('themes/business...')
#1 C:\laragon\www\bs\framework\base\CApplication.php(180): CWebApplication->processRequest()
#2 C:\laragon\www\bs\www\index.php(14): CApplication->run()
#3 {main}
REQUEST_URI=/bs/www/themes/business/css/investor_area.css
HTTP_REFERER=http://localhost/bs/www/listing/view?id=63
---
2016/07/02 04:15:30 [error] [exception.CHttpException.404] exception 'CHttpException' with message 'Unable to resolve the request "themes/business/js/jquery.validate.min.js".' in C:\laragon\www\bs\framework\web\CWebApplication.php:286
Stack trace:
#0 C:\laragon\www\bs\framework\web\CWebApplication.php(141): CWebApplication->runController('themes/business...')
#1 C:\laragon\www\bs\framework\base\CApplication.php(180): CWebApplication->processRequest()
#2 C:\laragon\www\bs\www\index.php(14): CApplication->run()
#3 {main}
REQUEST_URI=/bs/www/themes/business/js/jquery.validate.min.js
HTTP_REFERER=http://localhost/bs/www/listing/view?id=63
---
2016/07/02 04:15:30 [error] [exception.CHttpException.404] exception 'CHttpException' with message 'Unable to resolve the request "upload/users/jag_88/listing/big/Business_supermarket_1444505033.png".' in C:\laragon\www\bs\framework\web\CWebApplication.php:286
Stack trace:
#0 C:\laragon\www\bs\framework\web\CWebApplication.php(141): CWebApplication->runController('upload/users/ja...')
#1 C:\laragon\www\bs\framework\base\CApplication.php(180): CWebApplication->processRequest()
#2 C:\laragon\www\bs\www\index.php(14): CApplication->run()
#3 {main}
REQUEST_URI=/bs/www/upload/users/jag_88/listing/big/Business_supermarket_1444505033.png
HTTP_REFERER=http://localhost/bs/www/listing/view?id=63
---
2016/07/02 04:15:30 [error] [exception.CHttpException.404] exception 'CHttpException' with message 'Unable to resolve the request "upload/users/jag_88/listing/big/Business_supermarket_1444504991.png".' in C:\laragon\www\bs\framework\web\CWebApplication.php:286
Stack trace:
#0 C:\laragon\www\bs\framework\web\CWebApplication.php(141): CWebApplication->runController('upload/users/ja...')
#1 C:\laragon\www\bs\framework\base\CApplication.php(180): CWebApplication->processRequest()
#2 C:\laragon\www\bs\www\index.php(14): CApplication->run()
#3 {main}
REQUEST_URI=/bs/www/upload/users/jag_88/listing/big/Business_supermarket_1444504991.png
HTTP_REFERER=http://localhost/bs/www/listing/view?id=63
---
2016/07/02 04:15:30 [error] [exception.CHttpException.404] exception 'CHttpException' with message 'Unable to resolve the request "upload/users/jag_88/listing/big/Business_supermarket_1444505001.png".' in C:\laragon\www\bs\framework\web\CWebApplication.php:286
Stack trace:
#0 C:\laragon\www\bs\framework\web\CWebApplication.php(141): CWebApplication->runController('upload/users/ja...')
#1 C:\laragon\www\bs\framework\base\CApplication.php(180): CWebApplication->processRequest()
#2 C:\laragon\www\bs\www\index.php(14): CApplication->run()
#3 {main}
REQUEST_URI=/bs/www/upload/users/jag_88/listing/big/Business_supermarket_1444505001.png
HTTP_REFERER=http://localhost/bs/www/listing/view?id=63
---
2016/07/02 04:15:30 [error] [exception.CHttpException.404] exception 'CHttpException' with message 'Unable to resolve the request "upload/users/jag_88/listing/big/Business_supermarket_1444505042.png".' in C:\laragon\www\bs\framework\web\CWebApplication.php:286
Stack trace:
#0 C:\laragon\www\bs\framework\web\CWebApplication.php(141): CWebApplication->runController('upload/users/ja...')
#1 C:\laragon\www\bs\framework\base\CApplication.php(180): CWebApplication->processRequest()
#2 C:\laragon\www\bs\www\index.php(14): CApplication->run()
#3 {main}
REQUEST_URI=/bs/www/upload/users/jag_88/listing/big/Business_supermarket_1444505042.png
HTTP_REFERER=http://localhost/bs/www/listing/view?id=63
---
2016/07/02 04:15:30 [error] [exception.CHttpException.404] exception 'CHttpException' with message 'Unable to resolve the request "upload/users/jag_88/listing/big/Business_supermarket_1444505014.png".' in C:\laragon\www\bs\framework\web\CWebApplication.php:286
Stack trace:
#0 C:\laragon\www\bs\framework\web\CWebApplication.php(141): CWebApplication->runController('upload/users/ja...')
#1 C:\laragon\www\bs\framework\base\CApplication.php(180): CWebApplication->processRequest()
#2 C:\laragon\www\bs\www\index.php(14): CApplication->run()
#3 {main}
REQUEST_URI=/bs/www/upload/users/jag_88/listing/big/Business_supermarket_1444505014.png
HTTP_REFERER=http://localhost/bs/www/listing/view?id=63
---
2016/07/02 04:15:30 [error] [exception.CHttpException.404] exception 'CHttpException' with message 'Unable to resolve the request "upload/users/jag_88/listing/big/Business_supermarket_1442318643.jpg".' in C:\laragon\www\bs\framework\web\CWebApplication.php:286
Stack trace:
#0 C:\laragon\www\bs\framework\web\CWebApplication.php(141): CWebApplication->runController('upload/users/ja...')
#1 C:\laragon\www\bs\framework\base\CApplication.php(180): CWebApplication->processRequest()
#2 C:\laragon\www\bs\www\index.php(14): CApplication->run()
#3 {main}
REQUEST_URI=/bs/www/upload/users/jag_88/listing/big/Business_supermarket_1442318643.jpg
HTTP_REFERER=http://localhost/bs/www/listing/view?id=63
---
2016/07/02 04:15:30 [error] [exception.CHttpException.404] exception 'CHttpException' with message 'Unable to resolve the request "themes/business/css/images/pink-bubble-background.png".' in C:\laragon\www\bs\framework\web\CWebApplication.php:286
Stack trace:
#0 C:\laragon\www\bs\framework\web\CWebApplication.php(141): CWebApplication->runController('themes/business...')
#1 C:\laragon\www\bs\framework\base\CApplication.php(180): CWebApplication->processRequest()
#2 C:\laragon\www\bs\www\index.php(14): CApplication->run()
#3 {main}
REQUEST_URI=/bs/www/themes/business/css/images/pink-bubble-background.png
HTTP_REFERER=http://localhost/bs/www/themes/business/css/style.css
---
2016/07/02 04:15:30 [error] [exception.CHttpException.404] exception 'CHttpException' with message 'Unable to resolve the request "themes/business/css/images/pink-bubble-top.png".' in C:\laragon\www\bs\framework\web\CWebApplication.php:286
Stack trace:
#0 C:\laragon\www\bs\framework\web\CWebApplication.php(141): CWebApplication->runController('themes/business...')
#1 C:\laragon\www\bs\framework\base\CApplication.php(180): CWebApplication->processRequest()
#2 C:\laragon\www\bs\www\index.php(14): CApplication->run()
#3 {main}
REQUEST_URI=/bs/www/themes/business/css/images/pink-bubble-top.png
HTTP_REFERER=http://localhost/bs/www/themes/business/css/style.css
---
2016/07/02 04:18:45 [error] [exception.CHttpException.404] exception 'CHttpException' with message 'Unable to resolve the request "themes/business/css/investor_area.css".' in C:\laragon\www\bs\framework\web\CWebApplication.php:286
Stack trace:
#0 C:\laragon\www\bs\framework\web\CWebApplication.php(141): CWebApplication->runController('themes/business...')
#1 C:\laragon\www\bs\framework\base\CApplication.php(180): CWebApplication->processRequest()
#2 C:\laragon\www\bs\www\index.php(14): CApplication->run()
#3 {main}
REQUEST_URI=/bs/www/themes/business/css/investor_area.css
HTTP_REFERER=http://localhost/bs/www/listing/view?id=63&mess=succ
---
2016/07/02 04:18:45 [error] [exception.CHttpException.404] exception 'CHttpException' with message 'Unable to resolve the request "themes/business/js/jquery.validate.min.js".' in C:\laragon\www\bs\framework\web\CWebApplication.php:286
Stack trace:
#0 C:\laragon\www\bs\framework\web\CWebApplication.php(141): CWebApplication->runController('themes/business...')
#1 C:\laragon\www\bs\framework\base\CApplication.php(180): CWebApplication->processRequest()
#2 C:\laragon\www\bs\www\index.php(14): CApplication->run()
#3 {main}
REQUEST_URI=/bs/www/themes/business/js/jquery.validate.min.js
HTTP_REFERER=http://localhost/bs/www/listing/view?id=63&mess=succ
---
2016/07/02 04:18:45 [error] [exception.CHttpException.404] exception 'CHttpException' with message 'Unable to resolve the request "upload/users/jag_88/listing/big/Business_supermarket_1444504991.png".' in C:\laragon\www\bs\framework\web\CWebApplication.php:286
Stack trace:
#0 C:\laragon\www\bs\framework\web\CWebApplication.php(141): CWebApplication->runController('upload/users/ja...')
#1 C:\laragon\www\bs\framework\base\CApplication.php(180): CWebApplication->processRequest()
#2 C:\laragon\www\bs\www\index.php(14): CApplication->run()
#3 {main}
REQUEST_URI=/bs/www/upload/users/jag_88/listing/big/Business_supermarket_1444504991.png
HTTP_REFERER=http://localhost/bs/www/listing/view?id=63&mess=succ
---
2016/07/02 04:18:45 [error] [exception.CHttpException.404] exception 'CHttpException' with message 'Unable to resolve the request "upload/users/jag_88/listing/big/Business_supermarket_1444505001.png".' in C:\laragon\www\bs\framework\web\CWebApplication.php:286
Stack trace:
#0 C:\laragon\www\bs\framework\web\CWebApplication.php(141): CWebApplication->runController('upload/users/ja...')
#1 C:\laragon\www\bs\framework\base\CApplication.php(180): CWebApplication->processRequest()
#2 C:\laragon\www\bs\www\index.php(14): CApplication->run()
#3 {main}
REQUEST_URI=/bs/www/upload/users/jag_88/listing/big/Business_supermarket_1444505001.png
HTTP_REFERER=http://localhost/bs/www/listing/view?id=63&mess=succ
---
2016/07/02 04:18:45 [error] [exception.CHttpException.404] exception 'CHttpException' with message 'Unable to resolve the request "upload/users/jag_88/listing/big/Business_supermarket_1444505042.png".' in C:\laragon\www\bs\framework\web\CWebApplication.php:286
Stack trace:
#0 C:\laragon\www\bs\framework\web\CWebApplication.php(141): CWebApplication->runController('upload/users/ja...')
#1 C:\laragon\www\bs\framework\base\CApplication.php(180): CWebApplication->processRequest()
#2 C:\laragon\www\bs\www\index.php(14): CApplication->run()
#3 {main}
REQUEST_URI=/bs/www/upload/users/jag_88/listing/big/Business_supermarket_1444505042.png
HTTP_REFERER=http://localhost/bs/www/listing/view?id=63&mess=succ
---
2016/07/02 04:18:45 [error] [exception.CHttpException.404] exception 'CHttpException' with message 'Unable to resolve the request "upload/users/jag_88/listing/big/Business_supermarket_1444505014.png".' in C:\laragon\www\bs\framework\web\CWebApplication.php:286
Stack trace:
#0 C:\laragon\www\bs\framework\web\CWebApplication.php(141): CWebApplication->runController('upload/users/ja...')
#1 C:\laragon\www\bs\framework\base\CApplication.php(180): CWebApplication->processRequest()
#2 C:\laragon\www\bs\www\index.php(14): CApplication->run()
#3 {main}
REQUEST_URI=/bs/www/upload/users/jag_88/listing/big/Business_supermarket_1444505014.png
HTTP_REFERER=http://localhost/bs/www/listing/view?id=63&mess=succ
---
2016/07/02 04:18:45 [error] [exception.CHttpException.404] exception 'CHttpException' with message 'Unable to resolve the request "upload/users/jag_88/listing/big/Business_supermarket_1444505033.png".' in C:\laragon\www\bs\framework\web\CWebApplication.php:286
Stack trace:
#0 C:\laragon\www\bs\framework\web\CWebApplication.php(141): CWebApplication->runController('upload/users/ja...')
#1 C:\laragon\www\bs\framework\base\CApplication.php(180): CWebApplication->processRequest()
#2 C:\laragon\www\bs\www\index.php(14): CApplication->run()
#3 {main}
REQUEST_URI=/bs/www/upload/users/jag_88/listing/big/Business_supermarket_1444505033.png
HTTP_REFERER=http://localhost/bs/www/listing/view?id=63&mess=succ
---
2016/07/02 04:18:45 [error] [exception.CHttpException.404] exception 'CHttpException' with message 'Unable to resolve the request "upload/users/jag_88/listing/big/Business_supermarket_1442318643.jpg".' in C:\laragon\www\bs\framework\web\CWebApplication.php:286
Stack trace:
#0 C:\laragon\www\bs\framework\web\CWebApplication.php(141): CWebApplication->runController('upload/users/ja...')
#1 C:\laragon\www\bs\framework\base\CApplication.php(180): CWebApplication->processRequest()
#2 C:\laragon\www\bs\www\index.php(14): CApplication->run()
#3 {main}
REQUEST_URI=/bs/www/upload/users/jag_88/listing/big/Business_supermarket_1442318643.jpg
HTTP_REFERER=http://localhost/bs/www/listing/view?id=63&mess=succ
---
2016/07/02 04:18:46 [error] [exception.CHttpException.404] exception 'CHttpException' with message 'Unable to resolve the request "themes/business/css/images/pink-bubble-top.png".' in C:\laragon\www\bs\framework\web\CWebApplication.php:286
Stack trace:
#0 C:\laragon\www\bs\framework\web\CWebApplication.php(141): CWebApplication->runController('themes/business...')
#1 C:\laragon\www\bs\framework\base\CApplication.php(180): CWebApplication->processRequest()
#2 C:\laragon\www\bs\www\index.php(14): CApplication->run()
#3 {main}
REQUEST_URI=/bs/www/themes/business/css/images/pink-bubble-top.png
HTTP_REFERER=http://localhost/bs/www/themes/business/css/style.css
---
2016/07/02 04:18:46 [error] [exception.CHttpException.404] exception 'CHttpException' with message 'Unable to resolve the request "themes/business/css/images/pink-bubble-background.png".' in C:\laragon\www\bs\framework\web\CWebApplication.php:286
Stack trace:
#0 C:\laragon\www\bs\framework\web\CWebApplication.php(141): CWebApplication->runController('themes/business...')
#1 C:\laragon\www\bs\framework\base\CApplication.php(180): CWebApplication->processRequest()
#2 C:\laragon\www\bs\www\index.php(14): CApplication->run()
#3 {main}
REQUEST_URI=/bs/www/themes/business/css/images/pink-bubble-background.png
HTTP_REFERER=http://localhost/bs/www/themes/business/css/style.css
---
2016/07/02 04:18:59 [error] [exception.CHttpException.404] exception 'CHttpException' with message 'Unable to resolve the request "themes/business/css/investor_area.css".' in C:\laragon\www\bs\framework\web\CWebApplication.php:286
Stack trace:
#0 C:\laragon\www\bs\framework\web\CWebApplication.php(141): CWebApplication->runController('themes/business...')
#1 C:\laragon\www\bs\framework\base\CApplication.php(180): CWebApplication->processRequest()
#2 C:\laragon\www\bs\www\index.php(14): CApplication->run()
#3 {main}
REQUEST_URI=/bs/www/themes/business/css/investor_area.css
HTTP_REFERER=http://localhost/bs/www/listing/view?id=63&mess=succ
---
2016/07/02 04:18:59 [error] [exception.CHttpException.404] exception 'CHttpException' with message 'Unable to resolve the request "themes/business/js/jquery.validate.min.js".' in C:\laragon\www\bs\framework\web\CWebApplication.php:286
Stack trace:
#0 C:\laragon\www\bs\framework\web\CWebApplication.php(141): CWebApplication->runController('themes/business...')
#1 C:\laragon\www\bs\framework\base\CApplication.php(180): CWebApplication->processRequest()
#2 C:\laragon\www\bs\www\index.php(14): CApplication->run()
#3 {main}
REQUEST_URI=/bs/www/themes/business/js/jquery.validate.min.js
HTTP_REFERER=http://localhost/bs/www/listing/view?id=63&mess=succ
---
2016/07/02 04:18:59 [error] [exception.CHttpException.404] exception 'CHttpException' with message 'Unable to resolve the request "upload/users/jag_88/listing/big/Business_supermarket_1444505001.png".' in C:\laragon\www\bs\framework\web\CWebApplication.php:286
Stack trace:
#0 C:\laragon\www\bs\framework\web\CWebApplication.php(141): CWebApplication->runController('upload/users/ja...')
#1 C:\laragon\www\bs\framework\base\CApplication.php(180): CWebApplication->processRequest()
#2 C:\laragon\www\bs\www\index.php(14): CApplication->run()
#3 {main}
REQUEST_URI=/bs/www/upload/users/jag_88/listing/big/Business_supermarket_1444505001.png
HTTP_REFERER=http://localhost/bs/www/listing/view?id=63&mess=succ
---
2016/07/02 04:18:59 [error] [exception.CHttpException.404] exception 'CHttpException' with message 'Unable to resolve the request "upload/users/jag_88/listing/big/Business_supermarket_1444505014.png".' in C:\laragon\www\bs\framework\web\CWebApplication.php:286
Stack trace:
#0 C:\laragon\www\bs\framework\web\CWebApplication.php(141): CWebApplication->runController('upload/users/ja...')
#1 C:\laragon\www\bs\framework\base\CApplication.php(180): CWebApplication->processRequest()
#2 C:\laragon\www\bs\www\index.php(14): CApplication->run()
#3 {main}
REQUEST_URI=/bs/www/upload/users/jag_88/listing/big/Business_supermarket_1444505014.png
HTTP_REFERER=http://localhost/bs/www/listing/view?id=63&mess=succ
---
2016/07/02 04:18:59 [error] [exception.CHttpException.404] exception 'CHttpException' with message 'Unable to resolve the request "upload/users/jag_88/listing/big/Business_supermarket_1444505033.png".' in C:\laragon\www\bs\framework\web\CWebApplication.php:286
Stack trace:
#0 C:\laragon\www\bs\framework\web\CWebApplication.php(141): CWebApplication->runController('upload/users/ja...')
#1 C:\laragon\www\bs\framework\base\CApplication.php(180): CWebApplication->processRequest()
#2 C:\laragon\www\bs\www\index.php(14): CApplication->run()
#3 {main}
REQUEST_URI=/bs/www/upload/users/jag_88/listing/big/Business_supermarket_1444505033.png
HTTP_REFERER=http://localhost/bs/www/listing/view?id=63&mess=succ
---
2016/07/02 04:18:59 [error] [exception.CHttpException.404] exception 'CHttpException' with message 'Unable to resolve the request "upload/users/jag_88/listing/big/Business_supermarket_1444504991.png".' in C:\laragon\www\bs\framework\web\CWebApplication.php:286
Stack trace:
#0 C:\laragon\www\bs\framework\web\CWebApplication.php(141): CWebApplication->runController('upload/users/ja...')
#1 C:\laragon\www\bs\framework\base\CApplication.php(180): CWebApplication->processRequest()
#2 C:\laragon\www\bs\www\index.php(14): CApplication->run()
#3 {main}
REQUEST_URI=/bs/www/upload/users/jag_88/listing/big/Business_supermarket_1444504991.png
HTTP_REFERER=http://localhost/bs/www/listing/view?id=63&mess=succ
---
2016/07/02 04:18:59 [error] [exception.CHttpException.404] exception 'CHttpException' with message 'Unable to resolve the request "upload/users/jag_88/listing/big/Business_supermarket_1444505042.png".' in C:\laragon\www\bs\framework\web\CWebApplication.php:286
Stack trace:
#0 C:\laragon\www\bs\framework\web\CWebApplication.php(141): CWebApplication->runController('upload/users/ja...')
#1 C:\laragon\www\bs\framework\base\CApplication.php(180): CWebApplication->processRequest()
#2 C:\laragon\www\bs\www\index.php(14): CApplication->run()
#3 {main}
REQUEST_URI=/bs/www/upload/users/jag_88/listing/big/Business_supermarket_1444505042.png
HTTP_REFERER=http://localhost/bs/www/listing/view?id=63&mess=succ
---
2016/07/02 04:18:59 [error] [exception.CHttpException.404] exception 'CHttpException' with message 'Unable to resolve the request "upload/users/jag_88/listing/big/Business_supermarket_1442318643.jpg".' in C:\laragon\www\bs\framework\web\CWebApplication.php:286
Stack trace:
#0 C:\laragon\www\bs\framework\web\CWebApplication.php(141): CWebApplication->runController('upload/users/ja...')
#1 C:\laragon\www\bs\framework\base\CApplication.php(180): CWebApplication->processRequest()
#2 C:\laragon\www\bs\www\index.php(14): CApplication->run()
#3 {main}
REQUEST_URI=/bs/www/upload/users/jag_88/listing/big/Business_supermarket_1442318643.jpg
HTTP_REFERER=http://localhost/bs/www/listing/view?id=63&mess=succ
---
2016/07/02 04:19:00 [error] [exception.CHttpException.404] exception 'CHttpException' with message 'Unable to resolve the request "themes/business/css/images/pink-bubble-top.png".' in C:\laragon\www\bs\framework\web\CWebApplication.php:286
Stack trace:
#0 C:\laragon\www\bs\framework\web\CWebApplication.php(141): CWebApplication->runController('themes/business...')
#1 C:\laragon\www\bs\framework\base\CApplication.php(180): CWebApplication->processRequest()
#2 C:\laragon\www\bs\www\index.php(14): CApplication->run()
#3 {main}
REQUEST_URI=/bs/www/themes/business/css/images/pink-bubble-top.png
HTTP_REFERER=http://localhost/bs/www/themes/business/css/style.css
---
2016/07/02 04:19:00 [error] [exception.CHttpException.404] exception 'CHttpException' with message 'Unable to resolve the request "themes/business/css/images/pink-bubble-background.png".' in C:\laragon\www\bs\framework\web\CWebApplication.php:286
Stack trace:
#0 C:\laragon\www\bs\framework\web\CWebApplication.php(141): CWebApplication->runController('themes/business...')
#1 C:\laragon\www\bs\framework\base\CApplication.php(180): CWebApplication->processRequest()
#2 C:\laragon\www\bs\www\index.php(14): CApplication->run()
#3 {main}
REQUEST_URI=/bs/www/themes/business/css/images/pink-bubble-background.png
HTTP_REFERER=http://localhost/bs/www/themes/business/css/style.css
---
2016/07/02 04:19:55 [error] [exception.CHttpException.404] exception 'CHttpException' with message 'Unable to resolve the request "themes/business/js/jquery.validate.min.js".' in C:\laragon\www\bs\framework\web\CWebApplication.php:286
Stack trace:
#0 C:\laragon\www\bs\framework\web\CWebApplication.php(141): CWebApplication->runController('themes/business...')
#1 C:\laragon\www\bs\framework\base\CApplication.php(180): CWebApplication->processRequest()
#2 C:\laragon\www\bs\www\index.php(14): CApplication->run()
#3 {main}
REQUEST_URI=/bs/www/themes/business/js/jquery.validate.min.js
HTTP_REFERER=http://localhost/bs/www/listing/view?id=63&mess=succ
---
2016/07/02 04:19:55 [error] [exception.CHttpException.404] exception 'CHttpException' with message 'Unable to resolve the request "themes/business/css/investor_area.css".' in C:\laragon\www\bs\framework\web\CWebApplication.php:286
Stack trace:
#0 C:\laragon\www\bs\framework\web\CWebApplication.php(141): CWebApplication->runController('themes/business...')
#1 C:\laragon\www\bs\framework\base\CApplication.php(180): CWebApplication->processRequest()
#2 C:\laragon\www\bs\www\index.php(14): CApplication->run()
#3 {main}
REQUEST_URI=/bs/www/themes/business/css/investor_area.css
HTTP_REFERER=http://localhost/bs/www/listing/view?id=63&mess=succ
---
2016/07/02 04:19:55 [error] [exception.CHttpException.404] exception 'CHttpException' with message 'Unable to resolve the request "upload/users/jag_88/listing/big/Business_supermarket_1444505033.png".' in C:\laragon\www\bs\framework\web\CWebApplication.php:286
Stack trace:
#0 C:\laragon\www\bs\framework\web\CWebApplication.php(141): CWebApplication->runController('upload/users/ja...')
#1 C:\laragon\www\bs\framework\base\CApplication.php(180): CWebApplication->processRequest()
#2 C:\laragon\www\bs\www\index.php(14): CApplication->run()
#3 {main}
REQUEST_URI=/bs/www/upload/users/jag_88/listing/big/Business_supermarket_1444505033.png
HTTP_REFERER=http://localhost/bs/www/listing/view?id=63&mess=succ
---
2016/07/02 04:19:55 [error] [exception.CHttpException.404] exception 'CHttpException' with message 'Unable to resolve the request "upload/users/jag_88/listing/big/Business_supermarket_1444505001.png".' in C:\laragon\www\bs\framework\web\CWebApplication.php:286
Stack trace:
#0 C:\laragon\www\bs\framework\web\CWebApplication.php(141): CWebApplication->runController('upload/users/ja...')
#1 C:\laragon\www\bs\framework\base\CApplication.php(180): CWebApplication->processRequest()
#2 C:\laragon\www\bs\www\index.php(14): CApplication->run()
#3 {main}
REQUEST_URI=/bs/www/upload/users/jag_88/listing/big/Business_supermarket_1444505001.png
HTTP_REFERER=http://localhost/bs/www/listing/view?id=63&mess=succ
---
2016/07/02 04:19:55 [error] [exception.CHttpException.404] exception 'CHttpException' with message 'Unable to resolve the request "upload/users/jag_88/listing/big/Business_supermarket_1444505042.png".' in C:\laragon\www\bs\framework\web\CWebApplication.php:286
Stack trace:
#0 C:\laragon\www\bs\framework\web\CWebApplication.php(141): CWebApplication->runController('upload/users/ja...')
#1 C:\laragon\www\bs\framework\base\CApplication.php(180): CWebApplication->processRequest()
#2 C:\laragon\www\bs\www\index.php(14): CApplication->run()
#3 {main}
REQUEST_URI=/bs/www/upload/users/jag_88/listing/big/Business_supermarket_1444505042.png
HTTP_REFERER=http://localhost/bs/www/listing/view?id=63&mess=succ
---
2016/07/02 04:19:55 [error] [exception.CHttpException.404] exception 'CHttpException' with message 'Unable to resolve the request "upload/users/jag_88/listing/big/Business_supermarket_1444505014.png".' in C:\laragon\www\bs\framework\web\CWebApplication.php:286
Stack trace:
#0 C:\laragon\www\bs\framework\web\CWebApplication.php(141): CWebApplication->runController('upload/users/ja...')
#1 C:\laragon\www\bs\framework\base\CApplication.php(180): CWebApplication->processRequest()
#2 C:\laragon\www\bs\www\index.php(14): CApplication->run()
#3 {main}
REQUEST_URI=/bs/www/upload/users/jag_88/listing/big/Business_supermarket_1444505014.png
HTTP_REFERER=http://localhost/bs/www/listing/view?id=63&mess=succ
---
2016/07/02 04:19:55 [error] [exception.CHttpException.404] exception 'CHttpException' with message 'Unable to resolve the request "upload/users/jag_88/listing/big/Business_supermarket_1444504991.png".' in C:\laragon\www\bs\framework\web\CWebApplication.php:286
Stack trace:
#0 C:\laragon\www\bs\framework\web\CWebApplication.php(141): CWebApplication->runController('upload/users/ja...')
#1 C:\laragon\www\bs\framework\base\CApplication.php(180): CWebApplication->processRequest()
#2 C:\laragon\www\bs\www\index.php(14): CApplication->run()
#3 {main}
REQUEST_URI=/bs/www/upload/users/jag_88/listing/big/Business_supermarket_1444504991.png
HTTP_REFERER=http://localhost/bs/www/listing/view?id=63&mess=succ
---
2016/07/02 04:19:55 [error] [exception.CHttpException.404] exception 'CHttpException' with message 'Unable to resolve the request "upload/users/jag_88/listing/big/Business_supermarket_1442318643.jpg".' in C:\laragon\www\bs\framework\web\CWebApplication.php:286
Stack trace:
#0 C:\laragon\www\bs\framework\web\CWebApplication.php(141): CWebApplication->runController('upload/users/ja...')
#1 C:\laragon\www\bs\framework\base\CApplication.php(180): CWebApplication->processRequest()
#2 C:\laragon\www\bs\www\index.php(14): CApplication->run()
#3 {main}
REQUEST_URI=/bs/www/upload/users/jag_88/listing/big/Business_supermarket_1442318643.jpg
HTTP_REFERER=http://localhost/bs/www/listing/view?id=63&mess=succ
---
2016/07/02 04:19:55 [error] [exception.CHttpException.404] exception 'CHttpException' with message 'Unable to resolve the request "themes/business/css/images/pink-bubble-top.png".' in C:\laragon\www\bs\framework\web\CWebApplication.php:286
Stack trace:
#0 C:\laragon\www\bs\framework\web\CWebApplication.php(141): CWebApplication->runController('themes/business...')
#1 C:\laragon\www\bs\framework\base\CApplication.php(180): CWebApplication->processRequest()
#2 C:\laragon\www\bs\www\index.php(14): CApplication->run()
#3 {main}
REQUEST_URI=/bs/www/themes/business/css/images/pink-bubble-top.png
HTTP_REFERER=http://localhost/bs/www/themes/business/css/style.css
---
2016/07/02 04:19:55 [error] [exception.CHttpException.404] exception 'CHttpException' with message 'Unable to resolve the request "themes/business/css/images/pink-bubble-background.png".' in C:\laragon\www\bs\framework\web\CWebApplication.php:286
Stack trace:
#0 C:\laragon\www\bs\framework\web\CWebApplication.php(141): CWebApplication->runController('themes/business...')
#1 C:\laragon\www\bs\framework\base\CApplication.php(180): CWebApplication->processRequest()
#2 C:\laragon\www\bs\www\index.php(14): CApplication->run()
#3 {main}
REQUEST_URI=/bs/www/themes/business/css/images/pink-bubble-background.png
HTTP_REFERER=http://localhost/bs/www/themes/business/css/style.css
---
2016/07/02 04:20:01 [error] [exception.CHttpException.404] exception 'CHttpException' with message 'Unable to resolve the request "themes/business/js/jquery.validate.min.js".' in C:\laragon\www\bs\framework\web\CWebApplication.php:286
Stack trace:
#0 C:\laragon\www\bs\framework\web\CWebApplication.php(141): CWebApplication->runController('themes/business...')
#1 C:\laragon\www\bs\framework\base\CApplication.php(180): CWebApplication->processRequest()
#2 C:\laragon\www\bs\www\index.php(14): CApplication->run()
#3 {main}
REQUEST_URI=/bs/www/themes/business/js/jquery.validate.min.js
HTTP_REFERER=http://localhost/bs/www/listing/view?id=63&mess=succ
---
2016/07/02 04:20:01 [error] [exception.CHttpException.404] exception 'CHttpException' with message 'Unable to resolve the request "themes/business/css/investor_area.css".' in C:\laragon\www\bs\framework\web\CWebApplication.php:286
Stack trace:
#0 C:\laragon\www\bs\framework\web\CWebApplication.php(141): CWebApplication->runController('themes/business...')
#1 C:\laragon\www\bs\framework\base\CApplication.php(180): CWebApplication->processRequest()
#2 C:\laragon\www\bs\www\index.php(14): CApplication->run()
#3 {main}
REQUEST_URI=/bs/www/themes/business/css/investor_area.css
HTTP_REFERER=http://localhost/bs/www/listing/view?id=63&mess=succ
---
2016/07/02 04:20:03 [error] [exception.CHttpException.404] exception 'CHttpException' with message 'Unable to resolve the request "themes/business/css/images/pink-bubble-background.png".' in C:\laragon\www\bs\framework\web\CWebApplication.php:286
Stack trace:
#0 C:\laragon\www\bs\framework\web\CWebApplication.php(141): CWebApplication->runController('themes/business...')
#1 C:\laragon\www\bs\framework\base\CApplication.php(180): CWebApplication->processRequest()
#2 C:\laragon\www\bs\www\index.php(14): CApplication->run()
#3 {main}
REQUEST_URI=/bs/www/themes/business/css/images/pink-bubble-background.png
HTTP_REFERER=http://localhost/bs/www/themes/business/css/style.css
---
2016/07/02 04:20:03 [error] [exception.CHttpException.404] exception 'CHttpException' with message 'Unable to resolve the request "upload/users/jag_88/listing/big/Business_supermarket_1444504991.png".' in C:\laragon\www\bs\framework\web\CWebApplication.php:286
Stack trace:
#0 C:\laragon\www\bs\framework\web\CWebApplication.php(141): CWebApplication->runController('upload/users/ja...')
#1 C:\laragon\www\bs\framework\base\CApplication.php(180): CWebApplication->processRequest()
#2 C:\laragon\www\bs\www\index.php(14): CApplication->run()
#3 {main}
REQUEST_URI=/bs/www/upload/users/jag_88/listing/big/Business_supermarket_1444504991.png
HTTP_REFERER=http://localhost/bs/www/listing/view?id=63&mess=succ
---
2016/07/02 04:20:03 [error] [exception.CHttpException.404] exception 'CHttpException' with message 'Unable to resolve the request "upload/users/jag_88/listing/big/Business_supermarket_1442318643.jpg".' in C:\laragon\www\bs\framework\web\CWebApplication.php:286
Stack trace:
#0 C:\laragon\www\bs\framework\web\CWebApplication.php(141): CWebApplication->runController('upload/users/ja...')
#1 C:\laragon\www\bs\framework\base\CApplication.php(180): CWebApplication->processRequest()
#2 C:\laragon\www\bs\www\index.php(14): CApplication->run()
#3 {main}
REQUEST_URI=/bs/www/upload/users/jag_88/listing/big/Business_supermarket_1442318643.jpg
HTTP_REFERER=http://localhost/bs/www/listing/view?id=63&mess=succ
---
2016/07/02 04:20:03 [error] [exception.CHttpException.404] exception 'CHttpException' with message 'Unable to resolve the request "themes/business/css/images/pink-bubble-top.png".' in C:\laragon\www\bs\framework\web\CWebApplication.php:286
Stack trace:
#0 C:\laragon\www\bs\framework\web\CWebApplication.php(141): CWebApplication->runController('themes/business...')
#1 C:\laragon\www\bs\framework\base\CApplication.php(180): CWebApplication->processRequest()
#2 C:\laragon\www\bs\www\index.php(14): CApplication->run()
#3 {main}
REQUEST_URI=/bs/www/themes/business/css/images/pink-bubble-top.png
HTTP_REFERER=http://localhost/bs/www/themes/business/css/style.css
---
2016/07/02 04:20:03 [error] [exception.CHttpException.404] exception 'CHttpException' with message 'Unable to resolve the request "upload/users/jag_88/listing/big/Business_supermarket_1444505014.png".' in C:\laragon\www\bs\framework\web\CWebApplication.php:286
Stack trace:
#0 C:\laragon\www\bs\framework\web\CWebApplication.php(141): CWebApplication->runController('upload/users/ja...')
#1 C:\laragon\www\bs\framework\base\CApplication.php(180): CWebApplication->processRequest()
#2 C:\laragon\www\bs\www\index.php(14): CApplication->run()
#3 {main}
REQUEST_URI=/bs/www/upload/users/jag_88/listing/big/Business_supermarket_1444505014.png
HTTP_REFERER=http://localhost/bs/www/listing/view?id=63&mess=succ
---
2016/07/02 04:20:03 [error] [exception.CHttpException.404] exception 'CHttpException' with message 'Unable to resolve the request "upload/users/jag_88/listing/big/Business_supermarket_1444505042.png".' in C:\laragon\www\bs\framework\web\CWebApplication.php:286
Stack trace:
#0 C:\laragon\www\bs\framework\web\CWebApplication.php(141): CWebApplication->runController('upload/users/ja...')
#1 C:\laragon\www\bs\framework\base\CApplication.php(180): CWebApplication->processRequest()
#2 C:\laragon\www\bs\www\index.php(14): CApplication->run()
#3 {main}
REQUEST_URI=/bs/www/upload/users/jag_88/listing/big/Business_supermarket_1444505042.png
HTTP_REFERER=http://localhost/bs/www/listing/view?id=63&mess=succ
---
2016/07/02 04:20:03 [error] [exception.CHttpException.404] exception 'CHttpException' with message 'Unable to resolve the request "upload/users/jag_88/listing/big/Business_supermarket_1444505001.png".' in C:\laragon\www\bs\framework\web\CWebApplication.php:286
Stack trace:
#0 C:\laragon\www\bs\framework\web\CWebApplication.php(141): CWebApplication->runController('upload/users/ja...')
#1 C:\laragon\www\bs\framework\base\CApplication.php(180): CWebApplication->processRequest()
#2 C:\laragon\www\bs\www\index.php(14): CApplication->run()
#3 {main}
REQUEST_URI=/bs/www/upload/users/jag_88/listing/big/Business_supermarket_1444505001.png
HTTP_REFERER=http://localhost/bs/www/listing/view?id=63&mess=succ
---
2016/07/02 04:20:03 [error] [exception.CHttpException.404] exception 'CHttpException' with message 'Unable to resolve the request "upload/users/jag_88/listing/big/Business_supermarket_1444505033.png".' in C:\laragon\www\bs\framework\web\CWebApplication.php:286
Stack trace:
#0 C:\laragon\www\bs\framework\web\CWebApplication.php(141): CWebApplication->runController('upload/users/ja...')
#1 C:\laragon\www\bs\framework\base\CApplication.php(180): CWebApplication->processRequest()
#2 C:\laragon\www\bs\www\index.php(14): CApplication->run()
#3 {main}
REQUEST_URI=/bs/www/upload/users/jag_88/listing/big/Business_supermarket_1444505033.png
HTTP_REFERER=http://localhost/bs/www/listing/view?id=63&mess=succ
---
2016/07/02 04:20:20 [error] [exception.CHttpException.404] exception 'CHttpException' with message 'Unable to resolve the request "themes/business/css/investor_area.css".' in C:\laragon\www\bs\framework\web\CWebApplication.php:286
Stack trace:
#0 C:\laragon\www\bs\framework\web\CWebApplication.php(141): CWebApplication->runController('themes/business...')
#1 C:\laragon\www\bs\framework\base\CApplication.php(180): CWebApplication->processRequest()
#2 C:\laragon\www\bs\www\index.php(14): CApplication->run()
#3 {main}
REQUEST_URI=/bs/www/themes/business/css/investor_area.css
HTTP_REFERER=http://localhost/bs/www/listing/view?id=63&mess=succ
---
2016/07/02 04:20:20 [error] [exception.CHttpException.404] exception 'CHttpException' with message 'Unable to resolve the request "themes/business/js/jquery.validate.min.js".' in C:\laragon\www\bs\framework\web\CWebApplication.php:286
Stack trace:
#0 C:\laragon\www\bs\framework\web\CWebApplication.php(141): CWebApplication->runController('themes/business...')
#1 C:\laragon\www\bs\framework\base\CApplication.php(180): CWebApplication->processRequest()
#2 C:\laragon\www\bs\www\index.php(14): CApplication->run()
#3 {main}
REQUEST_URI=/bs/www/themes/business/js/jquery.validate.min.js
HTTP_REFERER=http://localhost/bs/www/listing/view?id=63&mess=succ
---
2016/07/02 04:20:20 [error] [exception.CHttpException.404] exception 'CHttpException' with message 'Unable to resolve the request "upload/users/jag_88/listing/big/Business_supermarket_1444504991.png".' in C:\laragon\www\bs\framework\web\CWebApplication.php:286
Stack trace:
#0 C:\laragon\www\bs\framework\web\CWebApplication.php(141): CWebApplication->runController('upload/users/ja...')
#1 C:\laragon\www\bs\framework\base\CApplication.php(180): CWebApplication->processRequest()
#2 C:\laragon\www\bs\www\index.php(14): CApplication->run()
#3 {main}
REQUEST_URI=/bs/www/upload/users/jag_88/listing/big/Business_supermarket_1444504991.png
HTTP_REFERER=http://localhost/bs/www/listing/view?id=63&mess=succ
---
2016/07/02 04:20:20 [error] [exception.CHttpException.404] exception 'CHttpException' with message 'Unable to resolve the request "upload/users/jag_88/listing/big/Business_supermarket_1444505014.png".' in C:\laragon\www\bs\framework\web\CWebApplication.php:286
Stack trace:
#0 C:\laragon\www\bs\framework\web\CWebApplication.php(141): CWebApplication->runController('upload/users/ja...')
#1 C:\laragon\www\bs\framework\base\CApplication.php(180): CWebApplication->processRequest()
#2 C:\laragon\www\bs\www\index.php(14): CApplication->run()
#3 {main}
REQUEST_URI=/bs/www/upload/users/jag_88/listing/big/Business_supermarket_1444505014.png
HTTP_REFERER=http://localhost/bs/www/listing/view?id=63&mess=succ
---
2016/07/02 04:20:20 [error] [exception.CHttpException.404] exception 'CHttpException' with message 'Unable to resolve the request "upload/users/jag_88/listing/big/Business_supermarket_1444505001.png".' in C:\laragon\www\bs\framework\web\CWebApplication.php:286
Stack trace:
#0 C:\laragon\www\bs\framework\web\CWebApplication.php(141): CWebApplication->runController('upload/users/ja...')
#1 C:\laragon\www\bs\framework\base\CApplication.php(180): CWebApplication->processRequest()
#2 C:\laragon\www\bs\www\index.php(14): CApplication->run()
#3 {main}
REQUEST_URI=/bs/www/upload/users/jag_88/listing/big/Business_supermarket_1444505001.png
HTTP_REFERER=http://localhost/bs/www/listing/view?id=63&mess=succ
---
2016/07/02 04:20:20 [error] [exception.CHttpException.404] exception 'CHttpException' with message 'Unable to resolve the request "upload/users/jag_88/listing/big/Business_supermarket_1444505042.png".' in C:\laragon\www\bs\framework\web\CWebApplication.php:286
Stack trace:
#0 C:\laragon\www\bs\framework\web\CWebApplication.php(141): CWebApplication->runController('upload/users/ja...')
#1 C:\laragon\www\bs\framework\base\CApplication.php(180): CWebApplication->processRequest()
#2 C:\laragon\www\bs\www\index.php(14): CApplication->run()
#3 {main}
REQUEST_URI=/bs/www/upload/users/jag_88/listing/big/Business_supermarket_1444505042.png
HTTP_REFERER=http://localhost/bs/www/listing/view?id=63&mess=succ
---
2016/07/02 04:20:20 [error] [exception.CHttpException.404] exception 'CHttpException' with message 'Unable to resolve the request "upload/users/jag_88/listing/big/Business_supermarket_1444505033.png".' in C:\laragon\www\bs\framework\web\CWebApplication.php:286
Stack trace:
#0 C:\laragon\www\bs\framework\web\CWebApplication.php(141): CWebApplication->runController('upload/users/ja...')
#1 C:\laragon\www\bs\framework\base\CApplication.php(180): CWebApplication->processRequest()
#2 C:\laragon\www\bs\www\index.php(14): CApplication->run()
#3 {main}
REQUEST_URI=/bs/www/upload/users/jag_88/listing/big/Business_supermarket_1444505033.png
HTTP_REFERER=http://localhost/bs/www/listing/view?id=63&mess=succ
---
2016/07/02 04:20:20 [error] [exception.CHttpException.404] exception 'CHttpException' with message 'Unable to resolve the request "upload/users/jag_88/listing/big/Business_supermarket_1442318643.jpg".' in C:\laragon\www\bs\framework\web\CWebApplication.php:286
Stack trace:
#0 C:\laragon\www\bs\framework\web\CWebApplication.php(141): CWebApplication->runController('upload/users/ja...')
#1 C:\laragon\www\bs\framework\base\CApplication.php(180): CWebApplication->processRequest()
#2 C:\laragon\www\bs\www\index.php(14): CApplication->run()
#3 {main}
REQUEST_URI=/bs/www/upload/users/jag_88/listing/big/Business_supermarket_1442318643.jpg
HTTP_REFERER=http://localhost/bs/www/listing/view?id=63&mess=succ
---
2016/07/02 04:20:20 [error] [exception.CHttpException.404] exception 'CHttpException' with message 'Unable to resolve the request "themes/business/css/images/pink-bubble-top.png".' in C:\laragon\www\bs\framework\web\CWebApplication.php:286
Stack trace:
#0 C:\laragon\www\bs\framework\web\CWebApplication.php(141): CWebApplication->runController('themes/business...')
#1 C:\laragon\www\bs\framework\base\CApplication.php(180): CWebApplication->processRequest()
#2 C:\laragon\www\bs\www\index.php(14): CApplication->run()
#3 {main}
REQUEST_URI=/bs/www/themes/business/css/images/pink-bubble-top.png
HTTP_REFERER=http://localhost/bs/www/themes/business/css/style.css
---
2016/07/02 04:20:20 [error] [exception.CHttpException.404] exception 'CHttpException' with message 'Unable to resolve the request "themes/business/css/images/pink-bubble-background.png".' in C:\laragon\www\bs\framework\web\CWebApplication.php:286
Stack trace:
#0 C:\laragon\www\bs\framework\web\CWebApplication.php(141): CWebApplication->runController('themes/business...')
#1 C:\laragon\www\bs\framework\base\CApplication.php(180): CWebApplication->processRequest()
#2 C:\laragon\www\bs\www\index.php(14): CApplication->run()
#3 {main}
REQUEST_URI=/bs/www/themes/business/css/images/pink-bubble-background.png
HTTP_REFERER=http://localhost/bs/www/themes/business/css/style.css
---
2016/07/02 04:21:01 [error] [exception.CHttpException.404] exception 'CHttpException' with message 'Unable to resolve the request "themes/business/css/investor_area.css".' in C:\laragon\www\bs\framework\web\CWebApplication.php:286
Stack trace:
#0 C:\laragon\www\bs\framework\web\CWebApplication.php(141): CWebApplication->runController('themes/business...')
#1 C:\laragon\www\bs\framework\base\CApplication.php(180): CWebApplication->processRequest()
#2 C:\laragon\www\bs\www\index.php(14): CApplication->run()
#3 {main}
REQUEST_URI=/bs/www/themes/business/css/investor_area.css
HTTP_REFERER=http://localhost/bs/www/listing/view?id=63&mess=succ
---
2016/07/02 04:21:01 [error] [exception.CHttpException.404] exception 'CHttpException' with message 'Unable to resolve the request "themes/business/js/jquery.validate.min.js".' in C:\laragon\www\bs\framework\web\CWebApplication.php:286
Stack trace:
#0 C:\laragon\www\bs\framework\web\CWebApplication.php(141): CWebApplication->runController('themes/business...')
#1 C:\laragon\www\bs\framework\base\CApplication.php(180): CWebApplication->processRequest()
#2 C:\laragon\www\bs\www\index.php(14): CApplication->run()
#3 {main}
REQUEST_URI=/bs/www/themes/business/js/jquery.validate.min.js
HTTP_REFERER=http://localhost/bs/www/listing/view?id=63&mess=succ
---
2016/07/02 04:21:01 [error] [exception.CHttpException.404] exception 'CHttpException' with message 'Unable to resolve the request "upload/users/jag_88/listing/big/Business_supermarket_1444504991.png".' in C:\laragon\www\bs\framework\web\CWebApplication.php:286
Stack trace:
#0 C:\laragon\www\bs\framework\web\CWebApplication.php(141): CWebApplication->runController('upload/users/ja...')
#1 C:\laragon\www\bs\framework\base\CApplication.php(180): CWebApplication->processRequest()
#2 C:\laragon\www\bs\www\index.php(14): CApplication->run()
#3 {main}
REQUEST_URI=/bs/www/upload/users/jag_88/listing/big/Business_supermarket_1444504991.png
HTTP_REFERER=http://localhost/bs/www/listing/view?id=63&mess=succ
---
2016/07/02 04:21:01 [error] [exception.CHttpException.404] exception 'CHttpException' with message 'Unable to resolve the request "upload/users/jag_88/listing/big/Business_supermarket_1444505014.png".' in C:\laragon\www\bs\framework\web\CWebApplication.php:286
Stack trace:
#0 C:\laragon\www\bs\framework\web\CWebApplication.php(141): CWebApplication->runController('upload/users/ja...')
#1 C:\laragon\www\bs\framework\base\CApplication.php(180): CWebApplication->processRequest()
#2 C:\laragon\www\bs\www\index.php(14): CApplication->run()
#3 {main}
REQUEST_URI=/bs/www/upload/users/jag_88/listing/big/Business_supermarket_1444505014.png
HTTP_REFERER=http://localhost/bs/www/listing/view?id=63&mess=succ
---
2016/07/02 04:21:01 [error] [exception.CHttpException.404] exception 'CHttpException' with message 'Unable to resolve the request "upload/users/jag_88/listing/big/Business_supermarket_1444505042.png".' in C:\laragon\www\bs\framework\web\CWebApplication.php:286
Stack trace:
#0 C:\laragon\www\bs\framework\web\CWebApplication.php(141): CWebApplication->runController('upload/users/ja...')
#1 C:\laragon\www\bs\framework\base\CApplication.php(180): CWebApplication->processRequest()
#2 C:\laragon\www\bs\www\index.php(14): CApplication->run()
#3 {main}
REQUEST_URI=/bs/www/upload/users/jag_88/listing/big/Business_supermarket_1444505042.png
HTTP_REFERER=http://localhost/bs/www/listing/view?id=63&mess=succ
---
2016/07/02 04:21:01 [error] [exception.CHttpException.404] exception 'CHttpException' with message 'Unable to resolve the request "upload/users/jag_88/listing/big/Business_supermarket_1444505033.png".' in C:\laragon\www\bs\framework\web\CWebApplication.php:286
Stack trace:
#0 C:\laragon\www\bs\framework\web\CWebApplication.php(141): CWebApplication->runController('upload/users/ja...')
#1 C:\laragon\www\bs\framework\base\CApplication.php(180): CWebApplication->processRequest()
#2 C:\laragon\www\bs\www\index.php(14): CApplication->run()
#3 {main}
REQUEST_URI=/bs/www/upload/users/jag_88/listing/big/Business_supermarket_1444505033.png
HTTP_REFERER=http://localhost/bs/www/listing/view?id=63&mess=succ
---
2016/07/02 04:21:01 [error] [exception.CHttpException.404] exception 'CHttpException' with message 'Unable to resolve the request "upload/users/jag_88/listing/big/Business_supermarket_1444505001.png".' in C:\laragon\www\bs\framework\web\CWebApplication.php:286
Stack trace:
#0 C:\laragon\www\bs\framework\web\CWebApplication.php(141): CWebApplication->runController('upload/users/ja...')
#1 C:\laragon\www\bs\framework\base\CApplication.php(180): CWebApplication->processRequest()
#2 C:\laragon\www\bs\www\index.php(14): CApplication->run()
#3 {main}
REQUEST_URI=/bs/www/upload/users/jag_88/listing/big/Business_supermarket_1444505001.png
HTTP_REFERER=http://localhost/bs/www/listing/view?id=63&mess=succ
---
2016/07/02 04:21:01 [error] [exception.CHttpException.404] exception 'CHttpException' with message 'Unable to resolve the request "upload/users/jag_88/listing/big/Business_supermarket_1442318643.jpg".' in C:\laragon\www\bs\framework\web\CWebApplication.php:286
Stack trace:
#0 C:\laragon\www\bs\framework\web\CWebApplication.php(141): CWebApplication->runController('upload/users/ja...')
#1 C:\laragon\www\bs\framework\base\CApplication.php(180): CWebApplication->processRequest()
#2 C:\laragon\www\bs\www\index.php(14): CApplication->run()
#3 {main}
REQUEST_URI=/bs/www/upload/users/jag_88/listing/big/Business_supermarket_1442318643.jpg
HTTP_REFERER=http://localhost/bs/www/listing/view?id=63&mess=succ
---
2016/07/02 04:21:02 [error] [exception.CHttpException.404] exception 'CHttpException' with message 'Unable to resolve the request "themes/business/css/images/pink-bubble-top.png".' in C:\laragon\www\bs\framework\web\CWebApplication.php:286
Stack trace:
#0 C:\laragon\www\bs\framework\web\CWebApplication.php(141): CWebApplication->runController('themes/business...')
#1 C:\laragon\www\bs\framework\base\CApplication.php(180): CWebApplication->processRequest()
#2 C:\laragon\www\bs\www\index.php(14): CApplication->run()
#3 {main}
REQUEST_URI=/bs/www/themes/business/css/images/pink-bubble-top.png
HTTP_REFERER=http://localhost/bs/www/themes/business/css/style.css
---
2016/07/02 04:21:02 [error] [exception.CHttpException.404] exception 'CHttpException' with message 'Unable to resolve the request "themes/business/css/images/pink-bubble-background.png".' in C:\laragon\www\bs\framework\web\CWebApplication.php:286
Stack trace:
#0 C:\laragon\www\bs\framework\web\CWebApplication.php(141): CWebApplication->runController('themes/business...')
#1 C:\laragon\www\bs\framework\base\CApplication.php(180): CWebApplication->processRequest()
#2 C:\laragon\www\bs\www\index.php(14): CApplication->run()
#3 {main}
REQUEST_URI=/bs/www/themes/business/css/images/pink-bubble-background.png
HTTP_REFERER=http://localhost/bs/www/themes/business/css/style.css
---
2016/07/02 04:21:22 [error] [exception.CHttpException.404] exception 'CHttpException' with message 'Unable to resolve the request "themes/business/css/investor_area.css".' in C:\laragon\www\bs\framework\web\CWebApplication.php:286
Stack trace:
#0 C:\laragon\www\bs\framework\web\CWebApplication.php(141): CWebApplication->runController('themes/business...')
#1 C:\laragon\www\bs\framework\base\CApplication.php(180): CWebApplication->processRequest()
#2 C:\laragon\www\bs\www\index.php(14): CApplication->run()
#3 {main}
REQUEST_URI=/bs/www/themes/business/css/investor_area.css
HTTP_REFERER=http://localhost/bs/www/user/myaccount/update
---
2016/07/02 04:21:22 [error] [exception.CHttpException.404] exception 'CHttpException' with message 'Unable to resolve the request "themes/business/css/images/pink-bubble-top.png".' in C:\laragon\www\bs\framework\web\CWebApplication.php:286
Stack trace:
#0 C:\laragon\www\bs\framework\web\CWebApplication.php(141): CWebApplication->runController('themes/business...')
#1 C:\laragon\www\bs\framework\base\CApplication.php(180): CWebApplication->processRequest()
#2 C:\laragon\www\bs\www\index.php(14): CApplication->run()
#3 {main}
REQUEST_URI=/bs/www/themes/business/css/images/pink-bubble-top.png
HTTP_REFERER=http://localhost/bs/www/themes/business/css/style.css
---
2016/07/02 04:21:22 [error] [exception.CHttpException.404] exception 'CHttpException' with message 'Unable to resolve the request "themes/business/css/images/pink-bubble-background.png".' in C:\laragon\www\bs\framework\web\CWebApplication.php:286
Stack trace:
#0 C:\laragon\www\bs\framework\web\CWebApplication.php(141): CWebApplication->runController('themes/business...')
#1 C:\laragon\www\bs\framework\base\CApplication.php(180): CWebApplication->processRequest()
#2 C:\laragon\www\bs\www\index.php(14): CApplication->run()
#3 {main}
REQUEST_URI=/bs/www/themes/business/css/images/pink-bubble-background.png
HTTP_REFERER=http://localhost/bs/www/themes/business/css/style.css
---
2016/07/02 04:21:25 [error] [exception.CHttpException.404] exception 'CHttpException' with message 'Unable to resolve the request "themes/business/css/investor_area.css".' in C:\laragon\www\bs\framework\web\CWebApplication.php:286
Stack trace:
#0 C:\laragon\www\bs\framework\web\CWebApplication.php(141): CWebApplication->runController('themes/business...')
#1 C:\laragon\www\bs\framework\base\CApplication.php(180): CWebApplication->processRequest()
#2 C:\laragon\www\bs\www\index.php(14): CApplication->run()
#3 {main}
REQUEST_URI=/bs/www/themes/business/css/investor_area.css
HTTP_REFERER=http://localhost/bs/www/listing
---
2016/07/02 04:21:25 [error] [exception.CHttpException.404] exception 'CHttpException' with message 'Unable to resolve the request "themes/business/css/images/pink-bubble-top.png".' in C:\laragon\www\bs\framework\web\CWebApplication.php:286
Stack trace:
#0 C:\laragon\www\bs\framework\web\CWebApplication.php(141): CWebApplication->runController('themes/business...')
#1 C:\laragon\www\bs\framework\base\CApplication.php(180): CWebApplication->processRequest()
#2 C:\laragon\www\bs\www\index.php(14): CApplication->run()
#3 {main}
REQUEST_URI=/bs/www/themes/business/css/images/pink-bubble-top.png
HTTP_REFERER=http://localhost/bs/www/themes/business/css/style.css
---
2016/07/02 04:21:25 [error] [exception.CHttpException.404] exception 'CHttpException' with message 'Unable to resolve the request "themes/business/css/images/pink-bubble-background.png".' in C:\laragon\www\bs\framework\web\CWebApplication.php:286
Stack trace:
#0 C:\laragon\www\bs\framework\web\CWebApplication.php(141): CWebApplication->runController('themes/business...')
#1 C:\laragon\www\bs\framework\base\CApplication.php(180): CWebApplication->processRequest()
#2 C:\laragon\www\bs\www\index.php(14): CApplication->run()
#3 {main}
REQUEST_URI=/bs/www/themes/business/css/images/pink-bubble-background.png
HTTP_REFERER=http://localhost/bs/www/themes/business/css/style.css
---
2016/07/02 04:21:27 [error] [exception.CHttpException.404] exception 'CHttpException' with message 'Unable to resolve the request "themes/business/css/investor_area.css".' in C:\laragon\www\bs\framework\web\CWebApplication.php:286
Stack trace:
#0 C:\laragon\www\bs\framework\web\CWebApplication.php(141): CWebApplication->runController('themes/business...')
#1 C:\laragon\www\bs\framework\base\CApplication.php(180): CWebApplication->processRequest()
#2 C:\laragon\www\bs\www\index.php(14): CApplication->run()
#3 {main}
REQUEST_URI=/bs/www/themes/business/css/investor_area.css
HTTP_REFERER=http://localhost/bs/www/listing/selectlisting/listid/63
---
2016/07/02 04:21:27 [error] [exception.CHttpException.404] exception 'CHttpException' with message 'Unable to resolve the request "themes/business/css/images/pink-bubble-background.png".' in C:\laragon\www\bs\framework\web\CWebApplication.php:286
Stack trace:
#0 C:\laragon\www\bs\framework\web\CWebApplication.php(141): CWebApplication->runController('themes/business...')
#1 C:\laragon\www\bs\framework\base\CApplication.php(180): CWebApplication->processRequest()
#2 C:\laragon\www\bs\www\index.php(14): CApplication->run()
#3 {main}
REQUEST_URI=/bs/www/themes/business/css/images/pink-bubble-background.png
HTTP_REFERER=http://localhost/bs/www/themes/business/css/style.css
---
2016/07/02 04:21:27 [error] [exception.CHttpException.404] exception 'CHttpException' with message 'Unable to resolve the request "themes/business/css/images/pink-bubble-top.png".' in C:\laragon\www\bs\framework\web\CWebApplication.php:286
Stack trace:
#0 C:\laragon\www\bs\framework\web\CWebApplication.php(141): CWebApplication->runController('themes/business...')
#1 C:\laragon\www\bs\framework\base\CApplication.php(180): CWebApplication->processRequest()
#2 C:\laragon\www\bs\www\index.php(14): CApplication->run()
#3 {main}
REQUEST_URI=/bs/www/themes/business/css/images/pink-bubble-top.png
HTTP_REFERER=http://localhost/bs/www/themes/business/css/style.css
---
2016/07/02 04:21:31 [error] [exception.CHttpException.404] exception 'CHttpException' with message 'Unable to resolve the request "css/style.css".' in C:\laragon\www\bs\framework\web\CWebApplication.php:286
Stack trace:
#0 C:\laragon\www\bs\framework\web\CWebApplication.php(141): CWebApplication->runController('css/style.css')
#1 C:\laragon\www\bs\framework\base\CApplication.php(180): CWebApplication->processRequest()
#2 C:\laragon\www\bs\www\index.php(14): CApplication->run()
#3 {main}
REQUEST_URI=/bs/www/css/style.css
HTTP_REFERER=http://localhost/bs/www/banner/index/listid/63
---
2016/07/02 04:21:31 [error] [exception.CHttpException.404] exception 'CHttpException' with message 'Unable to resolve the request "themes/business/css/investor_area.css".' in C:\laragon\www\bs\framework\web\CWebApplication.php:286
Stack trace:
#0 C:\laragon\www\bs\framework\web\CWebApplication.php(141): CWebApplication->runController('themes/business...')
#1 C:\laragon\www\bs\framework\base\CApplication.php(180): CWebApplication->processRequest()
#2 C:\laragon\www\bs\www\index.php(14): CApplication->run()
#3 {main}
REQUEST_URI=/bs/www/themes/business/css/investor_area.css
HTTP_REFERER=http://localhost/bs/www/banner/index/listid/63
---
2016/07/02 04:21:32 [error] [exception.CHttpException.404] exception 'CHttpException' with message 'Unable to resolve the request "upload/banner-images/banners_users/jats_86/imageedit_1_6688546441-2015-11-23-10-55-42.png".' in C:\laragon\www\bs\framework\web\CWebApplication.php:286
Stack trace:
#0 C:\laragon\www\bs\framework\web\CWebApplication.php(141): CWebApplication->runController('upload/banner-i...')
#1 C:\laragon\www\bs\framework\base\CApplication.php(180): CWebApplication->processRequest()
#2 C:\laragon\www\bs\www\index.php(14): CApplication->run()
#3 {main}
REQUEST_URI=/bs/www/upload/banner-images/banners_users/jats_86/imageedit_1_6688546441-2015-11-23-10-55-42.png
HTTP_REFERER=http://localhost/bs/www/banner/index/listid/63
---
2016/07/02 04:21:32 [error] [exception.CHttpException.404] exception 'CHttpException' with message 'Unable to resolve the request "themes/business/css/images/pink-bubble-top.png".' in C:\laragon\www\bs\framework\web\CWebApplication.php:286
Stack trace:
#0 C:\laragon\www\bs\framework\web\CWebApplication.php(141): CWebApplication->runController('themes/business...')
#1 C:\laragon\www\bs\framework\base\CApplication.php(180): CWebApplication->processRequest()
#2 C:\laragon\www\bs\www\index.php(14): CApplication->run()
#3 {main}
REQUEST_URI=/bs/www/themes/business/css/images/pink-bubble-top.png
HTTP_REFERER=http://localhost/bs/www/themes/business/css/style.css
---
2016/07/02 04:21:32 [error] [exception.CHttpException.404] exception 'CHttpException' with message 'Unable to resolve the request "themes/business/css/images/pink-bubble-background.png".' in C:\laragon\www\bs\framework\web\CWebApplication.php:286
Stack trace:
#0 C:\laragon\www\bs\framework\web\CWebApplication.php(141): CWebApplication->runController('themes/business...')
#1 C:\laragon\www\bs\framework\base\CApplication.php(180): CWebApplication->processRequest()
#2 C:\laragon\www\bs\www\index.php(14): CApplication->run()
#3 {main}
REQUEST_URI=/bs/www/themes/business/css/images/pink-bubble-background.png
HTTP_REFERER=http://localhost/bs/www/themes/business/css/style.css
---
