2016/06/10 01:39:12 [error] [exception.CHttpException.404] exception 'CHttpException' with message 'Unable to resolve the request "themes/business/css/investor_area.css".' in C:\laragon\www\bsupermarket\framework\web\CWebApplication.php:286
Stack trace:
#0 C:\laragon\www\bsupermarket\framework\web\CWebApplication.php(141): CWebApplication->runController('themes/business...')
#1 C:\laragon\www\bsupermarket\framework\base\CApplication.php(180): CWebApplication->processRequest()
#2 C:\laragon\www\bsupermarket\www\index.php(14): CApplication->run()
#3 {main}
REQUEST_URI=/bsupermarket/www/themes/business/css/investor_area.css
HTTP_REFERER=http://localhost/bsupermarket/www/
---
2016/06/10 01:39:12 [error] [exception.CHttpException.404] exception 'CHttpException' with message 'Unable to resolve the request "themes/business/css/images/pink-bubble-top.png".' in C:\laragon\www\bsupermarket\framework\web\CWebApplication.php:286
Stack trace:
#0 C:\laragon\www\bsupermarket\framework\web\CWebApplication.php(141): CWebApplication->runController('themes/business...')
#1 C:\laragon\www\bsupermarket\framework\base\CApplication.php(180): CWebApplication->processRequest()
#2 C:\laragon\www\bsupermarket\www\index.php(14): CApplication->run()
#3 {main}
REQUEST_URI=/bsupermarket/www/themes/business/css/images/pink-bubble-top.png
HTTP_REFERER=http://localhost/bsupermarket/www/themes/business/css/style.css
---
2016/06/10 01:39:12 [error] [exception.CHttpException.404] exception 'CHttpException' with message 'Unable to resolve the request "themes/business/css/images/pink-bubble-background.png".' in C:\laragon\www\bsupermarket\framework\web\CWebApplication.php:286
Stack trace:
#0 C:\laragon\www\bsupermarket\framework\web\CWebApplication.php(141): CWebApplication->runController('themes/business...')
#1 C:\laragon\www\bsupermarket\framework\base\CApplication.php(180): CWebApplication->processRequest()
#2 C:\laragon\www\bsupermarket\www\index.php(14): CApplication->run()
#3 {main}
REQUEST_URI=/bsupermarket/www/themes/business/css/images/pink-bubble-background.png
HTTP_REFERER=http://localhost/bsupermarket/www/themes/business/css/style.css
---
2016/06/10 01:39:15 [error] [exception.CHttpException.404] exception 'CHttpException' with message 'Unable to resolve the request "themes/business/css/investor_area.css".' in C:\laragon\www\bsupermarket\framework\web\CWebApplication.php:286
Stack trace:
#0 C:\laragon\www\bsupermarket\framework\web\CWebApplication.php(141): CWebApplication->runController('themes/business...')
#1 C:\laragon\www\bsupermarket\framework\base\CApplication.php(180): CWebApplication->processRequest()
#2 C:\laragon\www\bsupermarket\www\index.php(14): CApplication->run()
#3 {main}
REQUEST_URI=/bsupermarket/www/themes/business/css/investor_area.css
HTTP_REFERER=http://localhost/bsupermarket/www/listing/business-ideas
---
2016/06/10 01:39:15 [error] [exception.CHttpException.404] exception 'CHttpException' with message 'Unable to resolve the request "themes/business/css/images/pink-bubble-background.png".' in C:\laragon\www\bsupermarket\framework\web\CWebApplication.php:286
Stack trace:
#0 C:\laragon\www\bsupermarket\framework\web\CWebApplication.php(141): CWebApplication->runController('themes/business...')
#1 C:\laragon\www\bsupermarket\framework\base\CApplication.php(180): CWebApplication->processRequest()
#2 C:\laragon\www\bsupermarket\www\index.php(14): CApplication->run()
#3 {main}
REQUEST_URI=/bsupermarket/www/themes/business/css/images/pink-bubble-background.png
HTTP_REFERER=http://localhost/bsupermarket/www/themes/business/css/style.css
---
2016/06/10 01:39:15 [error] [exception.CHttpException.404] exception 'CHttpException' with message 'Unable to resolve the request "themes/business/css/images/pink-bubble-top.png".' in C:\laragon\www\bsupermarket\framework\web\CWebApplication.php:286
Stack trace:
#0 C:\laragon\www\bsupermarket\framework\web\CWebApplication.php(141): CWebApplication->runController('themes/business...')
#1 C:\laragon\www\bsupermarket\framework\base\CApplication.php(180): CWebApplication->processRequest()
#2 C:\laragon\www\bsupermarket\www\index.php(14): CApplication->run()
#3 {main}
REQUEST_URI=/bsupermarket/www/themes/business/css/images/pink-bubble-top.png
HTTP_REFERER=http://localhost/bsupermarket/www/themes/business/css/style.css
---
2016/06/10 01:41:11 [error] [exception.CHttpException.404] exception 'CHttpException' with message 'Unable to resolve the request "themes/business/css/investor_area.css".' in C:\laragon\www\bsupermarket\framework\web\CWebApplication.php:286
Stack trace:
#0 C:\laragon\www\bsupermarket\framework\web\CWebApplication.php(141): CWebApplication->runController('themes/business...')
#1 C:\laragon\www\bsupermarket\framework\base\CApplication.php(180): CWebApplication->processRequest()
#2 C:\laragon\www\bsupermarket\www\index.php(14): CApplication->run()
#3 {main}
REQUEST_URI=/bsupermarket/www/themes/business/css/investor_area.css
HTTP_REFERER=http://localhost/bsupermarket/www/
---
2016/06/10 01:41:11 [error] [exception.CHttpException.404] exception 'CHttpException' with message 'Unable to resolve the request "themes/business/css/images/pink-bubble-top.png".' in C:\laragon\www\bsupermarket\framework\web\CWebApplication.php:286
Stack trace:
#0 C:\laragon\www\bsupermarket\framework\web\CWebApplication.php(141): CWebApplication->runController('themes/business...')
#1 C:\laragon\www\bsupermarket\framework\base\CApplication.php(180): CWebApplication->processRequest()
#2 C:\laragon\www\bsupermarket\www\index.php(14): CApplication->run()
#3 {main}
REQUEST_URI=/bsupermarket/www/themes/business/css/images/pink-bubble-top.png
HTTP_REFERER=http://localhost/bsupermarket/www/themes/business/css/style.css
---
2016/06/10 01:41:11 [error] [exception.CHttpException.404] exception 'CHttpException' with message 'Unable to resolve the request "themes/business/css/images/pink-bubble-background.png".' in C:\laragon\www\bsupermarket\framework\web\CWebApplication.php:286
Stack trace:
#0 C:\laragon\www\bsupermarket\framework\web\CWebApplication.php(141): CWebApplication->runController('themes/business...')
#1 C:\laragon\www\bsupermarket\framework\base\CApplication.php(180): CWebApplication->processRequest()
#2 C:\laragon\www\bsupermarket\www\index.php(14): CApplication->run()
#3 {main}
REQUEST_URI=/bsupermarket/www/themes/business/css/images/pink-bubble-background.png
HTTP_REFERER=http://localhost/bsupermarket/www/themes/business/css/style.css
---
2016/06/10 01:41:16 [error] [exception.CHttpException.404] exception 'CHttpException' with message 'Unable to resolve the request "themes/business/css/investor_area.css".' in C:\laragon\www\bsupermarket\framework\web\CWebApplication.php:286
Stack trace:
#0 C:\laragon\www\bsupermarket\framework\web\CWebApplication.php(141): CWebApplication->runController('themes/business...')
#1 C:\laragon\www\bsupermarket\framework\base\CApplication.php(180): CWebApplication->processRequest()
#2 C:\laragon\www\bsupermarket\www\index.php(14): CApplication->run()
#3 {main}
REQUEST_URI=/bsupermarket/www/themes/business/css/investor_area.css
HTTP_REFERER=http://localhost/bsupermarket/www/user/myaccount/update
---
2016/06/10 01:41:16 [error] [exception.CHttpException.404] exception 'CHttpException' with message 'Unable to resolve the request "themes/business/css/images/pink-bubble-top.png".' in C:\laragon\www\bsupermarket\framework\web\CWebApplication.php:286
Stack trace:
#0 C:\laragon\www\bsupermarket\framework\web\CWebApplication.php(141): CWebApplication->runController('themes/business...')
#1 C:\laragon\www\bsupermarket\framework\base\CApplication.php(180): CWebApplication->processRequest()
#2 C:\laragon\www\bsupermarket\www\index.php(14): CApplication->run()
#3 {main}
REQUEST_URI=/bsupermarket/www/themes/business/css/images/pink-bubble-top.png
HTTP_REFERER=http://localhost/bsupermarket/www/themes/business/css/style.css
---
2016/06/10 01:41:16 [error] [exception.CHttpException.404] exception 'CHttpException' with message 'Unable to resolve the request "themes/business/css/images/pink-bubble-background.png".' in C:\laragon\www\bsupermarket\framework\web\CWebApplication.php:286
Stack trace:
#0 C:\laragon\www\bsupermarket\framework\web\CWebApplication.php(141): CWebApplication->runController('themes/business...')
#1 C:\laragon\www\bsupermarket\framework\base\CApplication.php(180): CWebApplication->processRequest()
#2 C:\laragon\www\bsupermarket\www\index.php(14): CApplication->run()
#3 {main}
REQUEST_URI=/bsupermarket/www/themes/business/css/images/pink-bubble-background.png
HTTP_REFERER=http://localhost/bsupermarket/www/themes/business/css/style.css
---
2016/06/10 01:41:22 [error] [exception.CHttpException.404] exception 'CHttpException' with message 'Unable to resolve the request "themes/business/css/investor_area.css".' in C:\laragon\www\bsupermarket\framework\web\CWebApplication.php:286
Stack trace:
#0 C:\laragon\www\bsupermarket\framework\web\CWebApplication.php(141): CWebApplication->runController('themes/business...')
#1 C:\laragon\www\bsupermarket\framework\base\CApplication.php(180): CWebApplication->processRequest()
#2 C:\laragon\www\bsupermarket\www\index.php(14): CApplication->run()
#3 {main}
REQUEST_URI=/bsupermarket/www/themes/business/css/investor_area.css
HTTP_REFERER=http://localhost/bsupermarket/www/listing
---
2016/06/10 01:41:23 [error] [exception.CHttpException.404] exception 'CHttpException' with message 'Unable to resolve the request "themes/business/css/images/pink-bubble-top.png".' in C:\laragon\www\bsupermarket\framework\web\CWebApplication.php:286
Stack trace:
#0 C:\laragon\www\bsupermarket\framework\web\CWebApplication.php(141): CWebApplication->runController('themes/business...')
#1 C:\laragon\www\bsupermarket\framework\base\CApplication.php(180): CWebApplication->processRequest()
#2 C:\laragon\www\bsupermarket\www\index.php(14): CApplication->run()
#3 {main}
REQUEST_URI=/bsupermarket/www/themes/business/css/images/pink-bubble-top.png
HTTP_REFERER=http://localhost/bsupermarket/www/themes/business/css/style.css
---
2016/06/10 01:41:23 [error] [exception.CHttpException.404] exception 'CHttpException' with message 'Unable to resolve the request "themes/business/css/images/pink-bubble-background.png".' in C:\laragon\www\bsupermarket\framework\web\CWebApplication.php:286
Stack trace:
#0 C:\laragon\www\bsupermarket\framework\web\CWebApplication.php(141): CWebApplication->runController('themes/business...')
#1 C:\laragon\www\bsupermarket\framework\base\CApplication.php(180): CWebApplication->processRequest()
#2 C:\laragon\www\bsupermarket\www\index.php(14): CApplication->run()
#3 {main}
REQUEST_URI=/bsupermarket/www/themes/business/css/images/pink-bubble-background.png
HTTP_REFERER=http://localhost/bsupermarket/www/themes/business/css/style.css
---
2016/06/10 01:41:27 [error] [exception.CHttpException.404] exception 'CHttpException' with message 'Unable to resolve the request "themes/business/css/investor_area.css".' in C:\laragon\www\bsupermarket\framework\web\CWebApplication.php:286
Stack trace:
#0 C:\laragon\www\bsupermarket\framework\web\CWebApplication.php(141): CWebApplication->runController('themes/business...')
#1 C:\laragon\www\bsupermarket\framework\base\CApplication.php(180): CWebApplication->processRequest()
#2 C:\laragon\www\bsupermarket\www\index.php(14): CApplication->run()
#3 {main}
REQUEST_URI=/bsupermarket/www/themes/business/css/investor_area.css
HTTP_REFERER=http://localhost/bsupermarket/www/listing/selectlisting/listid/63
---
2016/06/10 01:41:28 [error] [exception.CHttpException.404] exception 'CHttpException' with message 'Unable to resolve the request "themes/business/css/images/pink-bubble-background.png".' in C:\laragon\www\bsupermarket\framework\web\CWebApplication.php:286
Stack trace:
#0 C:\laragon\www\bsupermarket\framework\web\CWebApplication.php(141): CWebApplication->runController('themes/business...')
#1 C:\laragon\www\bsupermarket\framework\base\CApplication.php(180): CWebApplication->processRequest()
#2 C:\laragon\www\bsupermarket\www\index.php(14): CApplication->run()
#3 {main}
REQUEST_URI=/bsupermarket/www/themes/business/css/images/pink-bubble-background.png
HTTP_REFERER=http://localhost/bsupermarket/www/themes/business/css/style.css
---
2016/06/10 01:41:28 [error] [exception.CHttpException.404] exception 'CHttpException' with message 'Unable to resolve the request "themes/business/css/images/pink-bubble-top.png".' in C:\laragon\www\bsupermarket\framework\web\CWebApplication.php:286
Stack trace:
#0 C:\laragon\www\bsupermarket\framework\web\CWebApplication.php(141): CWebApplication->runController('themes/business...')
#1 C:\laragon\www\bsupermarket\framework\base\CApplication.php(180): CWebApplication->processRequest()
#2 C:\laragon\www\bsupermarket\www\index.php(14): CApplication->run()
#3 {main}
REQUEST_URI=/bsupermarket/www/themes/business/css/images/pink-bubble-top.png
HTTP_REFERER=http://localhost/bsupermarket/www/themes/business/css/style.css
---
2016/06/10 01:41:32 [error] [exception.CHttpException.404] exception 'CHttpException' with message 'Unable to resolve the request "themes/business/css/investor_area.css".' in C:\laragon\www\bsupermarket\framework\web\CWebApplication.php:286
Stack trace:
#0 C:\laragon\www\bsupermarket\framework\web\CWebApplication.php(141): CWebApplication->runController('themes/business...')
#1 C:\laragon\www\bsupermarket\framework\base\CApplication.php(180): CWebApplication->processRequest()
#2 C:\laragon\www\bsupermarket\www\index.php(14): CApplication->run()
#3 {main}
REQUEST_URI=/bsupermarket/www/themes/business/css/investor_area.css
HTTP_REFERER=http://localhost/bsupermarket/www/listing/create/listid/63
---
2016/06/10 01:41:32 [error] [exception.CHttpException.404] exception 'CHttpException' with message 'Unable to resolve the request "themes/business/css/images/pink-bubble-top.png".' in C:\laragon\www\bsupermarket\framework\web\CWebApplication.php:286
Stack trace:
#0 C:\laragon\www\bsupermarket\framework\web\CWebApplication.php(141): CWebApplication->runController('themes/business...')
#1 C:\laragon\www\bsupermarket\framework\base\CApplication.php(180): CWebApplication->processRequest()
#2 C:\laragon\www\bsupermarket\www\index.php(14): CApplication->run()
#3 {main}
REQUEST_URI=/bsupermarket/www/themes/business/css/images/pink-bubble-top.png
HTTP_REFERER=http://localhost/bsupermarket/www/themes/business/css/style.css
---
2016/06/10 01:41:32 [error] [exception.CHttpException.404] exception 'CHttpException' with message 'Unable to resolve the request "themes/business/css/images/pink-bubble-background.png".' in C:\laragon\www\bsupermarket\framework\web\CWebApplication.php:286
Stack trace:
#0 C:\laragon\www\bsupermarket\framework\web\CWebApplication.php(141): CWebApplication->runController('themes/business...')
#1 C:\laragon\www\bsupermarket\framework\base\CApplication.php(180): CWebApplication->processRequest()
#2 C:\laragon\www\bsupermarket\www\index.php(14): CApplication->run()
#3 {main}
REQUEST_URI=/bsupermarket/www/themes/business/css/images/pink-bubble-background.png
HTTP_REFERER=http://localhost/bsupermarket/www/themes/business/css/style.css
---
2016/06/10 01:41:52 [error] [exception.CHttpException.404] exception 'CHttpException' with message 'Unable to resolve the request "themes/business/css/investor_area.css".' in C:\laragon\www\bsupermarket\framework\web\CWebApplication.php:286
Stack trace:
#0 C:\laragon\www\bsupermarket\framework\web\CWebApplication.php(141): CWebApplication->runController('themes/business...')
#1 C:\laragon\www\bsupermarket\framework\base\CApplication.php(180): CWebApplication->processRequest()
#2 C:\laragon\www\bsupermarket\www\index.php(14): CApplication->run()
#3 {main}
REQUEST_URI=/bsupermarket/www/themes/business/css/investor_area.css
HTTP_REFERER=http://localhost/bsupermarket/www/listing/user_listing_step2/listid/63
---
2016/06/10 01:41:53 [error] [exception.CHttpException.404] exception 'CHttpException' with message 'Unable to resolve the request "themes/business/css/images/pink-bubble-background.png".' in C:\laragon\www\bsupermarket\framework\web\CWebApplication.php:286
Stack trace:
#0 C:\laragon\www\bsupermarket\framework\web\CWebApplication.php(141): CWebApplication->runController('themes/business...')
#1 C:\laragon\www\bsupermarket\framework\base\CApplication.php(180): CWebApplication->processRequest()
#2 C:\laragon\www\bsupermarket\www\index.php(14): CApplication->run()
#3 {main}
REQUEST_URI=/bsupermarket/www/themes/business/css/images/pink-bubble-background.png
HTTP_REFERER=http://localhost/bsupermarket/www/themes/business/css/style.css
---
2016/06/10 01:41:53 [error] [exception.CHttpException.404] exception 'CHttpException' with message 'Unable to resolve the request "themes/business/css/images/pink-bubble-top.png".' in C:\laragon\www\bsupermarket\framework\web\CWebApplication.php:286
Stack trace:
#0 C:\laragon\www\bsupermarket\framework\web\CWebApplication.php(141): CWebApplication->runController('themes/business...')
#1 C:\laragon\www\bsupermarket\framework\base\CApplication.php(180): CWebApplication->processRequest()
#2 C:\laragon\www\bsupermarket\www\index.php(14): CApplication->run()
#3 {main}
REQUEST_URI=/bsupermarket/www/themes/business/css/images/pink-bubble-top.png
HTTP_REFERER=http://localhost/bsupermarket/www/themes/business/css/style.css
---
2016/06/10 01:41:57 [error] [exception.CHttpException.404] exception 'CHttpException' with message 'Unable to resolve the request "themes/business/css/investor_area.css".' in C:\laragon\www\bsupermarket\framework\web\CWebApplication.php:286
Stack trace:
#0 C:\laragon\www\bsupermarket\framework\web\CWebApplication.php(141): CWebApplication->runController('themes/business...')
#1 C:\laragon\www\bsupermarket\framework\base\CApplication.php(180): CWebApplication->processRequest()
#2 C:\laragon\www\bsupermarket\www\index.php(14): CApplication->run()
#3 {main}
REQUEST_URI=/bsupermarket/www/themes/business/css/investor_area.css
HTTP_REFERER=http://localhost/bsupermarket/www/listing/user_listing_step3/listid/63
---
2016/06/10 01:41:57 [error] [exception.CHttpException.404] exception 'CHttpException' with message 'Unable to resolve the request "upload/users/jag_88/listing/thumb/Business_supermarket_1444504991.png".' in C:\laragon\www\bsupermarket\framework\web\CWebApplication.php:286
Stack trace:
#0 C:\laragon\www\bsupermarket\framework\web\CWebApplication.php(141): CWebApplication->runController('upload/users/ja...')
#1 C:\laragon\www\bsupermarket\framework\base\CApplication.php(180): CWebApplication->processRequest()
#2 C:\laragon\www\bsupermarket\www\index.php(14): CApplication->run()
#3 {main}
REQUEST_URI=/bsupermarket/www/upload/users/jag_88/listing/thumb/Business_supermarket_1444504991.png
HTTP_REFERER=http://localhost/bsupermarket/www/listing/user_listing_step3/listid/63
---
2016/06/10 01:41:58 [error] [exception.CHttpException.404] exception 'CHttpException' with message 'Unable to resolve the request "upload/users/jag_88/listing/thumb/Business_supermarket_1444505042.png".' in C:\laragon\www\bsupermarket\framework\web\CWebApplication.php:286
Stack trace:
#0 C:\laragon\www\bsupermarket\framework\web\CWebApplication.php(141): CWebApplication->runController('upload/users/ja...')
#1 C:\laragon\www\bsupermarket\framework\base\CApplication.php(180): CWebApplication->processRequest()
#2 C:\laragon\www\bsupermarket\www\index.php(14): CApplication->run()
#3 {main}
REQUEST_URI=/bsupermarket/www/upload/users/jag_88/listing/thumb/Business_supermarket_1444505042.png
HTTP_REFERER=http://localhost/bsupermarket/www/listing/user_listing_step3/listid/63
---
2016/06/10 01:41:57 [error] [exception.CHttpException.404] exception 'CHttpException' with message 'Unable to resolve the request "upload/users/jag_88/listing/thumb/Business_supermarket_1444505033.png".' in C:\laragon\www\bsupermarket\framework\web\CWebApplication.php:286
Stack trace:
#0 C:\laragon\www\bsupermarket\framework\web\CWebApplication.php(141): CWebApplication->runController('upload/users/ja...')
#1 C:\laragon\www\bsupermarket\framework\base\CApplication.php(180): CWebApplication->processRequest()
#2 C:\laragon\www\bsupermarket\www\index.php(14): CApplication->run()
#3 {main}
REQUEST_URI=/bsupermarket/www/upload/users/jag_88/listing/thumb/Business_supermarket_1444505033.png
HTTP_REFERER=http://localhost/bsupermarket/www/listing/user_listing_step3/listid/63
---
2016/06/10 01:41:58 [error] [exception.CHttpException.404] exception 'CHttpException' with message 'Unable to resolve the request "upload/users/jag_88/listing/thumb/Business_supermarket_1444505001.png".' in C:\laragon\www\bsupermarket\framework\web\CWebApplication.php:286
Stack trace:
#0 C:\laragon\www\bsupermarket\framework\web\CWebApplication.php(141): CWebApplication->runController('upload/users/ja...')
#1 C:\laragon\www\bsupermarket\framework\base\CApplication.php(180): CWebApplication->processRequest()
#2 C:\laragon\www\bsupermarket\www\index.php(14): CApplication->run()
#3 {main}
REQUEST_URI=/bsupermarket/www/upload/users/jag_88/listing/thumb/Business_supermarket_1444505001.png
HTTP_REFERER=http://localhost/bsupermarket/www/listing/user_listing_step3/listid/63
---
2016/06/10 01:41:58 [error] [exception.CHttpException.404] exception 'CHttpException' with message 'Unable to resolve the request "upload/users/jag_88/listing/thumb/Business_supermarket_1444505014.png".' in C:\laragon\www\bsupermarket\framework\web\CWebApplication.php:286
Stack trace:
#0 C:\laragon\www\bsupermarket\framework\web\CWebApplication.php(141): CWebApplication->runController('upload/users/ja...')
#1 C:\laragon\www\bsupermarket\framework\base\CApplication.php(180): CWebApplication->processRequest()
#2 C:\laragon\www\bsupermarket\www\index.php(14): CApplication->run()
#3 {main}
REQUEST_URI=/bsupermarket/www/upload/users/jag_88/listing/thumb/Business_supermarket_1444505014.png
HTTP_REFERER=http://localhost/bsupermarket/www/listing/user_listing_step3/listid/63
---
2016/06/10 01:41:58 [error] [exception.CHttpException.404] exception 'CHttpException' with message 'Unable to resolve the request "themes/business/css/images/pink-bubble-top.png".' in C:\laragon\www\bsupermarket\framework\web\CWebApplication.php:286
Stack trace:
#0 C:\laragon\www\bsupermarket\framework\web\CWebApplication.php(141): CWebApplication->runController('themes/business...')
#1 C:\laragon\www\bsupermarket\framework\base\CApplication.php(180): CWebApplication->processRequest()
#2 C:\laragon\www\bsupermarket\www\index.php(14): CApplication->run()
#3 {main}
REQUEST_URI=/bsupermarket/www/themes/business/css/images/pink-bubble-top.png
HTTP_REFERER=http://localhost/bsupermarket/www/themes/business/css/style.css
---
2016/06/10 01:41:58 [error] [exception.CHttpException.404] exception 'CHttpException' with message 'Unable to resolve the request "themes/business/css/images/pink-bubble-background.png".' in C:\laragon\www\bsupermarket\framework\web\CWebApplication.php:286
Stack trace:
#0 C:\laragon\www\bsupermarket\framework\web\CWebApplication.php(141): CWebApplication->runController('themes/business...')
#1 C:\laragon\www\bsupermarket\framework\base\CApplication.php(180): CWebApplication->processRequest()
#2 C:\laragon\www\bsupermarket\www\index.php(14): CApplication->run()
#3 {main}
REQUEST_URI=/bsupermarket/www/themes/business/css/images/pink-bubble-background.png
HTTP_REFERER=http://localhost/bsupermarket/www/themes/business/css/style.css
---
2016/06/10 01:42:05 [error] [exception.CHttpException.404] exception 'CHttpException' with message 'Unable to resolve the request "themes/business/css/investor_area.css".' in C:\laragon\www\bsupermarket\framework\web\CWebApplication.php:286
Stack trace:
#0 C:\laragon\www\bsupermarket\framework\web\CWebApplication.php(141): CWebApplication->runController('themes/business...')
#1 C:\laragon\www\bsupermarket\framework\base\CApplication.php(180): CWebApplication->processRequest()
#2 C:\laragon\www\bsupermarket\www\index.php(14): CApplication->run()
#3 {main}
REQUEST_URI=/bsupermarket/www/themes/business/css/investor_area.css
HTTP_REFERER=http://localhost/bsupermarket/www/listing/user_listing_step4/listid/63
---
2016/06/10 01:42:06 [error] [exception.CHttpException.404] exception 'CHttpException' with message 'Unable to resolve the request "themes/business/css/images/pink-bubble-top.png".' in C:\laragon\www\bsupermarket\framework\web\CWebApplication.php:286
Stack trace:
#0 C:\laragon\www\bsupermarket\framework\web\CWebApplication.php(141): CWebApplication->runController('themes/business...')
#1 C:\laragon\www\bsupermarket\framework\base\CApplication.php(180): CWebApplication->processRequest()
#2 C:\laragon\www\bsupermarket\www\index.php(14): CApplication->run()
#3 {main}
REQUEST_URI=/bsupermarket/www/themes/business/css/images/pink-bubble-top.png
HTTP_REFERER=http://localhost/bsupermarket/www/themes/business/css/style.css
---
2016/06/10 01:42:06 [error] [exception.CHttpException.404] exception 'CHttpException' with message 'Unable to resolve the request "themes/business/css/images/pink-bubble-background.png".' in C:\laragon\www\bsupermarket\framework\web\CWebApplication.php:286
Stack trace:
#0 C:\laragon\www\bsupermarket\framework\web\CWebApplication.php(141): CWebApplication->runController('themes/business...')
#1 C:\laragon\www\bsupermarket\framework\base\CApplication.php(180): CWebApplication->processRequest()
#2 C:\laragon\www\bsupermarket\www\index.php(14): CApplication->run()
#3 {main}
REQUEST_URI=/bsupermarket/www/themes/business/css/images/pink-bubble-background.png
HTTP_REFERER=http://localhost/bsupermarket/www/themes/business/css/style.css
---
2016/06/10 01:42:12 [error] [exception.CHttpException.404] exception 'CHttpException' with message 'Unable to resolve the request "themes/business/css/investor_area.css".' in C:\laragon\www\bsupermarket\framework\web\CWebApplication.php:286
Stack trace:
#0 C:\laragon\www\bsupermarket\framework\web\CWebApplication.php(141): CWebApplication->runController('themes/business...')
#1 C:\laragon\www\bsupermarket\framework\base\CApplication.php(180): CWebApplication->processRequest()
#2 C:\laragon\www\bsupermarket\www\index.php(14): CApplication->run()
#3 {main}
REQUEST_URI=/bsupermarket/www/themes/business/css/investor_area.css
HTTP_REFERER=http://localhost/bsupermarket/www/listing/user_listing_step3/listid/63
---
2016/06/10 01:42:12 [error] [exception.CHttpException.404] exception 'CHttpException' with message 'Unable to resolve the request "upload/users/jag_88/listing/thumb/Business_supermarket_1444505001.png".' in C:\laragon\www\bsupermarket\framework\web\CWebApplication.php:286
Stack trace:
#0 C:\laragon\www\bsupermarket\framework\web\CWebApplication.php(141): CWebApplication->runController('upload/users/ja...')
#1 C:\laragon\www\bsupermarket\framework\base\CApplication.php(180): CWebApplication->processRequest()
#2 C:\laragon\www\bsupermarket\www\index.php(14): CApplication->run()
#3 {main}
REQUEST_URI=/bsupermarket/www/upload/users/jag_88/listing/thumb/Business_supermarket_1444505001.png
HTTP_REFERER=http://localhost/bsupermarket/www/listing/user_listing_step3/listid/63
---
2016/06/10 01:42:12 [error] [exception.CHttpException.404] exception 'CHttpException' with message 'Unable to resolve the request "upload/users/jag_88/listing/thumb/Business_supermarket_1444505033.png".' in C:\laragon\www\bsupermarket\framework\web\CWebApplication.php:286
Stack trace:
#0 C:\laragon\www\bsupermarket\framework\web\CWebApplication.php(141): CWebApplication->runController('upload/users/ja...')
#1 C:\laragon\www\bsupermarket\framework\base\CApplication.php(180): CWebApplication->processRequest()
#2 C:\laragon\www\bsupermarket\www\index.php(14): CApplication->run()
#3 {main}
REQUEST_URI=/bsupermarket/www/upload/users/jag_88/listing/thumb/Business_supermarket_1444505033.png
HTTP_REFERER=http://localhost/bsupermarket/www/listing/user_listing_step3/listid/63
---
2016/06/10 01:42:12 [error] [exception.CHttpException.404] exception 'CHttpException' with message 'Unable to resolve the request "upload/users/jag_88/listing/thumb/Business_supermarket_1444505042.png".' in C:\laragon\www\bsupermarket\framework\web\CWebApplication.php:286
Stack trace:
#0 C:\laragon\www\bsupermarket\framework\web\CWebApplication.php(141): CWebApplication->runController('upload/users/ja...')
#1 C:\laragon\www\bsupermarket\framework\base\CApplication.php(180): CWebApplication->processRequest()
#2 C:\laragon\www\bsupermarket\www\index.php(14): CApplication->run()
#3 {main}
REQUEST_URI=/bsupermarket/www/upload/users/jag_88/listing/thumb/Business_supermarket_1444505042.png
HTTP_REFERER=http://localhost/bsupermarket/www/listing/user_listing_step3/listid/63
---
2016/06/10 01:42:12 [error] [exception.CHttpException.404] exception 'CHttpException' with message 'Unable to resolve the request "upload/users/jag_88/listing/thumb/Business_supermarket_1444505014.png".' in C:\laragon\www\bsupermarket\framework\web\CWebApplication.php:286
Stack trace:
#0 C:\laragon\www\bsupermarket\framework\web\CWebApplication.php(141): CWebApplication->runController('upload/users/ja...')
#1 C:\laragon\www\bsupermarket\framework\base\CApplication.php(180): CWebApplication->processRequest()
#2 C:\laragon\www\bsupermarket\www\index.php(14): CApplication->run()
#3 {main}
REQUEST_URI=/bsupermarket/www/upload/users/jag_88/listing/thumb/Business_supermarket_1444505014.png
HTTP_REFERER=http://localhost/bsupermarket/www/listing/user_listing_step3/listid/63
---
2016/06/10 01:42:12 [error] [exception.CHttpException.404] exception 'CHttpException' with message 'Unable to resolve the request "upload/users/jag_88/listing/thumb/Business_supermarket_1444504991.png".' in C:\laragon\www\bsupermarket\framework\web\CWebApplication.php:286
Stack trace:
#0 C:\laragon\www\bsupermarket\framework\web\CWebApplication.php(141): CWebApplication->runController('upload/users/ja...')
#1 C:\laragon\www\bsupermarket\framework\base\CApplication.php(180): CWebApplication->processRequest()
#2 C:\laragon\www\bsupermarket\www\index.php(14): CApplication->run()
#3 {main}
REQUEST_URI=/bsupermarket/www/upload/users/jag_88/listing/thumb/Business_supermarket_1444504991.png
HTTP_REFERER=http://localhost/bsupermarket/www/listing/user_listing_step3/listid/63
---
2016/06/10 01:42:12 [error] [exception.CHttpException.404] exception 'CHttpException' with message 'Unable to resolve the request "themes/business/css/images/pink-bubble-top.png".' in C:\laragon\www\bsupermarket\framework\web\CWebApplication.php:286
Stack trace:
#0 C:\laragon\www\bsupermarket\framework\web\CWebApplication.php(141): CWebApplication->runController('themes/business...')
#1 C:\laragon\www\bsupermarket\framework\base\CApplication.php(180): CWebApplication->processRequest()
#2 C:\laragon\www\bsupermarket\www\index.php(14): CApplication->run()
#3 {main}
REQUEST_URI=/bsupermarket/www/themes/business/css/images/pink-bubble-top.png
HTTP_REFERER=http://localhost/bsupermarket/www/themes/business/css/style.css
---
2016/06/10 01:42:12 [error] [exception.CHttpException.404] exception 'CHttpException' with message 'Unable to resolve the request "themes/business/css/images/pink-bubble-background.png".' in C:\laragon\www\bsupermarket\framework\web\CWebApplication.php:286
Stack trace:
#0 C:\laragon\www\bsupermarket\framework\web\CWebApplication.php(141): CWebApplication->runController('themes/business...')
#1 C:\laragon\www\bsupermarket\framework\base\CApplication.php(180): CWebApplication->processRequest()
#2 C:\laragon\www\bsupermarket\www\index.php(14): CApplication->run()
#3 {main}
REQUEST_URI=/bsupermarket/www/themes/business/css/images/pink-bubble-background.png
HTTP_REFERER=http://localhost/bsupermarket/www/themes/business/css/style.css
---
2016/06/10 01:42:15 [error] [exception.CHttpException.404] exception 'CHttpException' with message 'Unable to resolve the request "themes/business/css/investor_area.css".' in C:\laragon\www\bsupermarket\framework\web\CWebApplication.php:286
Stack trace:
#0 C:\laragon\www\bsupermarket\framework\web\CWebApplication.php(141): CWebApplication->runController('themes/business...')
#1 C:\laragon\www\bsupermarket\framework\base\CApplication.php(180): CWebApplication->processRequest()
#2 C:\laragon\www\bsupermarket\www\index.php(14): CApplication->run()
#3 {main}
REQUEST_URI=/bsupermarket/www/themes/business/css/investor_area.css
HTTP_REFERER=http://localhost/bsupermarket/www/listing/user_listing_step2/listid/63
---
2016/06/10 01:42:16 [error] [exception.CHttpException.404] exception 'CHttpException' with message 'Unable to resolve the request "themes/business/css/images/pink-bubble-top.png".' in C:\laragon\www\bsupermarket\framework\web\CWebApplication.php:286
Stack trace:
#0 C:\laragon\www\bsupermarket\framework\web\CWebApplication.php(141): CWebApplication->runController('themes/business...')
#1 C:\laragon\www\bsupermarket\framework\base\CApplication.php(180): CWebApplication->processRequest()
#2 C:\laragon\www\bsupermarket\www\index.php(14): CApplication->run()
#3 {main}
REQUEST_URI=/bsupermarket/www/themes/business/css/images/pink-bubble-top.png
HTTP_REFERER=http://localhost/bsupermarket/www/themes/business/css/style.css
---
2016/06/10 01:42:16 [error] [exception.CHttpException.404] exception 'CHttpException' with message 'Unable to resolve the request "themes/business/css/images/pink-bubble-background.png".' in C:\laragon\www\bsupermarket\framework\web\CWebApplication.php:286
Stack trace:
#0 C:\laragon\www\bsupermarket\framework\web\CWebApplication.php(141): CWebApplication->runController('themes/business...')
#1 C:\laragon\www\bsupermarket\framework\base\CApplication.php(180): CWebApplication->processRequest()
#2 C:\laragon\www\bsupermarket\www\index.php(14): CApplication->run()
#3 {main}
REQUEST_URI=/bsupermarket/www/themes/business/css/images/pink-bubble-background.png
HTTP_REFERER=http://localhost/bsupermarket/www/themes/business/css/style.css
---
2016/06/10 01:42:24 [error] [exception.CHttpException.404] exception 'CHttpException' with message 'Unable to resolve the request "themes/business/css/investor_area.css".' in C:\laragon\www\bsupermarket\framework\web\CWebApplication.php:286
Stack trace:
#0 C:\laragon\www\bsupermarket\framework\web\CWebApplication.php(141): CWebApplication->runController('themes/business...')
#1 C:\laragon\www\bsupermarket\framework\base\CApplication.php(180): CWebApplication->processRequest()
#2 C:\laragon\www\bsupermarket\www\index.php(14): CApplication->run()
#3 {main}
REQUEST_URI=/bsupermarket/www/themes/business/css/investor_area.css
HTTP_REFERER=http://localhost/bsupermarket/www/listing/user_listing_step2/listid/71
---
2016/06/10 01:42:25 [error] [exception.CHttpException.404] exception 'CHttpException' with message 'Unable to resolve the request "themes/business/css/images/pink-bubble-top.png".' in C:\laragon\www\bsupermarket\framework\web\CWebApplication.php:286
Stack trace:
#0 C:\laragon\www\bsupermarket\framework\web\CWebApplication.php(141): CWebApplication->runController('themes/business...')
#1 C:\laragon\www\bsupermarket\framework\base\CApplication.php(180): CWebApplication->processRequest()
#2 C:\laragon\www\bsupermarket\www\index.php(14): CApplication->run()
#3 {main}
REQUEST_URI=/bsupermarket/www/themes/business/css/images/pink-bubble-top.png
HTTP_REFERER=http://localhost/bsupermarket/www/themes/business/css/style.css
---
2016/06/10 01:42:25 [error] [exception.CHttpException.404] exception 'CHttpException' with message 'Unable to resolve the request "themes/business/css/images/pink-bubble-background.png".' in C:\laragon\www\bsupermarket\framework\web\CWebApplication.php:286
Stack trace:
#0 C:\laragon\www\bsupermarket\framework\web\CWebApplication.php(141): CWebApplication->runController('themes/business...')
#1 C:\laragon\www\bsupermarket\framework\base\CApplication.php(180): CWebApplication->processRequest()
#2 C:\laragon\www\bsupermarket\www\index.php(14): CApplication->run()
#3 {main}
REQUEST_URI=/bsupermarket/www/themes/business/css/images/pink-bubble-background.png
HTTP_REFERER=http://localhost/bsupermarket/www/themes/business/css/style.css
---
2016/06/10 01:42:32 [error] [exception.CHttpException.404] exception 'CHttpException' with message 'Unable to resolve the request "themes/business/css/investor_area.css".' in C:\laragon\www\bsupermarket\framework\web\CWebApplication.php:286
Stack trace:
#0 C:\laragon\www\bsupermarket\framework\web\CWebApplication.php(141): CWebApplication->runController('themes/business...')
#1 C:\laragon\www\bsupermarket\framework\base\CApplication.php(180): CWebApplication->processRequest()
#2 C:\laragon\www\bsupermarket\www\index.php(14): CApplication->run()
#3 {main}
REQUEST_URI=/bsupermarket/www/themes/business/css/investor_area.css
HTTP_REFERER=http://localhost/bsupermarket/www//listing/user_listing_step2/listid/71
---
2016/06/10 01:42:32 [error] [exception.CHttpException.404] exception 'CHttpException' with message 'Unable to resolve the request "themes/business/css/images/pink-bubble-top.png".' in C:\laragon\www\bsupermarket\framework\web\CWebApplication.php:286
Stack trace:
#0 C:\laragon\www\bsupermarket\framework\web\CWebApplication.php(141): CWebApplication->runController('themes/business...')
#1 C:\laragon\www\bsupermarket\framework\base\CApplication.php(180): CWebApplication->processRequest()
#2 C:\laragon\www\bsupermarket\www\index.php(14): CApplication->run()
#3 {main}
REQUEST_URI=/bsupermarket/www/themes/business/css/images/pink-bubble-top.png
HTTP_REFERER=http://localhost/bsupermarket/www/themes/business/css/style.css
---
2016/06/10 01:42:32 [error] [exception.CHttpException.404] exception 'CHttpException' with message 'Unable to resolve the request "themes/business/css/images/pink-bubble-background.png".' in C:\laragon\www\bsupermarket\framework\web\CWebApplication.php:286
Stack trace:
#0 C:\laragon\www\bsupermarket\framework\web\CWebApplication.php(141): CWebApplication->runController('themes/business...')
#1 C:\laragon\www\bsupermarket\framework\base\CApplication.php(180): CWebApplication->processRequest()
#2 C:\laragon\www\bsupermarket\www\index.php(14): CApplication->run()
#3 {main}
REQUEST_URI=/bsupermarket/www/themes/business/css/images/pink-bubble-background.png
HTTP_REFERER=http://localhost/bsupermarket/www/themes/business/css/style.css
---
2016/06/10 01:42:49 [error] [exception.CHttpException.404] exception 'CHttpException' with message 'Unable to resolve the request "themes/business/css/investor_area.css".' in C:\laragon\www\bsupermarket\framework\web\CWebApplication.php:286
Stack trace:
#0 C:\laragon\www\bsupermarket\framework\web\CWebApplication.php(141): CWebApplication->runController('themes/business...')
#1 C:\laragon\www\bsupermarket\framework\base\CApplication.php(180): CWebApplication->processRequest()
#2 C:\laragon\www\bsupermarket\www\index.php(14): CApplication->run()
#3 {main}
REQUEST_URI=/bsupermarket/www/themes/business/css/investor_area.css
HTTP_REFERER=http://localhost/bsupermarket/www/listing/create/listid/71
---
2016/06/10 01:42:49 [error] [exception.CHttpException.404] exception 'CHttpException' with message 'Unable to resolve the request "themes/business/css/images/pink-bubble-background.png".' in C:\laragon\www\bsupermarket\framework\web\CWebApplication.php:286
Stack trace:
#0 C:\laragon\www\bsupermarket\framework\web\CWebApplication.php(141): CWebApplication->runController('themes/business...')
#1 C:\laragon\www\bsupermarket\framework\base\CApplication.php(180): CWebApplication->processRequest()
#2 C:\laragon\www\bsupermarket\www\index.php(14): CApplication->run()
#3 {main}
REQUEST_URI=/bsupermarket/www/themes/business/css/images/pink-bubble-background.png
HTTP_REFERER=http://localhost/bsupermarket/www/themes/business/css/style.css
---
2016/06/10 01:42:49 [error] [exception.CHttpException.404] exception 'CHttpException' with message 'Unable to resolve the request "themes/business/css/images/pink-bubble-top.png".' in C:\laragon\www\bsupermarket\framework\web\CWebApplication.php:286
Stack trace:
#0 C:\laragon\www\bsupermarket\framework\web\CWebApplication.php(141): CWebApplication->runController('themes/business...')
#1 C:\laragon\www\bsupermarket\framework\base\CApplication.php(180): CWebApplication->processRequest()
#2 C:\laragon\www\bsupermarket\www\index.php(14): CApplication->run()
#3 {main}
REQUEST_URI=/bsupermarket/www/themes/business/css/images/pink-bubble-top.png
HTTP_REFERER=http://localhost/bsupermarket/www/themes/business/css/style.css
---
2016/06/10 01:42:52 [error] [exception.CHttpException.404] exception 'CHttpException' with message 'Unable to resolve the request "themes/business/css/investor_area.css".' in C:\laragon\www\bsupermarket\framework\web\CWebApplication.php:286
Stack trace:
#0 C:\laragon\www\bsupermarket\framework\web\CWebApplication.php(141): CWebApplication->runController('themes/business...')
#1 C:\laragon\www\bsupermarket\framework\base\CApplication.php(180): CWebApplication->processRequest()
#2 C:\laragon\www\bsupermarket\www\index.php(14): CApplication->run()
#3 {main}
REQUEST_URI=/bsupermarket/www/themes/business/css/investor_area.css
HTTP_REFERER=http://localhost/bsupermarket/www/listing/user_listing_step2/listid/71
---
2016/06/10 01:42:52 [error] [exception.CHttpException.404] exception 'CHttpException' with message 'Unable to resolve the request "themes/business/css/images/pink-bubble-background.png".' in C:\laragon\www\bsupermarket\framework\web\CWebApplication.php:286
Stack trace:
#0 C:\laragon\www\bsupermarket\framework\web\CWebApplication.php(141): CWebApplication->runController('themes/business...')
#1 C:\laragon\www\bsupermarket\framework\base\CApplication.php(180): CWebApplication->processRequest()
#2 C:\laragon\www\bsupermarket\www\index.php(14): CApplication->run()
#3 {main}
REQUEST_URI=/bsupermarket/www/themes/business/css/images/pink-bubble-background.png
HTTP_REFERER=http://localhost/bsupermarket/www/themes/business/css/style.css
---
2016/06/10 01:42:52 [error] [exception.CHttpException.404] exception 'CHttpException' with message 'Unable to resolve the request "themes/business/css/images/pink-bubble-top.png".' in C:\laragon\www\bsupermarket\framework\web\CWebApplication.php:286
Stack trace:
#0 C:\laragon\www\bsupermarket\framework\web\CWebApplication.php(141): CWebApplication->runController('themes/business...')
#1 C:\laragon\www\bsupermarket\framework\base\CApplication.php(180): CWebApplication->processRequest()
#2 C:\laragon\www\bsupermarket\www\index.php(14): CApplication->run()
#3 {main}
REQUEST_URI=/bsupermarket/www/themes/business/css/images/pink-bubble-top.png
HTTP_REFERER=http://localhost/bsupermarket/www/themes/business/css/style.css
---
2016/06/10 01:42:55 [error] [exception.CHttpException.404] exception 'CHttpException' with message 'Unable to resolve the request "themes/business/css/investor_area.css".' in C:\laragon\www\bsupermarket\framework\web\CWebApplication.php:286
Stack trace:
#0 C:\laragon\www\bsupermarket\framework\web\CWebApplication.php(141): CWebApplication->runController('themes/business...')
#1 C:\laragon\www\bsupermarket\framework\base\CApplication.php(180): CWebApplication->processRequest()
#2 C:\laragon\www\bsupermarket\www\index.php(14): CApplication->run()
#3 {main}
REQUEST_URI=/bsupermarket/www/themes/business/css/investor_area.css
HTTP_REFERER=http://localhost/bsupermarket/www/listing/user_listing_step3/listid/71
---
2016/06/10 01:42:56 [error] [exception.CHttpException.404] exception 'CHttpException' with message 'Unable to resolve the request "upload/users/jag_88/listing/thumb/Business_supermarket_1448526654.png".' in C:\laragon\www\bsupermarket\framework\web\CWebApplication.php:286
Stack trace:
#0 C:\laragon\www\bsupermarket\framework\web\CWebApplication.php(141): CWebApplication->runController('upload/users/ja...')
#1 C:\laragon\www\bsupermarket\framework\base\CApplication.php(180): CWebApplication->processRequest()
#2 C:\laragon\www\bsupermarket\www\index.php(14): CApplication->run()
#3 {main}
REQUEST_URI=/bsupermarket/www/upload/users/jag_88/listing/thumb/Business_supermarket_1448526654.png
HTTP_REFERER=http://localhost/bsupermarket/www/listing/user_listing_step3/listid/71
---
2016/06/10 01:42:56 [error] [exception.CHttpException.404] exception 'CHttpException' with message 'Unable to resolve the request "upload/users/jag_88/listing/thumb/Business_supermarket_1448526668.png".' in C:\laragon\www\bsupermarket\framework\web\CWebApplication.php:286
Stack trace:
#0 C:\laragon\www\bsupermarket\framework\web\CWebApplication.php(141): CWebApplication->runController('upload/users/ja...')
#1 C:\laragon\www\bsupermarket\framework\base\CApplication.php(180): CWebApplication->processRequest()
#2 C:\laragon\www\bsupermarket\www\index.php(14): CApplication->run()
#3 {main}
REQUEST_URI=/bsupermarket/www/upload/users/jag_88/listing/thumb/Business_supermarket_1448526668.png
HTTP_REFERER=http://localhost/bsupermarket/www/listing/user_listing_step3/listid/71
---
2016/06/10 01:42:56 [error] [exception.CHttpException.404] exception 'CHttpException' with message 'Unable to resolve the request "upload/users/jag_88/listing/thumb/Business_supermarket_1448526677.png".' in C:\laragon\www\bsupermarket\framework\web\CWebApplication.php:286
Stack trace:
#0 C:\laragon\www\bsupermarket\framework\web\CWebApplication.php(141): CWebApplication->runController('upload/users/ja...')
#1 C:\laragon\www\bsupermarket\framework\base\CApplication.php(180): CWebApplication->processRequest()
#2 C:\laragon\www\bsupermarket\www\index.php(14): CApplication->run()
#3 {main}
REQUEST_URI=/bsupermarket/www/upload/users/jag_88/listing/thumb/Business_supermarket_1448526677.png
HTTP_REFERER=http://localhost/bsupermarket/www/listing/user_listing_step3/listid/71
---
2016/06/10 01:42:56 [error] [exception.CHttpException.404] exception 'CHttpException' with message 'Unable to resolve the request "upload/users/jag_88/listing/thumb/Business_supermarket_1448526685.png".' in C:\laragon\www\bsupermarket\framework\web\CWebApplication.php:286
Stack trace:
#0 C:\laragon\www\bsupermarket\framework\web\CWebApplication.php(141): CWebApplication->runController('upload/users/ja...')
#1 C:\laragon\www\bsupermarket\framework\base\CApplication.php(180): CWebApplication->processRequest()
#2 C:\laragon\www\bsupermarket\www\index.php(14): CApplication->run()
#3 {main}
REQUEST_URI=/bsupermarket/www/upload/users/jag_88/listing/thumb/Business_supermarket_1448526685.png
HTTP_REFERER=http://localhost/bsupermarket/www/listing/user_listing_step3/listid/71
---
2016/06/10 01:42:56 [error] [exception.CHttpException.404] exception 'CHttpException' with message 'Unable to resolve the request "upload/users/jag_88/listing/thumb/Business_supermarket_1448526661.png".' in C:\laragon\www\bsupermarket\framework\web\CWebApplication.php:286
Stack trace:
#0 C:\laragon\www\bsupermarket\framework\web\CWebApplication.php(141): CWebApplication->runController('upload/users/ja...')
#1 C:\laragon\www\bsupermarket\framework\base\CApplication.php(180): CWebApplication->processRequest()
#2 C:\laragon\www\bsupermarket\www\index.php(14): CApplication->run()
#3 {main}
REQUEST_URI=/bsupermarket/www/upload/users/jag_88/listing/thumb/Business_supermarket_1448526661.png
HTTP_REFERER=http://localhost/bsupermarket/www/listing/user_listing_step3/listid/71
---
2016/06/10 01:42:56 [error] [exception.CHttpException.404] exception 'CHttpException' with message 'Unable to resolve the request "themes/business/css/images/pink-bubble-top.png".' in C:\laragon\www\bsupermarket\framework\web\CWebApplication.php:286
Stack trace:
#0 C:\laragon\www\bsupermarket\framework\web\CWebApplication.php(141): CWebApplication->runController('themes/business...')
#1 C:\laragon\www\bsupermarket\framework\base\CApplication.php(180): CWebApplication->processRequest()
#2 C:\laragon\www\bsupermarket\www\index.php(14): CApplication->run()
#3 {main}
REQUEST_URI=/bsupermarket/www/themes/business/css/images/pink-bubble-top.png
HTTP_REFERER=http://localhost/bsupermarket/www/themes/business/css/style.css
---
2016/06/10 01:42:56 [error] [exception.CHttpException.404] exception 'CHttpException' with message 'Unable to resolve the request "themes/business/css/images/pink-bubble-background.png".' in C:\laragon\www\bsupermarket\framework\web\CWebApplication.php:286
Stack trace:
#0 C:\laragon\www\bsupermarket\framework\web\CWebApplication.php(141): CWebApplication->runController('themes/business...')
#1 C:\laragon\www\bsupermarket\framework\base\CApplication.php(180): CWebApplication->processRequest()
#2 C:\laragon\www\bsupermarket\www\index.php(14): CApplication->run()
#3 {main}
REQUEST_URI=/bsupermarket/www/themes/business/css/images/pink-bubble-background.png
HTTP_REFERER=http://localhost/bsupermarket/www/themes/business/css/style.css
---
2016/06/10 01:43:11 [error] [exception.CHttpException.404] exception 'CHttpException' with message 'Unable to resolve the request "themes/business/css/investor_area.css".' in C:\laragon\www\bsupermarket\framework\web\CWebApplication.php:286
Stack trace:
#0 C:\laragon\www\bsupermarket\framework\web\CWebApplication.php(141): CWebApplication->runController('themes/business...')
#1 C:\laragon\www\bsupermarket\framework\base\CApplication.php(180): CWebApplication->processRequest()
#2 C:\laragon\www\bsupermarket\www\index.php(14): CApplication->run()
#3 {main}
REQUEST_URI=/bsupermarket/www/themes/business/css/investor_area.css
HTTP_REFERER=http://localhost/bsupermarket/www/user/myaccount/update
---
2016/06/10 01:43:11 [error] [exception.CHttpException.404] exception 'CHttpException' with message 'Unable to resolve the request "themes/business/css/images/pink-bubble-background.png".' in C:\laragon\www\bsupermarket\framework\web\CWebApplication.php:286
Stack trace:
#0 C:\laragon\www\bsupermarket\framework\web\CWebApplication.php(141): CWebApplication->runController('themes/business...')
#1 C:\laragon\www\bsupermarket\framework\base\CApplication.php(180): CWebApplication->processRequest()
#2 C:\laragon\www\bsupermarket\www\index.php(14): CApplication->run()
#3 {main}
REQUEST_URI=/bsupermarket/www/themes/business/css/images/pink-bubble-background.png
HTTP_REFERER=http://localhost/bsupermarket/www/themes/business/css/style.css
---
2016/06/10 01:43:11 [error] [exception.CHttpException.404] exception 'CHttpException' with message 'Unable to resolve the request "themes/business/css/images/pink-bubble-top.png".' in C:\laragon\www\bsupermarket\framework\web\CWebApplication.php:286
Stack trace:
#0 C:\laragon\www\bsupermarket\framework\web\CWebApplication.php(141): CWebApplication->runController('themes/business...')
#1 C:\laragon\www\bsupermarket\framework\base\CApplication.php(180): CWebApplication->processRequest()
#2 C:\laragon\www\bsupermarket\www\index.php(14): CApplication->run()
#3 {main}
REQUEST_URI=/bsupermarket/www/themes/business/css/images/pink-bubble-top.png
HTTP_REFERER=http://localhost/bsupermarket/www/themes/business/css/style.css
---
2016/06/10 01:43:15 [error] [exception.CHttpException.404] exception 'CHttpException' with message 'Unable to resolve the request "themes/business/css/investor_area.css".' in C:\laragon\www\bsupermarket\framework\web\CWebApplication.php:286
Stack trace:
#0 C:\laragon\www\bsupermarket\framework\web\CWebApplication.php(141): CWebApplication->runController('themes/business...')
#1 C:\laragon\www\bsupermarket\framework\base\CApplication.php(180): CWebApplication->processRequest()
#2 C:\laragon\www\bsupermarket\www\index.php(14): CApplication->run()
#3 {main}
REQUEST_URI=/bsupermarket/www/themes/business/css/investor_area.css
HTTP_REFERER=http://localhost/bsupermarket/www/listing/create
---
2016/06/10 01:43:15 [error] [exception.CHttpException.404] exception 'CHttpException' with message 'Unable to resolve the request "themes/business/css/images/pink-bubble-background.png".' in C:\laragon\www\bsupermarket\framework\web\CWebApplication.php:286
Stack trace:
#0 C:\laragon\www\bsupermarket\framework\web\CWebApplication.php(141): CWebApplication->runController('themes/business...')
#1 C:\laragon\www\bsupermarket\framework\base\CApplication.php(180): CWebApplication->processRequest()
#2 C:\laragon\www\bsupermarket\www\index.php(14): CApplication->run()
#3 {main}
REQUEST_URI=/bsupermarket/www/themes/business/css/images/pink-bubble-background.png
HTTP_REFERER=http://localhost/bsupermarket/www/themes/business/css/style.css
---
2016/06/10 01:43:15 [error] [exception.CHttpException.404] exception 'CHttpException' with message 'Unable to resolve the request "themes/business/css/images/pink-bubble-top.png".' in C:\laragon\www\bsupermarket\framework\web\CWebApplication.php:286
Stack trace:
#0 C:\laragon\www\bsupermarket\framework\web\CWebApplication.php(141): CWebApplication->runController('themes/business...')
#1 C:\laragon\www\bsupermarket\framework\base\CApplication.php(180): CWebApplication->processRequest()
#2 C:\laragon\www\bsupermarket\www\index.php(14): CApplication->run()
#3 {main}
REQUEST_URI=/bsupermarket/www/themes/business/css/images/pink-bubble-top.png
HTTP_REFERER=http://localhost/bsupermarket/www/themes/business/css/style.css
---
2016/06/10 01:43:41 [error] [exception.CHttpException.404] exception 'CHttpException' with message 'Unable to resolve the request "themes/business/css/investor_area.css".' in C:\laragon\www\bsupermarket\framework\web\CWebApplication.php:286
Stack trace:
#0 C:\laragon\www\bsupermarket\framework\web\CWebApplication.php(141): CWebApplication->runController('themes/business...')
#1 C:\laragon\www\bsupermarket\framework\base\CApplication.php(180): CWebApplication->processRequest()
#2 C:\laragon\www\bsupermarket\www\index.php(14): CApplication->run()
#3 {main}
REQUEST_URI=/bsupermarket/www/themes/business/css/investor_area.css
HTTP_REFERER=http://localhost/bsupermarket/www/listing/user_listing_step2/listid/83
---
2016/06/10 01:43:41 [error] [exception.CHttpException.404] exception 'CHttpException' with message 'Unable to resolve the request "themes/business/css/images/pink-bubble-background.png".' in C:\laragon\www\bsupermarket\framework\web\CWebApplication.php:286
Stack trace:
#0 C:\laragon\www\bsupermarket\framework\web\CWebApplication.php(141): CWebApplication->runController('themes/business...')
#1 C:\laragon\www\bsupermarket\framework\base\CApplication.php(180): CWebApplication->processRequest()
#2 C:\laragon\www\bsupermarket\www\index.php(14): CApplication->run()
#3 {main}
REQUEST_URI=/bsupermarket/www/themes/business/css/images/pink-bubble-background.png
HTTP_REFERER=http://localhost/bsupermarket/www/themes/business/css/style.css
---
2016/06/10 01:43:41 [error] [exception.CHttpException.404] exception 'CHttpException' with message 'Unable to resolve the request "themes/business/css/images/pink-bubble-top.png".' in C:\laragon\www\bsupermarket\framework\web\CWebApplication.php:286
Stack trace:
#0 C:\laragon\www\bsupermarket\framework\web\CWebApplication.php(141): CWebApplication->runController('themes/business...')
#1 C:\laragon\www\bsupermarket\framework\base\CApplication.php(180): CWebApplication->processRequest()
#2 C:\laragon\www\bsupermarket\www\index.php(14): CApplication->run()
#3 {main}
REQUEST_URI=/bsupermarket/www/themes/business/css/images/pink-bubble-top.png
HTTP_REFERER=http://localhost/bsupermarket/www/themes/business/css/style.css
---
2016/06/10 01:44:09 [error] [exception.CHttpException.404] exception 'CHttpException' with message 'Unable to resolve the request "themes/business/css/investor_area.css".' in C:\laragon\www\bsupermarket\framework\web\CWebApplication.php:286
Stack trace:
#0 C:\laragon\www\bsupermarket\framework\web\CWebApplication.php(141): CWebApplication->runController('themes/business...')
#1 C:\laragon\www\bsupermarket\framework\base\CApplication.php(180): CWebApplication->processRequest()
#2 C:\laragon\www\bsupermarket\www\index.php(14): CApplication->run()
#3 {main}
REQUEST_URI=/bsupermarket/www/themes/business/css/investor_area.css
HTTP_REFERER=http://localhost/bsupermarket/www/listing/user_listing_step3/listid/83
---
2016/06/10 01:44:09 [error] [exception.CHttpException.404] exception 'CHttpException' with message 'Unable to resolve the request "themes/business/css/images/pink-bubble-background.png".' in C:\laragon\www\bsupermarket\framework\web\CWebApplication.php:286
Stack trace:
#0 C:\laragon\www\bsupermarket\framework\web\CWebApplication.php(141): CWebApplication->runController('themes/business...')
#1 C:\laragon\www\bsupermarket\framework\base\CApplication.php(180): CWebApplication->processRequest()
#2 C:\laragon\www\bsupermarket\www\index.php(14): CApplication->run()
#3 {main}
REQUEST_URI=/bsupermarket/www/themes/business/css/images/pink-bubble-background.png
HTTP_REFERER=http://localhost/bsupermarket/www/themes/business/css/style.css
---
2016/06/10 01:44:09 [error] [exception.CHttpException.404] exception 'CHttpException' with message 'Unable to resolve the request "themes/business/css/images/pink-bubble-top.png".' in C:\laragon\www\bsupermarket\framework\web\CWebApplication.php:286
Stack trace:
#0 C:\laragon\www\bsupermarket\framework\web\CWebApplication.php(141): CWebApplication->runController('themes/business...')
#1 C:\laragon\www\bsupermarket\framework\base\CApplication.php(180): CWebApplication->processRequest()
#2 C:\laragon\www\bsupermarket\www\index.php(14): CApplication->run()
#3 {main}
REQUEST_URI=/bsupermarket/www/themes/business/css/images/pink-bubble-top.png
HTTP_REFERER=http://localhost/bsupermarket/www/themes/business/css/style.css
---
2016/06/10 23:03:19 [error] [exception.CHttpException.404] exception 'CHttpException' with message 'Unable to resolve the request "themes/business/css/investor_area.css".' in C:\laragon\www\bsupermarket\framework\web\CWebApplication.php:286
Stack trace:
#0 C:\laragon\www\bsupermarket\framework\web\CWebApplication.php(141): CWebApplication->runController('themes/business...')
#1 C:\laragon\www\bsupermarket\framework\base\CApplication.php(180): CWebApplication->processRequest()
#2 C:\laragon\www\bsupermarket\www\index.php(14): CApplication->run()
#3 {main}
REQUEST_URI=/bsupermarket/www/themes/business/css/investor_area.css
HTTP_REFERER=http://localhost/bsupermarket/www/
---
2016/06/10 23:03:20 [error] [exception.CHttpException.404] exception 'CHttpException' with message 'Unable to resolve the request "themes/business/css/images/pink-bubble-background.png".' in C:\laragon\www\bsupermarket\framework\web\CWebApplication.php:286
Stack trace:
#0 C:\laragon\www\bsupermarket\framework\web\CWebApplication.php(141): CWebApplication->runController('themes/business...')
#1 C:\laragon\www\bsupermarket\framework\base\CApplication.php(180): CWebApplication->processRequest()
#2 C:\laragon\www\bsupermarket\www\index.php(14): CApplication->run()
#3 {main}
REQUEST_URI=/bsupermarket/www/themes/business/css/images/pink-bubble-background.png
HTTP_REFERER=http://localhost/bsupermarket/www/themes/business/css/style.css
---
2016/06/10 23:03:20 [error] [exception.CHttpException.404] exception 'CHttpException' with message 'Unable to resolve the request "themes/business/css/images/pink-bubble-top.png".' in C:\laragon\www\bsupermarket\framework\web\CWebApplication.php:286
Stack trace:
#0 C:\laragon\www\bsupermarket\framework\web\CWebApplication.php(141): CWebApplication->runController('themes/business...')
#1 C:\laragon\www\bsupermarket\framework\base\CApplication.php(180): CWebApplication->processRequest()
#2 C:\laragon\www\bsupermarket\www\index.php(14): CApplication->run()
#3 {main}
REQUEST_URI=/bsupermarket/www/themes/business/css/images/pink-bubble-top.png
HTTP_REFERER=http://localhost/bsupermarket/www/themes/business/css/style.css
---
2016/06/10 23:05:12 [error] [system.db.CDbCommand] CDbCommand::fetchAll() failed: SQLSTATE[42S02]: Base table or view not found: 1146 Table 'businessdb.user_sections' doesn't exist. The SQL statement executed was: SHOW FULL COLUMNS FROM `user_sections`.
in C:\laragon\www\bsupermarket\runtime\modules\page\views\page\index.php (31)
in C:\laragon\www\bsupermarket\runtime\modules\page\controllers\PageController.php (26)
in C:\laragon\www\bsupermarket\www\index.php (14)
2016/06/10 23:05:12 [error] [exception.CDbException] exception 'CDbException' with message 'The table "user_sections" for active record class "UserSections" cannot be found in the database.' in C:\laragon\www\bsupermarket\framework\db\ar\CActiveRecord.php:2362
Stack trace:
#0 C:\laragon\www\bsupermarket\framework\db\ar\CActiveRecord.php(411): CActiveRecordMetaData->__construct(Object(UserSections))
#1 C:\laragon\www\bsupermarket\framework\db\ar\CActiveRecord.php(658): CActiveRecord->getMetaData()
#2 C:\laragon\www\bsupermarket\framework\db\ar\CActiveRecord.php(1350): CActiveRecord->getTableSchema()
#3 C:\laragon\www\bsupermarket\framework\db\ar\CActiveRecord.php(1470): CActiveRecord->query(Object(CDbCriteria), true)
#4 C:\laragon\www\bsupermarket\runtime\modules\page\views\page\index.php(31): CActiveRecord->findAll()
#5 C:\laragon\www\bsupermarket\framework\web\CBaseController.php(126): require('C:\\laragon\\www\\...')
#6 C:\laragon\www\bsupermarket\framework\web\CBaseController.php(95): CBaseController->renderInternal('C:\\laragon\\www\\...', Array, true)
#7 C:\laragon\www\bsupermarket\framework\web\CController.php(869): CBaseController->renderFile('C:\\laragon\\www\\...', Array, true)
#8 C:\laragon\www\bsupermarket\framework\web\CController.php(782): CController->renderPartial('index', Array, true)
#9 C:\laragon\www\bsupermarket\runtime\modules\page\controllers\PageController.php(26): CController->render('index', Array)
#10 [internal function]: PageController->actionIndex('faq')
#11 C:\laragon\www\bsupermarket\framework\web\actions\CAction.php(108): ReflectionMethod->invokeArgs(Object(PageController), Array)
#12 C:\laragon\www\bsupermarket\framework\web\actions\CInlineAction.php(47): CAction->runWithParamsInternal(Object(PageController), Object(ReflectionMethod), Array)
#13 C:\laragon\www\bsupermarket\framework\web\CController.php(308): CInlineAction->runWithParams(Array)
#14 C:\laragon\www\bsupermarket\framework\web\CController.php(286): CController->runAction(Object(CInlineAction))
#15 C:\laragon\www\bsupermarket\framework\web\CController.php(265): CController->runActionWithFilters(Object(CInlineAction), Array)
#16 C:\laragon\www\bsupermarket\framework\web\CWebApplication.php(282): CController->run('index')
#17 C:\laragon\www\bsupermarket\framework\web\CWebApplication.php(141): CWebApplication->runController('page/page/index...')
#18 C:\laragon\www\bsupermarket\framework\base\CApplication.php(180): CWebApplication->processRequest()
#19 C:\laragon\www\bsupermarket\www\index.php(14): CApplication->run()
#20 {main}
REQUEST_URI=/bsupermarket/www/page/faq
HTTP_REFERER=http://localhost/bsupermarket/www/
---
2016/06/10 23:05:18 [error] [exception.CHttpException.404] exception 'CHttpException' with message 'Unable to resolve the request "themes/business/css/investor_area.css".' in C:\laragon\www\bsupermarket\framework\web\CWebApplication.php:286
Stack trace:
#0 C:\laragon\www\bsupermarket\framework\web\CWebApplication.php(141): CWebApplication->runController('themes/business...')
#1 C:\laragon\www\bsupermarket\framework\base\CApplication.php(180): CWebApplication->processRequest()
#2 C:\laragon\www\bsupermarket\www\index.php(14): CApplication->run()
#3 {main}
REQUEST_URI=/bsupermarket/www/themes/business/css/investor_area.css
HTTP_REFERER=http://localhost/bsupermarket/www/
---
2016/06/10 23:05:18 [error] [exception.CHttpException.404] exception 'CHttpException' with message 'Unable to resolve the request "themes/business/css/images/pink-bubble-background.png".' in C:\laragon\www\bsupermarket\framework\web\CWebApplication.php:286
Stack trace:
#0 C:\laragon\www\bsupermarket\framework\web\CWebApplication.php(141): CWebApplication->runController('themes/business...')
#1 C:\laragon\www\bsupermarket\framework\base\CApplication.php(180): CWebApplication->processRequest()
#2 C:\laragon\www\bsupermarket\www\index.php(14): CApplication->run()
#3 {main}
REQUEST_URI=/bsupermarket/www/themes/business/css/images/pink-bubble-background.png
HTTP_REFERER=http://localhost/bsupermarket/www/themes/business/css/style.css
---
2016/06/10 23:05:18 [error] [exception.CHttpException.404] exception 'CHttpException' with message 'Unable to resolve the request "themes/business/css/images/pink-bubble-top.png".' in C:\laragon\www\bsupermarket\framework\web\CWebApplication.php:286
Stack trace:
#0 C:\laragon\www\bsupermarket\framework\web\CWebApplication.php(141): CWebApplication->runController('themes/business...')
#1 C:\laragon\www\bsupermarket\framework\base\CApplication.php(180): CWebApplication->processRequest()
#2 C:\laragon\www\bsupermarket\www\index.php(14): CApplication->run()
#3 {main}
REQUEST_URI=/bsupermarket/www/themes/business/css/images/pink-bubble-top.png
HTTP_REFERER=http://localhost/bsupermarket/www/themes/business/css/style.css
---
2016/06/10 23:05:20 [error] [exception.CHttpException.404] exception 'CHttpException' with message 'Unable to resolve the request "themes/business/css/investor_area.css".' in C:\laragon\www\bsupermarket\framework\web\CWebApplication.php:286
Stack trace:
#0 C:\laragon\www\bsupermarket\framework\web\CWebApplication.php(141): CWebApplication->runController('themes/business...')
#1 C:\laragon\www\bsupermarket\framework\base\CApplication.php(180): CWebApplication->processRequest()
#2 C:\laragon\www\bsupermarket\www\index.php(14): CApplication->run()
#3 {main}
REQUEST_URI=/bsupermarket/www/themes/business/css/investor_area.css
HTTP_REFERER=http://localhost/bsupermarket/www/video_tutorials
---
2016/06/10 23:05:20 [error] [exception.CHttpException.404] exception 'CHttpException' with message 'Unable to resolve the request "themes/business/css/images/pink-bubble-top.png".' in C:\laragon\www\bsupermarket\framework\web\CWebApplication.php:286
Stack trace:
#0 C:\laragon\www\bsupermarket\framework\web\CWebApplication.php(141): CWebApplication->runController('themes/business...')
#1 C:\laragon\www\bsupermarket\framework\base\CApplication.php(180): CWebApplication->processRequest()
#2 C:\laragon\www\bsupermarket\www\index.php(14): CApplication->run()
#3 {main}
REQUEST_URI=/bsupermarket/www/themes/business/css/images/pink-bubble-top.png
HTTP_REFERER=http://localhost/bsupermarket/www/themes/business/css/style.css
---
2016/06/10 23:05:20 [error] [exception.CHttpException.404] exception 'CHttpException' with message 'Unable to resolve the request "themes/business/css/images/pink-bubble-background.png".' in C:\laragon\www\bsupermarket\framework\web\CWebApplication.php:286
Stack trace:
#0 C:\laragon\www\bsupermarket\framework\web\CWebApplication.php(141): CWebApplication->runController('themes/business...')
#1 C:\laragon\www\bsupermarket\framework\base\CApplication.php(180): CWebApplication->processRequest()
#2 C:\laragon\www\bsupermarket\www\index.php(14): CApplication->run()
#3 {main}
REQUEST_URI=/bsupermarket/www/themes/business/css/images/pink-bubble-background.png
HTTP_REFERER=http://localhost/bsupermarket/www/themes/business/css/style.css
---
2016/06/10 23:06:14 [error] [exception.CHttpException.404] exception 'CHttpException' with message 'Unable to resolve the request "themes/business/css/investor_area.css".' in C:\laragon\www\bsupermarket\framework\web\CWebApplication.php:286
Stack trace:
#0 C:\laragon\www\bsupermarket\framework\web\CWebApplication.php(141): CWebApplication->runController('themes/business...')
#1 C:\laragon\www\bsupermarket\framework\base\CApplication.php(180): CWebApplication->processRequest()
#2 C:\laragon\www\bsupermarket\www\index.php(14): CApplication->run()
#3 {main}
REQUEST_URI=/bsupermarket/www/themes/business/css/investor_area.css
HTTP_REFERER=http://localhost/bsupermarket/www/contact
---
2016/06/10 23:06:14 [error] [exception.CHttpException.404] exception 'CHttpException' with message 'Unable to resolve the request "ajax-loader.gif".' in C:\laragon\www\bsupermarket\framework\web\CWebApplication.php:286
Stack trace:
#0 C:\laragon\www\bsupermarket\framework\web\CWebApplication.php(141): CWebApplication->runController('ajax-loader.gif')
#1 C:\laragon\www\bsupermarket\framework\base\CApplication.php(180): CWebApplication->processRequest()
#2 C:\laragon\www\bsupermarket\www\index.php(14): CApplication->run()
#3 {main}
REQUEST_URI=/bsupermarket/www/ajax-loader.gif
HTTP_REFERER=http://localhost/bsupermarket/www/contact
---
2016/06/10 23:06:14 [error] [exception.CHttpException.404] exception 'CHttpException' with message 'Unable to resolve the request "ajax-loader.gif".' in C:\laragon\www\bsupermarket\framework\web\CWebApplication.php:286
Stack trace:
#0 C:\laragon\www\bsupermarket\framework\web\CWebApplication.php(141): CWebApplication->runController('ajax-loader.gif')
#1 C:\laragon\www\bsupermarket\framework\base\CApplication.php(180): CWebApplication->processRequest()
#2 C:\laragon\www\bsupermarket\www\index.php(14): CApplication->run()
#3 {main}
REQUEST_URI=/bsupermarket/www/ajax-loader.gif
HTTP_REFERER=http://localhost/bsupermarket/www/contact
---
2016/06/10 23:06:14 [error] [exception.CHttpException.404] exception 'CHttpException' with message 'Unable to resolve the request "themes/business/css/images/pink-bubble-top.png".' in C:\laragon\www\bsupermarket\framework\web\CWebApplication.php:286
Stack trace:
#0 C:\laragon\www\bsupermarket\framework\web\CWebApplication.php(141): CWebApplication->runController('themes/business...')
#1 C:\laragon\www\bsupermarket\framework\base\CApplication.php(180): CWebApplication->processRequest()
#2 C:\laragon\www\bsupermarket\www\index.php(14): CApplication->run()
#3 {main}
REQUEST_URI=/bsupermarket/www/themes/business/css/images/pink-bubble-top.png
HTTP_REFERER=http://localhost/bsupermarket/www/themes/business/css/style.css
---
2016/06/10 23:06:14 [error] [exception.CHttpException.404] exception 'CHttpException' with message 'Unable to resolve the request "themes/business/css/images/pink-bubble-background.png".' in C:\laragon\www\bsupermarket\framework\web\CWebApplication.php:286
Stack trace:
#0 C:\laragon\www\bsupermarket\framework\web\CWebApplication.php(141): CWebApplication->runController('themes/business...')
#1 C:\laragon\www\bsupermarket\framework\base\CApplication.php(180): CWebApplication->processRequest()
#2 C:\laragon\www\bsupermarket\www\index.php(14): CApplication->run()
#3 {main}
REQUEST_URI=/bsupermarket/www/themes/business/css/images/pink-bubble-background.png
HTTP_REFERER=http://localhost/bsupermarket/www/themes/business/css/style.css
---
2016/06/10 23:07:23 [error] [exception.CHttpException.404] exception 'CHttpException' with message 'Unable to resolve the request "images/favicon.ico".' in C:\laragon\www\bsupermarket\framework\web\CWebApplication.php:286
Stack trace:
#0 C:\laragon\www\bsupermarket\framework\web\CWebApplication.php(141): CWebApplication->runController('images/favicon....')
#1 C:\laragon\www\bsupermarket\framework\base\CApplication.php(180): CWebApplication->processRequest()
#2 C:\laragon\www\bsupermarket\www\index.php(14): CApplication->run()
#3 {main}
REQUEST_URI=/bsupermarket/www/images/favicon.ico
---
2016/06/10 23:07:23 [error] [exception.CHttpException.404] exception 'CHttpException' with message 'Unable to resolve the request "images/favicon.ico".' in C:\laragon\www\bsupermarket\framework\web\CWebApplication.php:286
Stack trace:
#0 C:\laragon\www\bsupermarket\framework\web\CWebApplication.php(141): CWebApplication->runController('images/favicon....')
#1 C:\laragon\www\bsupermarket\framework\base\CApplication.php(180): CWebApplication->processRequest()
#2 C:\laragon\www\bsupermarket\www\index.php(14): CApplication->run()
#3 {main}
REQUEST_URI=/bsupermarket/www/images/favicon.ico
---
